/home/ans819/.conda/envs/autoflow/lib/python3.13/site-packages/e3nn/o3/_wigner.py:10: UserWarning: Environment variable TORCH_FORCE_NO_WEIGHTS_ONLY_LOAD detected, since the`weights_only` argument was not explicitly passed to `torch.load`, forcing weights_only=False.
  _Jd, _W3j_flat, _W3j_indices = torch.load(os.path.join(os.path.dirname(__file__), 'constants.pt'))

          ==================== Thresholds ====================
          CN  :   150.00000
          rep :   500.00000
          disp:  2500.00000
          HB1 :   250.00000
          HB2 :   450.00000

          Pauling EN used:
          Z : 1  EN :  2.20
          Z : 6  EN :  2.55
          Z : 8  EN :  3.44
          Z :47  EN :  1.93
          electric field strengths (au): 0.000

           ------------------------------------------------- 
          |           Force Field Initialization            |
           ------------------------------------------------- 

          distances ...
          ----------------------------------------
          generating topology and atomic info file ...
          pair mat ...
          computing topology distances matrix with Floyd-Warshall algo ...
          making topology EEQ charges ...
          #fragments for EEQ constrain: 1
          ----------------------------------------
          generating topology and atomic info file ...
          pair mat ...
          computing topology distances matrix with Floyd-Warshall algo ...
          making topology EEQ charges ...
          #fragments for EEQ constrain: 1
          rings ...
          # BATM   3303
          # H in HB   0

  atom   neighbors  erfCN metchar sp-hybrid imet pi  qest     coordinates
    1  Ag      2    1.35   0.37         2    2    0   0.003    2.100441    0.437329   26.101360
    2  Ag      5    3.15   0.31         0    2    0   0.018    5.590750    4.712067   26.101360
    3  Ag      9    4.27   0.07         0    2    0   0.009   14.316523    8.274349   27.694461
    4  Ag      7    3.92   0.19         0    2    0   0.013   10.826214    3.999611   27.694461
    5  Ag      7    3.92   0.19         0    2    0   0.019   19.551987    7.561893   29.287562
    6  Ag      6    3.59   0.27         0    2    0   0.019   16.061678    3.287154   29.287562
    7  Ag      9    4.27   0.07         0    2    0   0.009    7.335905    6.849436   30.880663
    8  Ag      6    3.59   0.23         0    2    0   0.019    3.845595    2.574698   30.880663
    9  Ag     12    4.39   0.01         0    2    0   0.006   12.571368    6.136980   32.473764
   10  Ag      7    3.92   0.19         0    2    0   0.019    9.081059    1.862241   32.473764
   11  Ag      9    4.27   0.07         0    2    0   0.026   17.806832    5.424523   34.066864
   12  Ag      6    3.59   0.27         0    2    0   0.034   14.316523    1.149785   34.066864
   13  Ag      8    4.14   0.11         0    2    0   0.019    5.590750    4.712067   35.659965
   14  Ag      3    2.00   0.37         2    2    0   0.014    2.100441    0.437329   35.659965
   15  Ag      8    4.14   0.12         0    2    0   0.029   10.826214    3.999611   37.253066
   16  Ag     10    4.34   0.04         0    2    0   0.024   14.316523    8.274349   37.253066
   17  Ag      7    3.96   0.16         0    2    0   0.120   16.061678    3.287154   38.846167
   18  Ag      6    3.59   0.26         0    2    0   0.033   19.551987    7.561893   38.846167
   19  Ag      3    2.00   0.37         2    2    0   0.014    3.845595    2.574698   40.439268
   20  Ag      5    3.15   0.32         0    2    0   0.024    7.335905    6.849436   40.439268
   21  Ag      6    3.59   0.26         0    2    0   0.013    9.081059    8.986806   26.101360
   22  Ag      5    3.15   0.34         0    2    0   0.015   12.571368   13.261544   26.101360
   23  Ag      4    2.61   0.38         3    2    0   0.016   21.297142   16.823826   27.694461
   24  Ag      8    4.14   0.12         0    2    0   0.013   17.806832   12.549088   27.694461
   25  Ag      3    2.00   0.39         2    2    0   0.011   26.532606   16.111370   29.287562
   26  Ag      7    3.92   0.19         0    2    0   0.016   23.042296   11.836631   29.287562
   27  Ag      6    3.59   0.27         0    2    0   0.014   14.316523   15.398913   30.880663
   28  Ag      9    4.27   0.07         0    2    0   0.008   10.826214   11.124175   30.880663
   29  Ag      9    4.27   0.07         0    2    0   0.010   19.551987   14.686457   32.473764
/home/ans819/.conda/envs/autoflow/lib/python3.13/site-packages/mace/calculators/mace.py:197: UserWarning: Environment variable TORCH_FORCE_NO_WEIGHTS_ONLY_LOAD detected, since the`weights_only` argument was not explicitly passed to `torch.load`, forcing weights_only=False.
  torch.load(f=model_path, map_location=device)
/home/ans819/.conda/envs/autoflow/lib/python3.13/site-packages/chgnet/model/model.py:898: UserWarning: Converting a tensor with requires_grad=True to a scalar may lead to unexpected behavior.
Consider using tensor.detach() first. (Triggered internally at /pytorch/torch/csrc/autograd/generated/python_variable_methods.cpp:836.)
  volumes = torch.tensor(volumes, dtype=TORCH_DTYPE, device=atomic_numbers.device)
cuequivariance or cuequivariance_torch is not available. Cuequivariance acceleration will be disabled.
------------------------------------------------------------
  cycle        total energy    energy error   density error
------------------------------------------------------------
      1     -163.1827417410  -1.6293980E+02   9.9873344E-01
      2     -162.1720929066   1.0106488E+00   6.1755906E-01
      3      117.5035961676   2.7967569E+02   1.6080616E+00
      4     -124.0499830820  -2.4155358E+02   7.3108854E-01
      5     -42.12853785471   8.1921445E+01   7.1836116E-01
      6     -158.1846223316  -1.1605608E+02   2.2498373E-01
      7     -151.0521372412   7.1324851E+00   2.2429552E-01
      8     -162.9741420410  -1.1922005E+01   6.9792647E-02
      9     -163.2792003398  -3.0505830E-01   5.5183838E-02
     10     -163.1687317648   1.1046857E-01   4.6919169E-02
     11     -163.4903438096  -3.2161204E-01   3.5447540E-02
     12     -163.4975332150  -7.1894053E-03   2.8186312E-02
     13     -163.5102195964  -1.2686381E-02   2.2824938E-02
     14     -163.5100822531   1.3734331E-04   2.0438572E-02
     15     -163.5128245703  -2.7423173E-03   1.8440285E-02
     16     -163.5131046680  -2.8009762E-04   1.5803286E-02
     17     -163.5135948476  -4.9017965E-04   1.3958476E-02
     18     -163.5136826630  -8.7815388E-05   1.3143118E-02
     19     -163.5138264618  -1.4379879E-04   1.2464009E-02
     20     -163.5143302614  -5.0379955E-04   1.0499869E-02
     21     -163.5146264567  -2.9619540E-04   8.6902644E-03
     22     -163.5147123992  -8.5942434E-05   8.1183230E-03
     23     -163.5150118354  -2.9943624E-04   7.0492055E-03
     24     -163.5157828284  -7.7099296E-04   2.3693159E-03
     25     -163.5158360867  -5.3258288E-05   1.3232940E-03
     26     -163.5158356769   4.0975229E-07   1.1275915E-03
     27     -163.5158348140   8.6293821E-07   8.7381223E-04
     28     -163.5158458213  -1.1007300E-05   5.0578030E-04
     29     -163.5158548042  -8.9829703E-06   4.2389770E-04
     30     -163.5158557791  -9.7485906E-07   3.1457097E-04
     31     -163.5158580753  -2.2961590E-06   1.3990277E-04
     32     -163.5158586124  -5.3708897E-07   1.2478270E-04
     33     -163.5158587661  -1.5376037E-07   2.6232075E-05
     34     -163.5158587726  -6.4593735E-09   1.8279911E-05
------------------------------------------------------------

 total:                                  18.319 sec
3
{'bond-orders': array([[0.00000000e+00, 3.03462015e-01, 2.09058204e-02, ...,
        1.90027082e-04, 6.96822970e-05, 3.14157332e-03],
       [3.03462015e-01, 0.00000000e+00, 2.07697292e-02, ...,
        2.19152276e-04, 4.06674787e-05, 2.06417815e-03],
       [2.09058204e-02, 2.07697292e-02, 0.00000000e+00, ...,
        6.04755834e-04, 1.24926711e-04, 2.90838546e-03],
       ...,
       [1.90027082e-04, 2.19152276e-04, 6.04755834e-04, ...,
        0.00000000e+00, 4.28367452e-03, 1.96425507e-02],
       [6.96822970e-05, 4.06674787e-05, 1.24926711e-04, ...,
        4.28367452e-03, 0.00000000e+00, 2.12993314e-02],
       [3.14157332e-03, 2.06417815e-03, 2.90838546e-03, ...,
        1.96425507e-02, 2.12993314e-02, 0.00000000e+00]], shape=(45, 45))}
{'bond-orders': array([[0.00000000e+00, 3.03462015e-01, 2.09058204e-02, ...,
        1.90027082e-04, 6.96822970e-05, 3.14157332e-03],
       [3.03462015e-01, 0.00000000e+00, 2.07697292e-02, ...,
        2.19152276e-04, 4.06674787e-05, 2.06417815e-03],
       [2.09058204e-02, 2.07697292e-02, 0.00000000e+00, ...,
        6.04755834e-04, 1.24926711e-04, 2.90838546e-03],
       ...,
       [1.90027082e-04, 2.19152276e-04, 6.04755834e-04, ...,
        0.00000000e+00, 4.28367452e-03, 1.96425507e-02],
       [6.96822970e-05, 4.06674787e-05, 1.24926711e-04, ...,
        4.28367452e-03, 0.00000000e+00, 2.12993314e-02],
       [3.14157332e-03, 2.06417815e-03, 2.90838546e-03, ...,
        1.96425507e-02, 2.12993314e-02, 0.00000000e+00]], shape=(45, 45)), 'molecular-dipole': array([-1.10068692,  0.97008473,  0.06452263])}
{'bond-orders': array([[0.00000000e+00, 3.03462015e-01, 2.09058204e-02, ...,
        1.90027082e-04, 6.96822970e-05, 3.14157332e-03],
       [3.03462015e-01, 0.00000000e+00, 2.07697292e-02, ...,
        2.19152276e-04, 4.06674787e-05, 2.06417815e-03],
       [2.09058204e-02, 2.07697292e-02, 0.00000000e+00, ...,
        6.04755834e-04, 1.24926711e-04, 2.90838546e-03],
       ...,
       [1.90027082e-04, 2.19152276e-04, 6.04755834e-04, ...,
        0.00000000e+00, 4.28367452e-03, 1.96425507e-02],
       [6.96822970e-05, 4.06674787e-05, 1.24926711e-04, ...,
        4.28367452e-03, 0.00000000e+00, 2.12993314e-02],
       [3.14157332e-03, 2.06417815e-03, 2.90838546e-03, ...,
        1.96425507e-02, 2.12993314e-02, 0.00000000e+00]], shape=(45, 45)), 'molecular-dipole': array([-1.10068692,  0.97008473,  0.06452263]), 'molecular-quadrupole': array([-58.74005914,  44.27147979,  15.52271565, -92.99865896,
       130.76681642,  43.21734349])}
------------------------------------------------------------
  cycle        total energy    energy error   density error
------------------------------------------------------------
      1     -163.5192721105  -1.6327787E+02   4.5725819E-03
      2     -163.5185037535   7.6835709E-04   4.0494614E-03
      3     -163.5059701015   1.2533652E-02   8.1003751E-03
      4     -163.4814026504   2.4567451E-02   1.1077368E-02
      5     -163.5185307769  -3.7128126E-02   2.4138823E-03
      6     -163.5195013887  -9.7061184E-04   1.3824726E-03
      7     -163.5195168301  -1.5441430E-05   7.4128538E-04
      8     -163.5195591197  -4.2289511E-05   4.6248607E-04
      9     -163.5195898872  -3.0767587E-05   2.6069325E-04
     10     -163.5196032909  -1.3403624E-05   1.2590909E-04
     11     -163.5196070094  -3.7185381E-06   4.4648412E-05
     12     -163.5196073604  -3.5101448E-07   1.3649585E-05
------------------------------------------------------------

 total:                                  12.197 sec
3
{'bond-orders': array([[0.00000000e+00, 3.03570643e-01, 2.07215891e-02, ...,
        2.02733971e-04, 7.26263385e-05, 2.86660569e-03],
       [3.03570643e-01, 0.00000000e+00, 2.06473246e-02, ...,
        2.41376150e-04, 4.69606920e-05, 2.09555065e-03],
       [2.07215891e-02, 2.06473246e-02, 0.00000000e+00, ...,
        6.67985870e-04, 1.66521939e-04, 3.04722152e-03],
       ...,
       [2.02733971e-04, 2.41376150e-04, 6.67985870e-04, ...,
        0.00000000e+00, 4.50278160e-03, 2.03714724e-02],
       [7.26263385e-05, 4.69606920e-05, 1.66521939e-04, ...,
        4.50278160e-03, 0.00000000e+00, 2.46396538e-02],
       [2.86660569e-03, 2.09555065e-03, 3.04722152e-03, ...,
        2.03714724e-02, 2.46396538e-02, 0.00000000e+00]], shape=(45, 45))}
{'bond-orders': array([[0.00000000e+00, 3.03570643e-01, 2.07215891e-02, ...,
        2.02733971e-04, 7.26263385e-05, 2.86660569e-03],
       [3.03570643e-01, 0.00000000e+00, 2.06473246e-02, ...,
        2.41376150e-04, 4.69606920e-05, 2.09555065e-03],
       [2.07215891e-02, 2.06473246e-02, 0.00000000e+00, ...,
        6.67985870e-04, 1.66521939e-04, 3.04722152e-03],
       ...,
       [2.02733971e-04, 2.41376150e-04, 6.67985870e-04, ...,
        0.00000000e+00, 4.50278160e-03, 2.03714724e-02],
       [7.26263385e-05, 4.69606920e-05, 1.66521939e-04, ...,
        4.50278160e-03, 0.00000000e+00, 2.46396538e-02],
       [2.86660569e-03, 2.09555065e-03, 3.04722152e-03, ...,
        2.03714724e-02, 2.46396538e-02, 0.00000000e+00]], shape=(45, 45)), 'molecular-dipole': array([-1.07746194,  1.02691402,  0.02422192])}
{'bond-orders': array([[0.00000000e+00, 3.03570643e-01, 2.07215891e-02, ...,
        2.02733971e-04, 7.26263385e-05, 2.86660569e-03],
       [3.03570643e-01, 0.00000000e+00, 2.06473246e-02, ...,
        2.41376150e-04, 4.69606920e-05, 2.09555065e-03],
       [2.07215891e-02, 2.06473246e-02, 0.00000000e+00, ...,
        6.67985870e-04, 1.66521939e-04, 3.04722152e-03],
       ...,
       [2.02733971e-04, 2.41376150e-04, 6.67985870e-04, ...,
        0.00000000e+00, 4.50278160e-03, 2.03714724e-02],
       [7.26263385e-05, 4.69606920e-05, 1.66521939e-04, ...,
        4.50278160e-03, 0.00000000e+00, 2.46396538e-02],
       [2.86660569e-03, 2.09555065e-03, 3.04722152e-03, ...,
        2.03714724e-02, 2.46396538e-02, 0.00000000e+00]], shape=(45, 45)), 'molecular-dipole': array([-1.07746194,  1.02691402,  0.02422192]), 'molecular-quadrupole': array([-56.49854764,  48.13543931,  16.3985122 , -93.12130692,
       135.27804894,  40.10003544])}
------------------------------------------------------------
  cycle        total energy    energy error   density error
------------------------------------------------------------
      1     -163.5221988663  -1.6328323E+02   6.0294653E-03
      2     -163.4797457319   4.2453134E-02   1.2701561E-02
      3     -163.3019814763   1.7776426E-01   2.6386332E-02
      4     -163.5201397009  -2.1815822E-01   5.7997688E-03
      5     -163.5224043867  -2.2646858E-03   2.9085366E-03
      6     -163.5227939581  -3.8957141E-04   1.7619887E-03
      7     -163.5229936230  -1.9966493E-04   9.2184072E-04
      8     -163.5229885780   5.0449952E-06   5.5560999E-04
      9     -163.5230023719  -1.3793894E-05   3.8623197E-04
     10     -163.5230345553  -3.2183328E-05   1.4202712E-04
     11     -163.5230383030  -3.7477604E-06   5.1868356E-05
     12     -163.5230387688  -4.6580936E-07   1.8751309E-05
------------------------------------------------------------

 total:                                  12.186 sec
3
{'bond-orders': array([[0.00000000e+00, 3.03756309e-01, 2.05215733e-02, ...,
        2.02282951e-04, 6.64462386e-05, 2.50527503e-03],
       [3.03756309e-01, 0.00000000e+00, 2.05111850e-02, ...,
        2.62635656e-04, 5.72700074e-05, 2.13054808e-03],
       [2.05215733e-02, 2.05111850e-02, 0.00000000e+00, ...,
        7.30754472e-04, 2.21289331e-04, 3.12989519e-03],
       ...,
       [2.02282951e-04, 2.62635656e-04, 7.30754472e-04, ...,
        0.00000000e+00, 4.76411615e-03, 2.14806631e-02],
       [6.64462386e-05, 5.72700074e-05, 2.21289331e-04, ...,
        4.76411615e-03, 0.00000000e+00, 2.90738075e-02],
       [2.50527503e-03, 2.13054808e-03, 3.12989519e-03, ...,
        2.14806631e-02, 2.90738075e-02, 0.00000000e+00]], shape=(45, 45))}
{'bond-orders': array([[0.00000000e+00, 3.03756309e-01, 2.05215733e-02, ...,
        2.02282951e-04, 6.64462386e-05, 2.50527503e-03],
       [3.03756309e-01, 0.00000000e+00, 2.05111850e-02, ...,
        2.62635656e-04, 5.72700074e-05, 2.13054808e-03],
       [2.05215733e-02, 2.05111850e-02, 0.00000000e+00, ...,
        7.30754472e-04, 2.21289331e-04, 3.12989519e-03],
       ...,
       [2.02282951e-04, 2.62635656e-04, 7.30754472e-04, ...,
        0.00000000e+00, 4.76411615e-03, 2.14806631e-02],
       [6.64462386e-05, 5.72700074e-05, 2.21289331e-04, ...,
        4.76411615e-03, 0.00000000e+00, 2.90738075e-02],
       [2.50527503e-03, 2.13054808e-03, 3.12989519e-03, ...,
        2.14806631e-02, 2.90738075e-02, 0.00000000e+00]], shape=(45, 45)), 'molecular-dipole': array([-1.06786844,  1.09928458, -0.08959209])}
{'bond-orders': array([[0.00000000e+00, 3.03756309e-01, 2.05215733e-02, ...,
        2.02282951e-04, 6.64462386e-05, 2.50527503e-03],
       [3.03756309e-01, 0.00000000e+00, 2.05111850e-02, ...,
        2.62635656e-04, 5.72700074e-05, 2.13054808e-03],
       [2.05215733e-02, 2.05111850e-02, 0.00000000e+00, ...,
        7.30754472e-04, 2.21289331e-04, 3.12989519e-03],
       ...,
       [2.02282951e-04, 2.62635656e-04, 7.30754472e-04, ...,
        0.00000000e+00, 4.76411615e-03, 2.14806631e-02],
       [6.64462386e-05, 5.72700074e-05, 2.21289331e-04, ...,
        4.76411615e-03, 0.00000000e+00, 2.90738075e-02],
       [2.50527503e-03, 2.13054808e-03, 3.12989519e-03, ...,
        2.14806631e-02, 2.90738075e-02, 0.00000000e+00]], shape=(45, 45)), 'molecular-dipole': array([-1.06786844,  1.09928458, -0.08959209]), 'molecular-quadrupole': array([-51.69250049,  52.87406569,  20.23352191, -98.51742701,
       140.0310323 ,  31.45897858])}
------------------------------------------------------------
  cycle        total energy    energy error   density error
------------------------------------------------------------
      1     -163.5253473894  -1.6328618E+02   4.6651856E-03
      2     -163.4824632757   4.2884114E-02   1.2537285E-02
      3     -163.4083722371   7.4091039E-02   1.9500719E-02
      4     -163.5252190592  -1.1684682E-01   3.1834170E-03
      5     -163.5255956045  -3.7654522E-04   2.7031873E-03
      6     -163.5259617626  -3.6615819E-04   1.7224284E-03
      7     -163.5261364120  -1.7464932E-04   6.1546526E-04
      8     -163.5261503626  -1.3950678E-05   3.2028289E-04
      9     -163.5261485620   1.8006686E-06   1.8864128E-04
     10     -163.5261539973  -5.4353455E-06   9.6405177E-05
     11     -163.5261557085  -1.7111567E-06   4.2071744E-05
     12     -163.5261561086  -4.0014351E-07   1.0869032E-05
------------------------------------------------------------

 total:                                  12.284 sec
3
{'bond-orders': array([[0.00000000e+00, 3.03922235e-01, 2.04018120e-02, ...,
        1.81420439e-04, 5.43488087e-05, 2.28600712e-03],
       [3.03922235e-01, 0.00000000e+00, 2.04187757e-02, ...,
        2.59702648e-04, 6.31195462e-05, 2.14165648e-03],
       [2.04018120e-02, 2.04187757e-02, 0.00000000e+00, ...,
        7.27879224e-04, 2.43675163e-04, 3.11679440e-03],
       ...,
       [1.81420439e-04, 2.59702648e-04, 7.27879224e-04, ...,
        0.00000000e+00, 4.85319854e-03, 2.21409229e-02],
       [5.43488087e-05, 6.31195462e-05, 2.43675163e-04, ...,
        4.85319854e-03, 0.00000000e+00, 3.15798598e-02],
       [2.28600712e-03, 2.14165648e-03, 3.11679440e-03, ...,
        2.21409229e-02, 3.15798598e-02, 0.00000000e+00]], shape=(45, 45))}
{'bond-orders': array([[0.00000000e+00, 3.03922235e-01, 2.04018120e-02, ...,
        1.81420439e-04, 5.43488087e-05, 2.28600712e-03],
       [3.03922235e-01, 0.00000000e+00, 2.04187757e-02, ...,
        2.59702648e-04, 6.31195462e-05, 2.14165648e-03],
       [2.04018120e-02, 2.04187757e-02, 0.00000000e+00, ...,
        7.27879224e-04, 2.43675163e-04, 3.11679440e-03],
       ...,
       [1.81420439e-04, 2.59702648e-04, 7.27879224e-04, ...,
        0.00000000e+00, 4.85319854e-03, 2.21409229e-02],
       [5.43488087e-05, 6.31195462e-05, 2.43675163e-04, ...,
        4.85319854e-03, 0.00000000e+00, 3.15798598e-02],
       [2.28600712e-03, 2.14165648e-03, 3.11679440e-03, ...,
        2.21409229e-02, 3.15798598e-02, 0.00000000e+00]], shape=(45, 45)), 'molecular-dipole': array([-1.08417036,  1.14969724, -0.23633102])}
{'bond-orders': array([[0.00000000e+00, 3.03922235e-01, 2.04018120e-02, ...,
        1.81420439e-04, 5.43488087e-05, 2.28600712e-03],
       [3.03922235e-01, 0.00000000e+00, 2.04187757e-02, ...,
        2.59702648e-04, 6.31195462e-05, 2.14165648e-03],
       [2.04018120e-02, 2.04187757e-02, 0.00000000e+00, ...,
        7.27879224e-04, 2.43675163e-04, 3.11679440e-03],
       ...,
       [1.81420439e-04, 2.59702648e-04, 7.27879224e-04, ...,
        0.00000000e+00, 4.85319854e-03, 2.21409229e-02],
       [5.43488087e-05, 6.31195462e-05, 2.43675163e-04, ...,
        4.85319854e-03, 0.00000000e+00, 3.15798598e-02],
       [2.28600712e-03, 2.14165648e-03, 3.11679440e-03, ...,
        2.21409229e-02, 3.15798598e-02, 0.00000000e+00]], shape=(45, 45)), 'molecular-dipole': array([-1.08417036,  1.14969724, -0.23633102]), 'molecular-quadrupole': array([ -46.16083592,   55.92728873,   25.98016399, -108.24147293,
        142.37605874,   20.18067193])}
------------------------------------------------------------
  cycle        total energy    energy error   density error
------------------------------------------------------------
      1     -163.5272803313  -1.6328457E+02   5.7853588E-03
      2     -163.3197601903   2.0752014E-01   2.5987441E-02
      3     -163.4498542548  -1.3009406E-01   1.6842084E-02
      4     -163.5284340188  -7.8579764E-02   3.0810731E-03
      5     -163.5292325546  -7.9853581E-04   2.5127312E-03
      6     -163.5292237732   8.7814156E-06   2.4218130E-03
      7     -163.5295918100  -3.6803679E-04   8.4768593E-04
      8     -163.5296381438  -4.6333831E-05   3.5463013E-04
      9     -163.5296449768  -6.8329802E-06   1.4124084E-04
     10     -163.5296462028  -1.2259663E-06   5.0599669E-05
     11     -163.5296463933  -1.9049565E-07   2.2554560E-05
     12     -163.5296464851  -9.1851120E-08   9.8685943E-06
------------------------------------------------------------

 total:                                  12.200 sec
3
{'bond-orders': array([[0.00000000e+00, 3.04115849e-01, 2.02823131e-02, ...,
        1.59377397e-04, 3.82444044e-05, 2.14612835e-03],
       [3.04115849e-01, 0.00000000e+00, 2.03064042e-02, ...,
        2.54236989e-04, 6.74359352e-05, 2.14695110e-03],
       [2.02823131e-02, 2.03064042e-02, 0.00000000e+00, ...,
        7.17985199e-04, 2.60281635e-04, 3.11811469e-03],
       ...,
       [1.59377397e-04, 2.54236989e-04, 7.17985199e-04, ...,
        0.00000000e+00, 4.91338849e-03, 2.28741513e-02],
       [3.82444044e-05, 6.74359352e-05, 2.60281635e-04, ...,
        4.91338849e-03, 0.00000000e+00, 3.31129720e-02],
       [2.14612835e-03, 2.14695110e-03, 3.11811469e-03, ...,
        2.28741513e-02, 3.31129720e-02, 0.00000000e+00]], shape=(45, 45))}
{'bond-orders': array([[0.00000000e+00, 3.04115849e-01, 2.02823131e-02, ...,
        1.59377397e-04, 3.82444044e-05, 2.14612835e-03],
       [3.04115849e-01, 0.00000000e+00, 2.03064042e-02, ...,
        2.54236989e-04, 6.74359352e-05, 2.14695110e-03],
       [2.02823131e-02, 2.03064042e-02, 0.00000000e+00, ...,
        7.17985199e-04, 2.60281635e-04, 3.11811469e-03],
       ...,
       [1.59377397e-04, 2.54236989e-04, 7.17985199e-04, ...,
        0.00000000e+00, 4.91338849e-03, 2.28741513e-02],
       [3.82444044e-05, 6.74359352e-05, 2.60281635e-04, ...,
        4.91338849e-03, 0.00000000e+00, 3.31129720e-02],
       [2.14612835e-03, 2.14695110e-03, 3.11811469e-03, ...,
        2.28741513e-02, 3.31129720e-02, 0.00000000e+00]], shape=(45, 45)), 'molecular-dipole': array([-1.11860332,  1.19198304, -0.48467352])}
{'bond-orders': array([[0.00000000e+00, 3.04115849e-01, 2.02823131e-02, ...,
        1.59377397e-04, 3.82444044e-05, 2.14612835e-03],
       [3.04115849e-01, 0.00000000e+00, 2.03064042e-02, ...,
        2.54236989e-04, 6.74359352e-05, 2.14695110e-03],
       [2.02823131e-02, 2.03064042e-02, 0.00000000e+00, ...,
        7.17985199e-04, 2.60281635e-04, 3.11811469e-03],
       ...,
       [1.59377397e-04, 2.54236989e-04, 7.17985199e-04, ...,
        0.00000000e+00, 4.91338849e-03, 2.28741513e-02],
       [3.82444044e-05, 6.74359352e-05, 2.60281635e-04, ...,
        4.91338849e-03, 0.00000000e+00, 3.31129720e-02],
       [2.14612835e-03, 2.14695110e-03, 3.11811469e-03, ...,
        2.28741513e-02, 3.31129720e-02, 0.00000000e+00]], shape=(45, 45)), 'molecular-dipole': array([-1.11860332,  1.19198304, -0.48467352]), 'molecular-quadrupole': array([ -37.05841596,   58.11566184,   35.90506369, -124.86482836,
        142.03988752,    1.15335227])}
------------------------------------------------------------
  cycle        total energy    energy error   density error
------------------------------------------------------------
      1     -163.5307670808  -1.6328568E+02   3.3002058E-03
      2     -163.4671309855   6.3636095E-02   1.4309357E-02
      3     -163.5039372223  -3.6806237E-02   9.8530010E-03
      4     -163.5309889648  -2.7051742E-02   1.7912691E-03
      5     -163.5313925157  -4.0355089E-04   1.1075159E-03
      6     -163.5315030020  -1.1048634E-04   9.3300193E-04
      7     -163.5315331528  -3.0150762E-05   6.6224589E-04
      8     -163.5315651190  -3.1966218E-05   1.7918852E-04
      9     -163.5315665982  -1.4792638E-06   8.4480966E-05
     10     -163.5315672213  -6.2309235E-07   3.5483559E-05
     11     -163.5315673621  -1.4077554E-07   1.7004841E-05
------------------------------------------------------------

 total:                                  11.913 sec
3
{'bond-orders': array([[0.00000000e+00, 3.04205076e-01, 2.01754407e-02, ...,
        1.54194210e-04, 3.25269596e-05, 2.16474898e-03],
       [3.04205076e-01, 0.00000000e+00, 2.02150303e-02, ...,
        2.49157256e-04, 6.61258326e-05, 2.14403155e-03],
       [2.01754407e-02, 2.02150303e-02, 0.00000000e+00, ...,
        7.05347515e-04, 2.75223031e-04, 3.16902003e-03],
       ...,
       [1.54194210e-04, 2.49157256e-04, 7.05347515e-04, ...,
        0.00000000e+00, 4.96250026e-03, 2.31397747e-02],
       [3.25269596e-05, 6.61258326e-05, 2.75223031e-04, ...,
        4.96250026e-03, 0.00000000e+00, 3.29966328e-02],
       [2.16474898e-03, 2.14403155e-03, 3.16902003e-03, ...,
        2.31397747e-02, 3.29966328e-02, 0.00000000e+00]], shape=(45, 45))}
{'bond-orders': array([[0.00000000e+00, 3.04205076e-01, 2.01754407e-02, ...,
        1.54194210e-04, 3.25269596e-05, 2.16474898e-03],
       [3.04205076e-01, 0.00000000e+00, 2.02150303e-02, ...,
        2.49157256e-04, 6.61258326e-05, 2.14403155e-03],
       [2.01754407e-02, 2.02150303e-02, 0.00000000e+00, ...,
        7.05347515e-04, 2.75223031e-04, 3.16902003e-03],
       ...,
       [1.54194210e-04, 2.49157256e-04, 7.05347515e-04, ...,
        0.00000000e+00, 4.96250026e-03, 2.31397747e-02],
       [3.25269596e-05, 6.61258326e-05, 2.75223031e-04, ...,
        4.96250026e-03, 0.00000000e+00, 3.29966328e-02],
       [2.16474898e-03, 2.14403155e-03, 3.16902003e-03, ...,
        2.31397747e-02, 3.29966328e-02, 0.00000000e+00]], shape=(45, 45)), 'molecular-dipole': array([-1.13479905,  1.20105022, -0.63403576])}
{'bond-orders': array([[0.00000000e+00, 3.04205076e-01, 2.01754407e-02, ...,
        1.54194210e-04, 3.25269596e-05, 2.16474898e-03],
       [3.04205076e-01, 0.00000000e+00, 2.02150303e-02, ...,
        2.49157256e-04, 6.61258326e-05, 2.14403155e-03],
       [2.01754407e-02, 2.02150303e-02, 0.00000000e+00, ...,
        7.05347515e-04, 2.75223031e-04, 3.16902003e-03],
       ...,
       [1.54194210e-04, 2.49157256e-04, 7.05347515e-04, ...,
        0.00000000e+00, 4.96250026e-03, 2.31397747e-02],
       [3.25269596e-05, 6.61258326e-05, 2.75223031e-04, ...,
        4.96250026e-03, 0.00000000e+00, 3.29966328e-02],
       [2.16474898e-03, 2.14403155e-03, 3.16902003e-03, ...,
        2.31397747e-02, 3.29966328e-02, 0.00000000e+00]], shape=(45, 45)), 'molecular-dipole': array([-1.13479905,  1.20105022, -0.63403576]), 'molecular-quadrupole': array([ -31.413586  ,   58.1761916 ,   41.6233472 , -134.23550287,
        140.17826913,  -10.2097612 ])}
------------------------------------------------------------
  cycle        total energy    energy error   density error
------------------------------------------------------------
      1     -163.5327708313  -1.6328601E+02   3.9312443E-03
      2     -163.4022104381   1.3056039E-01   2.0276181E-02
      3     -163.5125747717  -1.1036433E-01   8.9648094E-03
      4     -163.5333669674  -2.0792196E-02   2.2484692E-03
      5     -163.5336946068  -3.2763942E-04   1.7957593E-03
      6     -163.5339474426  -2.5283581E-04   1.0550567E-03
      7     -163.5340484242  -1.0098161E-04   5.8271157E-04
      8     -163.5340736674  -2.5243121E-05   2.1350402E-04
      9     -163.5340761836  -2.5161985E-06   1.1928487E-04
     10     -163.5340777405  -1.5568992E-06   5.2437222E-05
     11     -163.5340780866  -3.4614405E-07   2.9205490E-05
     12     -163.5340782163  -1.2968630E-07   1.1272201E-05
------------------------------------------------------------

 total:                                  12.241 sec
3
{'bond-orders': array([[0.00000000e+00, 3.04280957e-01, 1.99760998e-02, ...,
        1.58816583e-04, 3.18318592e-05, 2.27626389e-03],
       [3.04280957e-01, 0.00000000e+00, 2.00727243e-02, ...,
        2.42990614e-04, 6.03714125e-05, 2.13487390e-03],
       [1.99760998e-02, 2.00727243e-02, 0.00000000e+00, ...,
        6.84449336e-04, 3.07353792e-04, 3.28110651e-03],
       ...,
       [1.58816583e-04, 2.42990614e-04, 6.84449336e-04, ...,
        0.00000000e+00, 5.09690409e-03, 2.32877203e-02],
       [3.18318592e-05, 6.03714125e-05, 3.07353792e-04, ...,
        5.09690409e-03, 0.00000000e+00, 3.20990051e-02],
       [2.27626389e-03, 2.13487390e-03, 3.28110651e-03, ...,
        2.32877203e-02, 3.20990051e-02, 0.00000000e+00]], shape=(45, 45))}
{'bond-orders': array([[0.00000000e+00, 3.04280957e-01, 1.99760998e-02, ...,
        1.58816583e-04, 3.18318592e-05, 2.27626389e-03],
       [3.04280957e-01, 0.00000000e+00, 2.00727243e-02, ...,
        2.42990614e-04, 6.03714125e-05, 2.13487390e-03],
       [1.99760998e-02, 2.00727243e-02, 0.00000000e+00, ...,
        6.84449336e-04, 3.07353792e-04, 3.28110651e-03],
       ...,
       [1.58816583e-04, 2.42990614e-04, 6.84449336e-04, ...,
        0.00000000e+00, 5.09690409e-03, 2.32877203e-02],
       [3.18318592e-05, 6.03714125e-05, 3.07353792e-04, ...,
        5.09690409e-03, 0.00000000e+00, 3.20990051e-02],
       [2.27626389e-03, 2.13487390e-03, 3.28110651e-03, ...,
        2.32877203e-02, 3.20990051e-02, 0.00000000e+00]], shape=(45, 45)), 'molecular-dipole': array([-1.14470277,  1.20456691, -0.81960454])}
{'bond-orders': array([[0.00000000e+00, 3.04280957e-01, 1.99760998e-02, ...,
        1.58816583e-04, 3.18318592e-05, 2.27626389e-03],
       [3.04280957e-01, 0.00000000e+00, 2.00727243e-02, ...,
        2.42990614e-04, 6.03714125e-05, 2.13487390e-03],
       [1.99760998e-02, 2.00727243e-02, 0.00000000e+00, ...,
        6.84449336e-04, 3.07353792e-04, 3.28110651e-03],
       ...,
       [1.58816583e-04, 2.42990614e-04, 6.84449336e-04, ...,
        0.00000000e+00, 5.09690409e-03, 2.32877203e-02],
       [3.18318592e-05, 6.03714125e-05, 3.07353792e-04, ...,
        5.09690409e-03, 0.00000000e+00, 3.20990051e-02],
       [2.27626389e-03, 2.13487390e-03, 3.28110651e-03, ...,
        2.32877203e-02, 3.20990051e-02, 0.00000000e+00]], shape=(45, 45)), 'molecular-dipole': array([-1.14470277,  1.20456691, -0.81960454]), 'molecular-quadrupole': array([ -24.1456738 ,   57.63676085,   48.17921284, -144.69468015,
        136.76360878,  -24.03353904])}
------------------------------------------------------------
  cycle        total energy    energy error   density error
------------------------------------------------------------
      1     -163.5357493762  -1.6328893E+02   3.4578217E-03
      2     -163.4659220639   6.9827312E-02   1.4881177E-02
      3     -163.5113812737  -4.5459210E-02   9.3018168E-03
      4     -163.5357585884  -2.4377315E-02   2.6871075E-03
      5     -163.5363449127  -5.8632428E-04   1.5741437E-03
      6     -163.5364513730  -1.0646035E-04   8.5096077E-04
      7     -163.5364926488  -4.1275765E-05   5.0429711E-04
      8     -163.5365077910  -1.5142233E-05   1.8497047E-04
      9     -163.5365106824  -2.8914197E-06   1.1789837E-04
     10     -163.5365122089  -1.5265191E-06   4.4987628E-05
     11     -163.5365123710  -1.6205252E-07   1.7695277E-05
------------------------------------------------------------

 total:                                  11.920 sec
3
{'bond-orders': array([[0.00000000e+00, 3.04283870e-01, 1.97037741e-02, ...,
        1.75692994e-04, 3.99709274e-05, 2.45722694e-03],
       [3.04283870e-01, 0.00000000e+00, 1.99133625e-02, ...,
        2.39410732e-04, 5.10921043e-05, 2.11695874e-03],
       [1.97037741e-02, 1.99133625e-02, 0.00000000e+00, ...,
        6.62324733e-04, 3.47264201e-04, 3.41867076e-03],
       ...,
       [1.75692994e-04, 2.39410732e-04, 6.62324733e-04, ...,
        0.00000000e+00, 5.28750637e-03, 2.31952372e-02],
       [3.99709274e-05, 5.10921043e-05, 3.47264201e-04, ...,
        5.28750637e-03, 0.00000000e+00, 3.05562063e-02],
       [2.45722694e-03, 2.11695874e-03, 3.41867076e-03, ...,
        2.31952372e-02, 3.05562063e-02, 0.00000000e+00]], shape=(45, 45))}
{'bond-orders': array([[0.00000000e+00, 3.04283870e-01, 1.97037741e-02, ...,
        1.75692994e-04, 3.99709274e-05, 2.45722694e-03],
       [3.04283870e-01, 0.00000000e+00, 1.99133625e-02, ...,
        2.39410732e-04, 5.10921043e-05, 2.11695874e-03],
       [1.97037741e-02, 1.99133625e-02, 0.00000000e+00, ...,
        6.62324733e-04, 3.47264201e-04, 3.41867076e-03],
       ...,
       [1.75692994e-04, 2.39410732e-04, 6.62324733e-04, ...,
        0.00000000e+00, 5.28750637e-03, 2.31952372e-02],
       [3.99709274e-05, 5.10921043e-05, 3.47264201e-04, ...,
        5.28750637e-03, 0.00000000e+00, 3.05562063e-02],
       [2.45722694e-03, 2.11695874e-03, 3.41867076e-03, ...,
        2.31952372e-02, 3.05562063e-02, 0.00000000e+00]], shape=(45, 45)), 'molecular-dipole': array([-1.13976442,  1.21301637, -0.97159907])}
{'bond-orders': array([[0.00000000e+00, 3.04283870e-01, 1.97037741e-02, ...,
        1.75692994e-04, 3.99709274e-05, 2.45722694e-03],
       [3.04283870e-01, 0.00000000e+00, 1.99133625e-02, ...,
        2.39410732e-04, 5.10921043e-05, 2.11695874e-03],
       [1.97037741e-02, 1.99133625e-02, 0.00000000e+00, ...,
        6.62324733e-04, 3.47264201e-04, 3.41867076e-03],
       ...,
       [1.75692994e-04, 2.39410732e-04, 6.62324733e-04, ...,
        0.00000000e+00, 5.28750637e-03, 2.31952372e-02],
       [3.99709274e-05, 5.10921043e-05, 3.47264201e-04, ...,
        5.28750637e-03, 0.00000000e+00, 3.05562063e-02],
       [2.45722694e-03, 2.11695874e-03, 3.41867076e-03, ...,
        2.31952372e-02, 3.05562063e-02, 0.00000000e+00]], shape=(45, 45)), 'molecular-dipole': array([-1.13976442,  1.21301637, -0.97159907]), 'molecular-quadrupole': array([ -17.84977071,   57.30212311,   53.0308833 , -151.59868914,
        134.61251569,  -35.1811126 ])}
------------------------------------------------------------
  cycle        total energy    energy error   density error
------------------------------------------------------------
      1     -163.5381245282  -1.6329217E+02   2.4649590E-03
      2     -163.5217360839   1.6388444E-02   7.4388583E-03
      3     -163.5171138993   4.6221846E-03   8.2660793E-03
      4     -163.5374416604  -2.0327761E-02   2.9651773E-03
      5     -163.5382441413  -8.0248097E-04   1.2443670E-03
      6     -163.5383136014  -6.9460106E-05   6.7011149E-04
      7     -163.5383228434  -9.2420123E-06   3.4838577E-04
      8     -163.5383304242  -7.5807832E-06   1.3117013E-04
      9     -163.5383324697  -2.0454279E-06   9.2825224E-05
     10     -163.5383333575  -8.8783136E-07   2.8933825E-05
     11     -163.5383333838  -2.6339620E-08   1.4123133E-05
------------------------------------------------------------

 total:                                  11.910 sec
3
{'bond-orders': array([[0.00000000e+00, 3.04209400e-01, 1.94392200e-02, ...,
        1.99260101e-04, 5.52620775e-05, 2.63001890e-03],
       [3.04209400e-01, 0.00000000e+00, 1.97819457e-02, ...,
        2.40229019e-04, 4.15232571e-05, 2.08013311e-03],
       [1.94392200e-02, 1.97819457e-02, 0.00000000e+00, ...,
        6.48839852e-04, 3.74686275e-04, 3.51257710e-03],
       ...,
       [1.99260101e-04, 2.40229019e-04, 6.48839852e-04, ...,
        0.00000000e+00, 5.43240454e-03, 2.29747081e-02],
       [5.52620775e-05, 4.15232571e-05, 3.74686275e-04, ...,
        5.43240454e-03, 0.00000000e+00, 2.89862231e-02],
       [2.63001890e-03, 2.08013311e-03, 3.51257710e-03, ...,
        2.29747081e-02, 2.89862231e-02, 0.00000000e+00]], shape=(45, 45))}
{'bond-orders': array([[0.00000000e+00, 3.04209400e-01, 1.94392200e-02, ...,
        1.99260101e-04, 5.52620775e-05, 2.63001890e-03],
       [3.04209400e-01, 0.00000000e+00, 1.97819457e-02, ...,
        2.40229019e-04, 4.15232571e-05, 2.08013311e-03],
       [1.94392200e-02, 1.97819457e-02, 0.00000000e+00, ...,
        6.48839852e-04, 3.74686275e-04, 3.51257710e-03],
       ...,
       [1.99260101e-04, 2.40229019e-04, 6.48839852e-04, ...,
        0.00000000e+00, 5.43240454e-03, 2.29747081e-02],
       [5.52620775e-05, 4.15232571e-05, 3.74686275e-04, ...,
        5.43240454e-03, 0.00000000e+00, 2.89862231e-02],
       [2.63001890e-03, 2.08013311e-03, 3.51257710e-03, ...,
        2.29747081e-02, 2.89862231e-02, 0.00000000e+00]], shape=(45, 45)), 'molecular-dipole': array([-1.12525132,  1.22685084, -1.05195334])}
{'bond-orders': array([[0.00000000e+00, 3.04209400e-01, 1.94392200e-02, ...,
        1.99260101e-04, 5.52620775e-05, 2.63001890e-03],
       [3.04209400e-01, 0.00000000e+00, 1.97819457e-02, ...,
        2.40229019e-04, 4.15232571e-05, 2.08013311e-03],
       [1.94392200e-02, 1.97819457e-02, 0.00000000e+00, ...,
        6.48839852e-04, 3.74686275e-04, 3.51257710e-03],
       ...,
       [1.99260101e-04, 2.40229019e-04, 6.48839852e-04, ...,
        0.00000000e+00, 5.43240454e-03, 2.29747081e-02],
       [5.52620775e-05, 4.15232571e-05, 3.74686275e-04, ...,
        5.43240454e-03, 0.00000000e+00, 2.89862231e-02],
       [2.63001890e-03, 2.08013311e-03, 3.51257710e-03, ...,
        2.29747081e-02, 2.89862231e-02, 0.00000000e+00]], shape=(45, 45)), 'molecular-dipole': array([-1.12525132,  1.22685084, -1.05195334]), 'molecular-quadrupole': array([ -14.20420901,   57.46392231,   55.02092148, -153.76704338,
        134.40501226,  -40.81671247])}
------------------------------------------------------------
  cycle        total energy    energy error   density error
------------------------------------------------------------
      1     -163.5394580235  -1.6329443E+02   1.6173440E-03
      2     -163.5337448223   5.7132012E-03   4.6692723E-03
      3     -163.5316274629   2.1173593E-03   5.0485502E-03
      4     -163.5390588353  -7.4313723E-03   1.8504997E-03
      5     -163.5394269934  -3.6815810E-04   1.1442783E-03
      6     -163.5395023082  -7.5314828E-05   6.1650211E-04
      7     -163.5395226352  -2.0326996E-05   1.7429268E-04
      8     -163.5395244812  -1.8460205E-06   8.5564345E-05
      9     -163.5395250561  -5.7490806E-07   4.4929329E-05
     10     -163.5395251906  -1.3441365E-07   1.9856318E-05
------------------------------------------------------------

 total:                                  11.642 sec
3
{'bond-orders': array([[0.00000000e+00, 3.04138682e-01, 1.92513241e-02, ...,
        2.19936601e-04, 6.99210604e-05, 2.72520450e-03],
       [3.04138682e-01, 0.00000000e+00, 1.96979796e-02, ...,
        2.43345634e-04, 3.52210671e-05, 2.02247580e-03],
       [1.92513241e-02, 1.96979796e-02, 0.00000000e+00, ...,
        6.47412989e-04, 3.84097941e-04, 3.53265846e-03],
       ...,
       [2.19936601e-04, 2.43345634e-04, 6.47412989e-04, ...,
        0.00000000e+00, 5.47084101e-03, 2.28383314e-02],
       [6.99210604e-05, 3.52210671e-05, 3.84097941e-04, ...,
        5.47084101e-03, 0.00000000e+00, 2.81112624e-02],
       [2.72520450e-03, 2.02247580e-03, 3.53265846e-03, ...,
        2.28383314e-02, 2.81112624e-02, 0.00000000e+00]], shape=(45, 45))}
{'bond-orders': array([[0.00000000e+00, 3.04138682e-01, 1.92513241e-02, ...,
        2.19936601e-04, 6.99210604e-05, 2.72520450e-03],
       [3.04138682e-01, 0.00000000e+00, 1.96979796e-02, ...,
        2.43345634e-04, 3.52210671e-05, 2.02247580e-03],
       [1.92513241e-02, 1.96979796e-02, 0.00000000e+00, ...,
        6.47412989e-04, 3.84097941e-04, 3.53265846e-03],
       ...,
       [2.19936601e-04, 2.43345634e-04, 6.47412989e-04, ...,
        0.00000000e+00, 5.47084101e-03, 2.28383314e-02],
       [6.99210604e-05, 3.52210671e-05, 3.84097941e-04, ...,
        5.47084101e-03, 0.00000000e+00, 2.81112624e-02],
       [2.72520450e-03, 2.02247580e-03, 3.53265846e-03, ...,
        2.28383314e-02, 2.81112624e-02, 0.00000000e+00]], shape=(45, 45)), 'molecular-dipole': array([-1.10487478,  1.23703296, -1.04237336])}
{'bond-orders': array([[0.00000000e+00, 3.04138682e-01, 1.92513241e-02, ...,
        2.19936601e-04, 6.99210604e-05, 2.72520450e-03],
       [3.04138682e-01, 0.00000000e+00, 1.96979796e-02, ...,
        2.43345634e-04, 3.52210671e-05, 2.02247580e-03],
       [1.92513241e-02, 1.96979796e-02, 0.00000000e+00, ...,
        6.47412989e-04, 3.84097941e-04, 3.53265846e-03],
       ...,
       [2.19936601e-04, 2.43345634e-04, 6.47412989e-04, ...,
        0.00000000e+00, 5.47084101e-03, 2.28383314e-02],
       [6.99210604e-05, 3.52210671e-05, 3.84097941e-04, ...,
        5.47084101e-03, 0.00000000e+00, 2.81112624e-02],
       [2.72520450e-03, 2.02247580e-03, 3.53265846e-03, ...,
        2.28383314e-02, 2.81112624e-02, 0.00000000e+00]], shape=(45, 45)), 'molecular-dipole': array([-1.10487478,  1.23703296, -1.04237336]), 'molecular-quadrupole': array([ -13.95861305,   57.67451083,   53.73338879, -150.96435837,
        135.68320138,  -39.77477574])}
------------------------------------------------------------
  cycle        total energy    energy error   density error
------------------------------------------------------------
      1     -163.5406909667  -1.6329637E+02   1.9053899E-03
      2     -163.5374474340   3.2435327E-03   4.0800576E-03
      3     -163.5243675558   1.3079878E-02   7.2710743E-03
      4     -163.5400370713  -1.5669515E-02   1.9504352E-03
      5     -163.5406516085  -6.1453725E-04   1.2980784E-03
      6     -163.5407364876  -8.4879110E-05   9.9773748E-04
      7     -163.5407912731  -5.4785466E-05   2.9469105E-04
      8     -163.5407962282  -4.9550987E-06   1.0600673E-04
      9     -163.5407978298  -1.6016463E-06   4.9193206E-05
     10     -163.5407979120  -8.2206753E-08   2.3610419E-05
     11     -163.5407979394  -2.7396140E-08   1.2524870E-05
------------------------------------------------------------

 total:                                  11.916 sec
3
{'bond-orders': array([[0.00000000e+00, 3.04048196e-01, 1.90770716e-02, ...,
        2.41040503e-04, 8.43253281e-05, 2.78842348e-03],
       [3.04048196e-01, 0.00000000e+00, 1.96185081e-02, ...,
        2.47141729e-04, 3.00486680e-05, 1.93309016e-03],
       [1.90770716e-02, 1.96185081e-02, 0.00000000e+00, ...,
        6.49180035e-04, 3.81891276e-04, 3.49307181e-03],
       ...,
       [2.41040503e-04, 2.47141729e-04, 6.49180035e-04, ...,
        0.00000000e+00, 5.43224188e-03, 2.27617847e-02],
       [8.43253281e-05, 3.00486680e-05, 3.81891276e-04, ...,
        5.43224188e-03, 0.00000000e+00, 2.76092819e-02],
       [2.78842348e-03, 1.93309016e-03, 3.49307181e-03, ...,
        2.27617847e-02, 2.76092819e-02, 0.00000000e+00]], shape=(45, 45))}
{'bond-orders': array([[0.00000000e+00, 3.04048196e-01, 1.90770716e-02, ...,
        2.41040503e-04, 8.43253281e-05, 2.78842348e-03],
       [3.04048196e-01, 0.00000000e+00, 1.96185081e-02, ...,
        2.47141729e-04, 3.00486680e-05, 1.93309016e-03],
       [1.90770716e-02, 1.96185081e-02, 0.00000000e+00, ...,
        6.49180035e-04, 3.81891276e-04, 3.49307181e-03],
       ...,
       [2.41040503e-04, 2.47141729e-04, 6.49180035e-04, ...,
        0.00000000e+00, 5.43224188e-03, 2.27617847e-02],
       [8.43253281e-05, 3.00486680e-05, 3.81891276e-04, ...,
        5.43224188e-03, 0.00000000e+00, 2.76092819e-02],
       [2.78842348e-03, 1.93309016e-03, 3.49307181e-03, ...,
        2.27617847e-02, 2.76092819e-02, 0.00000000e+00]], shape=(45, 45)), 'molecular-dipole': array([-1.06863844,  1.25762919, -0.99548334])}
{'bond-orders': array([[0.00000000e+00, 3.04048196e-01, 1.90770716e-02, ...,
        2.41040503e-04, 8.43253281e-05, 2.78842348e-03],
       [3.04048196e-01, 0.00000000e+00, 1.96185081e-02, ...,
        2.47141729e-04, 3.00486680e-05, 1.93309016e-03],
       [1.90770716e-02, 1.96185081e-02, 0.00000000e+00, ...,
        6.49180035e-04, 3.81891276e-04, 3.49307181e-03],
       ...,
       [2.41040503e-04, 2.47141729e-04, 6.49180035e-04, ...,
        0.00000000e+00, 5.43224188e-03, 2.27617847e-02],
       [8.43253281e-05, 3.00486680e-05, 3.81891276e-04, ...,
        5.43224188e-03, 0.00000000e+00, 2.76092819e-02],
       [2.78842348e-03, 1.93309016e-03, 3.49307181e-03, ...,
        2.27617847e-02, 2.76092819e-02, 0.00000000e+00]], shape=(45, 45)), 'molecular-dipole': array([-1.06863844,  1.25762919, -0.99548334]), 'molecular-quadrupole': array([ -14.94574081,   58.62243697,   50.99713663, -144.3494481 ,
        138.7995817 ,  -36.05139582])}
------------------------------------------------------------
  cycle        total energy    energy error   density error
------------------------------------------------------------
      1     -163.5423176774  -1.6329790E+02   2.8554911E-03
      2     -163.5262090673   1.6108610E-02   7.9465290E-03
      3     -163.5077777264   1.8431341E-02   1.0664490E-02
      4     -163.5418486078  -3.4070881E-02   2.3875824E-03
      5     -163.5422769090  -4.2830123E-04   1.9315087E-03
      6     -163.5424796560  -2.0274695E-04   1.4425821E-03
      7     -163.5426009285  -1.2127255E-04   4.1452635E-04
      8     -163.5426117283  -1.0799799E-05   1.3866553E-04
      9     -163.5426138923  -2.1639426E-06   6.3594115E-05
     10     -163.5426140248  -1.3252122E-07   3.3556101E-05
     11     -163.5426140682  -4.3409585E-08   1.5483302E-05
------------------------------------------------------------

 total:                                  11.898 sec
3
{'bond-orders': array([[0.00000000e+00, 3.03963690e-01, 1.88584920e-02, ...,
        2.68562195e-04, 9.94188342e-05, 2.87109352e-03],
       [3.03963690e-01, 0.00000000e+00, 1.95069375e-02, ...,
        2.51927253e-04, 2.44147990e-05, 1.80146286e-03],
       [1.88584920e-02, 1.95069375e-02, 0.00000000e+00, ...,
        6.43429132e-04, 3.55324992e-04, 3.34086316e-03],
       ...,
       [2.68562195e-04, 2.51927253e-04, 6.43429132e-04, ...,
        0.00000000e+00, 5.31131187e-03, 2.26909347e-02],
       [9.94188342e-05, 2.44147990e-05, 3.55324992e-04, ...,
        5.31131187e-03, 0.00000000e+00, 2.71164648e-02],
       [2.87109352e-03, 1.80146286e-03, 3.34086316e-03, ...,
        2.26909347e-02, 2.71164648e-02, 0.00000000e+00]], shape=(45, 45))}
{'bond-orders': array([[0.00000000e+00, 3.03963690e-01, 1.88584920e-02, ...,
        2.68562195e-04, 9.94188342e-05, 2.87109352e-03],
       [3.03963690e-01, 0.00000000e+00, 1.95069375e-02, ...,
        2.51927253e-04, 2.44147990e-05, 1.80146286e-03],
       [1.88584920e-02, 1.95069375e-02, 0.00000000e+00, ...,
        6.43429132e-04, 3.55324992e-04, 3.34086316e-03],
       ...,
       [2.68562195e-04, 2.51927253e-04, 6.43429132e-04, ...,
        0.00000000e+00, 5.31131187e-03, 2.26909347e-02],
       [9.94188342e-05, 2.44147990e-05, 3.55324992e-04, ...,
        5.31131187e-03, 0.00000000e+00, 2.71164648e-02],
       [2.87109352e-03, 1.80146286e-03, 3.34086316e-03, ...,
        2.26909347e-02, 2.71164648e-02, 0.00000000e+00]], shape=(45, 45)), 'molecular-dipole': array([-1.02041821,  1.28115261, -0.91233209])}
{'bond-orders': array([[0.00000000e+00, 3.03963690e-01, 1.88584920e-02, ...,
        2.68562195e-04, 9.94188342e-05, 2.87109352e-03],
       [3.03963690e-01, 0.00000000e+00, 1.95069375e-02, ...,
        2.51927253e-04, 2.44147990e-05, 1.80146286e-03],
       [1.88584920e-02, 1.95069375e-02, 0.00000000e+00, ...,
        6.43429132e-04, 3.55324992e-04, 3.34086316e-03],
       ...,
       [2.68562195e-04, 2.51927253e-04, 6.43429132e-04, ...,
        0.00000000e+00, 5.31131187e-03, 2.26909347e-02],
       [9.94188342e-05, 2.44147990e-05, 3.55324992e-04, ...,
        5.31131187e-03, 0.00000000e+00, 2.71164648e-02],
       [2.87109352e-03, 1.80146286e-03, 3.34086316e-03, ...,
        2.26909347e-02, 2.71164648e-02, 0.00000000e+00]], shape=(45, 45)), 'molecular-dipole': array([-1.02041821,  1.28115261, -0.91233209]), 'molecular-quadrupole': array([ -17.00046297,   59.66051382,   46.63305469, -134.40880693,
        143.21153173,  -29.63259171])}
------------------------------------------------------------
  cycle        total energy    energy error   density error
------------------------------------------------------------
      1     -163.5445581465  -1.6329808E+02   3.6198334E-03
      2     -163.5326482549   1.1909892E-02   7.7348732E-03
      3     -163.4874768259   4.5171429E-02   1.3614697E-02
      4     -163.5426976753  -5.5220849E-02   3.7531787E-03
      5     -163.5439188871  -1.2212118E-03   2.7255526E-03
      6     -163.5447286742  -8.0978712E-04   1.6170083E-03
      7     -163.5448822311  -1.5355690E-04   4.1648639E-04
      8     -163.5448885338  -6.3026609E-06   1.7313395E-04
      9     -163.5448895869  -1.0531913E-06   9.6466613E-05
     10     -163.5448901357  -5.4875505E-07   3.4287088E-05
     11     -163.5448901559  -2.0158097E-08   2.0743104E-05
     12     -163.5448901838  -2.7911568E-08   1.1489002E-05
------------------------------------------------------------

 total:                                  12.166 sec
3
{'bond-orders': array([[0.00000000e+00, 3.03890760e-01, 1.85920143e-02, ...,
        3.01333103e-04, 1.07864010e-04, 2.97649207e-03],
       [3.03890760e-01, 0.00000000e+00, 1.93400349e-02, ...,
        2.58495233e-04, 2.05084593e-05, 1.66631477e-03],
       [1.85920143e-02, 1.93400349e-02, 0.00000000e+00, ...,
        6.12526292e-04, 2.86732802e-04, 2.99104629e-03],
       ...,
       [3.01333103e-04, 2.58495233e-04, 6.12526292e-04, ...,
        0.00000000e+00, 5.10050019e-03, 2.26957453e-02],
       [1.07864010e-04, 2.05084593e-05, 2.86732802e-04, ...,
        5.10050019e-03, 0.00000000e+00, 2.66045844e-02],
       [2.97649207e-03, 1.66631477e-03, 2.99104629e-03, ...,
        2.26957453e-02, 2.66045844e-02, 0.00000000e+00]], shape=(45, 45))}
{'bond-orders': array([[0.00000000e+00, 3.03890760e-01, 1.85920143e-02, ...,
        3.01333103e-04, 1.07864010e-04, 2.97649207e-03],
       [3.03890760e-01, 0.00000000e+00, 1.93400349e-02, ...,
        2.58495233e-04, 2.05084593e-05, 1.66631477e-03],
       [1.85920143e-02, 1.93400349e-02, 0.00000000e+00, ...,
        6.12526292e-04, 2.86732802e-04, 2.99104629e-03],
       ...,
       [3.01333103e-04, 2.58495233e-04, 6.12526292e-04, ...,
        0.00000000e+00, 5.10050019e-03, 2.26957453e-02],
       [1.07864010e-04, 2.05084593e-05, 2.86732802e-04, ...,
        5.10050019e-03, 0.00000000e+00, 2.66045844e-02],
       [2.97649207e-03, 1.66631477e-03, 2.99104629e-03, ...,
        2.26957453e-02, 2.66045844e-02, 0.00000000e+00]], shape=(45, 45)), 'molecular-dipole': array([-0.96172726,  1.32454439, -0.83440507])}
{'bond-orders': array([[0.00000000e+00, 3.03890760e-01, 1.85920143e-02, ...,
        3.01333103e-04, 1.07864010e-04, 2.97649207e-03],
       [3.03890760e-01, 0.00000000e+00, 1.93400349e-02, ...,
        2.58495233e-04, 2.05084593e-05, 1.66631477e-03],
       [1.85920143e-02, 1.93400349e-02, 0.00000000e+00, ...,
        6.12526292e-04, 2.86732802e-04, 2.99104629e-03],
       ...,
       [3.01333103e-04, 2.58495233e-04, 6.12526292e-04, ...,
        0.00000000e+00, 5.10050019e-03, 2.26957453e-02],
       [1.07864010e-04, 2.05084593e-05, 2.86732802e-04, ...,
        5.10050019e-03, 0.00000000e+00, 2.66045844e-02],
       [2.97649207e-03, 1.66631477e-03, 2.99104629e-03, ...,
        2.26957453e-02, 2.66045844e-02, 0.00000000e+00]], shape=(45, 45)), 'molecular-dipole': array([-0.96172726,  1.32454439, -0.83440507]), 'molecular-quadrupole': array([ -18.50080931,   61.88489197,   42.56088661, -123.15425832,
        150.14376306,  -24.0600773 ])}
------------------------------------------------------------
  cycle        total energy    energy error   density error
------------------------------------------------------------
      1     -163.5468014236  -1.6329763E+02   2.6739190E-03
      2     -163.5432291949   3.5722287E-03   4.9439835E-03
      3     -163.5250428230   1.8186372E-02   8.5203950E-03
      4     -163.5438485553  -1.8805732E-02   3.8308164E-03
      5     -163.5462637005  -2.4151452E-03   2.0802122E-03
      6     -163.5468829307  -6.1923023E-04   9.5131307E-04
      7     -163.5469273329  -4.4402136E-05   3.5024896E-04
      8     -163.5469320174  -4.6845860E-06   1.8879803E-04
      9     -163.5469342317  -2.2142444E-06   6.0175401E-05
     10     -163.5469343927  -1.6101689E-07   2.4135472E-05
     11     -163.5469344085  -1.5772287E-08   1.5245202E-05
------------------------------------------------------------

 total:                                  11.985 sec
3
{'bond-orders': array([[0.00000000e+00, 3.03847548e-01, 1.83835706e-02, ...,
        3.28010699e-04, 1.04664540e-04, 3.04829252e-03],
       [3.03847548e-01, 0.00000000e+00, 1.91798340e-02, ...,
        2.66741220e-04, 2.02446715e-05, 1.59780048e-03],
       [1.83835706e-02, 1.91798340e-02, 0.00000000e+00, ...,
        5.68653823e-04, 2.14655609e-04, 2.60610794e-03],
       ...,
       [3.28010699e-04, 2.66741220e-04, 5.68653823e-04, ...,
        0.00000000e+00, 4.84274522e-03, 2.28613640e-02],
       [1.04664540e-04, 2.02446715e-05, 2.14655609e-04, ...,
        4.84274522e-03, 0.00000000e+00, 2.68196334e-02],
       [3.04829252e-03, 1.59780048e-03, 2.60610794e-03, ...,
        2.28613640e-02, 2.68196334e-02, 0.00000000e+00]], shape=(45, 45))}
{'bond-orders': array([[0.00000000e+00, 3.03847548e-01, 1.83835706e-02, ...,
        3.28010699e-04, 1.04664540e-04, 3.04829252e-03],
       [3.03847548e-01, 0.00000000e+00, 1.91798340e-02, ...,
        2.66741220e-04, 2.02446715e-05, 1.59780048e-03],
       [1.83835706e-02, 1.91798340e-02, 0.00000000e+00, ...,
        5.68653823e-04, 2.14655609e-04, 2.60610794e-03],
       ...,
       [3.28010699e-04, 2.66741220e-04, 5.68653823e-04, ...,
        0.00000000e+00, 4.84274522e-03, 2.28613640e-02],
       [1.04664540e-04, 2.02446715e-05, 2.14655609e-04, ...,
        4.84274522e-03, 0.00000000e+00, 2.68196334e-02],
       [3.04829252e-03, 1.59780048e-03, 2.60610794e-03, ...,
        2.28613640e-02, 2.68196334e-02, 0.00000000e+00]], shape=(45, 45)), 'molecular-dipole': array([-0.92342921,  1.38534913, -0.81244799])}
{'bond-orders': array([[0.00000000e+00, 3.03847548e-01, 1.83835706e-02, ...,
        3.28010699e-04, 1.04664540e-04, 3.04829252e-03],
       [3.03847548e-01, 0.00000000e+00, 1.91798340e-02, ...,
        2.66741220e-04, 2.02446715e-05, 1.59780048e-03],
       [1.83835706e-02, 1.91798340e-02, 0.00000000e+00, ...,
        5.68653823e-04, 2.14655609e-04, 2.60610794e-03],
       ...,
       [3.28010699e-04, 2.66741220e-04, 5.68653823e-04, ...,
        0.00000000e+00, 4.84274522e-03, 2.28613640e-02],
       [1.04664540e-04, 2.02446715e-05, 2.14655609e-04, ...,
        4.84274522e-03, 0.00000000e+00, 2.68196334e-02],
       [3.04829252e-03, 1.59780048e-03, 2.60610794e-03, ...,
        2.28613640e-02, 2.68196334e-02, 0.00000000e+00]], shape=(45, 45)), 'molecular-dipole': array([-0.92342921,  1.38534913, -0.81244799]), 'molecular-quadrupole': array([ -18.3040779 ,   64.98303288,   41.45811256, -116.90758719,
        158.2447057 ,  -23.15403466])}
------------------------------------------------------------
  cycle        total energy    energy error   density error
------------------------------------------------------------
      1     -163.5488823176  -1.6329960E+02   1.6994873E-03
      2     -163.5487343601   1.4795753E-04   1.7857747E-03
      3     -163.5482885845   4.4577554E-04   2.0822982E-03
      4     -163.5444404166   3.8481679E-03   3.8510907E-03
      5     -163.5482661704  -3.8257538E-03   1.7619796E-03
      6     -163.5489137322  -6.4756175E-04   4.4158451E-04
      7     -163.5489254689  -1.1736796E-05   2.0753933E-04
      8     -163.5489262896  -8.2066970E-07   1.3788523E-04
      9     -163.5489271435  -8.5385389E-07   5.7205851E-05
     10     -163.5489277080  -5.6448690E-07   2.1285608E-05
     11     -163.5489277153  -7.3364674E-09   1.6126422E-05
------------------------------------------------------------

 total:                                  11.972 sec
3
{'bond-orders': array([[0.00000000e+00, 3.03818220e-01, 1.82912523e-02, ...,
        3.47206766e-04, 1.00820717e-04, 3.13444707e-03],
       [3.03818220e-01, 0.00000000e+00, 1.90976969e-02, ...,
        2.74645028e-04, 2.06221582e-05, 1.59421093e-03],
       [1.82912523e-02, 1.90976969e-02, 0.00000000e+00, ...,
        5.38022552e-04, 1.76187708e-04, 2.39547001e-03],
       ...,
       [3.47206766e-04, 2.74645028e-04, 5.38022552e-04, ...,
        0.00000000e+00, 4.58849435e-03, 2.29493200e-02],
       [1.00820717e-04, 2.06221582e-05, 1.76187708e-04, ...,
        4.58849435e-03, 0.00000000e+00, 2.77204066e-02],
       [3.13444707e-03, 1.59421093e-03, 2.39547001e-03, ...,
        2.29493200e-02, 2.77204066e-02, 0.00000000e+00]], shape=(45, 45))}
{'bond-orders': array([[0.00000000e+00, 3.03818220e-01, 1.82912523e-02, ...,
        3.47206766e-04, 1.00820717e-04, 3.13444707e-03],
       [3.03818220e-01, 0.00000000e+00, 1.90976969e-02, ...,
        2.74645028e-04, 2.06221582e-05, 1.59421093e-03],
       [1.82912523e-02, 1.90976969e-02, 0.00000000e+00, ...,
        5.38022552e-04, 1.76187708e-04, 2.39547001e-03],
       ...,
       [3.47206766e-04, 2.74645028e-04, 5.38022552e-04, ...,
        0.00000000e+00, 4.58849435e-03, 2.29493200e-02],
       [1.00820717e-04, 2.06221582e-05, 1.76187708e-04, ...,
        4.58849435e-03, 0.00000000e+00, 2.77204066e-02],
       [3.13444707e-03, 1.59421093e-03, 2.39547001e-03, ...,
        2.29493200e-02, 2.77204066e-02, 0.00000000e+00]], shape=(45, 45)), 'molecular-dipole': array([-0.91289591,  1.43377023, -0.84044589])}
{'bond-orders': array([[0.00000000e+00, 3.03818220e-01, 1.82912523e-02, ...,
        3.47206766e-04, 1.00820717e-04, 3.13444707e-03],
       [3.03818220e-01, 0.00000000e+00, 1.90976969e-02, ...,
        2.74645028e-04, 2.06221582e-05, 1.59421093e-03],
       [1.82912523e-02, 1.90976969e-02, 0.00000000e+00, ...,
        5.38022552e-04, 1.76187708e-04, 2.39547001e-03],
       ...,
       [3.47206766e-04, 2.74645028e-04, 5.38022552e-04, ...,
        0.00000000e+00, 4.58849435e-03, 2.29493200e-02],
       [1.00820717e-04, 2.06221582e-05, 1.76187708e-04, ...,
        4.58849435e-03, 0.00000000e+00, 2.77204066e-02],
       [3.13444707e-03, 1.59421093e-03, 2.39547001e-03, ...,
        2.29493200e-02, 2.77204066e-02, 0.00000000e+00]], shape=(45, 45)), 'molecular-dipole': array([-0.91289591,  1.43377023, -0.84044589]), 'molecular-quadrupole': array([ -16.82334627,   67.5471233 ,   42.89245642, -116.73176677,
        164.01464461,  -26.06911015])}
------------------------------------------------------------
  cycle        total energy    energy error   density error
------------------------------------------------------------
      1     -163.5503585702  -1.6330378E+02   2.4203131E-03
      2     -163.5482329553   2.1256148E-03   3.1665735E-03
      3     -163.5120447488   3.6188206E-02   1.0929650E-02
      4     -163.5496942039  -3.7649455E-02   2.1879475E-03
      5     -163.5503588839  -6.6467997E-04   1.2556343E-03
      6     -163.5504074084  -4.8524555E-05   9.1071685E-04
      7     -163.5504622574  -5.4848937E-05   2.7259731E-04
      8     -163.5504613275   9.2983962E-07   1.9744755E-04
      9     -163.5504632458  -1.9183208E-06   1.1676048E-04
     10     -163.5504649504  -1.7045317E-06   5.1211783E-05
     11     -163.5504652861  -3.3567585E-07   2.5025857E-05
     12     -163.5504653847  -9.8616283E-08   8.2820448E-06
------------------------------------------------------------

 total:                                  12.248 sec
3
{'bond-orders': array([[0.00000000e+00, 3.03753648e-01, 1.82520418e-02, ...,
        3.50610267e-04, 9.80178160e-05, 3.26188371e-03],
       [3.03753648e-01, 0.00000000e+00, 1.90548679e-02, ...,
        2.71551482e-04, 2.17892822e-05, 1.62707433e-03],
       [1.82520418e-02, 1.90548679e-02, 0.00000000e+00, ...,
        4.86653167e-04, 1.41667053e-04, 2.23856564e-03],
       ...,
       [3.50610267e-04, 2.71551482e-04, 4.86653167e-04, ...,
        0.00000000e+00, 4.31769976e-03, 2.26090529e-02],
       [9.80178160e-05, 2.17892822e-05, 1.41667053e-04, ...,
        4.31769976e-03, 0.00000000e+00, 2.72738560e-02],
       [3.26188371e-03, 1.62707433e-03, 2.23856564e-03, ...,
        2.26090529e-02, 2.72738560e-02, 0.00000000e+00]], shape=(45, 45))}
{'bond-orders': array([[0.00000000e+00, 3.03753648e-01, 1.82520418e-02, ...,
        3.50610267e-04, 9.80178160e-05, 3.26188371e-03],
       [3.03753648e-01, 0.00000000e+00, 1.90548679e-02, ...,
        2.71551482e-04, 2.17892822e-05, 1.62707433e-03],
       [1.82520418e-02, 1.90548679e-02, 0.00000000e+00, ...,
        4.86653167e-04, 1.41667053e-04, 2.23856564e-03],
       ...,
       [3.50610267e-04, 2.71551482e-04, 4.86653167e-04, ...,
        0.00000000e+00, 4.31769976e-03, 2.26090529e-02],
       [9.80178160e-05, 2.17892822e-05, 1.41667053e-04, ...,
        4.31769976e-03, 0.00000000e+00, 2.72738560e-02],
       [3.26188371e-03, 1.62707433e-03, 2.23856564e-03, ...,
        2.26090529e-02, 2.72738560e-02, 0.00000000e+00]], shape=(45, 45)), 'molecular-dipole': array([-0.92037692,  1.46644827, -0.87379434])}
{'bond-orders': array([[0.00000000e+00, 3.03753648e-01, 1.82520418e-02, ...,
        3.50610267e-04, 9.80178160e-05, 3.26188371e-03],
       [3.03753648e-01, 0.00000000e+00, 1.90548679e-02, ...,
        2.71551482e-04, 2.17892822e-05, 1.62707433e-03],
       [1.82520418e-02, 1.90548679e-02, 0.00000000e+00, ...,
        4.86653167e-04, 1.41667053e-04, 2.23856564e-03],
       ...,
       [3.50610267e-04, 2.71551482e-04, 4.86653167e-04, ...,
        0.00000000e+00, 4.31769976e-03, 2.26090529e-02],
       [9.80178160e-05, 2.17892822e-05, 1.41667053e-04, ...,
        4.31769976e-03, 0.00000000e+00, 2.72738560e-02],
       [3.26188371e-03, 1.62707433e-03, 2.23856564e-03, ...,
        2.26090529e-02, 2.72738560e-02, 0.00000000e+00]], shape=(45, 45)), 'molecular-dipole': array([-0.92037692,  1.46644827, -0.87379434]), 'molecular-quadrupole': array([ -15.68565837,   69.05956   ,   44.84375216, -119.14469203,
        167.81191732,  -29.15809379])}
------------------------------------------------------------
  cycle        total energy    energy error   density error
------------------------------------------------------------
      1     -163.5511246241  -1.6330587E+02   1.7133801E-03
      2     -163.5508461669   2.7845718E-04   2.2291281E-03
      3     -163.5506694833   1.7668365E-04   2.3377341E-03
      4     -163.5489004088   1.7690744E-03   2.7669392E-03
      5     -163.5496600932  -7.5968435E-04   2.2709781E-03
      6     -163.5511507056  -1.4906124E-03   4.7255450E-04
      7     -163.5511705401  -1.9834469E-05   2.6311844E-04
      8     -163.5511733726  -2.8325511E-06   1.2141499E-04
      9     -163.5511734036  -3.0964259E-08   7.0379767E-05
     10     -163.5511741076  -7.0403013E-07   3.1619179E-05
     11     -163.5511742525  -1.4492230E-07   1.6170211E-05
------------------------------------------------------------

 total:                                  11.890 sec
3
{'bond-orders': array([[0.00000000e+00, 3.03661913e-01, 1.82012342e-02, ...,
        3.42458756e-04, 9.48933487e-05, 3.27314032e-03],
       [3.03661913e-01, 0.00000000e+00, 1.90041283e-02, ...,
        2.62604484e-04, 2.42607344e-05, 1.63686562e-03],
       [1.82012342e-02, 1.90041283e-02, 0.00000000e+00, ...,
        4.31290976e-04, 1.09042695e-04, 2.06183981e-03],
       ...,
       [3.42458756e-04, 2.62604484e-04, 4.31290976e-04, ...,
        0.00000000e+00, 4.13516402e-03, 2.22962370e-02],
       [9.48933487e-05, 2.42607344e-05, 1.09042695e-04, ...,
        4.13516402e-03, 0.00000000e+00, 2.60644455e-02],
       [3.27314032e-03, 1.63686562e-03, 2.06183981e-03, ...,
        2.22962370e-02, 2.60644455e-02, 0.00000000e+00]], shape=(45, 45))}
{'bond-orders': array([[0.00000000e+00, 3.03661913e-01, 1.82012342e-02, ...,
        3.42458756e-04, 9.48933487e-05, 3.27314032e-03],
       [3.03661913e-01, 0.00000000e+00, 1.90041283e-02, ...,
        2.62604484e-04, 2.42607344e-05, 1.63686562e-03],
       [1.82012342e-02, 1.90041283e-02, 0.00000000e+00, ...,
        4.31290976e-04, 1.09042695e-04, 2.06183981e-03],
       ...,
       [3.42458756e-04, 2.62604484e-04, 4.31290976e-04, ...,
        0.00000000e+00, 4.13516402e-03, 2.22962370e-02],
       [9.48933487e-05, 2.42607344e-05, 1.09042695e-04, ...,
        4.13516402e-03, 0.00000000e+00, 2.60644455e-02],
       [3.27314032e-03, 1.63686562e-03, 2.06183981e-03, ...,
        2.22962370e-02, 2.60644455e-02, 0.00000000e+00]], shape=(45, 45)), 'molecular-dipole': array([-0.92898162,  1.4905587 , -0.86182652])}
{'bond-orders': array([[0.00000000e+00, 3.03661913e-01, 1.82012342e-02, ...,
        3.42458756e-04, 9.48933487e-05, 3.27314032e-03],
       [3.03661913e-01, 0.00000000e+00, 1.90041283e-02, ...,
        2.62604484e-04, 2.42607344e-05, 1.63686562e-03],
       [1.82012342e-02, 1.90041283e-02, 0.00000000e+00, ...,
        4.31290976e-04, 1.09042695e-04, 2.06183981e-03],
       ...,
       [3.42458756e-04, 2.62604484e-04, 4.31290976e-04, ...,
        0.00000000e+00, 4.13516402e-03, 2.22962370e-02],
       [9.48933487e-05, 2.42607344e-05, 1.09042695e-04, ...,
        4.13516402e-03, 0.00000000e+00, 2.60644455e-02],
       [3.27314032e-03, 1.63686562e-03, 2.06183981e-03, ...,
        2.22962370e-02, 2.60644455e-02, 0.00000000e+00]], shape=(45, 45)), 'molecular-dipole': array([-0.92898162,  1.4905587 , -0.86182652]), 'molecular-quadrupole': array([ -16.36386857,   70.14928854,   44.88249194, -119.43187199,
        171.37045262,  -28.51862337])}
------------------------------------------------------------
  cycle        total energy    energy error   density error
------------------------------------------------------------
      1     -163.5518386627  -1.6330877E+02   1.7168878E-03
      2     -163.5509791380   8.5952472E-04   3.1571322E-03
      3     -163.5474402820   3.5388559E-03   3.9517581E-03
      4     -163.5497926791  -2.3523971E-03   2.8119647E-03
      5     -163.5518228755  -2.0301963E-03   1.0288568E-03
      6     -163.5518854947  -6.2619196E-05   7.3014207E-04
      7     -163.5519167719  -3.1277199E-05   2.1886707E-04
      8     -163.5519188907  -2.1187853E-06   7.2642869E-05
      9     -163.5519190903  -1.9966336E-07   4.4725656E-05
     10     -163.5519191675  -7.7187707E-08   2.0580793E-05
     11     -163.5519191997  -3.2208135E-08   8.3552097E-06
------------------------------------------------------------

 total:                                  11.954 sec
3
{'bond-orders': array([[0.00000000e+00, 3.03575975e-01, 1.81205549e-02, ...,
        3.30705726e-04, 9.69354052e-05, 3.18818824e-03],
       [3.03575975e-01, 0.00000000e+00, 1.89301241e-02, ...,
        2.50765648e-04, 2.83760109e-05, 1.61943265e-03],
       [1.81205549e-02, 1.89301241e-02, 0.00000000e+00, ...,
        3.81572459e-04, 9.40297353e-05, 1.92588213e-03],
       ...,
       [3.30705726e-04, 2.50765648e-04, 3.81572459e-04, ...,
        0.00000000e+00, 4.05424746e-03, 2.20718578e-02],
       [9.69354052e-05, 2.83760109e-05, 9.40297353e-05, ...,
        4.05424746e-03, 0.00000000e+00, 2.54284849e-02],
       [3.18818824e-03, 1.61943265e-03, 1.92588213e-03, ...,
        2.20718578e-02, 2.54284849e-02, 0.00000000e+00]], shape=(45, 45))}
{'bond-orders': array([[0.00000000e+00, 3.03575975e-01, 1.81205549e-02, ...,
        3.30705726e-04, 9.69354052e-05, 3.18818824e-03],
       [3.03575975e-01, 0.00000000e+00, 1.89301241e-02, ...,
        2.50765648e-04, 2.83760109e-05, 1.61943265e-03],
       [1.81205549e-02, 1.89301241e-02, 0.00000000e+00, ...,
        3.81572459e-04, 9.40297353e-05, 1.92588213e-03],
       ...,
       [3.30705726e-04, 2.50765648e-04, 3.81572459e-04, ...,
        0.00000000e+00, 4.05424746e-03, 2.20718578e-02],
       [9.69354052e-05, 2.83760109e-05, 9.40297353e-05, ...,
        4.05424746e-03, 0.00000000e+00, 2.54284849e-02],
       [3.18818824e-03, 1.61943265e-03, 1.92588213e-03, ...,
        2.20718578e-02, 2.54284849e-02, 0.00000000e+00]], shape=(45, 45)), 'molecular-dipole': array([-0.93340959,  1.53513818, -0.83869641])}
{'bond-orders': array([[0.00000000e+00, 3.03575975e-01, 1.81205549e-02, ...,
        3.30705726e-04, 9.69354052e-05, 3.18818824e-03],
       [3.03575975e-01, 0.00000000e+00, 1.89301241e-02, ...,
        2.50765648e-04, 2.83760109e-05, 1.61943265e-03],
       [1.81205549e-02, 1.89301241e-02, 0.00000000e+00, ...,
        3.81572459e-04, 9.40297353e-05, 1.92588213e-03],
       ...,
       [3.30705726e-04, 2.50765648e-04, 3.81572459e-04, ...,
        0.00000000e+00, 4.05424746e-03, 2.20718578e-02],
       [9.69354052e-05, 2.83760109e-05, 9.40297353e-05, ...,
        4.05424746e-03, 0.00000000e+00, 2.54284849e-02],
       [3.18818824e-03, 1.61943265e-03, 1.92588213e-03, ...,
        2.20718578e-02, 2.54284849e-02, 0.00000000e+00]], shape=(45, 45)), 'molecular-dipole': array([-0.93340959,  1.53513818, -0.83869641]), 'molecular-quadrupole': array([ -17.50749065,   72.35696537,   44.54922101, -118.81774311,
        177.45726655,  -27.04173036])}
------------------------------------------------------------
  cycle        total energy    energy error   density error
------------------------------------------------------------
      1     -163.5521467047  -1.6330829E+02   1.9445179E-03
      2     -163.5474782892   4.6684155E-03   5.1208843E-03
      3     -163.5355523036   1.1925986E-02   7.3653864E-03
      4     -163.5514897113  -1.5937408E-02   2.0792266E-03
      5     -163.5522400083  -7.5029702E-04   9.0038072E-04
      6     -163.5522618240  -2.1815696E-05   7.9420826E-04
      7     -163.5522988254  -3.7001403E-05   2.7019073E-04
      8     -163.5523018062  -2.9807774E-06   9.3364882E-05
      9     -163.5523022442  -4.3802925E-07   6.0217386E-05
     10     -163.5523024975  -2.5331255E-07   2.6207855E-05
     11     -163.5523025678  -7.0238769E-08   8.7556017E-06
------------------------------------------------------------

 total:                                   9.624 sec
3
{'bond-orders': array([[0.00000000e+00, 3.03508794e-01, 1.80433293e-02, ...,
        3.17717170e-04, 9.56023205e-05, 3.02880378e-03],
       [3.03508794e-01, 0.00000000e+00, 1.88523595e-02, ...,
        2.41299710e-04, 3.34503240e-05, 1.58254425e-03],
       [1.80433293e-02, 1.88523595e-02, 0.00000000e+00, ...,
        3.40583808e-04, 8.07545423e-05, 1.78663084e-03],
       ...,
       [3.17717170e-04, 2.41299710e-04, 3.40583808e-04, ...,
        0.00000000e+00, 4.03257199e-03, 2.20378708e-02],
       [9.56023205e-05, 3.34503240e-05, 8.07545423e-05, ...,
        4.03257199e-03, 0.00000000e+00, 2.52781200e-02],
       [3.02880378e-03, 1.58254425e-03, 1.78663084e-03, ...,
        2.20378708e-02, 2.52781200e-02, 0.00000000e+00]], shape=(45, 45))}
{'bond-orders': array([[0.00000000e+00, 3.03508794e-01, 1.80433293e-02, ...,
        3.17717170e-04, 9.56023205e-05, 3.02880378e-03],
       [3.03508794e-01, 0.00000000e+00, 1.88523595e-02, ...,
        2.41299710e-04, 3.34503240e-05, 1.58254425e-03],
       [1.80433293e-02, 1.88523595e-02, 0.00000000e+00, ...,
        3.40583808e-04, 8.07545423e-05, 1.78663084e-03],
       ...,
       [3.17717170e-04, 2.41299710e-04, 3.40583808e-04, ...,
        0.00000000e+00, 4.03257199e-03, 2.20378708e-02],
       [9.56023205e-05, 3.34503240e-05, 8.07545423e-05, ...,
        4.03257199e-03, 0.00000000e+00, 2.52781200e-02],
       [3.02880378e-03, 1.58254425e-03, 1.78663084e-03, ...,
        2.20378708e-02, 2.52781200e-02, 0.00000000e+00]], shape=(45, 45)), 'molecular-dipole': array([-0.92110564,  1.58269159, -0.79620675])}
{'bond-orders': array([[0.00000000e+00, 3.03508794e-01, 1.80433293e-02, ...,
        3.17717170e-04, 9.56023205e-05, 3.02880378e-03],
       [3.03508794e-01, 0.00000000e+00, 1.88523595e-02, ...,
        2.41299710e-04, 3.34503240e-05, 1.58254425e-03],
       [1.80433293e-02, 1.88523595e-02, 0.00000000e+00, ...,
        3.40583808e-04, 8.07545423e-05, 1.78663084e-03],
       ...,
       [3.17717170e-04, 2.41299710e-04, 3.40583808e-04, ...,
        0.00000000e+00, 4.03257199e-03, 2.20378708e-02],
       [9.56023205e-05, 3.34503240e-05, 8.07545423e-05, ...,
        4.03257199e-03, 0.00000000e+00, 2.52781200e-02],
       [3.02880378e-03, 1.58254425e-03, 1.78663084e-03, ...,
        2.20378708e-02, 2.52781200e-02, 0.00000000e+00]], shape=(45, 45)), 'molecular-dipole': array([-0.92110564,  1.58269159, -0.79620675]), 'molecular-quadrupole': array([ -18.96944667,   74.94353197,   43.20918346, -115.26868998,
        184.01708419,  -24.23973679])}
------------------------------------------------------------
  cycle        total energy    energy error   density error
------------------------------------------------------------
      1     -163.5523929862  -1.6330969E+02   1.1070152E-03
      2     -163.5486894771   3.7035091E-03   3.5549480E-03
      3     -163.5497403914  -1.0509143E-03   3.0226257E-03
      4     -163.5523311363  -2.5907449E-03   8.9851352E-04
      5     -163.5524318983  -1.0076201E-04   4.4304996E-04
      6     -163.5524214181   1.0480175E-05   4.8384352E-04
      7     -163.5524342397  -1.2821602E-05   3.1289805E-04
      8     -163.5524382348  -3.9951009E-06   1.5990086E-04
      9     -163.5524402199  -1.9850600E-06   7.7794811E-05
     10     -163.5524410469  -8.2706018E-07   3.5965518E-05
     11     -163.5524412638  -2.1689127E-07   1.6302629E-05
------------------------------------------------------------

 total:                                   8.920 sec
3
{'bond-orders': array([[0.00000000e+00, 3.03536880e-01, 1.79793074e-02, ...,
        3.20917704e-04, 1.03573524e-04, 2.95322518e-03],
       [3.03536880e-01, 0.00000000e+00, 1.87996364e-02, ...,
        2.40981648e-04, 3.64835714e-05, 1.54740524e-03],
       [1.79793074e-02, 1.87996364e-02, 0.00000000e+00, ...,
        3.48311693e-04, 1.00489452e-04, 1.82962483e-03],
       ...,
       [3.20917704e-04, 2.40981648e-04, 3.48311693e-04, ...,
        0.00000000e+00, 4.20398013e-03, 2.22453678e-02],
       [1.03573524e-04, 3.64835714e-05, 1.00489452e-04, ...,
        4.20398013e-03, 0.00000000e+00, 2.61879677e-02],
       [2.95322518e-03, 1.54740524e-03, 1.82962483e-03, ...,
        2.22453678e-02, 2.61879677e-02, 0.00000000e+00]], shape=(45, 45))}
{'bond-orders': array([[0.00000000e+00, 3.03536880e-01, 1.79793074e-02, ...,
        3.20917704e-04, 1.03573524e-04, 2.95322518e-03],
       [3.03536880e-01, 0.00000000e+00, 1.87996364e-02, ...,
        2.40981648e-04, 3.64835714e-05, 1.54740524e-03],
       [1.79793074e-02, 1.87996364e-02, 0.00000000e+00, ...,
        3.48311693e-04, 1.00489452e-04, 1.82962483e-03],
       ...,
       [3.20917704e-04, 2.40981648e-04, 3.48311693e-04, ...,
        0.00000000e+00, 4.20398013e-03, 2.22453678e-02],
       [1.03573524e-04, 3.64835714e-05, 1.00489452e-04, ...,
        4.20398013e-03, 0.00000000e+00, 2.61879677e-02],
       [2.95322518e-03, 1.54740524e-03, 1.82962483e-03, ...,
        2.22453678e-02, 2.61879677e-02, 0.00000000e+00]], shape=(45, 45)), 'molecular-dipole': array([-0.90932531,  1.61238652, -0.78507241])}
{'bond-orders': array([[0.00000000e+00, 3.03536880e-01, 1.79793074e-02, ...,
        3.20917704e-04, 1.03573524e-04, 2.95322518e-03],
       [3.03536880e-01, 0.00000000e+00, 1.87996364e-02, ...,
        2.40981648e-04, 3.64835714e-05, 1.54740524e-03],
       [1.79793074e-02, 1.87996364e-02, 0.00000000e+00, ...,
        3.48311693e-04, 1.00489452e-04, 1.82962483e-03],
       ...,
       [3.20917704e-04, 2.40981648e-04, 3.48311693e-04, ...,
        0.00000000e+00, 4.20398013e-03, 2.22453678e-02],
       [1.03573524e-04, 3.64835714e-05, 1.00489452e-04, ...,
        4.20398013e-03, 0.00000000e+00, 2.61879677e-02],
       [2.95322518e-03, 1.54740524e-03, 1.82962483e-03, ...,
        2.22453678e-02, 2.61879677e-02, 0.00000000e+00]], shape=(45, 45)), 'molecular-dipole': array([-0.90932531,  1.61238652, -0.78507241]), 'molecular-quadrupole': array([ -19.18775803,   76.57506069,   42.78904913, -113.36023838,
        187.77793652,  -23.6012911 ])}
------------------------------------------------------------
  cycle        total energy    energy error   density error
------------------------------------------------------------
      1     -163.5524087299  -1.6330861E+02   8.0547020E-04
      2     -163.5362902434   1.6118487E-02   7.1724722E-03
      3     -163.5522132023  -1.5922959E-02   1.2131479E-03
      4     -163.5525073249  -2.9412259E-04   4.7750997E-04
      5     -163.5525126961  -5.3712247E-06   3.0138066E-04
      6     -163.5525180424  -5.3462972E-06   2.2724270E-04
      7     -163.5525206243  -2.5819204E-06   7.8549585E-05
      8     -163.5525208551  -2.3076993E-07   5.1692590E-05
      9     -163.5525209762  -1.2115981E-07   2.5865772E-05
     10     -163.5525210071  -3.0842756E-08   9.0308923E-06
------------------------------------------------------------

 total:                                   8.721 sec
3
{'bond-orders': array([[0.00000000e+00, 3.03508453e-01, 1.79629985e-02, ...,
        3.18065164e-04, 1.00098644e-04, 2.90935545e-03],
       [3.03508453e-01, 0.00000000e+00, 1.87803749e-02, ...,
        2.39718287e-04, 3.86990796e-05, 1.54289599e-03],
       [1.79629985e-02, 1.87803749e-02, 0.00000000e+00, ...,
        3.35475569e-04, 9.10771882e-05, 1.76985878e-03],
       ...,
       [3.18065164e-04, 2.39718287e-04, 3.35475569e-04, ...,
        0.00000000e+00, 4.19856606e-03, 2.22894316e-02],
       [1.00098644e-04, 3.86990796e-05, 9.10771882e-05, ...,
        4.19856606e-03, 0.00000000e+00, 2.60249900e-02],
       [2.90935545e-03, 1.54289599e-03, 1.76985878e-03, ...,
        2.22894316e-02, 2.60249900e-02, 0.00000000e+00]], shape=(45, 45))}
{'bond-orders': array([[0.00000000e+00, 3.03508453e-01, 1.79629985e-02, ...,
        3.18065164e-04, 1.00098644e-04, 2.90935545e-03],
       [3.03508453e-01, 0.00000000e+00, 1.87803749e-02, ...,
        2.39718287e-04, 3.86990796e-05, 1.54289599e-03],
       [1.79629985e-02, 1.87803749e-02, 0.00000000e+00, ...,
        3.35475569e-04, 9.10771882e-05, 1.76985878e-03],
       ...,
       [3.18065164e-04, 2.39718287e-04, 3.35475569e-04, ...,
        0.00000000e+00, 4.19856606e-03, 2.22894316e-02],
       [1.00098644e-04, 3.86990796e-05, 9.10771882e-05, ...,
        4.19856606e-03, 0.00000000e+00, 2.60249900e-02],
       [2.90935545e-03, 1.54289599e-03, 1.76985878e-03, ...,
        2.22894316e-02, 2.60249900e-02, 0.00000000e+00]], shape=(45, 45)), 'molecular-dipole': array([-0.89775601,  1.62763445, -0.76340355])}
{'bond-orders': array([[0.00000000e+00, 3.03508453e-01, 1.79629985e-02, ...,
        3.18065164e-04, 1.00098644e-04, 2.90935545e-03],
       [3.03508453e-01, 0.00000000e+00, 1.87803749e-02, ...,
        2.39718287e-04, 3.86990796e-05, 1.54289599e-03],
       [1.79629985e-02, 1.87803749e-02, 0.00000000e+00, ...,
        3.35475569e-04, 9.10771882e-05, 1.76985878e-03],
       ...,
       [3.18065164e-04, 2.39718287e-04, 3.35475569e-04, ...,
        0.00000000e+00, 4.19856606e-03, 2.22894316e-02],
       [1.00098644e-04, 3.86990796e-05, 9.10771882e-05, ...,
        4.19856606e-03, 0.00000000e+00, 2.60249900e-02],
       [2.90935545e-03, 1.54289599e-03, 1.76985878e-03, ...,
        2.22894316e-02, 2.60249900e-02, 0.00000000e+00]], shape=(45, 45)), 'molecular-dipole': array([-0.89775601,  1.62763445, -0.76340355]), 'molecular-quadrupole': array([ -19.69367754,   77.57729932,   42.02371912, -110.97569077,
        190.04007382,  -22.33004157])}
Using Materials Project MACE for MACECalculator with /home/ans819/.cache/mace/20231203mace128L1_epoch199model
Using float32 for MACECalculator, which is faster but less accurate. Recommended for MD. Use float64 for geometry optimization.
Using head Default out of ['Default']
Default dtype float32 does not match model dtype float64, converting models to float32.
CHGNet v0.3.0 initialized with 412,525 parameters
CHGNet will run on cpu
   30  Ag     12    4.39   0.01         0    2    0   0.009   16.061678   10.411718   32.473764
   31  Ag      7    3.92   0.18         0    2    0   0.017   24.787451   13.974000   34.066864
   32  Ag      9    4.27   0.07         0    2    0   0.014   21.297142    9.699262   34.066864
   33  Ag      8    4.14   0.12         0    2    0   0.016   12.571368   13.261544   35.659965
   34  Ag      9    4.27   0.07         0    2    0   0.012    9.081059    8.986806   35.659965
   35  Ag      9    4.27   0.07         0    2    0   0.014   17.806832   12.549088   37.253066
   36  Ag      5    3.15   0.34         0    2    0   0.019   21.297142   16.823826   37.253066
   37  Ag      6    3.59   0.26         0    2    0   0.023   23.042296   11.836631   38.846167
   38  Ag      3    2.00   0.41         2    2    0   0.014   26.532606   16.111370   38.846167
   39  Ag      5    3.15   0.32         0    2    0   0.023   10.826214   11.124175   40.439268
   40  Ag      3    2.00   0.39         2    2    0   0.009   14.316523   15.398913   40.439268
   41  C       5    3.77   0.00         3    0    0   0.055   14.375050    1.625216   42.961320
   42  H       1    0.97   0.01         0    0    0  -0.101   15.932826    0.275128   42.576323
   43  H       1    0.97   0.01         0    0    0  -0.101   13.728283    1.390627   44.928332
   44  H       1    0.97   0.01         0    0    0  -0.101   12.809980    1.116596   41.651605
   45  O       2    1.88   0.00         3    0    0  -0.510   15.066065    4.093126   42.401927

          #atoms :   45
          #bonds :   139
          #angl  :   188
          #tors  :   3
          #nmol  :   1
          #optfrag :   1
