/home/ans819/.conda/envs/autoflow/lib/python3.13/site-packages/e3nn/o3/_wigner.py:10: UserWarning: Environment variable TORCH_FORCE_NO_WEIGHTS_ONLY_LOAD detected, since the`weights_only` argument was not explicitly passed to `torch.load`, forcing weights_only=False.
  _Jd, _W3j_flat, _W3j_indices = torch.load(os.path.join(os.path.dirname(__file__), 'constants.pt'))

          ==================== Thresholds ====================
          CN  :   150.00000
          rep :   500.00000
          disp:  2500.00000
          HB1 :   250.00000
          HB2 :   450.00000

          Pauling EN used:
          Z : 1  EN :  2.20
          Z : 6  EN :  2.55
          Z : 8  EN :  3.44
          Z :47  EN :  1.93
          electric field strengths (au): 0.000

           ------------------------------------------------- 
          |           Force Field Initialization            |
           ------------------------------------------------- 

          distances ...
          ----------------------------------------
          generating topology and atomic info file ...
          pair mat ...
          computing topology distances matrix with Floyd-Warshall algo ...
          making topology EEQ charges ...
          #fragments for EEQ constrain: 1
          ----------------------------------------
          generating topology and atomic info file ...
          pair mat ...
          computing topology distances matrix with Floyd-Warshall algo ...
          making topology EEQ charges ...
          #fragments for EEQ constrain: 1
          rings ...
          # BATM   3117
          # H in HB   0

  atom   neighbors  erfCN metchar sp-hybrid imet pi  qest     coordinates
    1  Ag      2    1.35   0.37         2    2    0   0.002    3.294072    0.472116   25.294828
    2  Ag      5    3.15   0.31         0    2    0   0.017    6.784382    4.746854   25.294828
    3  Ag      9    4.27   0.07         0    2    0   0.009   15.510155    8.309136   26.887929
    4  Ag      7    3.92   0.19         0    2    0   0.012   12.019846    4.034398   26.887929
    5  Ag      7    3.92   0.19         0    2    0   0.010   20.745619    7.596680   28.481030
    6  Ag      6    3.59   0.27         0    2    0   0.013   17.255310    3.321941   28.481030
    7  Ag      9    4.27   0.07         0    2    0   0.011    8.529536    6.884223   30.074131
    8  Ag      6    3.59   0.23         0    2    0   0.019    5.039227    2.609485   30.074131
    9  Ag     12    4.39   0.01         0    2    0   0.008   13.765000    6.171767   31.667232
   10  Ag      7    3.92   0.19         0    2    0   0.015   10.274691    1.897029   31.667232
   11  Ag      9    4.27   0.07         0    2    0   0.007   19.000464    5.459311   33.260333
   12  Ag      6    3.59   0.27         0    2    0   0.018   15.510155    1.184572   33.260333
   13  Ag      8    4.14   0.11         0    2    0   0.019    6.784382    4.746854   34.853434
   14  Ag      3    2.00   0.37         2    2    0   0.028    3.294072    0.472116   34.853434
   15  Ag      8    4.14   0.12         0    2    0   0.024   12.019846    4.034398   36.446534
   16  Ag     10    4.34   0.04         0    2    0   0.009   15.510155    8.309136   36.446534
   17  Ag      5    3.15   0.34         0    2    0   0.019   17.255310    3.321941   38.039635
   18  Ag      6    3.59   0.26         0    2    0   0.013   20.745619    7.596680   38.039635
   19  Ag      5    2.85   0.43         0    2    0   0.115    5.039227    2.609485   39.632736
   20  Ag      6    3.36   0.30         0    2    0   0.094    8.529536    6.884223   39.632736
   21  Ag      6    3.59   0.26         0    2    0   0.013   10.274691    9.021593   25.294828
   22  Ag      5    3.15   0.34         0    2    0   0.015   13.765000   13.296331   25.294828
   23  Ag      4    2.61   0.38         3    2    0   0.016   22.490774   16.858613   26.887929
   24  Ag      8    4.14   0.12         0    2    0   0.010   19.000464   12.583875   26.887929
   25  Ag      3    2.00   0.39         2    2    0   0.010   27.726238   16.146157   28.481030
   26  Ag      7    3.92   0.19         0    2    0   0.014   24.235928   11.871418   28.481030
   27  Ag      6    3.59   0.27         0    2    0   0.012   15.510155   15.433700   30.074131
   28  Ag      9    4.27   0.07         0    2    0   0.013   12.019846   11.158962   30.074131
   29  Ag      9    4.27   0.07         0    2    0   0.008   20.745619   14.721244   31.667232
/home/ans819/.conda/envs/autoflow/lib/python3.13/site-packages/mace/calculators/mace.py:197: UserWarning: Environment variable TORCH_FORCE_NO_WEIGHTS_ONLY_LOAD detected, since the`weights_only` argument was not explicitly passed to `torch.load`, forcing weights_only=False.
  torch.load(f=model_path, map_location=device)
/home/ans819/.conda/envs/autoflow/lib/python3.13/site-packages/chgnet/model/model.py:898: UserWarning: Converting a tensor with requires_grad=True to a scalar may lead to unexpected behavior.
Consider using tensor.detach() first. (Triggered internally at /pytorch/torch/csrc/autograd/generated/python_variable_methods.cpp:836.)
  volumes = torch.tensor(volumes, dtype=TORCH_DTYPE, device=atomic_numbers.device)
cuequivariance or cuequivariance_torch is not available. Cuequivariance acceleration will be disabled.
------------------------------------------------------------
  cycle        total energy    energy error   density error
------------------------------------------------------------
      1     -163.1810004689  -1.6293856E+02   9.9806893E-01
      2     -160.8625631595   2.3184373E+00   6.2380607E-01
      3      582.7585327550   7.4362110E+02   1.9368710E+00
      4     -120.6728261364  -7.0343136E+02   8.5938459E-01
      5     -34.12025309670   8.6552573E+01   7.8885213E-01
      6     -155.4292301213  -1.2130898E+02   2.7020363E-01
      7     -162.2288352014  -6.7996051E+00   1.7558383E-01
      8     -163.0970489593  -8.6821376E-01   9.3614875E-02
      9     -158.2148342974   4.8822147E+00   3.0445606E-01
     10     -159.5005870628  -1.2857528E+00   2.8579341E-01
     11     -158.9747064221   5.2588064E-01   2.7422735E-01
     12     -161.2584201291  -2.2837137E+00   2.1995753E-01
     13     -161.7762336943  -5.1781357E-01   1.7704637E-01
     14     -163.4160771672  -1.6398435E+00   5.3482761E-02
     15     -163.3874080369   2.8669130E-02   4.9893728E-02
     16     -163.4326724288  -4.5264392E-02   4.9064751E-02
     17     -163.4475572255  -1.4884797E-02   4.7624931E-02
     18     -163.4465574931   9.9973239E-04   4.7031228E-02
     19     -163.4588744449  -1.2316952E-02   4.2943261E-02
     20     -163.4799215248  -2.1047080E-02   3.7002616E-02
     21     -163.4814128121  -1.4912873E-03   3.6507255E-02
     22     -163.4812816225   1.3118961E-04   3.6552715E-02
     23     -163.4859092041  -4.6275816E-03   3.4967199E-02
     24     -163.5117775330  -2.5868329E-02   2.4374742E-02
     25     -163.5220555857  -1.0278053E-02   1.8085903E-02
     26     -163.5235799102  -1.5243245E-03   1.6969009E-02
     27     -163.5240564842  -4.7657405E-04   1.6595326E-02
     28     -163.5286119160  -4.5554318E-03   1.2431134E-02
     29     -163.5321302861  -3.5183701E-03   7.3414948E-03
     30     -163.5321619695  -3.1683383E-05   7.2253842E-03
     31     -163.5321875981  -2.5628607E-05   7.1219003E-03
     32     -163.5330579155  -8.7031737E-04   5.0004272E-03
     33     -163.5335597089  -5.0179339E-04   3.2860085E-03
     34     -163.5338028092  -2.4310030E-04   2.0954462E-03
     35     -163.5338635141  -6.0704866E-05   1.6633633E-03
     36     -163.5338878138  -2.4299783E-05   1.4233276E-03
     37     -163.5339141267  -2.6312821E-05   1.1607430E-03
     38     -163.5339368136  -2.2686921E-05   9.5648554E-04
     39     -163.5339535168  -1.6703208E-05   6.9878948E-04
     40     -163.5339570108  -3.4939694E-06   6.3253236E-04
     41     -163.5339621732  -5.1624776E-06   5.3292559E-04
     42     -163.5339676158  -5.4426152E-06   3.9790443E-04
     43     -163.5339718735  -4.2576148E-06   2.4610426E-04
     44     -163.5339730957  -1.2222640E-06   1.8616894E-04
     45     -163.5339735432  -4.4746457E-07   1.5863533E-04
     46     -163.5339741634  -6.2022576E-07   1.1186999E-04
     47     -163.5339744717  -3.0826905E-07   7.7084267E-05
     48     -163.5339747161  -2.4441084E-07   2.6745046E-05
     49     -163.5339747510  -3.4905213E-08   3.8751091E-06
------------------------------------------------------------

 total:                                  24.721 sec
3
{'bond-orders': array([[ 0.00000000e+00,  3.04995532e-01,  1.76010202e-02, ...,
        -4.02913086e-05,  3.04863274e-04,  1.28423802e-03],
       [ 3.04995532e-01,  0.00000000e+00,  1.86442921e-02, ...,
        -4.32146116e-05,  1.01282784e-04,  1.97459430e-03],
       [ 1.76010202e-02,  1.86442921e-02,  0.00000000e+00, ...,
        -4.44546188e-05,  1.01238969e-04,  1.12897062e-03],
       ...,
       [-4.02913086e-05, -4.32146116e-05, -4.44546188e-05, ...,
         0.00000000e+00,  4.72927149e-03,  2.73393321e-02],
       [ 3.04863274e-04,  1.01282784e-04,  1.01238969e-04, ...,
         4.72927149e-03,  0.00000000e+00,  2.31392535e-02],
       [ 1.28423802e-03,  1.97459430e-03,  1.12897062e-03, ...,
         2.73393321e-02,  2.31392535e-02,  0.00000000e+00]],
      shape=(45, 45))}
{'bond-orders': array([[ 0.00000000e+00,  3.04995532e-01,  1.76010202e-02, ...,
        -4.02913086e-05,  3.04863274e-04,  1.28423802e-03],
       [ 3.04995532e-01,  0.00000000e+00,  1.86442921e-02, ...,
        -4.32146116e-05,  1.01282784e-04,  1.97459430e-03],
       [ 1.76010202e-02,  1.86442921e-02,  0.00000000e+00, ...,
        -4.44546188e-05,  1.01238969e-04,  1.12897062e-03],
       ...,
       [-4.02913086e-05, -4.32146116e-05, -4.44546188e-05, ...,
         0.00000000e+00,  4.72927149e-03,  2.73393321e-02],
       [ 3.04863274e-04,  1.01282784e-04,  1.01238969e-04, ...,
         4.72927149e-03,  0.00000000e+00,  2.31392535e-02],
       [ 1.28423802e-03,  1.97459430e-03,  1.12897062e-03, ...,
         2.73393321e-02,  2.31392535e-02,  0.00000000e+00]],
      shape=(45, 45)), 'molecular-dipole': array([ 1.39833543,  0.75407627, -1.59066569])}
{'bond-orders': array([[ 0.00000000e+00,  3.04995532e-01,  1.76010202e-02, ...,
        -4.02913086e-05,  3.04863274e-04,  1.28423802e-03],
       [ 3.04995532e-01,  0.00000000e+00,  1.86442921e-02, ...,
        -4.32146116e-05,  1.01282784e-04,  1.97459430e-03],
       [ 1.76010202e-02,  1.86442921e-02,  0.00000000e+00, ...,
        -4.44546188e-05,  1.01238969e-04,  1.12897062e-03],
       ...,
       [-4.02913086e-05, -4.32146116e-05, -4.44546188e-05, ...,
         0.00000000e+00,  4.72927149e-03,  2.73393321e-02],
       [ 3.04863274e-04,  1.01282784e-04,  1.01238969e-04, ...,
         4.72927149e-03,  0.00000000e+00,  2.31392535e-02],
       [ 1.28423802e-03,  1.97459430e-03,  1.12897062e-03, ...,
         2.73393321e-02,  2.31392535e-02,  0.00000000e+00]],
      shape=(45, 45)), 'molecular-dipole': array([ 1.39833543,  0.75407627, -1.59066569]), 'molecular-quadrupole': array([  67.24512715,   87.55921449,   36.06458458,  161.5750454 ,
         66.65006693, -103.30971173])}
------------------------------------------------------------
  cycle        total energy    energy error   density error
------------------------------------------------------------
      1     -163.5355250111  -1.6329269E+02   1.4330042E-03
      2     -163.5334278509   2.0971601E-03   2.7554437E-03
      3     -163.5257650434   7.6628076E-03   5.6438106E-03
      4     -163.5354946770  -9.7296336E-03   1.0835037E-03
      5     -163.5354312051   6.3471874E-05   9.7051382E-04
      6     -163.5355559229  -1.2471784E-04   4.0472885E-04
      7     -163.5355664947  -1.0571762E-05   1.9091674E-04
      8     -163.5355659768   5.1788217E-07   1.3759513E-04
      9     -163.5355678405  -1.8636873E-06   7.5258811E-05
     10     -163.5355686436  -8.0305992E-07   4.8890882E-05
     11     -163.5355690494  -4.0584027E-07   2.2900868E-05
     12     -163.5355691495  -1.0008583E-07   4.6101251E-06
------------------------------------------------------------

 total:                                  13.309 sec
3
{'bond-orders': array([[ 0.00000000e+00,  3.04997481e-01,  1.75469566e-02, ...,
        -3.99360152e-05,  2.71163750e-04,  1.25773850e-03],
       [ 3.04997481e-01,  0.00000000e+00,  1.86898405e-02, ...,
        -4.15119402e-05,  9.34751124e-05,  1.88422849e-03],
       [ 1.75469566e-02,  1.86898405e-02,  0.00000000e+00, ...,
        -3.92811487e-05,  9.20873316e-05,  1.10996337e-03],
       ...,
       [-3.99360152e-05, -4.15119402e-05, -3.92811487e-05, ...,
         0.00000000e+00,  4.85056625e-03,  2.88004538e-02],
       [ 2.71163750e-04,  9.34751124e-05,  9.20873316e-05, ...,
         4.85056625e-03,  0.00000000e+00,  2.29781809e-02],
       [ 1.25773850e-03,  1.88422849e-03,  1.10996337e-03, ...,
         2.88004538e-02,  2.29781809e-02,  0.00000000e+00]],
      shape=(45, 45))}
{'bond-orders': array([[ 0.00000000e+00,  3.04997481e-01,  1.75469566e-02, ...,
        -3.99360152e-05,  2.71163750e-04,  1.25773850e-03],
       [ 3.04997481e-01,  0.00000000e+00,  1.86898405e-02, ...,
        -4.15119402e-05,  9.34751124e-05,  1.88422849e-03],
       [ 1.75469566e-02,  1.86898405e-02,  0.00000000e+00, ...,
        -3.92811487e-05,  9.20873316e-05,  1.10996337e-03],
       ...,
       [-3.99360152e-05, -4.15119402e-05, -3.92811487e-05, ...,
         0.00000000e+00,  4.85056625e-03,  2.88004538e-02],
       [ 2.71163750e-04,  9.34751124e-05,  9.20873316e-05, ...,
         4.85056625e-03,  0.00000000e+00,  2.29781809e-02],
       [ 1.25773850e-03,  1.88422849e-03,  1.10996337e-03, ...,
         2.88004538e-02,  2.29781809e-02,  0.00000000e+00]],
      shape=(45, 45)), 'molecular-dipole': array([ 1.40415843,  0.76762076, -1.55942971])}
{'bond-orders': array([[ 0.00000000e+00,  3.04997481e-01,  1.75469566e-02, ...,
        -3.99360152e-05,  2.71163750e-04,  1.25773850e-03],
       [ 3.04997481e-01,  0.00000000e+00,  1.86898405e-02, ...,
        -4.15119402e-05,  9.34751124e-05,  1.88422849e-03],
       [ 1.75469566e-02,  1.86898405e-02,  0.00000000e+00, ...,
        -3.92811487e-05,  9.20873316e-05,  1.10996337e-03],
       ...,
       [-3.99360152e-05, -4.15119402e-05, -3.92811487e-05, ...,
         0.00000000e+00,  4.85056625e-03,  2.88004538e-02],
       [ 2.71163750e-04,  9.34751124e-05,  9.20873316e-05, ...,
         4.85056625e-03,  0.00000000e+00,  2.29781809e-02],
       [ 1.25773850e-03,  1.88422849e-03,  1.10996337e-03, ...,
         2.88004538e-02,  2.29781809e-02,  0.00000000e+00]],
      shape=(45, 45)), 'molecular-dipole': array([ 1.40415843,  0.76762076, -1.55942971]), 'molecular-quadrupole': array([  65.97993047,   87.8010498 ,   34.69222511,  163.10140847,
         68.67983802, -100.67215558])}
------------------------------------------------------------
  cycle        total energy    energy error   density error
------------------------------------------------------------
      1     -163.5365467477  -1.6329289E+02   1.4303305E-03
      2     -163.5271386417   9.4081060E-03   5.6241560E-03
      3     -163.5312344249  -4.0957831E-03   4.3936487E-03
      4     -163.5366354733  -5.4010484E-03   7.6516371E-04
      5     -163.5365867815   4.8691735E-05   8.2252872E-04
      6     -163.5366558931  -6.9111572E-05   4.8866513E-04
      7     -163.5366738563  -1.7963225E-05   1.9715156E-04
      8     -163.5366737141   1.4226262E-07   1.1509350E-04
      9     -163.5366746807  -9.6661299E-07   7.8408404E-05
     10     -163.5366755007  -8.2000071E-07   4.4416870E-05
     11     -163.5366757721  -2.7140800E-07   2.0513144E-05
     12     -163.5366758718  -9.9653391E-08   6.1377878E-06
------------------------------------------------------------

 total:                                  13.378 sec
3
{'bond-orders': array([[ 0.00000000e+00,  3.05085040e-01,  1.75017033e-02, ...,
        -3.95412731e-05,  2.45376833e-04,  1.24064987e-03],
       [ 3.05085040e-01,  0.00000000e+00,  1.87789068e-02, ...,
        -3.89315683e-05,  8.79988801e-05,  1.79746402e-03],
       [ 1.75017033e-02,  1.87789068e-02,  0.00000000e+00, ...,
        -3.59361664e-05,  8.55365464e-05,  1.08529857e-03],
       ...,
       [-3.95412731e-05, -3.89315683e-05, -3.59361664e-05, ...,
         0.00000000e+00,  5.03817020e-03,  2.96263623e-02],
       [ 2.45376833e-04,  8.79988801e-05,  8.55365464e-05, ...,
         5.03817020e-03,  0.00000000e+00,  2.29318140e-02],
       [ 1.24064987e-03,  1.79746402e-03,  1.08529857e-03, ...,
         2.96263623e-02,  2.29318140e-02,  0.00000000e+00]],
      shape=(45, 45))}
{'bond-orders': array([[ 0.00000000e+00,  3.05085040e-01,  1.75017033e-02, ...,
        -3.95412731e-05,  2.45376833e-04,  1.24064987e-03],
       [ 3.05085040e-01,  0.00000000e+00,  1.87789068e-02, ...,
        -3.89315683e-05,  8.79988801e-05,  1.79746402e-03],
       [ 1.75017033e-02,  1.87789068e-02,  0.00000000e+00, ...,
        -3.59361664e-05,  8.55365464e-05,  1.08529857e-03],
       ...,
       [-3.95412731e-05, -3.89315683e-05, -3.59361664e-05, ...,
         0.00000000e+00,  5.03817020e-03,  2.96263623e-02],
       [ 2.45376833e-04,  8.79988801e-05,  8.55365464e-05, ...,
         5.03817020e-03,  0.00000000e+00,  2.29318140e-02],
       [ 1.24064987e-03,  1.79746402e-03,  1.08529857e-03, ...,
         2.96263623e-02,  2.29318140e-02,  0.00000000e+00]],
      shape=(45, 45)), 'molecular-dipole': array([ 1.39240984,  0.76188937, -1.51105874])}
{'bond-orders': array([[ 0.00000000e+00,  3.05085040e-01,  1.75017033e-02, ...,
        -3.95412731e-05,  2.45376833e-04,  1.24064987e-03],
       [ 3.05085040e-01,  0.00000000e+00,  1.87789068e-02, ...,
        -3.89315683e-05,  8.79988801e-05,  1.79746402e-03],
       [ 1.75017033e-02,  1.87789068e-02,  0.00000000e+00, ...,
        -3.59361664e-05,  8.55365464e-05,  1.08529857e-03],
       ...,
       [-3.95412731e-05, -3.89315683e-05, -3.59361664e-05, ...,
         0.00000000e+00,  5.03817020e-03,  2.96263623e-02],
       [ 2.45376833e-04,  8.79988801e-05,  8.55365464e-05, ...,
         5.03817020e-03,  0.00000000e+00,  2.29318140e-02],
       [ 1.24064987e-03,  1.79746402e-03,  1.08529857e-03, ...,
         2.96263623e-02,  2.29318140e-02,  0.00000000e+00]],
      shape=(45, 45)), 'molecular-dipole': array([ 1.39240984,  0.76188937, -1.51105874]), 'molecular-quadrupole': array([ 63.65604913,  86.90790244,  32.67060414, 163.10608678,
        68.7287379 , -96.32665327])}
------------------------------------------------------------
  cycle        total energy    energy error   density error
------------------------------------------------------------
      1     -163.5373758855  -1.6329263E+02   1.7577330E-03
      2     -163.5177565515   1.9619334E-02   8.1307360E-03
      3     -163.5296569634  -1.1900412E-02   5.3956225E-03
      4     -163.5375529783  -7.8960149E-03   8.9863189E-04
      5     -163.5376035998  -5.0621466E-05   6.0690452E-04
      6     -163.5376188891  -1.5289291E-05   4.9888770E-04
      7     -163.5376308548  -1.1965724E-05   2.7449172E-04
      8     -163.5376325316  -1.6767918E-06   1.2184167E-04
      9     -163.5376344631  -1.9315401E-06   6.8840304E-05
     10     -163.5376351111  -6.4800381E-07   3.8404402E-05
     11     -163.5376352491  -1.3792774E-07   1.3439600E-05
------------------------------------------------------------

 total:                                  12.907 sec
3
{'bond-orders': array([[ 0.00000000e+00,  3.05313147e-01,  1.74569694e-02, ...,
        -3.91610056e-05,  2.18709412e-04,  1.25618493e-03],
       [ 3.05313147e-01,  0.00000000e+00,  1.89503798e-02, ...,
        -3.47888787e-05,  8.29280872e-05,  1.72953348e-03],
       [ 1.74569694e-02,  1.89503798e-02,  0.00000000e+00, ...,
        -3.42741751e-05,  7.94342025e-05,  1.06947260e-03],
       ...,
       [-3.91610056e-05, -3.47888787e-05, -3.42741751e-05, ...,
         0.00000000e+00,  5.24559915e-03,  2.94702938e-02],
       [ 2.18709412e-04,  8.29280872e-05,  7.94342025e-05, ...,
         5.24559915e-03,  0.00000000e+00,  2.29118649e-02],
       [ 1.25618493e-03,  1.72953348e-03,  1.06947260e-03, ...,
         2.94702938e-02,  2.29118649e-02,  0.00000000e+00]],
      shape=(45, 45))}
{'bond-orders': array([[ 0.00000000e+00,  3.05313147e-01,  1.74569694e-02, ...,
        -3.91610056e-05,  2.18709412e-04,  1.25618493e-03],
       [ 3.05313147e-01,  0.00000000e+00,  1.89503798e-02, ...,
        -3.47888787e-05,  8.29280872e-05,  1.72953348e-03],
       [ 1.74569694e-02,  1.89503798e-02,  0.00000000e+00, ...,
        -3.42741751e-05,  7.94342025e-05,  1.06947260e-03],
       ...,
       [-3.91610056e-05, -3.47888787e-05, -3.42741751e-05, ...,
         0.00000000e+00,  5.24559915e-03,  2.94702938e-02],
       [ 2.18709412e-04,  8.29280872e-05,  7.94342025e-05, ...,
         5.24559915e-03,  0.00000000e+00,  2.29118649e-02],
       [ 1.25618493e-03,  1.72953348e-03,  1.06947260e-03, ...,
         2.94702938e-02,  2.29118649e-02,  0.00000000e+00]],
      shape=(45, 45)), 'molecular-dipole': array([ 1.35343238,  0.73084279, -1.44288769])}
{'bond-orders': array([[ 0.00000000e+00,  3.05313147e-01,  1.74569694e-02, ...,
        -3.91610056e-05,  2.18709412e-04,  1.25618493e-03],
       [ 3.05313147e-01,  0.00000000e+00,  1.89503798e-02, ...,
        -3.47888787e-05,  8.29280872e-05,  1.72953348e-03],
       [ 1.74569694e-02,  1.89503798e-02,  0.00000000e+00, ...,
        -3.42741751e-05,  7.94342025e-05,  1.06947260e-03],
       ...,
       [-3.91610056e-05, -3.47888787e-05, -3.42741751e-05, ...,
         0.00000000e+00,  5.24559915e-03,  2.94702938e-02],
       [ 2.18709412e-04,  8.29280872e-05,  7.94342025e-05, ...,
         5.24559915e-03,  0.00000000e+00,  2.29118649e-02],
       [ 1.25618493e-03,  1.72953348e-03,  1.06947260e-03, ...,
         2.94702938e-02,  2.29118649e-02,  0.00000000e+00]],
      shape=(45, 45)), 'molecular-dipole': array([ 1.35343238,  0.73084279, -1.44288769]), 'molecular-quadrupole': array([ 59.95134063,  84.46763468,  29.91235576, 160.55985978,
        66.10165228, -89.86369639])}
------------------------------------------------------------
  cycle        total energy    energy error   density error
------------------------------------------------------------
      1     -163.5380233741  -1.6329347E+02   1.6040805E-03
      2     -163.5208879047   1.7135469E-02   7.5166210E-03
      3     -163.5338993070  -1.3011402E-02   3.9888673E-03
      4     -163.5381443456  -4.2450385E-03   8.9523235E-04
      5     -163.5381751739  -3.0828328E-05   6.9924724E-04
      6     -163.5381967638  -2.1589930E-05   5.2447805E-04
      7     -163.5382098030  -1.3039232E-05   2.2941684E-04
      8     -163.5382129463  -3.1432601E-06   1.2022165E-04
      9     -163.5382146909  -1.7446028E-06   4.4731762E-05
     10     -163.5382147086  -1.7686318E-08   2.7296918E-05
     11     -163.5382147871  -7.8545355E-08   1.0688018E-05
------------------------------------------------------------

 total:                                  12.750 sec
3
{'bond-orders': array([[ 0.00000000e+00,  3.05593323e-01,  1.74254780e-02, ...,
        -3.86551199e-05,  2.00805526e-04,  1.30921384e-03],
       [ 3.05593323e-01,  0.00000000e+00,  1.91358687e-02, ...,
        -3.09292055e-05,  8.02423368e-05,  1.72059623e-03],
       [ 1.74254780e-02,  1.91358687e-02,  0.00000000e+00, ...,
        -3.36369923e-05,  7.64308660e-05,  1.08323302e-03],
       ...,
       [-3.86551199e-05, -3.09292055e-05, -3.36369923e-05, ...,
         0.00000000e+00,  5.33904212e-03,  2.84310802e-02],
       [ 2.00805526e-04,  8.02423368e-05,  7.64308660e-05, ...,
         5.33904212e-03,  0.00000000e+00,  2.28695931e-02],
       [ 1.30921384e-03,  1.72059623e-03,  1.08323302e-03, ...,
         2.84310802e-02,  2.28695931e-02,  0.00000000e+00]],
      shape=(45, 45))}
{'bond-orders': array([[ 0.00000000e+00,  3.05593323e-01,  1.74254780e-02, ...,
        -3.86551199e-05,  2.00805526e-04,  1.30921384e-03],
       [ 3.05593323e-01,  0.00000000e+00,  1.91358687e-02, ...,
        -3.09292055e-05,  8.02423368e-05,  1.72059623e-03],
       [ 1.74254780e-02,  1.91358687e-02,  0.00000000e+00, ...,
        -3.36369923e-05,  7.64308660e-05,  1.08323302e-03],
       ...,
       [-3.86551199e-05, -3.09292055e-05, -3.36369923e-05, ...,
         0.00000000e+00,  5.33904212e-03,  2.84310802e-02],
       [ 2.00805526e-04,  8.02423368e-05,  7.64308660e-05, ...,
         5.33904212e-03,  0.00000000e+00,  2.28695931e-02],
       [ 1.30921384e-03,  1.72059623e-03,  1.08323302e-03, ...,
         2.84310802e-02,  2.28695931e-02,  0.00000000e+00]],
      shape=(45, 45)), 'molecular-dipole': array([ 1.31144849,  0.69323269, -1.38308522])}
{'bond-orders': array([[ 0.00000000e+00,  3.05593323e-01,  1.74254780e-02, ...,
        -3.86551199e-05,  2.00805526e-04,  1.30921384e-03],
       [ 3.05593323e-01,  0.00000000e+00,  1.91358687e-02, ...,
        -3.09292055e-05,  8.02423368e-05,  1.72059623e-03],
       [ 1.74254780e-02,  1.91358687e-02,  0.00000000e+00, ...,
        -3.36369923e-05,  7.64308660e-05,  1.08323302e-03],
       ...,
       [-3.86551199e-05, -3.09292055e-05, -3.36369923e-05, ...,
         0.00000000e+00,  5.33904212e-03,  2.84310802e-02],
       [ 2.00805526e-04,  8.02423368e-05,  7.64308660e-05, ...,
         5.33904212e-03,  0.00000000e+00,  2.28695931e-02],
       [ 1.30921384e-03,  1.72059623e-03,  1.08323302e-03, ...,
         2.84310802e-02,  2.28695931e-02,  0.00000000e+00]],
      shape=(45, 45)), 'molecular-dipole': array([ 1.31144849,  0.69323269, -1.38308522]), 'molecular-quadrupole': array([ 56.65671288,  81.95236089,  27.59705473, 157.43318527,
        62.61969512, -84.2537676 ])}
------------------------------------------------------------
  cycle        total energy    energy error   density error
------------------------------------------------------------
      1     -163.5387268376  -1.6329568E+02   1.8049050E-03
      2     -163.5359601164   2.7667212E-03   3.5084820E-03
      3     -163.5218717247   1.4088392E-02   7.3939186E-03
      4     -163.5384707858  -1.6599061E-02   1.5036182E-03
      5     -163.5387312893  -2.6050351E-04   1.0246275E-03
      6     -163.5387984581  -6.7168847E-05   5.9404773E-04
      7     -163.5388119849  -1.3526818E-05   2.6919350E-04
      8     -163.5388184019  -6.4169506E-06   1.3950462E-04
      9     -163.5388204123  -2.0104598E-06   5.6980012E-05
     10     -163.5388204223  -9.9594502E-09   4.0536003E-05
     11     -163.5388206569  -2.3457613E-07   1.7700736E-05
------------------------------------------------------------

 total:                                  12.973 sec
3
{'bond-orders': array([[ 0.00000000e+00,  3.06022392e-01,  1.73908797e-02, ...,
        -3.75408842e-05,  1.83698921e-04,  1.40407514e-03],
       [ 3.06022392e-01,  0.00000000e+00,  1.94008375e-02, ...,
        -2.60680231e-05,  7.88596004e-05,  1.73729685e-03],
       [ 1.73908797e-02,  1.94008375e-02,  0.00000000e+00, ...,
        -3.12912084e-05,  7.57314194e-05,  1.12338317e-03],
       ...,
       [-3.75408842e-05, -2.60680231e-05, -3.12912084e-05, ...,
         0.00000000e+00,  5.39360589e-03,  2.69906550e-02],
       [ 1.83698921e-04,  7.88596004e-05,  7.57314194e-05, ...,
         5.39360589e-03,  0.00000000e+00,  2.28217146e-02],
       [ 1.40407514e-03,  1.73729685e-03,  1.12338317e-03, ...,
         2.69906550e-02,  2.28217146e-02,  0.00000000e+00]],
      shape=(45, 45))}
{'bond-orders': array([[ 0.00000000e+00,  3.06022392e-01,  1.73908797e-02, ...,
        -3.75408842e-05,  1.83698921e-04,  1.40407514e-03],
       [ 3.06022392e-01,  0.00000000e+00,  1.94008375e-02, ...,
        -2.60680231e-05,  7.88596004e-05,  1.73729685e-03],
       [ 1.73908797e-02,  1.94008375e-02,  0.00000000e+00, ...,
        -3.12912084e-05,  7.57314194e-05,  1.12338317e-03],
       ...,
       [-3.75408842e-05, -2.60680231e-05, -3.12912084e-05, ...,
         0.00000000e+00,  5.39360589e-03,  2.69906550e-02],
       [ 1.83698921e-04,  7.88596004e-05,  7.57314194e-05, ...,
         5.39360589e-03,  0.00000000e+00,  2.28217146e-02],
       [ 1.40407514e-03,  1.73729685e-03,  1.12338317e-03, ...,
         2.69906550e-02,  2.28217146e-02,  0.00000000e+00]],
      shape=(45, 45)), 'molecular-dipole': array([ 1.26070604,  0.65058317, -1.32280535])}
{'bond-orders': array([[ 0.00000000e+00,  3.06022392e-01,  1.73908797e-02, ...,
        -3.75408842e-05,  1.83698921e-04,  1.40407514e-03],
       [ 3.06022392e-01,  0.00000000e+00,  1.94008375e-02, ...,
        -2.60680231e-05,  7.88596004e-05,  1.73729685e-03],
       [ 1.73908797e-02,  1.94008375e-02,  0.00000000e+00, ...,
        -3.12912084e-05,  7.57314194e-05,  1.12338317e-03],
       ...,
       [-3.75408842e-05, -2.60680231e-05, -3.12912084e-05, ...,
         0.00000000e+00,  5.39360589e-03,  2.69906550e-02],
       [ 1.83698921e-04,  7.88596004e-05,  7.57314194e-05, ...,
         5.39360589e-03,  0.00000000e+00,  2.28217146e-02],
       [ 1.40407514e-03,  1.73729685e-03,  1.12338317e-03, ...,
         2.69906550e-02,  2.28217146e-02,  0.00000000e+00]],
      shape=(45, 45)), 'molecular-dipole': array([ 1.26070604,  0.65058317, -1.32280535]), 'molecular-quadrupole': array([ 53.14509334,  79.0300483 ,  25.28024433, 153.25310081,
        58.56708087, -78.42533768])}
------------------------------------------------------------
  cycle        total energy    energy error   density error
------------------------------------------------------------
      1     -163.5394859074  -1.6329867E+02   1.7857244E-03
      2     -163.5392257450   2.6016238E-04   2.3270420E-03
      3     -163.5383994479   8.2629714E-04   2.2410941E-03
      4     -163.5356465146   2.7529333E-03   3.6059860E-03
      5     -163.5392601306  -3.6136160E-03   1.2846757E-03
      6     -163.5395427201  -2.8258948E-04   6.1389051E-04
      7     -163.5395602638  -1.7543708E-05   2.5481785E-04
      8     -163.5395639225  -3.6586966E-06   1.4020751E-04
      9     -163.5395662064  -2.2838987E-06   5.7098868E-05
     10     -163.5395661556   5.0822621E-08   3.9844414E-05
     11     -163.5395663455  -1.8996545E-07   1.9590643E-05
------------------------------------------------------------

 total:                                  13.132 sec
3
{'bond-orders': array([[ 0.00000000e+00,  3.06738814e-01,  1.73629874e-02, ...,
        -3.56876056e-05,  1.66966813e-04,  1.53424883e-03],
       [ 3.06738814e-01,  0.00000000e+00,  1.97889590e-02, ...,
        -1.94441646e-05,  7.96667402e-05,  1.76512566e-03],
       [ 1.73629874e-02,  1.97889590e-02,  0.00000000e+00, ...,
        -2.46384863e-05,  7.91615004e-05,  1.18676000e-03],
       ...,
       [-3.56876056e-05, -1.94441646e-05, -2.46384863e-05, ...,
         0.00000000e+00,  5.41743730e-03,  2.56966496e-02],
       [ 1.66966813e-04,  7.96667402e-05,  7.91615004e-05, ...,
         5.41743730e-03,  0.00000000e+00,  2.28078193e-02],
       [ 1.53424883e-03,  1.76512566e-03,  1.18676000e-03, ...,
         2.56966496e-02,  2.28078193e-02,  0.00000000e+00]],
      shape=(45, 45))}
{'bond-orders': array([[ 0.00000000e+00,  3.06738814e-01,  1.73629874e-02, ...,
        -3.56876056e-05,  1.66966813e-04,  1.53424883e-03],
       [ 3.06738814e-01,  0.00000000e+00,  1.97889590e-02, ...,
        -1.94441646e-05,  7.96667402e-05,  1.76512566e-03],
       [ 1.73629874e-02,  1.97889590e-02,  0.00000000e+00, ...,
        -2.46384863e-05,  7.91615004e-05,  1.18676000e-03],
       ...,
       [-3.56876056e-05, -1.94441646e-05, -2.46384863e-05, ...,
         0.00000000e+00,  5.41743730e-03,  2.56966496e-02],
       [ 1.66966813e-04,  7.96667402e-05,  7.91615004e-05, ...,
         5.41743730e-03,  0.00000000e+00,  2.28078193e-02],
       [ 1.53424883e-03,  1.76512566e-03,  1.18676000e-03, ...,
         2.56966496e-02,  2.28078193e-02,  0.00000000e+00]],
      shape=(45, 45)), 'molecular-dipole': array([ 1.20697243,  0.6111579 , -1.26086157])}
{'bond-orders': array([[ 0.00000000e+00,  3.06738814e-01,  1.73629874e-02, ...,
        -3.56876056e-05,  1.66966813e-04,  1.53424883e-03],
       [ 3.06738814e-01,  0.00000000e+00,  1.97889590e-02, ...,
        -1.94441646e-05,  7.96667402e-05,  1.76512566e-03],
       [ 1.73629874e-02,  1.97889590e-02,  0.00000000e+00, ...,
        -2.46384863e-05,  7.91615004e-05,  1.18676000e-03],
       ...,
       [-3.56876056e-05, -1.94441646e-05, -2.46384863e-05, ...,
         0.00000000e+00,  5.41743730e-03,  2.56966496e-02],
       [ 1.66966813e-04,  7.96667402e-05,  7.91615004e-05, ...,
         5.41743730e-03,  0.00000000e+00,  2.28078193e-02],
       [ 1.53424883e-03,  1.76512566e-03,  1.18676000e-03, ...,
         2.56966496e-02,  2.28078193e-02,  0.00000000e+00]],
      shape=(45, 45)), 'molecular-dipole': array([ 1.20697243,  0.6111579 , -1.26086157]), 'molecular-quadrupole': array([ 49.44890394,  76.0035969 ,  22.91536133, 148.72772233,
        54.95893169, -72.36426527])}
------------------------------------------------------------
  cycle        total energy    energy error   density error
------------------------------------------------------------
      1     -163.5407979733  -1.6330288E+02   2.9304987E-03
      2     -163.5358557385   4.9422347E-03   5.3437929E-03
      3     -163.5014058356   3.4449903E-02   1.1339972E-02
      4     -163.5396166033  -3.8210768E-02   2.6101660E-03
      5     -163.5409395921  -1.3229888E-03   1.4672641E-03
      6     -163.5410293981  -8.9806032E-05   1.0977224E-03
      7     -163.5410892895  -5.9891389E-05   4.5716383E-04
      8     -163.5410995369  -1.0247348E-05   2.1036881E-04
      9     -163.5411034050  -3.8681137E-06   9.4042881E-05
     10     -163.5411034439  -3.8892978E-08   6.3286213E-05
     11     -163.5411036846  -2.4070641E-07   2.9763341E-05
     12     -163.5411038277  -1.4316089E-07   1.2503068E-05
------------------------------------------------------------

 total:                                  13.457 sec
3
{'bond-orders': array([[ 0.00000000e+00,  3.09365392e-01,  2.01643474e-02, ...,
        -2.95803505e-05,  1.28655686e-04,  1.76450290e-03],
       [ 3.09365392e-01,  0.00000000e+00,  1.82449346e-02, ...,
         9.05385590e-06,  9.32672507e-05,  1.95982563e-03],
       [ 2.01643474e-02,  1.82449346e-02,  0.00000000e+00, ...,
         2.76321639e-05,  1.30477558e-04,  1.39467179e-03],
       ...,
       [-2.95803505e-05,  9.05385590e-06,  2.76321639e-05, ...,
         0.00000000e+00,  5.42270292e-03,  2.41884774e-02],
       [ 1.28655686e-04,  9.32672507e-05,  1.30477558e-04, ...,
         5.42270292e-03,  0.00000000e+00,  2.28937643e-02],
       [ 1.76450290e-03,  1.95982563e-03,  1.39467179e-03, ...,
         2.41884774e-02,  2.28937643e-02,  0.00000000e+00]],
      shape=(45, 45))}
{'bond-orders': array([[ 0.00000000e+00,  3.09365392e-01,  2.01643474e-02, ...,
        -2.95803505e-05,  1.28655686e-04,  1.76450290e-03],
       [ 3.09365392e-01,  0.00000000e+00,  1.82449346e-02, ...,
         9.05385590e-06,  9.32672507e-05,  1.95982563e-03],
       [ 2.01643474e-02,  1.82449346e-02,  0.00000000e+00, ...,
         2.76321639e-05,  1.30477558e-04,  1.39467179e-03],
       ...,
       [-2.95803505e-05,  9.05385590e-06,  2.76321639e-05, ...,
         0.00000000e+00,  5.42270292e-03,  2.41884774e-02],
       [ 1.28655686e-04,  9.32672507e-05,  1.30477558e-04, ...,
         5.42270292e-03,  0.00000000e+00,  2.28937643e-02],
       [ 1.76450290e-03,  1.95982563e-03,  1.39467179e-03, ...,
         2.41884774e-02,  2.28937643e-02,  0.00000000e+00]],
      shape=(45, 45)), 'molecular-dipole': array([ 1.11686906,  0.55690722, -1.15223408])}
{'bond-orders': array([[ 0.00000000e+00,  3.09365392e-01,  2.01643474e-02, ...,
        -2.95803505e-05,  1.28655686e-04,  1.76450290e-03],
       [ 3.09365392e-01,  0.00000000e+00,  1.82449346e-02, ...,
         9.05385590e-06,  9.32672507e-05,  1.95982563e-03],
       [ 2.01643474e-02,  1.82449346e-02,  0.00000000e+00, ...,
         2.76321639e-05,  1.30477558e-04,  1.39467179e-03],
       ...,
       [-2.95803505e-05,  9.05385590e-06,  2.76321639e-05, ...,
         0.00000000e+00,  5.42270292e-03,  2.41884774e-02],
       [ 1.28655686e-04,  9.32672507e-05,  1.30477558e-04, ...,
         5.42270292e-03,  0.00000000e+00,  2.28937643e-02],
       [ 1.76450290e-03,  1.95982563e-03,  1.39467179e-03, ...,
         2.41884774e-02,  2.28937643e-02,  0.00000000e+00]],
      shape=(45, 45)), 'molecular-dipole': array([ 1.11686906,  0.55690722, -1.15223408]), 'molecular-quadrupole': array([ 42.92708383,  71.07578796,  18.79157959, 141.1110963 ,
        50.30561354, -61.71866343])}
------------------------------------------------------------
  cycle        total energy    energy error   density error
------------------------------------------------------------
      1     -163.5424813380  -1.6330462E+02   4.9217585E-03
      2     -163.4926554973   4.9825841E-02   1.3686175E-02
      3     -163.4355753644   5.7080133E-02   1.9042753E-02
      4     -163.5413009662  -1.0572560E-01   3.5367992E-03
      5     -163.5433484137  -2.0474476E-03   2.2123929E-03
      6     -163.5434053944  -5.6980688E-05   1.9760526E-03
      7     -163.5436126703  -2.0727588E-04   9.3085478E-04
      8     -163.5436552549  -4.2584572E-05   3.3847345E-04
      9     -163.5436587326  -3.4777094E-06   1.4307344E-04
     10     -163.5436587482  -1.5615171E-08   1.1821812E-04
     11     -163.5436596365  -8.8835395E-07   4.5062076E-05
     12     -163.5436597909  -1.5436723E-07   2.0375760E-05
     13     -163.5436598206  -2.9652114E-08   1.4662948E-05
------------------------------------------------------------

 total:                                  13.873 sec
3
{'bond-orders': array([[ 0.00000000e+00,  3.07845027e-01,  2.09468459e-02, ...,
        -1.12610974e-05,  1.24742260e-04,  2.36353128e-03],
       [ 3.07845027e-01,  0.00000000e+00,  1.71891084e-02, ...,
         1.57062941e-05,  9.63093977e-05,  1.99238149e-03],
       [ 2.09468459e-02,  1.71891084e-02,  0.00000000e+00, ...,
         1.09820808e-05,  1.35130359e-04,  1.54132894e-03],
       ...,
       [-1.12610974e-05,  1.57062941e-05,  1.09820808e-05, ...,
         0.00000000e+00,  5.22088164e-03,  2.27957389e-02],
       [ 1.24742260e-04,  9.63093977e-05,  1.35130359e-04, ...,
         5.22088164e-03,  0.00000000e+00,  2.28514615e-02],
       [ 2.36353128e-03,  1.99238149e-03,  1.54132894e-03, ...,
         2.27957389e-02,  2.28514615e-02,  0.00000000e+00]],
      shape=(45, 45))}
{'bond-orders': array([[ 0.00000000e+00,  3.07845027e-01,  2.09468459e-02, ...,
        -1.12610974e-05,  1.24742260e-04,  2.36353128e-03],
       [ 3.07845027e-01,  0.00000000e+00,  1.71891084e-02, ...,
         1.57062941e-05,  9.63093977e-05,  1.99238149e-03],
       [ 2.09468459e-02,  1.71891084e-02,  0.00000000e+00, ...,
         1.09820808e-05,  1.35130359e-04,  1.54132894e-03],
       ...,
       [-1.12610974e-05,  1.57062941e-05,  1.09820808e-05, ...,
         0.00000000e+00,  5.22088164e-03,  2.27957389e-02],
       [ 1.24742260e-04,  9.63093977e-05,  1.35130359e-04, ...,
         5.22088164e-03,  0.00000000e+00,  2.28514615e-02],
       [ 2.36353128e-03,  1.99238149e-03,  1.54132894e-03, ...,
         2.27957389e-02,  2.28514615e-02,  0.00000000e+00]],
      shape=(45, 45)), 'molecular-dipole': array([ 0.97470186,  0.48221949, -0.97604936])}
{'bond-orders': array([[ 0.00000000e+00,  3.07845027e-01,  2.09468459e-02, ...,
        -1.12610974e-05,  1.24742260e-04,  2.36353128e-03],
       [ 3.07845027e-01,  0.00000000e+00,  1.71891084e-02, ...,
         1.57062941e-05,  9.63093977e-05,  1.99238149e-03],
       [ 2.09468459e-02,  1.71891084e-02,  0.00000000e+00, ...,
         1.09820808e-05,  1.35130359e-04,  1.54132894e-03],
       ...,
       [-1.12610974e-05,  1.57062941e-05,  1.09820808e-05, ...,
         0.00000000e+00,  5.22088164e-03,  2.27957389e-02],
       [ 1.24742260e-04,  9.63093977e-05,  1.35130359e-04, ...,
         5.22088164e-03,  0.00000000e+00,  2.28514615e-02],
       [ 2.36353128e-03,  1.99238149e-03,  1.54132894e-03, ...,
         2.27957389e-02,  2.28514615e-02,  0.00000000e+00]],
      shape=(45, 45)), 'molecular-dipole': array([ 0.97470186,  0.48221949, -0.97604936]), 'molecular-quadrupole': array([ 32.35335052,  63.12980035,  12.17996097, 129.29604259,
        44.46778839, -44.53331149])}
------------------------------------------------------------
  cycle        total energy    energy error   density error
------------------------------------------------------------
      1     -163.5455204711  -1.6330399E+02   3.8130265E-03
      2     -163.5313195546   1.4200916E-02   7.7828873E-03
      3     -163.4741653070   5.7154248E-02   1.5357946E-02
      4     -163.5446850128  -7.0519706E-02   2.7150171E-03
      5     -163.5457416021  -1.0565893E-03   2.0454660E-03
      6     -163.5457932769  -5.1674771E-05   1.7948463E-03
      7     -163.5459874119  -1.9413503E-04   7.7555139E-04
      8     -163.5460191736  -3.1761708E-05   2.8885514E-04
      9     -163.5460232400  -4.0663370E-06   8.4471055E-05
     10     -163.5460235827  -3.4268405E-07   5.6390332E-05
     11     -163.5460237557  -1.7302492E-07   2.6465681E-05
     12     -163.5460237892  -3.3482223E-08   9.1227456E-06
------------------------------------------------------------

 total:                                  13.497 sec
3
{'bond-orders': array([[0.00000000e+00, 3.07839267e-01, 2.07091257e-02, ...,
        7.74421788e-07, 1.54735976e-04, 2.85279007e-03],
       [3.07839267e-01, 0.00000000e+00, 1.75442914e-02, ...,
        2.82190292e-05, 1.15396584e-04, 2.02692059e-03],
       [2.07091257e-02, 1.75442914e-02, 0.00000000e+00, ...,
        5.36928169e-06, 1.58796837e-04, 1.67422453e-03],
       ...,
       [7.74421788e-07, 2.82190292e-05, 5.36928169e-06, ...,
        0.00000000e+00, 4.91501936e-03, 2.32075355e-02],
       [1.54735976e-04, 1.15396584e-04, 1.58796837e-04, ...,
        4.91501936e-03, 0.00000000e+00, 2.28280563e-02],
       [2.85279007e-03, 2.02692059e-03, 1.67422453e-03, ...,
        2.32075355e-02, 2.28280563e-02, 0.00000000e+00]], shape=(45, 45))}
{'bond-orders': array([[0.00000000e+00, 3.07839267e-01, 2.07091257e-02, ...,
        7.74421788e-07, 1.54735976e-04, 2.85279007e-03],
       [3.07839267e-01, 0.00000000e+00, 1.75442914e-02, ...,
        2.82190292e-05, 1.15396584e-04, 2.02692059e-03],
       [2.07091257e-02, 1.75442914e-02, 0.00000000e+00, ...,
        5.36928169e-06, 1.58796837e-04, 1.67422453e-03],
       ...,
       [7.74421788e-07, 2.82190292e-05, 5.36928169e-06, ...,
        0.00000000e+00, 4.91501936e-03, 2.32075355e-02],
       [1.54735976e-04, 1.15396584e-04, 1.58796837e-04, ...,
        4.91501936e-03, 0.00000000e+00, 2.28280563e-02],
       [2.85279007e-03, 2.02692059e-03, 1.67422453e-03, ...,
        2.32075355e-02, 2.28280563e-02, 0.00000000e+00]], shape=(45, 45)), 'molecular-dipole': array([ 0.90191295,  0.4900257 , -0.88966301])}
{'bond-orders': array([[0.00000000e+00, 3.07839267e-01, 2.07091257e-02, ...,
        7.74421788e-07, 1.54735976e-04, 2.85279007e-03],
       [3.07839267e-01, 0.00000000e+00, 1.75442914e-02, ...,
        2.82190292e-05, 1.15396584e-04, 2.02692059e-03],
       [2.07091257e-02, 1.75442914e-02, 0.00000000e+00, ...,
        5.36928169e-06, 1.58796837e-04, 1.67422453e-03],
       ...,
       [7.74421788e-07, 2.82190292e-05, 5.36928169e-06, ...,
        0.00000000e+00, 4.91501936e-03, 2.32075355e-02],
       [1.54735976e-04, 1.15396584e-04, 1.58796837e-04, ...,
        4.91501936e-03, 0.00000000e+00, 2.28280563e-02],
       [2.85279007e-03, 2.02692059e-03, 1.67422453e-03, ...,
        2.32075355e-02, 2.28280563e-02, 0.00000000e+00]], shape=(45, 45)), 'molecular-dipole': array([ 0.90191295,  0.4900257 , -0.88966301]), 'molecular-quadrupole': array([ 26.85762763,  60.15510653,   9.30038581, 123.0459513 ,
        47.10221552, -36.15801344])}
------------------------------------------------------------
  cycle        total energy    energy error   density error
------------------------------------------------------------
      1     -163.5476309470  -1.6330549E+02   1.6746711E-03
      2     -163.5462207682   1.4101788E-03   2.6502862E-03
      3     -163.5357295642   1.0491204E-02   6.2190960E-03
      4     -163.5470409293  -1.1311365E-02   1.9119250E-03
      5     -163.5475741737  -5.3324439E-04   1.1778201E-03
      6     -163.5476651048  -9.0931106E-05   5.2863806E-04
      7     -163.5476738941  -8.7892525E-06   3.1254769E-04
      8     -163.5476825987  -8.7046390E-06   1.3077159E-04
      9     -163.5476836029  -1.0042287E-06   5.3587917E-05
     10     -163.5476837517  -1.4873953E-07   3.5589863E-05
     11     -163.5476839122  -1.6056484E-07   1.7501932E-05
------------------------------------------------------------

 total:                                  13.183 sec
3
{'bond-orders': array([[0.00000000e+00, 3.07852347e-01, 2.06239269e-02, ...,
        6.39621175e-06, 1.72959222e-04, 3.01060855e-03],
       [3.07852347e-01, 0.00000000e+00, 1.76288195e-02, ...,
        3.78432580e-05, 1.29798388e-04, 2.10088817e-03],
       [2.06239269e-02, 1.76288195e-02, 0.00000000e+00, ...,
        6.73604176e-06, 1.71406326e-04, 1.75221454e-03],
       ...,
       [6.39621175e-06, 3.78432580e-05, 6.73604176e-06, ...,
        0.00000000e+00, 4.69436734e-03, 2.48048726e-02],
       [1.72959222e-04, 1.29798388e-04, 1.71406326e-04, ...,
        4.69436734e-03, 0.00000000e+00, 2.24780139e-02],
       [3.01060855e-03, 2.10088817e-03, 1.75221454e-03, ...,
        2.48048726e-02, 2.24780139e-02, 0.00000000e+00]], shape=(45, 45))}
{'bond-orders': array([[0.00000000e+00, 3.07852347e-01, 2.06239269e-02, ...,
        6.39621175e-06, 1.72959222e-04, 3.01060855e-03],
       [3.07852347e-01, 0.00000000e+00, 1.76288195e-02, ...,
        3.78432580e-05, 1.29798388e-04, 2.10088817e-03],
       [2.06239269e-02, 1.76288195e-02, 0.00000000e+00, ...,
        6.73604176e-06, 1.71406326e-04, 1.75221454e-03],
       ...,
       [6.39621175e-06, 3.78432580e-05, 6.73604176e-06, ...,
        0.00000000e+00, 4.69436734e-03, 2.48048726e-02],
       [1.72959222e-04, 1.29798388e-04, 1.71406326e-04, ...,
        4.69436734e-03, 0.00000000e+00, 2.24780139e-02],
       [3.01060855e-03, 2.10088817e-03, 1.75221454e-03, ...,
        2.48048726e-02, 2.24780139e-02, 0.00000000e+00]], shape=(45, 45)), 'molecular-dipole': array([ 0.93181164,  0.56488365, -0.92852734])}
{'bond-orders': array([[0.00000000e+00, 3.07852347e-01, 2.06239269e-02, ...,
        6.39621175e-06, 1.72959222e-04, 3.01060855e-03],
       [3.07852347e-01, 0.00000000e+00, 1.76288195e-02, ...,
        3.78432580e-05, 1.29798388e-04, 2.10088817e-03],
       [2.06239269e-02, 1.76288195e-02, 0.00000000e+00, ...,
        6.73604176e-06, 1.71406326e-04, 1.75221454e-03],
       ...,
       [6.39621175e-06, 3.78432580e-05, 6.73604176e-06, ...,
        0.00000000e+00, 4.69436734e-03, 2.48048726e-02],
       [1.72959222e-04, 1.29798388e-04, 1.71406326e-04, ...,
        4.69436734e-03, 0.00000000e+00, 2.24780139e-02],
       [3.01060855e-03, 2.10088817e-03, 1.75221454e-03, ...,
        2.48048726e-02, 2.24780139e-02, 0.00000000e+00]], shape=(45, 45)), 'molecular-dipole': array([ 0.93181164,  0.56488365, -0.92852734]), 'molecular-quadrupole': array([ 28.85574869,  63.10846832,  11.13353795, 125.6781119 ,
        56.0171423 , -39.98928664])}
------------------------------------------------------------
  cycle        total energy    energy error   density error
------------------------------------------------------------
      1     -163.5481936529  -1.6330408E+02   2.4692905E-03
      2     -163.5188806982   2.9312955E-02   9.8209202E-03
      3     -163.5417762794  -2.2895581E-02   5.0326273E-03
      4     -163.5482996792  -6.5233998E-03   1.5412756E-03
      5     -163.5483098789  -1.0199640E-05   1.5467259E-03
      6     -163.5484348154  -1.2493648E-04   9.8508203E-04
      7     -163.5484957362  -6.0920817E-05   3.7108780E-04
      8     -163.5485022291  -6.4929446E-06   1.9659701E-04
      9     -163.5485036011  -1.3719749E-06   7.9388762E-05
     10     -163.5485038175  -2.1638084E-07   5.0850656E-05
     11     -163.5485040152  -1.9770471E-07   2.7108616E-05
     12     -163.5485041087  -9.3547584E-08   1.2016868E-05
------------------------------------------------------------

 total:                                  13.439 sec
3
{'bond-orders': array([[0.00000000e+00, 3.08153617e-01, 2.04432778e-02, ...,
        1.39634106e-05, 1.70717734e-04, 3.30033966e-03],
       [3.08153617e-01, 0.00000000e+00, 1.79601684e-02, ...,
        4.19682364e-05, 1.19345898e-04, 2.07920183e-03],
       [2.04432778e-02, 1.79601684e-02, 0.00000000e+00, ...,
        3.46240971e-06, 1.56242448e-04, 1.79575276e-03],
       ...,
       [1.39634106e-05, 4.19682364e-05, 3.46240971e-06, ...,
        0.00000000e+00, 4.24974669e-03, 2.34993705e-02],
       [1.70717734e-04, 1.19345898e-04, 1.56242448e-04, ...,
        4.24974669e-03, 0.00000000e+00, 2.09519992e-02],
       [3.30033966e-03, 2.07920183e-03, 1.79575276e-03, ...,
        2.34993705e-02, 2.09519992e-02, 0.00000000e+00]], shape=(45, 45))}
{'bond-orders': array([[0.00000000e+00, 3.08153617e-01, 2.04432778e-02, ...,
        1.39634106e-05, 1.70717734e-04, 3.30033966e-03],
       [3.08153617e-01, 0.00000000e+00, 1.79601684e-02, ...,
        4.19682364e-05, 1.19345898e-04, 2.07920183e-03],
       [2.04432778e-02, 1.79601684e-02, 0.00000000e+00, ...,
        3.46240971e-06, 1.56242448e-04, 1.79575276e-03],
       ...,
       [1.39634106e-05, 4.19682364e-05, 3.46240971e-06, ...,
        0.00000000e+00, 4.24974669e-03, 2.34993705e-02],
       [1.70717734e-04, 1.19345898e-04, 1.56242448e-04, ...,
        4.24974669e-03, 0.00000000e+00, 2.09519992e-02],
       [3.30033966e-03, 2.07920183e-03, 1.79575276e-03, ...,
        2.34993705e-02, 2.09519992e-02, 0.00000000e+00]], shape=(45, 45)), 'molecular-dipole': array([ 0.87259252,  0.55684356, -0.84714758])}
{'bond-orders': array([[0.00000000e+00, 3.08153617e-01, 2.04432778e-02, ...,
        1.39634106e-05, 1.70717734e-04, 3.30033966e-03],
       [3.08153617e-01, 0.00000000e+00, 1.79601684e-02, ...,
        4.19682364e-05, 1.19345898e-04, 2.07920183e-03],
       [2.04432778e-02, 1.79601684e-02, 0.00000000e+00, ...,
        3.46240971e-06, 1.56242448e-04, 1.79575276e-03],
       ...,
       [1.39634106e-05, 4.19682364e-05, 3.46240971e-06, ...,
        0.00000000e+00, 4.24974669e-03, 2.34993705e-02],
       [1.70717734e-04, 1.19345898e-04, 1.56242448e-04, ...,
        4.24974669e-03, 0.00000000e+00, 2.09519992e-02],
       [3.30033966e-03, 2.07920183e-03, 1.79575276e-03, ...,
        2.34993705e-02, 2.09519992e-02, 0.00000000e+00]], shape=(45, 45)), 'molecular-dipole': array([ 0.87259252,  0.55684356, -0.84714758]), 'molecular-quadrupole': array([ 24.09019885,  60.57832153,   8.31835539, 121.05167406,
        56.32404061, -32.40855424])}
------------------------------------------------------------
  cycle        total energy    energy error   density error
------------------------------------------------------------
      1     -163.5490468448  -1.6330670E+02   1.4331395E-03
      2     -163.5323600830   1.6686762E-02   7.4062347E-03
      3     -163.5467896744  -1.4429591E-02   3.1321954E-03
      4     -163.5490853942  -2.2957198E-03   1.0701227E-03
      5     -163.5492010819  -1.1568771E-04   6.6460626E-04
      6     -163.5492130922  -1.2010239E-05   4.4843313E-04
      7     -163.5492249882  -1.1896035E-05   2.2619797E-04
      8     -163.5492276042  -2.6159948E-06   6.9166435E-05
      9     -163.5492277351  -1.3091909E-07   3.3156217E-05
     10     -163.5492277507  -1.5623186E-08   2.3517106E-05
     11     -163.5492277827  -3.1997757E-08   9.5914616E-06
------------------------------------------------------------

 total:                                  13.166 sec
3
{'bond-orders': array([[0.00000000e+00, 3.08156306e-01, 2.04368169e-02, ...,
        1.52671037e-05, 1.76683801e-04, 3.33859112e-03],
       [3.08156306e-01, 0.00000000e+00, 1.79498958e-02, ...,
        4.61090197e-05, 1.25509740e-04, 2.13135803e-03],
       [2.04368169e-02, 1.79498958e-02, 0.00000000e+00, ...,
        4.78862902e-06, 1.60012568e-04, 1.82411012e-03],
       ...,
       [1.52671037e-05, 4.61090197e-05, 4.78862902e-06, ...,
        0.00000000e+00, 4.10731446e-03, 2.38279046e-02],
       [1.76683801e-04, 1.25509740e-04, 1.60012568e-04, ...,
        4.10731446e-03, 0.00000000e+00, 2.08319558e-02],
       [3.33859112e-03, 2.13135803e-03, 1.82411012e-03, ...,
        2.38279046e-02, 2.08319558e-02, 0.00000000e+00]], shape=(45, 45))}
{'bond-orders': array([[0.00000000e+00, 3.08156306e-01, 2.04368169e-02, ...,
        1.52671037e-05, 1.76683801e-04, 3.33859112e-03],
       [3.08156306e-01, 0.00000000e+00, 1.79498958e-02, ...,
        4.61090197e-05, 1.25509740e-04, 2.13135803e-03],
       [2.04368169e-02, 1.79498958e-02, 0.00000000e+00, ...,
        4.78862902e-06, 1.60012568e-04, 1.82411012e-03],
       ...,
       [1.52671037e-05, 4.61090197e-05, 4.78862902e-06, ...,
        0.00000000e+00, 4.10731446e-03, 2.38279046e-02],
       [1.76683801e-04, 1.25509740e-04, 1.60012568e-04, ...,
        4.10731446e-03, 0.00000000e+00, 2.08319558e-02],
       [3.33859112e-03, 2.13135803e-03, 1.82411012e-03, ...,
        2.38279046e-02, 2.08319558e-02, 0.00000000e+00]], shape=(45, 45)), 'molecular-dipole': array([ 0.90660803,  0.61218089, -0.89974163])}
{'bond-orders': array([[0.00000000e+00, 3.08156306e-01, 2.04368169e-02, ...,
        1.52671037e-05, 1.76683801e-04, 3.33859112e-03],
       [3.08156306e-01, 0.00000000e+00, 1.79498958e-02, ...,
        4.61090197e-05, 1.25509740e-04, 2.13135803e-03],
       [2.04368169e-02, 1.79498958e-02, 0.00000000e+00, ...,
        4.78862902e-06, 1.60012568e-04, 1.82411012e-03],
       ...,
       [1.52671037e-05, 4.61090197e-05, 4.78862902e-06, ...,
        0.00000000e+00, 4.10731446e-03, 2.38279046e-02],
       [1.76683801e-04, 1.25509740e-04, 1.60012568e-04, ...,
        4.10731446e-03, 0.00000000e+00, 2.08319558e-02],
       [3.33859112e-03, 2.13135803e-03, 1.82411012e-03, ...,
        2.38279046e-02, 2.08319558e-02, 0.00000000e+00]], shape=(45, 45)), 'molecular-dipole': array([ 0.90660803,  0.61218089, -0.89974163]), 'molecular-quadrupole': array([ 26.86145017,  63.51926272,  10.53854735, 123.63194433,
        62.3440701 , -37.39999751])}
------------------------------------------------------------
  cycle        total energy    energy error   density error
------------------------------------------------------------
      1     -163.5508318968  -1.6330881E+02   1.6964121E-03
      2     -163.5501359575   6.9593927E-04   3.2375304E-03
      3     -163.5490498142   1.0861433E-03   2.7994589E-03
      4     -163.5483568036   6.9301064E-04   2.9312945E-03
      5     -163.5508169421  -2.4601386E-03   9.1631115E-04
      6     -163.5509101960  -9.3253817E-05   7.1649591E-04
      7     -163.5509430779  -3.2881922E-05   2.7140673E-04
      8     -163.5509466781  -3.6002509E-06   5.1624177E-05
      9     -163.5509467496  -7.1420658E-08   2.8785291E-05
     10     -163.5509468514  -1.0186855E-07   1.8912770E-05
------------------------------------------------------------

 total:                                  12.868 sec
3
{'bond-orders': array([[0.00000000e+00, 3.08294764e-01, 2.02471304e-02, ...,
        2.18263018e-05, 2.15385919e-04, 3.62628449e-03],
       [3.08294764e-01, 0.00000000e+00, 1.81723830e-02, ...,
        5.45699437e-05, 1.44901781e-04, 2.20113796e-03],
       [2.02471304e-02, 1.81723830e-02, 0.00000000e+00, ...,
        4.60869526e-06, 1.77535398e-04, 1.92425589e-03],
       ...,
       [2.18263018e-05, 5.45699437e-05, 4.60869526e-06, ...,
        0.00000000e+00, 3.67542009e-03, 2.34051642e-02],
       [2.15385919e-04, 1.44901781e-04, 1.77535398e-04, ...,
        3.67542009e-03, 0.00000000e+00, 2.02894946e-02],
       [3.62628449e-03, 2.20113796e-03, 1.92425589e-03, ...,
        2.34051642e-02, 2.02894946e-02, 0.00000000e+00]], shape=(45, 45))}
{'bond-orders': array([[0.00000000e+00, 3.08294764e-01, 2.02471304e-02, ...,
        2.18263018e-05, 2.15385919e-04, 3.62628449e-03],
       [3.08294764e-01, 0.00000000e+00, 1.81723830e-02, ...,
        5.45699437e-05, 1.44901781e-04, 2.20113796e-03],
       [2.02471304e-02, 1.81723830e-02, 0.00000000e+00, ...,
        4.60869526e-06, 1.77535398e-04, 1.92425589e-03],
       ...,
       [2.18263018e-05, 5.45699437e-05, 4.60869526e-06, ...,
        0.00000000e+00, 3.67542009e-03, 2.34051642e-02],
       [2.15385919e-04, 1.44901781e-04, 1.77535398e-04, ...,
        3.67542009e-03, 0.00000000e+00, 2.02894946e-02],
       [3.62628449e-03, 2.20113796e-03, 1.92425589e-03, ...,
        2.34051642e-02, 2.02894946e-02, 0.00000000e+00]], shape=(45, 45)), 'molecular-dipole': array([ 0.93633253,  0.72244443, -0.93988629])}
{'bond-orders': array([[0.00000000e+00, 3.08294764e-01, 2.02471304e-02, ...,
        2.18263018e-05, 2.15385919e-04, 3.62628449e-03],
       [3.08294764e-01, 0.00000000e+00, 1.81723830e-02, ...,
        5.45699437e-05, 1.44901781e-04, 2.20113796e-03],
       [2.02471304e-02, 1.81723830e-02, 0.00000000e+00, ...,
        4.60869526e-06, 1.77535398e-04, 1.92425589e-03],
       ...,
       [2.18263018e-05, 5.45699437e-05, 4.60869526e-06, ...,
        0.00000000e+00, 3.67542009e-03, 2.34051642e-02],
       [2.15385919e-04, 1.44901781e-04, 1.77535398e-04, ...,
        3.67542009e-03, 0.00000000e+00, 2.02894946e-02],
       [3.62628449e-03, 2.20113796e-03, 1.92425589e-03, ...,
        2.34051642e-02, 2.02894946e-02, 0.00000000e+00]], shape=(45, 45)), 'molecular-dipole': array([ 0.93633253,  0.72244443, -0.93988629]), 'molecular-quadrupole': array([ 28.86737736,  67.97022954,  12.87133984, 126.18011211,
        75.43373715, -41.7387172 ])}
------------------------------------------------------------
  cycle        total energy    energy error   density error
------------------------------------------------------------
      1     -163.5525643534  -1.6331260E+02   2.2602325E-03
      2     -163.5449026397   7.6617137E-03   5.9693405E-03
      3     -163.5309434034   1.3959236E-02   8.5099590E-03
      4     -163.5517420609  -2.0798657E-02   2.3598556E-03
      5     -163.5526817809  -9.3971996E-04   1.1510323E-03
      6     -163.5527185374  -3.6756490E-05   9.0924666E-04
      7     -163.5527919035  -7.3366081E-05   3.3821208E-04
      8     -163.5527984092  -6.5057898E-06   9.9905586E-05
      9     -163.5527985549  -1.4569318E-07   4.9003266E-05
     10     -163.5527986884  -1.3347824E-07   2.4740912E-05
     11     -163.5527987458  -5.7342731E-08   1.5853144E-05
------------------------------------------------------------

 total:                                  13.170 sec
3
{'bond-orders': array([[0.00000000e+00, 3.08308082e-01, 2.00392086e-02, ...,
        2.49065918e-05, 2.36945679e-04, 3.76763307e-03],
       [3.08308082e-01, 0.00000000e+00, 1.83134959e-02, ...,
        5.84431475e-05, 1.48259774e-04, 2.17031203e-03],
       [2.00392086e-02, 1.83134959e-02, 0.00000000e+00, ...,
        1.77355870e-06, 1.68608653e-04, 1.87576706e-03],
       ...,
       [2.49065918e-05, 5.84431475e-05, 1.77355870e-06, ...,
        0.00000000e+00, 3.19365621e-03, 2.24386929e-02],
       [2.36945679e-04, 1.48259774e-04, 1.68608653e-04, ...,
        3.19365621e-03, 0.00000000e+00, 1.95099217e-02],
       [3.76763307e-03, 2.17031203e-03, 1.87576706e-03, ...,
        2.24386929e-02, 1.95099217e-02, 0.00000000e+00]], shape=(45, 45))}
{'bond-orders': array([[0.00000000e+00, 3.08308082e-01, 2.00392086e-02, ...,
        2.49065918e-05, 2.36945679e-04, 3.76763307e-03],
       [3.08308082e-01, 0.00000000e+00, 1.83134959e-02, ...,
        5.84431475e-05, 1.48259774e-04, 2.17031203e-03],
       [2.00392086e-02, 1.83134959e-02, 0.00000000e+00, ...,
        1.77355870e-06, 1.68608653e-04, 1.87576706e-03],
       ...,
       [2.49065918e-05, 5.84431475e-05, 1.77355870e-06, ...,
        0.00000000e+00, 3.19365621e-03, 2.24386929e-02],
       [2.36945679e-04, 1.48259774e-04, 1.68608653e-04, ...,
        3.19365621e-03, 0.00000000e+00, 1.95099217e-02],
       [3.76763307e-03, 2.17031203e-03, 1.87576706e-03, ...,
        2.24386929e-02, 1.95099217e-02, 0.00000000e+00]], shape=(45, 45)), 'molecular-dipole': array([ 0.97708063,  0.83870789, -0.98426004])}
{'bond-orders': array([[0.00000000e+00, 3.08308082e-01, 2.00392086e-02, ...,
        2.49065918e-05, 2.36945679e-04, 3.76763307e-03],
       [3.08308082e-01, 0.00000000e+00, 1.83134959e-02, ...,
        5.84431475e-05, 1.48259774e-04, 2.17031203e-03],
       [2.00392086e-02, 1.83134959e-02, 0.00000000e+00, ...,
        1.77355870e-06, 1.68608653e-04, 1.87576706e-03],
       ...,
       [2.49065918e-05, 5.84431475e-05, 1.77355870e-06, ...,
        0.00000000e+00, 3.19365621e-03, 2.24386929e-02],
       [2.36945679e-04, 1.48259774e-04, 1.68608653e-04, ...,
        3.19365621e-03, 0.00000000e+00, 1.95099217e-02],
       [3.76763307e-03, 2.17031203e-03, 1.87576706e-03, ...,
        2.24386929e-02, 1.95099217e-02, 0.00000000e+00]], shape=(45, 45)), 'molecular-dipole': array([ 0.97708063,  0.83870789, -0.98426004]), 'molecular-quadrupole': array([ 31.08595196,  72.97320666,  15.32708305, 129.91699768,
        88.97714379, -46.41303501])}
------------------------------------------------------------
  cycle        total energy    energy error   density error
------------------------------------------------------------
      1     -163.5540084049  -1.6331575E+02   1.6011670E-03
      2     -163.5491729141   4.8354908E-03   4.4367124E-03
      3     -163.5447309167   4.4419974E-03   5.5982904E-03
      4     -163.5536213808  -8.8904640E-03   1.6599121E-03
      5     -163.5540509088  -4.2952798E-04   9.6782882E-04
      6     -163.5540709957  -2.0086976E-05   7.1586135E-04
      7     -163.5541122119  -4.1216138E-05   2.5330947E-04
      8     -163.5541161079  -3.8960554E-06   7.9158327E-05
      9     -163.5541164633  -3.5532429E-07   4.8362000E-05
     10     -163.5541165183  -5.5012151E-08   3.9595770E-05
     11     -163.5541165930  -7.4678667E-08   1.1848890E-05
------------------------------------------------------------

 total:                                  13.057 sec
3
{'bond-orders': array([[0.00000000e+00, 3.08243616e-01, 1.99389350e-02, ...,
        2.61756074e-05, 2.54727509e-04, 3.76237099e-03],
       [3.08243616e-01, 0.00000000e+00, 1.83239971e-02, ...,
        6.13726122e-05, 1.52776417e-04, 2.11869175e-03],
       [1.99389350e-02, 1.83239971e-02, 0.00000000e+00, ...,
        7.58310441e-07, 1.63663663e-04, 1.78875212e-03],
       ...,
       [2.61756074e-05, 6.13726122e-05, 7.58310441e-07, ...,
        0.00000000e+00, 3.09797187e-03, 2.25421653e-02],
       [2.54727509e-04, 1.52776417e-04, 1.63663663e-04, ...,
        3.09797187e-03, 0.00000000e+00, 1.95340255e-02],
       [3.76237099e-03, 2.11869175e-03, 1.78875212e-03, ...,
        2.25421653e-02, 1.95340255e-02, 0.00000000e+00]], shape=(45, 45))}
{'bond-orders': array([[0.00000000e+00, 3.08243616e-01, 1.99389350e-02, ...,
        2.61756074e-05, 2.54727509e-04, 3.76237099e-03],
       [3.08243616e-01, 0.00000000e+00, 1.83239971e-02, ...,
        6.13726122e-05, 1.52776417e-04, 2.11869175e-03],
       [1.99389350e-02, 1.83239971e-02, 0.00000000e+00, ...,
        7.58310441e-07, 1.63663663e-04, 1.78875212e-03],
       ...,
       [2.61756074e-05, 6.13726122e-05, 7.58310441e-07, ...,
        0.00000000e+00, 3.09797187e-03, 2.25421653e-02],
       [2.54727509e-04, 1.52776417e-04, 1.63663663e-04, ...,
        3.09797187e-03, 0.00000000e+00, 1.95340255e-02],
       [3.76237099e-03, 2.11869175e-03, 1.78875212e-03, ...,
        2.25421653e-02, 1.95340255e-02, 0.00000000e+00]], shape=(45, 45)), 'molecular-dipole': array([ 1.02623321,  0.92583142, -1.02688942])}
{'bond-orders': array([[0.00000000e+00, 3.08243616e-01, 1.99389350e-02, ...,
        2.61756074e-05, 2.54727509e-04, 3.76237099e-03],
       [3.08243616e-01, 0.00000000e+00, 1.83239971e-02, ...,
        6.13726122e-05, 1.52776417e-04, 2.11869175e-03],
       [1.99389350e-02, 1.83239971e-02, 0.00000000e+00, ...,
        7.58310441e-07, 1.63663663e-04, 1.78875212e-03],
       ...,
       [2.61756074e-05, 6.13726122e-05, 7.58310441e-07, ...,
        0.00000000e+00, 3.09797187e-03, 2.25421653e-02],
       [2.54727509e-04, 1.52776417e-04, 1.63663663e-04, ...,
        3.09797187e-03, 0.00000000e+00, 1.95340255e-02],
       [3.76237099e-03, 2.11869175e-03, 1.78875212e-03, ...,
        2.25421653e-02, 1.95340255e-02, 0.00000000e+00]], shape=(45, 45)), 'molecular-dipole': array([ 1.02623321,  0.92583142, -1.02688942]), 'molecular-quadrupole': array([ 33.64878766,  77.32757331,  17.29176718, 134.54410967,
        98.904228  , -50.94055484])}
------------------------------------------------------------
  cycle        total energy    energy error   density error
------------------------------------------------------------
      1     -163.5557686319  -1.6331621E+02   1.6930645E-03
      2     -163.5553707468   3.9788514E-04   2.8091393E-03
      3     -163.5553623056   8.4411651E-06   1.7339987E-03
      4     -163.5517099051   3.6524005E-03   3.6449787E-03
      5     -163.5554277921  -3.7178870E-03   1.5014604E-03
      6     -163.5558006648  -3.7287266E-04   7.3856863E-04
      7     -163.5558529674  -5.2302618E-05   2.2029182E-04
      8     -163.5558553197  -2.3522782E-06   7.2402204E-05
      9     -163.5558552905   2.9155046E-08   6.0073570E-05
     10     -163.5558553871  -9.6518249E-08   3.6641740E-05
     11     -163.5558554684  -8.1313118E-08   1.0565228E-05
------------------------------------------------------------

 total:                                  13.210 sec
3
{'bond-orders': array([[ 0.00000000e+00,  3.08078555e-01,  1.97340408e-02, ...,
         2.78594156e-05,  2.78705720e-04,  3.70808681e-03],
       [ 3.08078555e-01,  0.00000000e+00,  1.83673566e-02, ...,
         6.17061357e-05,  1.54002261e-04,  1.98865415e-03],
       [ 1.97340408e-02,  1.83673566e-02,  0.00000000e+00, ...,
        -1.62202813e-06,  1.53144799e-04,  1.64293098e-03],
       ...,
       [ 2.78594156e-05,  6.17061357e-05, -1.62202813e-06, ...,
         0.00000000e+00,  3.16587493e-03,  2.29110262e-02],
       [ 2.78705720e-04,  1.54002261e-04,  1.53144799e-04, ...,
         3.16587493e-03,  0.00000000e+00,  1.97657182e-02],
       [ 3.70808681e-03,  1.98865415e-03,  1.64293098e-03, ...,
         2.29110262e-02,  1.97657182e-02,  0.00000000e+00]],
      shape=(45, 45))}
{'bond-orders': array([[ 0.00000000e+00,  3.08078555e-01,  1.97340408e-02, ...,
         2.78594156e-05,  2.78705720e-04,  3.70808681e-03],
       [ 3.08078555e-01,  0.00000000e+00,  1.83673566e-02, ...,
         6.17061357e-05,  1.54002261e-04,  1.98865415e-03],
       [ 1.97340408e-02,  1.83673566e-02,  0.00000000e+00, ...,
        -1.62202813e-06,  1.53144799e-04,  1.64293098e-03],
       ...,
       [ 2.78594156e-05,  6.17061357e-05, -1.62202813e-06, ...,
         0.00000000e+00,  3.16587493e-03,  2.29110262e-02],
       [ 2.78705720e-04,  1.54002261e-04,  1.53144799e-04, ...,
         3.16587493e-03,  0.00000000e+00,  1.97657182e-02],
       [ 3.70808681e-03,  1.98865415e-03,  1.64293098e-03, ...,
         2.29110262e-02,  1.97657182e-02,  0.00000000e+00]],
      shape=(45, 45)), 'molecular-dipole': array([ 1.09395655,  1.04730973, -1.06337423])}
{'bond-orders': array([[ 0.00000000e+00,  3.08078555e-01,  1.97340408e-02, ...,
         2.78594156e-05,  2.78705720e-04,  3.70808681e-03],
       [ 3.08078555e-01,  0.00000000e+00,  1.83673566e-02, ...,
         6.17061357e-05,  1.54002261e-04,  1.98865415e-03],
       [ 1.97340408e-02,  1.83673566e-02,  0.00000000e+00, ...,
        -1.62202813e-06,  1.53144799e-04,  1.64293098e-03],
       ...,
       [ 2.78594156e-05,  6.17061357e-05, -1.62202813e-06, ...,
         0.00000000e+00,  3.16587493e-03,  2.29110262e-02],
       [ 2.78705720e-04,  1.54002261e-04,  1.53144799e-04, ...,
         3.16587493e-03,  0.00000000e+00,  1.97657182e-02],
       [ 3.70808681e-03,  1.98865415e-03,  1.64293098e-03, ...,
         2.29110262e-02,  1.97657182e-02,  0.00000000e+00]],
      shape=(45, 45)), 'molecular-dipole': array([ 1.09395655,  1.04730973, -1.06337423]), 'molecular-quadrupole': array([ 36.13891611,  83.0011003 ,  19.15275416, 141.55492299,
       112.99279393, -55.29167027])}
------------------------------------------------------------
  cycle        total energy    energy error   density error
------------------------------------------------------------
      1     -163.5568559466  -1.6332096E+02   2.8395576E-03
      2     -163.5502375129   6.6184338E-03   5.3703308E-03
      3     -163.5221044289   2.8133084E-02   1.0639206E-02
      4     -163.5556473570  -3.3542928E-02   2.7421013E-03
      5     -163.5568403992  -1.1930422E-03   2.0041773E-03
      6     -163.5569758698  -1.3547057E-04   1.1886714E-03
      7     -163.5570678504  -9.1980654E-05   4.9949997E-04
      8     -163.5570787561  -1.0905629E-05   2.4192263E-04
      9     -163.5570801518  -1.3957499E-06   1.1591931E-04
     10     -163.5570807641  -6.1229750E-07   6.4383617E-05
     11     -163.5570812213  -4.5714759E-07   3.2160131E-05
     12     -163.5570813845  -1.6321755E-07   1.1580616E-05
------------------------------------------------------------

 total:                                  10.936 sec
3
{'bond-orders': array([[0.00000000e+00, 3.07956054e-01, 1.97850745e-02, ...,
        3.29778674e-05, 3.25538656e-04, 3.64310483e-03],
       [3.07956054e-01, 0.00000000e+00, 1.82297543e-02, ...,
        7.30617112e-05, 1.76229294e-04, 1.99164173e-03],
       [1.97850745e-02, 1.82297543e-02, 0.00000000e+00, ...,
        2.28818284e-06, 1.62239672e-04, 1.55352258e-03],
       ...,
       [3.29778674e-05, 7.30617112e-05, 2.28818284e-06, ...,
        0.00000000e+00, 3.75968403e-03, 2.47299177e-02],
       [3.25538656e-04, 1.76229294e-04, 1.62239672e-04, ...,
        3.75968403e-03, 0.00000000e+00, 2.12367503e-02],
       [3.64310483e-03, 1.99164173e-03, 1.55352258e-03, ...,
        2.47299177e-02, 2.12367503e-02, 0.00000000e+00]], shape=(45, 45))}
{'bond-orders': array([[0.00000000e+00, 3.07956054e-01, 1.97850745e-02, ...,
        3.29778674e-05, 3.25538656e-04, 3.64310483e-03],
       [3.07956054e-01, 0.00000000e+00, 1.82297543e-02, ...,
        7.30617112e-05, 1.76229294e-04, 1.99164173e-03],
       [1.97850745e-02, 1.82297543e-02, 0.00000000e+00, ...,
        2.28818284e-06, 1.62239672e-04, 1.55352258e-03],
       ...,
       [3.29778674e-05, 7.30617112e-05, 2.28818284e-06, ...,
        0.00000000e+00, 3.75968403e-03, 2.47299177e-02],
       [3.25538656e-04, 1.76229294e-04, 1.62239672e-04, ...,
        3.75968403e-03, 0.00000000e+00, 2.12367503e-02],
       [3.64310483e-03, 1.99164173e-03, 1.55352258e-03, ...,
        2.47299177e-02, 2.12367503e-02, 0.00000000e+00]], shape=(45, 45)), 'molecular-dipole': array([ 1.19650603,  1.17722442, -1.17266387])}
{'bond-orders': array([[0.00000000e+00, 3.07956054e-01, 1.97850745e-02, ...,
        3.29778674e-05, 3.25538656e-04, 3.64310483e-03],
       [3.07956054e-01, 0.00000000e+00, 1.82297543e-02, ...,
        7.30617112e-05, 1.76229294e-04, 1.99164173e-03],
       [1.97850745e-02, 1.82297543e-02, 0.00000000e+00, ...,
        2.28818284e-06, 1.62239672e-04, 1.55352258e-03],
       ...,
       [3.29778674e-05, 7.30617112e-05, 2.28818284e-06, ...,
        0.00000000e+00, 3.75968403e-03, 2.47299177e-02],
       [3.25538656e-04, 1.76229294e-04, 1.62239672e-04, ...,
        3.75968403e-03, 0.00000000e+00, 2.12367503e-02],
       [3.64310483e-03, 1.99164173e-03, 1.55352258e-03, ...,
        2.47299177e-02, 2.12367503e-02, 0.00000000e+00]], shape=(45, 45)), 'molecular-dipole': array([ 1.19650603,  1.17722442, -1.17266387]), 'molecular-quadrupole': array([ 42.67589881,  90.10753464,  23.58065197, 150.68757765,
       127.13894778, -66.25655079])}
------------------------------------------------------------
  cycle        total energy    energy error   density error
------------------------------------------------------------
      1     -163.5582180506  -1.6331485E+02   1.9021409E-03
      2     -163.5526867047   5.5313458E-03   4.9641124E-03
      3     -163.5461258475   6.5608573E-03   6.2781958E-03
      4     -163.5581959974  -1.2070150E-02   1.3981478E-03
      5     -163.5581976785  -1.6810978E-06   1.4610474E-03
      6     -163.5581946908   2.9876563E-06   1.1601931E-03
      7     -163.5583177011  -1.2301029E-04   3.5770766E-04
      8     -163.5583258620  -8.1608966E-06   1.3755101E-04
      9     -163.5583265774  -7.1539432E-07   6.1469265E-05
     10     -163.5583267774  -1.9998615E-07   3.2679223E-05
     11     -163.5583268637  -8.6288708E-08   1.4046940E-05
------------------------------------------------------------

 total:                                   9.847 sec
3
{'bond-orders': array([[ 0.00000000e+00,  3.07663007e-01,  1.94723634e-02, ...,
         3.20751278e-05,  3.17791467e-04,  3.59083360e-03],
       [ 3.07663007e-01,  0.00000000e+00,  1.83456805e-02, ...,
         6.07899043e-05,  1.55906726e-04,  1.83627462e-03],
       [ 1.94723634e-02,  1.83456805e-02,  0.00000000e+00, ...,
        -2.46215816e-06,  1.39441539e-04,  1.45569133e-03],
       ...,
       [ 3.20751278e-05,  6.07899043e-05, -2.46215816e-06, ...,
         0.00000000e+00,  3.74352035e-03,  2.39127309e-02],
       [ 3.17791467e-04,  1.55906726e-04,  1.39441539e-04, ...,
         3.74352035e-03,  0.00000000e+00,  2.06259950e-02],
       [ 3.59083360e-03,  1.83627462e-03,  1.45569133e-03, ...,
         2.39127309e-02,  2.06259950e-02,  0.00000000e+00]],
      shape=(45, 45))}
{'bond-orders': array([[ 0.00000000e+00,  3.07663007e-01,  1.94723634e-02, ...,
         3.20751278e-05,  3.17791467e-04,  3.59083360e-03],
       [ 3.07663007e-01,  0.00000000e+00,  1.83456805e-02, ...,
         6.07899043e-05,  1.55906726e-04,  1.83627462e-03],
       [ 1.94723634e-02,  1.83456805e-02,  0.00000000e+00, ...,
        -2.46215816e-06,  1.39441539e-04,  1.45569133e-03],
       ...,
       [ 3.20751278e-05,  6.07899043e-05, -2.46215816e-06, ...,
         0.00000000e+00,  3.74352035e-03,  2.39127309e-02],
       [ 3.17791467e-04,  1.55906726e-04,  1.39441539e-04, ...,
         3.74352035e-03,  0.00000000e+00,  2.06259950e-02],
       [ 3.59083360e-03,  1.83627462e-03,  1.45569133e-03, ...,
         2.39127309e-02,  2.06259950e-02,  0.00000000e+00]],
      shape=(45, 45)), 'molecular-dipole': array([ 1.25415993,  1.28193776, -1.1659343 ])}
{'bond-orders': array([[ 0.00000000e+00,  3.07663007e-01,  1.94723634e-02, ...,
         3.20751278e-05,  3.17791467e-04,  3.59083360e-03],
       [ 3.07663007e-01,  0.00000000e+00,  1.83456805e-02, ...,
         6.07899043e-05,  1.55906726e-04,  1.83627462e-03],
       [ 1.94723634e-02,  1.83456805e-02,  0.00000000e+00, ...,
        -2.46215816e-06,  1.39441539e-04,  1.45569133e-03],
       ...,
       [ 3.20751278e-05,  6.07899043e-05, -2.46215816e-06, ...,
         0.00000000e+00,  3.74352035e-03,  2.39127309e-02],
       [ 3.17791467e-04,  1.55906726e-04,  1.39441539e-04, ...,
         3.74352035e-03,  0.00000000e+00,  2.06259950e-02],
       [ 3.59083360e-03,  1.83627462e-03,  1.45569133e-03, ...,
         2.39127309e-02,  2.06259950e-02,  0.00000000e+00]],
      shape=(45, 45)), 'molecular-dipole': array([ 1.25415993,  1.28193776, -1.1659343 ]), 'molecular-quadrupole': array([ 43.17807307,  94.57110324,  23.68518259, 158.01602061,
       140.04921158, -66.86325566])}
------------------------------------------------------------
  cycle        total energy    energy error   density error
------------------------------------------------------------
      1     -163.5593214961  -1.6331708E+02   7.1834761E-04
      2     -163.5567588310   2.5626650E-03   2.8858309E-03
      3     -163.5584310547  -1.6722236E-03   1.7991177E-03
      4     -163.5593384549  -9.0740024E-04   4.2923320E-04
      5     -163.5593247743   1.3680628E-05   4.0454162E-04
      6     -163.5593417264  -1.6952125E-05   2.5680788E-04
      7     -163.5593476139  -5.8875276E-06   1.2153085E-04
      8     -163.5593481282  -5.1429379E-07   6.2591322E-05
      9     -163.5593483442  -2.1597492E-07   3.2750461E-05
     10     -163.5593484774  -1.3319482E-07   2.1895268E-05
     11     -163.5593485365  -5.9134720E-08   8.0062121E-06
------------------------------------------------------------

 total:                                   9.831 sec
3
{'bond-orders': array([[ 0.00000000e+00,  3.07678588e-01,  1.95241699e-02, ...,
         3.34626124e-05,  3.27239496e-04,  3.69406671e-03],
       [ 3.07678588e-01,  0.00000000e+00,  1.83380179e-02, ...,
         6.29032740e-05,  1.63674904e-04,  1.92712717e-03],
       [ 1.95241699e-02,  1.83380179e-02,  0.00000000e+00, ...,
        -1.40951248e-06,  1.49209896e-04,  1.53276098e-03],
       ...,
       [ 3.34626124e-05,  6.29032740e-05, -1.40951248e-06, ...,
         0.00000000e+00,  3.76672135e-03,  2.36212317e-02],
       [ 3.27239496e-04,  1.63674904e-04,  1.49209896e-04, ...,
         3.76672135e-03,  0.00000000e+00,  2.06413010e-02],
       [ 3.69406671e-03,  1.92712717e-03,  1.53276098e-03, ...,
         2.36212317e-02,  2.06413010e-02,  0.00000000e+00]],
      shape=(45, 45))}
{'bond-orders': array([[ 0.00000000e+00,  3.07678588e-01,  1.95241699e-02, ...,
         3.34626124e-05,  3.27239496e-04,  3.69406671e-03],
       [ 3.07678588e-01,  0.00000000e+00,  1.83380179e-02, ...,
         6.29032740e-05,  1.63674904e-04,  1.92712717e-03],
       [ 1.95241699e-02,  1.83380179e-02,  0.00000000e+00, ...,
        -1.40951248e-06,  1.49209896e-04,  1.53276098e-03],
       ...,
       [ 3.34626124e-05,  6.29032740e-05, -1.40951248e-06, ...,
         0.00000000e+00,  3.76672135e-03,  2.36212317e-02],
       [ 3.27239496e-04,  1.63674904e-04,  1.49209896e-04, ...,
         3.76672135e-03,  0.00000000e+00,  2.06413010e-02],
       [ 3.69406671e-03,  1.92712717e-03,  1.53276098e-03, ...,
         2.36212317e-02,  2.06413010e-02,  0.00000000e+00]],
      shape=(45, 45)), 'molecular-dipole': array([ 1.25332256,  1.26607745, -1.18307364])}
{'bond-orders': array([[ 0.00000000e+00,  3.07678588e-01,  1.95241699e-02, ...,
         3.34626124e-05,  3.27239496e-04,  3.69406671e-03],
       [ 3.07678588e-01,  0.00000000e+00,  1.83380179e-02, ...,
         6.29032740e-05,  1.63674904e-04,  1.92712717e-03],
       [ 1.95241699e-02,  1.83380179e-02,  0.00000000e+00, ...,
        -1.40951248e-06,  1.49209896e-04,  1.53276098e-03],
       ...,
       [ 3.34626124e-05,  6.29032740e-05, -1.40951248e-06, ...,
         0.00000000e+00,  3.76672135e-03,  2.36212317e-02],
       [ 3.27239496e-04,  1.63674904e-04,  1.49209896e-04, ...,
         3.76672135e-03,  0.00000000e+00,  2.06413010e-02],
       [ 3.69406671e-03,  1.92712717e-03,  1.53276098e-03, ...,
         2.36212317e-02,  2.06413010e-02,  0.00000000e+00]],
      shape=(45, 45)), 'molecular-dipole': array([ 1.25332256,  1.26607745, -1.18307364]), 'molecular-quadrupole': array([ 44.03748475,  94.10915651,  24.22481714, 157.41003668,
       137.85795389, -68.26230189])}
------------------------------------------------------------
  cycle        total energy    energy error   density error
------------------------------------------------------------
      1     -163.5597409218  -1.6331785E+02   1.2225980E-03
      2     -163.5553586379   4.3822839E-03   3.8577555E-03
      3     -163.5540958389   1.2627990E-03   4.4072078E-03
      4     -163.5597772663  -5.6814275E-03   7.4170805E-04
      5     -163.5597906685  -1.3402115E-05   5.7315650E-04
      6     -163.5598077209  -1.7052440E-05   3.8142334E-04
      7     -163.5598214973  -1.3776401E-05   2.0624022E-04
      8     -163.5598237072  -2.2098681E-06   9.2494466E-05
      9     -163.5598238225  -1.1534567E-07   4.9736655E-05
     10     -163.5598239757  -1.5317801E-07   3.8658829E-05
     11     -163.5598241000  -1.2426241E-07   1.6042696E-05
------------------------------------------------------------

 total:                                   9.822 sec
3
{'bond-orders': array([[ 0.00000000e+00,  3.07568975e-01,  1.94861708e-02, ...,
         3.52423259e-05,  3.25228241e-04,  3.76519189e-03],
       [ 3.07568975e-01,  0.00000000e+00,  1.83341302e-02, ...,
         6.36260899e-05,  1.60630406e-04,  1.96956329e-03],
       [ 1.94861708e-02,  1.83341302e-02,  0.00000000e+00, ...,
        -9.40923684e-07,  1.45511407e-04,  1.56248436e-03],
       ...,
       [ 3.52423259e-05,  6.36260899e-05, -9.40923684e-07, ...,
         0.00000000e+00,  3.76906752e-03,  2.31517055e-02],
       [ 3.25228241e-04,  1.60630406e-04,  1.45511407e-04, ...,
         3.76906752e-03,  0.00000000e+00,  2.02126278e-02],
       [ 3.76519189e-03,  1.96956329e-03,  1.56248436e-03, ...,
         2.31517055e-02,  2.02126278e-02,  0.00000000e+00]],
      shape=(45, 45))}
{'bond-orders': array([[ 0.00000000e+00,  3.07568975e-01,  1.94861708e-02, ...,
         3.52423259e-05,  3.25228241e-04,  3.76519189e-03],
       [ 3.07568975e-01,  0.00000000e+00,  1.83341302e-02, ...,
         6.36260899e-05,  1.60630406e-04,  1.96956329e-03],
       [ 1.94861708e-02,  1.83341302e-02,  0.00000000e+00, ...,
        -9.40923684e-07,  1.45511407e-04,  1.56248436e-03],
       ...,
       [ 3.52423259e-05,  6.36260899e-05, -9.40923684e-07, ...,
         0.00000000e+00,  3.76906752e-03,  2.31517055e-02],
       [ 3.25228241e-04,  1.60630406e-04,  1.45511407e-04, ...,
         3.76906752e-03,  0.00000000e+00,  2.02126278e-02],
       [ 3.76519189e-03,  1.96956329e-03,  1.56248436e-03, ...,
         2.31517055e-02,  2.02126278e-02,  0.00000000e+00]],
      shape=(45, 45)), 'molecular-dipole': array([ 1.27996452,  1.29757437, -1.20701488])}
{'bond-orders': array([[ 0.00000000e+00,  3.07568975e-01,  1.94861708e-02, ...,
         3.52423259e-05,  3.25228241e-04,  3.76519189e-03],
       [ 3.07568975e-01,  0.00000000e+00,  1.83341302e-02, ...,
         6.36260899e-05,  1.60630406e-04,  1.96956329e-03],
       [ 1.94861708e-02,  1.83341302e-02,  0.00000000e+00, ...,
        -9.40923684e-07,  1.45511407e-04,  1.56248436e-03],
       ...,
       [ 3.52423259e-05,  6.36260899e-05, -9.40923684e-07, ...,
         0.00000000e+00,  3.76906752e-03,  2.31517055e-02],
       [ 3.25228241e-04,  1.60630406e-04,  1.45511407e-04, ...,
         3.76906752e-03,  0.00000000e+00,  2.02126278e-02],
       [ 3.76519189e-03,  1.96956329e-03,  1.56248436e-03, ...,
         2.31517055e-02,  2.02126278e-02,  0.00000000e+00]],
      shape=(45, 45)), 'molecular-dipole': array([ 1.27996452,  1.29757437, -1.20701488]), 'molecular-quadrupole': array([ 45.58739004,  95.76551938,  25.18269344, 160.10625518,
       141.48633188, -70.77008349])}
Using Materials Project MACE for MACECalculator with /home/ans819/.cache/mace/20231203mace128L1_epoch199model
Using float32 for MACECalculator, which is faster but less accurate. Recommended for MD. Use float64 for geometry optimization.
Using head Default out of ['Default']
Default dtype float32 does not match model dtype float64, converting models to float32.
CHGNet v0.3.0 initialized with 412,525 parameters
CHGNet will run on cpu
   30  Ag     12    4.39   0.01         0    2    0   0.004   17.255310   10.446506   31.667232
   31  Ag      7    3.92   0.18         0    2    0   0.015   25.981083   14.008788   33.260333
   32  Ag      9    4.27   0.07         0    2    0   0.008   22.490774    9.734049   33.260333
   33  Ag      8    4.14   0.12         0    2    0   0.013   13.765000   13.296331   34.853434
   34  Ag      9    4.27   0.07         0    2    0   0.020   10.274691    9.021593   34.853434
   35  Ag      9    4.27   0.07         0    2    0   0.009   19.000464   12.583875   36.446534
   36  Ag      5    3.15   0.34         0    2    0   0.016   22.490774   16.858613   36.446534
   37  Ag      6    3.59   0.26         0    2    0   0.014   24.235928   11.871418   38.039635
   38  Ag      3    2.00   0.41         2    2    0   0.010   27.726238   16.146157   38.039635
   39  Ag      5    3.15   0.32         0    2    0   0.031   12.019846   11.158962   39.632736
   40  Ag      3    2.00   0.39         2    2    0   0.012   15.510155   15.433700   39.632736
   41  C       5    3.80   0.00         3    0    0   0.029    7.027433    1.545270   43.737082
   42  H       1    1.04   0.03         0    0    0  -0.106    4.971460    1.158490   43.592169
   43  H       1    0.97   0.01         0    0    0  -0.106    8.065359    0.240341   42.487143
   44  H       1    0.97   0.01         0    0    0  -0.106    7.564554    1.165984   45.734864
   45  O       3    1.59   0.00         3    0    0  -0.439    7.578822    4.065906   43.264462

          #atoms :   45
          #bonds :   140
          #angl  :   212
          #tors  :   7
          #nmol  :   1
          #optfrag :   1
