/home/ans819/.conda/envs/autoflow/lib/python3.13/site-packages/e3nn/o3/_wigner.py:10: UserWarning: Environment variable TORCH_FORCE_NO_WEIGHTS_ONLY_LOAD detected, since the`weights_only` argument was not explicitly passed to `torch.load`, forcing weights_only=False.
  _Jd, _W3j_flat, _W3j_indices = torch.load(os.path.join(os.path.dirname(__file__), 'constants.pt'))

          ==================== Thresholds ====================
          CN  :   150.00000
          rep :   500.00000
          disp:  2500.00000
          HB1 :   250.00000
          HB2 :   450.00000

          Pauling EN used:
          Z : 1  EN :  2.20
          Z : 6  EN :  2.55
          Z : 8  EN :  3.44
          Z :47  EN :  1.93
          electric field strengths (au): 0.000

           ------------------------------------------------- 
          |           Force Field Initialization            |
           ------------------------------------------------- 

          distances ...
          ----------------------------------------
          generating topology and atomic info file ...
          pair mat ...
          computing topology distances matrix with Floyd-Warshall algo ...
          making topology EEQ charges ...
          #fragments for EEQ constrain: 1
          ----------------------------------------
          generating topology and atomic info file ...
          pair mat ...
          computing topology distances matrix with Floyd-Warshall algo ...
          making topology EEQ charges ...
          #fragments for EEQ constrain: 1
          rings ...
          # BATM   3482
          # H in HB   0

  atom   neighbors  erfCN metchar sp-hybrid imet pi  qest     coordinates
    1  Ag      2    1.35   0.37         2    2    0   0.000    3.199451    0.356229   26.103415
    2  Ag      5    3.15   0.31         0    2    0   0.015    6.689760    4.630967   26.103415
    3  Ag      9    4.27   0.07         0    2    0   0.007   15.415533    8.193249   27.696516
    4  Ag      7    3.92   0.19         0    2    0   0.012   11.925224    3.918511   27.696516
    5  Ag      7    3.92   0.19         0    2    0   0.013   20.650997    7.480793   29.289617
    6  Ag      6    3.59   0.27         0    2    0   0.016   17.160688    3.206054   29.289617
    7  Ag      9    4.27   0.07         0    2    0   0.008    8.434915    6.768336   30.882718
    8  Ag      6    3.59   0.23         0    2    0   0.016    4.944605    2.493598   30.882718
    9  Ag     12    4.39   0.01         0    2    0   0.006   13.670379    6.055880   32.475819
   10  Ag      7    3.92   0.19         0    2    0   0.015   10.180069    1.781141   32.475819
   11  Ag      9    4.27   0.07         0    2    0   0.018   18.905843    5.343423   34.068920
   12  Ag      6    3.59   0.27         0    2    0   0.027   15.415533    1.068685   34.068920
   13  Ag      8    4.14   0.11         0    2    0   0.016    6.689760    4.630967   35.662020
   14  Ag      3    2.00   0.37         2    2    0   0.010    3.199451    0.356229   35.662020
   15  Ag      8    4.14   0.12         0    2    0   0.023   11.925224    3.918511   37.255121
   16  Ag     10    4.34   0.04         0    2    0   0.016   15.415533    8.193249   37.255121
   17  Ag      6    3.37   0.34         0    2    0   0.093   17.160688    3.206054   38.848222
   18  Ag      9    4.21   0.11         0    2    0   0.119   20.650997    7.480793   38.848222
   19  Ag      3    2.00   0.37         2    2    0   0.009    4.944605    2.493598   40.441323
   20  Ag      5    3.15   0.32         0    2    0   0.020    8.434915    6.768336   40.441323
   21  Ag      6    3.59   0.26         0    2    0   0.011   10.180069    8.905705   26.103415
   22  Ag      5    3.15   0.34         0    2    0   0.012   13.670379   13.180444   26.103415
   23  Ag      4    2.61   0.38         3    2    0   0.016   22.396152   16.742726   27.696516
   24  Ag      8    4.14   0.12         0    2    0   0.009   18.905843   12.467987   27.696516
   25  Ag      3    2.00   0.39         2    2    0   0.009   27.631616   16.030269   29.289617
   26  Ag      7    3.92   0.19         0    2    0   0.019   24.141307   11.755531   29.289617
   27  Ag      6    3.59   0.27         0    2    0   0.011   15.415533   15.317813   30.882718
   28  Ag      9    4.27   0.07         0    2    0   0.006   11.925224   11.043075   30.882718
   29  Ag      9    4.27   0.07         0    2    0   0.013   20.650997   14.605357   32.475819
/home/ans819/.conda/envs/autoflow/lib/python3.13/site-packages/mace/calculators/mace.py:197: UserWarning: Environment variable TORCH_FORCE_NO_WEIGHTS_ONLY_LOAD detected, since the`weights_only` argument was not explicitly passed to `torch.load`, forcing weights_only=False.
  torch.load(f=model_path, map_location=device)
/home/ans819/.conda/envs/autoflow/lib/python3.13/site-packages/chgnet/model/model.py:898: UserWarning: Converting a tensor with requires_grad=True to a scalar may lead to unexpected behavior.
Consider using tensor.detach() first. (Triggered internally at /pytorch/torch/csrc/autograd/generated/python_variable_methods.cpp:836.)
  volumes = torch.tensor(volumes, dtype=TORCH_DTYPE, device=atomic_numbers.device)
cuequivariance or cuequivariance_torch is not available. Cuequivariance acceleration will be disabled.
------------------------------------------------------------
  cycle        total energy    energy error   density error
------------------------------------------------------------
      1     -163.2014890067  -1.6295743E+02   9.9824842E-01
      2     -161.6413599307   1.5601291E+00   6.2136991E-01
      3      362.9207729447   5.2456213E+02   1.8261854E+00
      4     -117.9057127333  -4.8082649E+02   9.1247029E-01
      5     -96.16702796967   2.1738685E+01   5.1987101E-01
      6     -106.4135318821  -1.0246504E+01   5.2484637E-01
      7     -158.2941638240  -5.1880632E+01   2.1595810E-01
      8     -157.9741251369   3.2003869E-01   2.9128583E-01
      9     -158.7837944693  -8.0966933E-01   2.4309617E-01
     10     -163.2795128039  -4.4957183E+00   7.0920321E-02
     11     -163.4736302620  -1.9411746E-01   4.9269332E-02
     12     -163.3309268909   1.4270337E-01   5.4746804E-02
     13     -163.4408462875  -1.0991940E-01   4.7133936E-02
     14     -163.4941303750  -5.3284087E-02   3.6541363E-02
     15     -163.5019847548  -7.8543798E-03   3.2089690E-02
     16     -163.5068705626  -4.8858078E-03   2.9794509E-02
     17     -163.5150749972  -8.2044346E-03   2.5656401E-02
     18     -163.5239758869  -8.9008897E-03   1.9525341E-02
     19     -163.5271660080  -3.1901211E-03   1.5964149E-02
     20     -163.5296530115  -2.4870035E-03   1.2351353E-02
     21     -163.5295814336   7.1577920E-05   1.0877668E-02
     22     -163.5300686227  -4.8718912E-04   1.0306105E-02
     23     -163.5305316921  -4.6306945E-04   9.5147777E-03
     24     -163.5312648078  -7.3311569E-04   7.8062235E-03
     25     -163.5314857050  -2.2089720E-04   6.7457774E-03
     26     -163.5318801938  -3.9448875E-04   5.3597545E-03
     27     -163.5319639555  -8.3761745E-05   4.8885927E-03
     28     -163.5320103825  -4.6426997E-05   4.4498970E-03
     29     -163.5321962784  -1.8589584E-04   2.9620392E-03
     30     -163.5323067237  -1.1044531E-04   1.0254647E-03
     31     -163.5323207850  -1.4061357E-05   4.5976340E-04
     32     -163.5323221806  -1.3956186E-06   4.5556246E-04
     33     -163.5323249382  -2.7575310E-06   1.4277605E-04
     34     -163.5323250769  -1.3871369E-07   8.7686955E-05
     35     -163.5323251114  -3.4565488E-08   3.5753102E-05
     36     -163.5323251668  -5.5315127E-08   2.0294965E-05
     37     -163.5323251628   3.9634926E-09   1.3601966E-05
------------------------------------------------------------

 total:                                  21.565 sec
3
{'bond-orders': array([[ 0.00000000e+00,  3.08219873e-01,  2.14150131e-02, ...,
         2.05047062e-04,  7.04817882e-05,  2.10271482e-03],
       [ 3.08219873e-01,  0.00000000e+00,  2.36903714e-02, ...,
         2.49133096e-05, -3.87624344e-05,  7.49976192e-04],
       [ 2.14150131e-02,  2.36903714e-02,  0.00000000e+00, ...,
         7.72306881e-05,  1.31557705e-04,  2.07816714e-03],
       ...,
       [ 2.05047062e-04,  2.49133096e-05,  7.72306881e-05, ...,
         0.00000000e+00,  2.79263315e-03,  2.50982865e-02],
       [ 7.04817882e-05, -3.87624344e-05,  1.31557705e-04, ...,
         2.79263315e-03,  0.00000000e+00,  1.75000635e-02],
       [ 2.10271482e-03,  7.49976192e-04,  2.07816714e-03, ...,
         2.50982865e-02,  1.75000635e-02,  0.00000000e+00]],
      shape=(45, 45))}
{'bond-orders': array([[ 0.00000000e+00,  3.08219873e-01,  2.14150131e-02, ...,
         2.05047062e-04,  7.04817882e-05,  2.10271482e-03],
       [ 3.08219873e-01,  0.00000000e+00,  2.36903714e-02, ...,
         2.49133096e-05, -3.87624344e-05,  7.49976192e-04],
       [ 2.14150131e-02,  2.36903714e-02,  0.00000000e+00, ...,
         7.72306881e-05,  1.31557705e-04,  2.07816714e-03],
       ...,
       [ 2.05047062e-04,  2.49133096e-05,  7.72306881e-05, ...,
         0.00000000e+00,  2.79263315e-03,  2.50982865e-02],
       [ 7.04817882e-05, -3.87624344e-05,  1.31557705e-04, ...,
         2.79263315e-03,  0.00000000e+00,  1.75000635e-02],
       [ 2.10271482e-03,  7.49976192e-04,  2.07816714e-03, ...,
         2.50982865e-02,  1.75000635e-02,  0.00000000e+00]],
      shape=(45, 45)), 'molecular-dipole': array([-1.85209217,  1.15104055, -0.27553483])}
{'bond-orders': array([[ 0.00000000e+00,  3.08219873e-01,  2.14150131e-02, ...,
         2.05047062e-04,  7.04817882e-05,  2.10271482e-03],
       [ 3.08219873e-01,  0.00000000e+00,  2.36903714e-02, ...,
         2.49133096e-05, -3.87624344e-05,  7.49976192e-04],
       [ 2.14150131e-02,  2.36903714e-02,  0.00000000e+00, ...,
         7.72306881e-05,  1.31557705e-04,  2.07816714e-03],
       ...,
       [ 2.05047062e-04,  2.49133096e-05,  7.72306881e-05, ...,
         0.00000000e+00,  2.79263315e-03,  2.50982865e-02],
       [ 7.04817882e-05, -3.87624344e-05,  1.31557705e-04, ...,
         2.79263315e-03,  0.00000000e+00,  1.75000635e-02],
       [ 2.10271482e-03,  7.49976192e-04,  2.07816714e-03, ...,
         2.50982865e-02,  1.75000635e-02,  0.00000000e+00]],
      shape=(45, 45)), 'molecular-dipole': array([-1.85209217,  1.15104055, -0.27553483]), 'molecular-quadrupole': array([ -69.6733407 ,   28.11793013,   24.6755748 , -201.33028148,
        148.70165098,   44.9977659 ])}
------------------------------------------------------------
  cycle        total energy    energy error   density error
------------------------------------------------------------
      1     -163.5338290480  -1.6328932E+02   2.2238059E-03
      2     -163.5292594150   4.5696330E-03   4.0066559E-03
      3     -163.4980922438   3.1167171E-02   1.0727499E-02
      4     -163.5337885650  -3.5696321E-02   1.4026933E-03
      5     -163.5338543038  -6.5738762E-05   1.0693741E-03
      6     -163.5339206393  -6.6335540E-05   5.6940858E-04
      7     -163.5339490383  -2.8399000E-05   2.0021175E-04
      8     -163.5339506356  -1.5972415E-06   1.4119578E-04
      9     -163.5339506724  -3.6777834E-08   9.2750815E-05
     10     -163.5339518372  -1.1648305E-06   5.0128988E-05
     11     -163.5339523388  -5.0161177E-07   2.4725985E-05
     12     -163.5339524567  -1.1790794E-07   5.7549284E-06
------------------------------------------------------------

 total:                                  13.695 sec
3
{'bond-orders': array([[ 0.00000000e+00,  3.08109475e-01,  2.13777078e-02, ...,
         2.15851118e-04,  8.68411925e-05,  2.05387779e-03],
       [ 3.08109475e-01,  0.00000000e+00,  2.37061859e-02, ...,
         2.58610209e-05, -2.29518954e-05,  7.48734658e-04],
       [ 2.13777078e-02,  2.37061859e-02,  0.00000000e+00, ...,
         8.15831387e-05,  1.51568915e-04,  2.02449779e-03],
       ...,
       [ 2.15851118e-04,  2.58610209e-05,  8.15831387e-05, ...,
         0.00000000e+00,  3.18024974e-03,  2.60366539e-02],
       [ 8.68411925e-05, -2.29518954e-05,  1.51568915e-04, ...,
         3.18024974e-03,  0.00000000e+00,  1.91827204e-02],
       [ 2.05387779e-03,  7.48734658e-04,  2.02449779e-03, ...,
         2.60366539e-02,  1.91827204e-02,  0.00000000e+00]],
      shape=(45, 45))}
{'bond-orders': array([[ 0.00000000e+00,  3.08109475e-01,  2.13777078e-02, ...,
         2.15851118e-04,  8.68411925e-05,  2.05387779e-03],
       [ 3.08109475e-01,  0.00000000e+00,  2.37061859e-02, ...,
         2.58610209e-05, -2.29518954e-05,  7.48734658e-04],
       [ 2.13777078e-02,  2.37061859e-02,  0.00000000e+00, ...,
         8.15831387e-05,  1.51568915e-04,  2.02449779e-03],
       ...,
       [ 2.15851118e-04,  2.58610209e-05,  8.15831387e-05, ...,
         0.00000000e+00,  3.18024974e-03,  2.60366539e-02],
       [ 8.68411925e-05, -2.29518954e-05,  1.51568915e-04, ...,
         3.18024974e-03,  0.00000000e+00,  1.91827204e-02],
       [ 2.05387779e-03,  7.48734658e-04,  2.02449779e-03, ...,
         2.60366539e-02,  1.91827204e-02,  0.00000000e+00]],
      shape=(45, 45)), 'molecular-dipole': array([-1.85406161,  1.13627935, -0.26630908])}
{'bond-orders': array([[ 0.00000000e+00,  3.08109475e-01,  2.13777078e-02, ...,
         2.15851118e-04,  8.68411925e-05,  2.05387779e-03],
       [ 3.08109475e-01,  0.00000000e+00,  2.37061859e-02, ...,
         2.58610209e-05, -2.29518954e-05,  7.48734658e-04],
       [ 2.13777078e-02,  2.37061859e-02,  0.00000000e+00, ...,
         8.15831387e-05,  1.51568915e-04,  2.02449779e-03],
       ...,
       [ 2.15851118e-04,  2.58610209e-05,  8.15831387e-05, ...,
         0.00000000e+00,  3.18024974e-03,  2.60366539e-02],
       [ 8.68411925e-05, -2.29518954e-05,  1.51568915e-04, ...,
         3.18024974e-03,  0.00000000e+00,  1.91827204e-02],
       [ 2.05387779e-03,  7.48734658e-04,  2.02449779e-03, ...,
         2.60366539e-02,  1.91827204e-02,  0.00000000e+00]],
      shape=(45, 45)), 'molecular-dipole': array([-1.85406161,  1.13627935, -0.26630908]), 'molecular-quadrupole': array([ -70.09183865,   27.11863801,   24.0411705 , -201.17402088,
        147.00264983,   46.05066814])}
------------------------------------------------------------
  cycle        total energy    energy error   density error
------------------------------------------------------------
      1     -163.5358926972  -1.6329037E+02   3.6234350E-03
      2     -163.5323645422   3.5281550E-03   4.2390804E-03
      3     -163.4438436204   8.8520922E-02   1.7283722E-02
      4     -163.5344829445  -9.0639324E-02   3.3412476E-03
      5     -163.5359756066  -1.4926621E-03   1.3611241E-03
      6     -163.5361607425  -1.8513593E-04   7.8951972E-04
      7     -163.5361971003  -3.6357753E-05   2.8177408E-04
      8     -163.5361964704   6.2983261E-07   2.0016472E-04
      9     -163.5361938908   2.5796623E-06   1.6507526E-04
     10     -163.5361986725  -4.7817522E-06   8.3062249E-05
     11     -163.5362002103  -1.5378110E-06   3.6547546E-05
     12     -163.5362004845  -2.7419722E-07   9.7460565E-06
------------------------------------------------------------

 total:                                  13.680 sec
3
{'bond-orders': array([[0.00000000e+00, 3.08014761e-01, 2.12948205e-02, ...,
        2.32088673e-04, 1.13876580e-04, 1.94562141e-03],
       [3.08014761e-01, 0.00000000e+00, 2.36884803e-02, ...,
        2.72481057e-05, 7.37899122e-06, 7.13285906e-04],
       [2.12948205e-02, 2.36884803e-02, 0.00000000e+00, ...,
        8.89496453e-05, 1.84859641e-04, 1.89488499e-03],
       ...,
       [2.32088673e-04, 2.72481057e-05, 8.89496453e-05, ...,
        0.00000000e+00, 4.24618077e-03, 2.75208981e-02],
       [1.13876580e-04, 7.37899122e-06, 1.84859641e-04, ...,
        4.24618077e-03, 0.00000000e+00, 2.34201386e-02],
       [1.94562141e-03, 7.13285906e-04, 1.89488499e-03, ...,
        2.75208981e-02, 2.34201386e-02, 0.00000000e+00]], shape=(45, 45))}
{'bond-orders': array([[0.00000000e+00, 3.08014761e-01, 2.12948205e-02, ...,
        2.32088673e-04, 1.13876580e-04, 1.94562141e-03],
       [3.08014761e-01, 0.00000000e+00, 2.36884803e-02, ...,
        2.72481057e-05, 7.37899122e-06, 7.13285906e-04],
       [2.12948205e-02, 2.36884803e-02, 0.00000000e+00, ...,
        8.89496453e-05, 1.84859641e-04, 1.89488499e-03],
       ...,
       [2.32088673e-04, 2.72481057e-05, 8.89496453e-05, ...,
        0.00000000e+00, 4.24618077e-03, 2.75208981e-02],
       [1.13876580e-04, 7.37899122e-06, 1.84859641e-04, ...,
        4.24618077e-03, 0.00000000e+00, 2.34201386e-02],
       [1.94562141e-03, 7.13285906e-04, 1.89488499e-03, ...,
        2.75208981e-02, 2.34201386e-02, 0.00000000e+00]], shape=(45, 45)), 'molecular-dipole': array([-1.85289785,  1.11845084, -0.26698743])}
{'bond-orders': array([[0.00000000e+00, 3.08014761e-01, 2.12948205e-02, ...,
        2.32088673e-04, 1.13876580e-04, 1.94562141e-03],
       [3.08014761e-01, 0.00000000e+00, 2.36884803e-02, ...,
        2.72481057e-05, 7.37899122e-06, 7.13285906e-04],
       [2.12948205e-02, 2.36884803e-02, 0.00000000e+00, ...,
        8.89496453e-05, 1.84859641e-04, 1.89488499e-03],
       ...,
       [2.32088673e-04, 2.72481057e-05, 8.89496453e-05, ...,
        0.00000000e+00, 4.24618077e-03, 2.75208981e-02],
       [1.13876580e-04, 7.37899122e-06, 1.84859641e-04, ...,
        4.24618077e-03, 0.00000000e+00, 2.34201386e-02],
       [1.94562141e-03, 7.13285906e-04, 1.89488499e-03, ...,
        2.75208981e-02, 2.34201386e-02, 0.00000000e+00]], shape=(45, 45)), 'molecular-dipole': array([-1.85289785,  1.11845084, -0.26698743]), 'molecular-quadrupole': array([ -70.05304845,   26.1040854 ,   23.63788123, -201.28779052,
        144.72418756,   46.41516723])}
------------------------------------------------------------
  cycle        total energy    energy error   density error
------------------------------------------------------------
      1     -163.5370195046  -1.6329075E+02   9.2944078E-04
      2     -163.5369685345   5.0970116E-05   1.2871864E-03
      3     -163.5370089171  -4.0382570E-05   6.8919306E-04
      4     -163.5366143821   3.9453499E-04   1.2615655E-03
      5     -163.5361828263   4.3155578E-04   1.6941721E-03
      6     -163.5370096897  -8.2686334E-04   5.6666708E-04
      7     -163.5370414170  -3.1727385E-05   1.2219327E-04
      8     -163.5370417585  -3.4146436E-07   5.1259899E-05
      9     -163.5370420231  -2.6456732E-07   2.6485749E-05
     10     -163.5370420561  -3.2987714E-08   1.4604392E-05
------------------------------------------------------------

 total:                                  13.055 sec
3
{'bond-orders': array([[0.00000000e+00, 3.08094159e-01, 2.12742218e-02, ...,
        2.29883325e-04, 1.13036771e-04, 1.91961535e-03],
       [3.08094159e-01, 0.00000000e+00, 2.36503817e-02, ...,
        2.60462396e-05, 7.80068510e-06, 6.75687500e-04],
       [2.12742218e-02, 2.36503817e-02, 0.00000000e+00, ...,
        8.94997680e-05, 1.84189356e-04, 1.86081261e-03],
       ...,
       [2.29883325e-04, 2.60462396e-05, 8.94997680e-05, ...,
        0.00000000e+00, 4.80599292e-03, 2.73291410e-02],
       [1.13036771e-04, 7.80068510e-06, 1.84189356e-04, ...,
        4.80599292e-03, 0.00000000e+00, 2.48048730e-02],
       [1.91961535e-03, 6.75687500e-04, 1.86081261e-03, ...,
        2.73291410e-02, 2.48048730e-02, 0.00000000e+00]], shape=(45, 45))}
{'bond-orders': array([[0.00000000e+00, 3.08094159e-01, 2.12742218e-02, ...,
        2.29883325e-04, 1.13036771e-04, 1.91961535e-03],
       [3.08094159e-01, 0.00000000e+00, 2.36503817e-02, ...,
        2.60462396e-05, 7.80068510e-06, 6.75687500e-04],
       [2.12742218e-02, 2.36503817e-02, 0.00000000e+00, ...,
        8.94997680e-05, 1.84189356e-04, 1.86081261e-03],
       ...,
       [2.29883325e-04, 2.60462396e-05, 8.94997680e-05, ...,
        0.00000000e+00, 4.80599292e-03, 2.73291410e-02],
       [1.13036771e-04, 7.80068510e-06, 1.84189356e-04, ...,
        4.80599292e-03, 0.00000000e+00, 2.48048730e-02],
       [1.91961535e-03, 6.75687500e-04, 1.86081261e-03, ...,
        2.73291410e-02, 2.48048730e-02, 0.00000000e+00]], shape=(45, 45)), 'molecular-dipole': array([-1.8472599 ,  1.12842375, -0.28624494])}
{'bond-orders': array([[0.00000000e+00, 3.08094159e-01, 2.12742218e-02, ...,
        2.29883325e-04, 1.13036771e-04, 1.91961535e-03],
       [3.08094159e-01, 0.00000000e+00, 2.36503817e-02, ...,
        2.60462396e-05, 7.80068510e-06, 6.75687500e-04],
       [2.12742218e-02, 2.36503817e-02, 0.00000000e+00, ...,
        8.94997680e-05, 1.84189356e-04, 1.86081261e-03],
       ...,
       [2.29883325e-04, 2.60462396e-05, 8.94997680e-05, ...,
        0.00000000e+00, 4.80599292e-03, 2.73291410e-02],
       [1.13036771e-04, 7.80068510e-06, 1.84189356e-04, ...,
        4.80599292e-03, 0.00000000e+00, 2.48048730e-02],
       [1.91961535e-03, 6.75687500e-04, 1.86081261e-03, ...,
        2.73291410e-02, 2.48048730e-02, 0.00000000e+00]], shape=(45, 45)), 'molecular-dipole': array([-1.8472599 ,  1.12842375, -0.28624494]), 'molecular-quadrupole': array([ -69.18857685,   27.02014098,   24.44074312, -201.75978026,
        145.51383632,   44.74783372])}
------------------------------------------------------------
  cycle        total energy    energy error   density error
------------------------------------------------------------
      1     -163.5379513116  -1.6329108E+02   1.9499988E-03
      2     -163.5377828848   1.6842678E-04   1.8857620E-03
      3     -163.5332895426   4.4933421E-03   4.0222224E-03
      4     -163.5337509146  -4.6137200E-04   3.7236990E-03
      5     -163.5379974444  -4.2465297E-03   7.0756326E-04
      6     -163.5380038136  -6.3692125E-06   4.8891713E-04
      7     -163.5380063613  -2.5476798E-06   3.9081255E-04
      8     -163.5380160783  -9.7170030E-06   1.7515872E-04
      9     -163.5380174611  -1.3828328E-06   6.5772614E-05
     10     -163.5380181092  -6.4811684E-07   2.5438520E-05
     11     -163.5380181612  -5.1932375E-08   1.4253695E-05
------------------------------------------------------------

 total:                                  13.326 sec
3
{'bond-orders': array([[ 0.00000000e+00,  3.08275191e-01,  2.12651027e-02, ...,
         2.26263122e-04,  1.01941278e-04,  1.92099379e-03],
       [ 3.08275191e-01,  0.00000000e+00,  2.35767313e-02, ...,
         2.34046352e-05, -2.58016716e-06,  6.33050652e-04],
       [ 2.12651027e-02,  2.35767313e-02,  0.00000000e+00, ...,
         9.04440721e-05,  1.71409876e-04,  1.84719000e-03],
       ...,
       [ 2.26263122e-04,  2.34046352e-05,  9.04440721e-05, ...,
         0.00000000e+00,  5.46507167e-03,  2.66920665e-02],
       [ 1.01941278e-04, -2.58016716e-06,  1.71409876e-04, ...,
         5.46507167e-03,  0.00000000e+00,  2.54437906e-02],
       [ 1.92099379e-03,  6.33050652e-04,  1.84719000e-03, ...,
         2.66920665e-02,  2.54437906e-02,  0.00000000e+00]],
      shape=(45, 45))}
{'bond-orders': array([[ 0.00000000e+00,  3.08275191e-01,  2.12651027e-02, ...,
         2.26263122e-04,  1.01941278e-04,  1.92099379e-03],
       [ 3.08275191e-01,  0.00000000e+00,  2.35767313e-02, ...,
         2.34046352e-05, -2.58016716e-06,  6.33050652e-04],
       [ 2.12651027e-02,  2.35767313e-02,  0.00000000e+00, ...,
         9.04440721e-05,  1.71409876e-04,  1.84719000e-03],
       ...,
       [ 2.26263122e-04,  2.34046352e-05,  9.04440721e-05, ...,
         0.00000000e+00,  5.46507167e-03,  2.66920665e-02],
       [ 1.01941278e-04, -2.58016716e-06,  1.71409876e-04, ...,
         5.46507167e-03,  0.00000000e+00,  2.54437906e-02],
       [ 1.92099379e-03,  6.33050652e-04,  1.84719000e-03, ...,
         2.66920665e-02,  2.54437906e-02,  0.00000000e+00]],
      shape=(45, 45)), 'molecular-dipole': array([-1.84049789,  1.14517408, -0.31141745])}
{'bond-orders': array([[ 0.00000000e+00,  3.08275191e-01,  2.12651027e-02, ...,
         2.26263122e-04,  1.01941278e-04,  1.92099379e-03],
       [ 3.08275191e-01,  0.00000000e+00,  2.35767313e-02, ...,
         2.34046352e-05, -2.58016716e-06,  6.33050652e-04],
       [ 2.12651027e-02,  2.35767313e-02,  0.00000000e+00, ...,
         9.04440721e-05,  1.71409876e-04,  1.84719000e-03],
       ...,
       [ 2.26263122e-04,  2.34046352e-05,  9.04440721e-05, ...,
         0.00000000e+00,  5.46507167e-03,  2.66920665e-02],
       [ 1.01941278e-04, -2.58016716e-06,  1.71409876e-04, ...,
         5.46507167e-03,  0.00000000e+00,  2.54437906e-02],
       [ 1.92099379e-03,  6.33050652e-04,  1.84719000e-03, ...,
         2.66920665e-02,  2.54437906e-02,  0.00000000e+00]],
      shape=(45, 45)), 'molecular-dipole': array([-1.84049789,  1.14517408, -0.31141745]), 'molecular-quadrupole': array([ -67.92575993,   28.6109425 ,   25.65994313, -202.45698501,
        147.18433455,   42.2658168 ])}
------------------------------------------------------------
  cycle        total energy    energy error   density error
------------------------------------------------------------
      1     -163.5387161568  -1.6329209E+02   2.1457780E-03
      2     -163.5214374240   1.7278733E-02   7.4335465E-03
      3     -163.5316580469  -1.0220623E-02   4.9744738E-03
      4     -163.5387148765  -7.0568296E-03   1.5663861E-03
      5     -163.5387220729  -7.1963963E-06   1.2476442E-03
      6     -163.5388670092  -1.4493630E-04   6.4073349E-04
      7     -163.5388822822  -1.5273002E-05   2.7472616E-04
      8     -163.5388863428  -4.0606054E-06   1.3785487E-04
      9     -163.5388871604  -8.1757349E-07   7.5026880E-05
     10     -163.5388878248  -6.6440458E-07   2.9653850E-05
     11     -163.5388879091  -8.4349949E-08   1.7760709E-05
------------------------------------------------------------

 total:                                  13.447 sec
3
{'bond-orders': array([[ 0.00000000e+00,  3.08470360e-01,  2.12716658e-02, ...,
         2.24554600e-04,  8.90918934e-05,  1.94291197e-03],
       [ 3.08470360e-01,  0.00000000e+00,  2.35028350e-02, ...,
         1.99161505e-05, -1.63039973e-05,  6.21515724e-04],
       [ 2.12716658e-02,  2.35028350e-02,  0.00000000e+00, ...,
         9.23250454e-05,  1.55763593e-04,  1.85709271e-03],
       ...,
       [ 2.24554600e-04,  1.99161505e-05,  9.23250454e-05, ...,
         0.00000000e+00,  5.88519961e-03,  2.61112442e-02],
       [ 8.90918934e-05, -1.63039973e-05,  1.55763593e-04, ...,
         5.88519961e-03,  0.00000000e+00,  2.50756769e-02],
       [ 1.94291197e-03,  6.21515724e-04,  1.85709271e-03, ...,
         2.61112442e-02,  2.50756769e-02,  0.00000000e+00]],
      shape=(45, 45))}
{'bond-orders': array([[ 0.00000000e+00,  3.08470360e-01,  2.12716658e-02, ...,
         2.24554600e-04,  8.90918934e-05,  1.94291197e-03],
       [ 3.08470360e-01,  0.00000000e+00,  2.35028350e-02, ...,
         1.99161505e-05, -1.63039973e-05,  6.21515724e-04],
       [ 2.12716658e-02,  2.35028350e-02,  0.00000000e+00, ...,
         9.23250454e-05,  1.55763593e-04,  1.85709271e-03],
       ...,
       [ 2.24554600e-04,  1.99161505e-05,  9.23250454e-05, ...,
         0.00000000e+00,  5.88519961e-03,  2.61112442e-02],
       [ 8.90918934e-05, -1.63039973e-05,  1.55763593e-04, ...,
         5.88519961e-03,  0.00000000e+00,  2.50756769e-02],
       [ 1.94291197e-03,  6.21515724e-04,  1.85709271e-03, ...,
         2.61112442e-02,  2.50756769e-02,  0.00000000e+00]],
      shape=(45, 45)), 'molecular-dipole': array([-1.83666127,  1.1568866 , -0.34389867])}
{'bond-orders': array([[ 0.00000000e+00,  3.08470360e-01,  2.12716658e-02, ...,
         2.24554600e-04,  8.90918934e-05,  1.94291197e-03],
       [ 3.08470360e-01,  0.00000000e+00,  2.35028350e-02, ...,
         1.99161505e-05, -1.63039973e-05,  6.21515724e-04],
       [ 2.12716658e-02,  2.35028350e-02,  0.00000000e+00, ...,
         9.23250454e-05,  1.55763593e-04,  1.85709271e-03],
       ...,
       [ 2.24554600e-04,  1.99161505e-05,  9.23250454e-05, ...,
         0.00000000e+00,  5.88519961e-03,  2.61112442e-02],
       [ 8.90918934e-05, -1.63039973e-05,  1.55763593e-04, ...,
         5.88519961e-03,  0.00000000e+00,  2.50756769e-02],
       [ 1.94291197e-03,  6.21515724e-04,  1.85709271e-03, ...,
         2.61112442e-02,  2.50756769e-02,  0.00000000e+00]],
      shape=(45, 45)), 'molecular-dipole': array([-1.83666127,  1.1568866 , -0.34389867]), 'molecular-quadrupole': array([ -66.47063724,   29.88542213,   27.13490397, -203.77700067,
        147.93699765,   39.33573326])}
------------------------------------------------------------
  cycle        total energy    energy error   density error
------------------------------------------------------------
      1     -163.5399249327  -1.6329432E+02   2.5407195E-03
      2     -163.5204618567   1.9463076E-02   7.9932796E-03
      3     -163.5277199949  -7.2581382E-03   6.4254307E-03
      4     -163.5394282275  -1.1708233E-02   2.8930198E-03
      5     -163.5399088864  -4.8065891E-04   1.2548808E-03
      6     -163.5401158568  -2.0697041E-04   6.0418566E-04
      7     -163.5401261309  -1.0274049E-05   2.7253864E-04
      8     -163.5401285323  -2.4013816E-06   1.6763669E-04
      9     -163.5401295558  -1.0235215E-06   8.5660831E-05
     10     -163.5401303214  -7.6562765E-07   3.2968957E-05
     11     -163.5401304251  -1.0370354E-07   2.1103695E-05
     12     -163.5401304750  -4.9878821E-08   5.3460035E-06
------------------------------------------------------------

 total:                                  13.704 sec
3
{'bond-orders': array([[ 0.00000000e+00,  3.08737080e-01,  2.12875064e-02, ...,
         2.22576806e-04,  7.48223494e-05,  1.96395150e-03],
       [ 3.08737080e-01,  0.00000000e+00,  2.34059391e-02, ...,
         1.38776824e-05, -3.34529056e-05,  6.57619119e-04],
       [ 2.12875064e-02,  2.34059391e-02,  0.00000000e+00, ...,
         9.56980111e-05,  1.36621551e-04,  1.88185647e-03],
       ...,
       [ 2.22576806e-04,  1.38776824e-05,  9.56980111e-05, ...,
         0.00000000e+00,  6.21644006e-03,  2.55724183e-02],
       [ 7.48223494e-05, -3.34529056e-05,  1.36621551e-04, ...,
         6.21644006e-03,  0.00000000e+00,  2.42459300e-02],
       [ 1.96395150e-03,  6.57619119e-04,  1.88185647e-03, ...,
         2.55724183e-02,  2.42459300e-02,  0.00000000e+00]],
      shape=(45, 45))}
{'bond-orders': array([[ 0.00000000e+00,  3.08737080e-01,  2.12875064e-02, ...,
         2.22576806e-04,  7.48223494e-05,  1.96395150e-03],
       [ 3.08737080e-01,  0.00000000e+00,  2.34059391e-02, ...,
         1.38776824e-05, -3.34529056e-05,  6.57619119e-04],
       [ 2.12875064e-02,  2.34059391e-02,  0.00000000e+00, ...,
         9.56980111e-05,  1.36621551e-04,  1.88185647e-03],
       ...,
       [ 2.22576806e-04,  1.38776824e-05,  9.56980111e-05, ...,
         0.00000000e+00,  6.21644006e-03,  2.55724183e-02],
       [ 7.48223494e-05, -3.34529056e-05,  1.36621551e-04, ...,
         6.21644006e-03,  0.00000000e+00,  2.42459300e-02],
       [ 1.96395150e-03,  6.57619119e-04,  1.88185647e-03, ...,
         2.55724183e-02,  2.42459300e-02,  0.00000000e+00]],
      shape=(45, 45)), 'molecular-dipole': array([-1.83728441,  1.16052844, -0.38380489])}
{'bond-orders': array([[ 0.00000000e+00,  3.08737080e-01,  2.12875064e-02, ...,
         2.22576806e-04,  7.48223494e-05,  1.96395150e-03],
       [ 3.08737080e-01,  0.00000000e+00,  2.34059391e-02, ...,
         1.38776824e-05, -3.34529056e-05,  6.57619119e-04],
       [ 2.12875064e-02,  2.34059391e-02,  0.00000000e+00, ...,
         9.56980111e-05,  1.36621551e-04,  1.88185647e-03],
       ...,
       [ 2.22576806e-04,  1.38776824e-05,  9.56980111e-05, ...,
         0.00000000e+00,  6.21644006e-03,  2.55724183e-02],
       [ 7.48223494e-05, -3.34529056e-05,  1.36621551e-04, ...,
         6.21644006e-03,  0.00000000e+00,  2.42459300e-02],
       [ 1.96395150e-03,  6.57619119e-04,  1.88185647e-03, ...,
         2.55724183e-02,  2.42459300e-02,  0.00000000e+00]],
      shape=(45, 45)), 'molecular-dipole': array([-1.83728441,  1.16052844, -0.38380489]), 'molecular-quadrupole': array([ -64.82758467,   30.73760376,   28.85213735, -206.11523374,
        147.29030989,   35.97544732])}
------------------------------------------------------------
  cycle        total energy    energy error   density error
------------------------------------------------------------
      1     -163.5422172055  -1.6329723E+02   2.7918971E-03
      2     -163.5400555108   2.1616948E-03   4.1844628E-03
      3     -163.5241208271   1.5934684E-02   7.9829570E-03
      4     -163.5282019067  -4.0810796E-03   7.1539542E-03
      5     -163.5421366085  -1.3934702E-02   1.3634689E-03
      6     -163.5423340865  -1.9747801E-04   6.5055562E-04
      7     -163.5423482703  -1.4183772E-05   3.8762198E-04
      8     -163.5423523211  -4.0508453E-06   1.9651405E-04
      9     -163.5423535386  -1.2174501E-06   9.8658828E-05
     10     -163.5423547763  -1.2377031E-06   3.3529413E-05
     11     -163.5423548894  -1.1314989E-07   2.0047004E-05
     12     -163.5423549094  -1.9997231E-08   6.6852651E-06
------------------------------------------------------------

 total:                                  13.718 sec
3
{'bond-orders': array([[ 0.00000000e+00,  3.09202966e-01,  2.13129415e-02, ...,
         2.14837079e-04,  5.92630725e-05,  1.92621655e-03],
       [ 3.09202966e-01,  0.00000000e+00,  2.32487903e-02, ...,
         7.09050618e-06, -4.89595272e-05,  8.29271367e-04],
       [ 2.13129415e-02,  2.32487903e-02,  0.00000000e+00, ...,
         9.99997114e-05,  1.11951768e-04,  1.90304163e-03],
       ...,
       [ 2.14837079e-04,  7.09050618e-06,  9.99997114e-05, ...,
         0.00000000e+00,  6.45324804e-03,  2.52110532e-02],
       [ 5.92630725e-05, -4.89595272e-05,  1.11951768e-04, ...,
         6.45324804e-03,  0.00000000e+00,  2.34569704e-02],
       [ 1.92621655e-03,  8.29271367e-04,  1.90304163e-03, ...,
         2.52110532e-02,  2.34569704e-02,  0.00000000e+00]],
      shape=(45, 45))}
{'bond-orders': array([[ 0.00000000e+00,  3.09202966e-01,  2.13129415e-02, ...,
         2.14837079e-04,  5.92630725e-05,  1.92621655e-03],
       [ 3.09202966e-01,  0.00000000e+00,  2.32487903e-02, ...,
         7.09050618e-06, -4.89595272e-05,  8.29271367e-04],
       [ 2.13129415e-02,  2.32487903e-02,  0.00000000e+00, ...,
         9.99997114e-05,  1.11951768e-04,  1.90304163e-03],
       ...,
       [ 2.14837079e-04,  7.09050618e-06,  9.99997114e-05, ...,
         0.00000000e+00,  6.45324804e-03,  2.52110532e-02],
       [ 5.92630725e-05, -4.89595272e-05,  1.11951768e-04, ...,
         6.45324804e-03,  0.00000000e+00,  2.34569704e-02],
       [ 1.92621655e-03,  8.29271367e-04,  1.90304163e-03, ...,
         2.52110532e-02,  2.34569704e-02,  0.00000000e+00]],
      shape=(45, 45)), 'molecular-dipole': array([-1.84749675,  1.13954577, -0.41296264])}
{'bond-orders': array([[ 0.00000000e+00,  3.09202966e-01,  2.13129415e-02, ...,
         2.14837079e-04,  5.92630725e-05,  1.92621655e-03],
       [ 3.09202966e-01,  0.00000000e+00,  2.32487903e-02, ...,
         7.09050618e-06, -4.89595272e-05,  8.29271367e-04],
       [ 2.13129415e-02,  2.32487903e-02,  0.00000000e+00, ...,
         9.99997114e-05,  1.11951768e-04,  1.90304163e-03],
       ...,
       [ 2.14837079e-04,  7.09050618e-06,  9.99997114e-05, ...,
         0.00000000e+00,  6.45324804e-03,  2.52110532e-02],
       [ 5.92630725e-05, -4.89595272e-05,  1.11951768e-04, ...,
         6.45324804e-03,  0.00000000e+00,  2.34569704e-02],
       [ 1.92621655e-03,  8.29271367e-04,  1.90304163e-03, ...,
         2.52110532e-02,  2.34569704e-02,  0.00000000e+00]],
      shape=(45, 45)), 'molecular-dipole': array([-1.84749675,  1.13954577, -0.41296264]), 'molecular-quadrupole': array([ -63.65869786,   30.12317214,   29.96226832, -209.59888785,
        143.43694134,   33.69642955])}
------------------------------------------------------------
  cycle        total energy    energy error   density error
------------------------------------------------------------
      1     -163.5451675467  -1.6329725E+02   2.9781642E-03
      2     -163.5427834926   2.3840541E-03   5.7767168E-03
      3     -163.5421173113   6.6618130E-04   4.0630575E-03
      4     -163.5220910346   2.0026277E-02   8.6715663E-03
      5     -163.5444677922  -2.2376758E-02   2.1818488E-03
      6     -163.5453622490  -8.9445685E-04   7.1765362E-04
      7     -163.5453801671  -1.7918053E-05   4.4658165E-04
      8     -163.5453841374  -3.9703211E-06   2.7274262E-04
      9     -163.5453878481  -3.7107244E-06   7.4844440E-05
     10     -163.5453879754  -1.2724871E-07   3.9488700E-05
     11     -163.5453881191  -1.4374956E-07   1.7208982E-05
------------------------------------------------------------

 total:                                  13.370 sec
3
{'bond-orders': array([[ 0.00000000e+00,  3.10078614e-01,  2.13895857e-02, ...,
         1.89827299e-04,  4.27997628e-05,  1.74754100e-03],
       [ 3.10078614e-01,  0.00000000e+00,  2.30036436e-02, ...,
         1.69430752e-05, -4.41334112e-05,  1.23550567e-03],
       [ 2.13895857e-02,  2.30036436e-02,  0.00000000e+00, ...,
         9.87206226e-05,  8.17734543e-05,  1.87138651e-03],
       ...,
       [ 1.89827299e-04,  1.69430752e-05,  9.87206226e-05, ...,
         0.00000000e+00,  6.34689074e-03,  2.50135066e-02],
       [ 4.27997628e-05, -4.41334112e-05,  8.17734543e-05, ...,
         6.34689074e-03,  0.00000000e+00,  2.27458910e-02],
       [ 1.74754100e-03,  1.23550567e-03,  1.87138651e-03, ...,
         2.50135066e-02,  2.27458910e-02,  0.00000000e+00]],
      shape=(45, 45))}
{'bond-orders': array([[ 0.00000000e+00,  3.10078614e-01,  2.13895857e-02, ...,
         1.89827299e-04,  4.27997628e-05,  1.74754100e-03],
       [ 3.10078614e-01,  0.00000000e+00,  2.30036436e-02, ...,
         1.69430752e-05, -4.41334112e-05,  1.23550567e-03],
       [ 2.13895857e-02,  2.30036436e-02,  0.00000000e+00, ...,
         9.87206226e-05,  8.17734543e-05,  1.87138651e-03],
       ...,
       [ 1.89827299e-04,  1.69430752e-05,  9.87206226e-05, ...,
         0.00000000e+00,  6.34689074e-03,  2.50135066e-02],
       [ 4.27997628e-05, -4.41334112e-05,  8.17734543e-05, ...,
         6.34689074e-03,  0.00000000e+00,  2.27458910e-02],
       [ 1.74754100e-03,  1.23550567e-03,  1.87138651e-03, ...,
         2.50135066e-02,  2.27458910e-02,  0.00000000e+00]],
      shape=(45, 45)), 'molecular-dipole': array([-1.86414667,  1.08683979, -0.41564746])}
{'bond-orders': array([[ 0.00000000e+00,  3.10078614e-01,  2.13895857e-02, ...,
         1.89827299e-04,  4.27997628e-05,  1.74754100e-03],
       [ 3.10078614e-01,  0.00000000e+00,  2.30036436e-02, ...,
         1.69430752e-05, -4.41334112e-05,  1.23550567e-03],
       [ 2.13895857e-02,  2.30036436e-02,  0.00000000e+00, ...,
         9.87206226e-05,  8.17734543e-05,  1.87138651e-03],
       ...,
       [ 1.89827299e-04,  1.69430752e-05,  9.87206226e-05, ...,
         0.00000000e+00,  6.34689074e-03,  2.50135066e-02],
       [ 4.27997628e-05, -4.41334112e-05,  8.17734543e-05, ...,
         6.34689074e-03,  0.00000000e+00,  2.27458910e-02],
       [ 1.74754100e-03,  1.23550567e-03,  1.87138651e-03, ...,
         2.50135066e-02,  2.27458910e-02,  0.00000000e+00]],
      shape=(45, 45)), 'molecular-dipole': array([-1.86414667,  1.08683979, -0.41564746]), 'molecular-quadrupole': array([ -63.41889008,   27.60988785,   29.6629005 , -213.31854868,
        135.54667318,   33.75598958])}
------------------------------------------------------------
  cycle        total energy    energy error   density error
------------------------------------------------------------
      1     -163.5479731832  -1.6329541E+02   3.8662057E-03
      2     -163.5381581517   9.8150316E-03   8.4377769E-03
      3     -163.5068655163   3.1292635E-02   1.1750652E-02
      4     -163.5422607421  -3.5395226E-02   5.2478298E-03
      5     -163.5475632958  -5.3025537E-03   2.5822745E-03
      6     -163.5483222356  -7.5893980E-04   1.3768029E-03
      7     -163.5484216772  -9.9441605E-05   4.5571276E-04
      8     -163.5484280932  -6.4159802E-06   2.3335183E-04
      9     -163.5484311338  -3.0405605E-06   8.6292146E-05
     10     -163.5484317344  -6.0057721E-07   4.8338200E-05
     11     -163.5484318251  -9.0796817E-08   2.6592137E-05
     12     -163.5484318611  -3.5988052E-08   1.5137450E-05
------------------------------------------------------------

 total:                                  13.697 sec
3
{'bond-orders': array([[ 0.00000000e+00,  3.11181801e-01,  2.16036655e-02, ...,
         1.46216986e-04,  2.93471935e-05,  1.44822572e-03],
       [ 3.11181801e-01,  0.00000000e+00,  2.26416305e-02, ...,
         5.97068483e-05, -1.13350754e-05,  1.76806178e-03],
       [ 2.16036655e-02,  2.26416305e-02,  0.00000000e+00, ...,
         9.11023850e-05,  5.29508024e-05,  1.77294206e-03],
       ...,
       [ 1.46216986e-04,  5.97068483e-05,  9.11023850e-05, ...,
         0.00000000e+00,  5.79693630e-03,  2.45300372e-02],
       [ 2.93471935e-05, -1.13350754e-05,  5.29508024e-05, ...,
         5.79693630e-03,  0.00000000e+00,  2.11258366e-02],
       [ 1.44822572e-03,  1.76806178e-03,  1.77294206e-03, ...,
         2.45300372e-02,  2.11258366e-02,  0.00000000e+00]],
      shape=(45, 45))}
{'bond-orders': array([[ 0.00000000e+00,  3.11181801e-01,  2.16036655e-02, ...,
         1.46216986e-04,  2.93471935e-05,  1.44822572e-03],
       [ 3.11181801e-01,  0.00000000e+00,  2.26416305e-02, ...,
         5.97068483e-05, -1.13350754e-05,  1.76806178e-03],
       [ 2.16036655e-02,  2.26416305e-02,  0.00000000e+00, ...,
         9.11023850e-05,  5.29508024e-05,  1.77294206e-03],
       ...,
       [ 1.46216986e-04,  5.97068483e-05,  9.11023850e-05, ...,
         0.00000000e+00,  5.79693630e-03,  2.45300372e-02],
       [ 2.93471935e-05, -1.13350754e-05,  5.29508024e-05, ...,
         5.79693630e-03,  0.00000000e+00,  2.11258366e-02],
       [ 1.44822572e-03,  1.76806178e-03,  1.77294206e-03, ...,
         2.45300372e-02,  2.11258366e-02,  0.00000000e+00]],
      shape=(45, 45)), 'molecular-dipole': array([-1.8767775,  1.0074852, -0.3740529])}
{'bond-orders': array([[ 0.00000000e+00,  3.11181801e-01,  2.16036655e-02, ...,
         1.46216986e-04,  2.93471935e-05,  1.44822572e-03],
       [ 3.11181801e-01,  0.00000000e+00,  2.26416305e-02, ...,
         5.97068483e-05, -1.13350754e-05,  1.76806178e-03],
       [ 2.16036655e-02,  2.26416305e-02,  0.00000000e+00, ...,
         9.11023850e-05,  5.29508024e-05,  1.77294206e-03],
       ...,
       [ 1.46216986e-04,  5.97068483e-05,  9.11023850e-05, ...,
         0.00000000e+00,  5.79693630e-03,  2.45300372e-02],
       [ 2.93471935e-05, -1.13350754e-05,  5.29508024e-05, ...,
         5.79693630e-03,  0.00000000e+00,  2.11258366e-02],
       [ 1.44822572e-03,  1.76806178e-03,  1.77294206e-03, ...,
         2.45300372e-02,  2.11258366e-02,  0.00000000e+00]],
      shape=(45, 45)), 'molecular-dipole': array([-1.8767775,  1.0074852, -0.3740529]), 'molecular-quadrupole': array([ -64.66544822,   23.18811769,   27.04879062, -214.78048615,
        124.96784331,   37.6166576 ])}
------------------------------------------------------------
  cycle        total energy    energy error   density error
------------------------------------------------------------
      1     -163.5527951744  -1.6330127E+02   4.3571828E-03
      2     -163.5482789599   4.5162145E-03   8.1504603E-03
      3     -163.5343770814   1.3901878E-02   8.3272344E-03
      4     -163.5355190034  -1.1419219E-03   7.7816377E-03
      5     -163.5525413993  -1.7022396E-02   3.0047398E-03
      6     -163.5531508400  -6.0944072E-04   2.2849064E-03
      7     -163.5534068030  -2.5596305E-04   7.4494488E-04
      8     -163.5534285552  -2.1752196E-05   2.8866139E-04
      9     -163.5534344506  -5.8953617E-06   1.0026953E-04
     10     -163.5534348898  -4.3919513E-07   4.2698804E-05
     11     -163.5534349357  -4.5900634E-08   2.4047494E-05
     12     -163.5534349457  -9.9856834E-09   1.7083355E-05
------------------------------------------------------------

 total:                                  13.762 sec
3
{'bond-orders': array([[0.00000000e+00, 3.11674238e-01, 2.17720231e-02, ...,
        1.09717084e-04, 2.68349126e-05, 1.22858467e-03],
       [3.11674238e-01, 0.00000000e+00, 2.23068035e-02, ...,
        1.12976254e-04, 2.72329121e-05, 2.14155923e-03],
       [2.17720231e-02, 2.23068035e-02, 0.00000000e+00, ...,
        8.69550884e-05, 3.77187320e-05, 1.68510151e-03],
       ...,
       [1.09717084e-04, 1.12976254e-04, 8.69550884e-05, ...,
        0.00000000e+00, 5.20801757e-03, 2.40209774e-02],
       [2.68349126e-05, 2.72329121e-05, 3.77187320e-05, ...,
        5.20801757e-03, 0.00000000e+00, 1.89049031e-02],
       [1.22858467e-03, 2.14155923e-03, 1.68510151e-03, ...,
        2.40209774e-02, 1.89049031e-02, 0.00000000e+00]], shape=(45, 45))}
{'bond-orders': array([[0.00000000e+00, 3.11674238e-01, 2.17720231e-02, ...,
        1.09717084e-04, 2.68349126e-05, 1.22858467e-03],
       [3.11674238e-01, 0.00000000e+00, 2.23068035e-02, ...,
        1.12976254e-04, 2.72329121e-05, 2.14155923e-03],
       [2.17720231e-02, 2.23068035e-02, 0.00000000e+00, ...,
        8.69550884e-05, 3.77187320e-05, 1.68510151e-03],
       ...,
       [1.09717084e-04, 1.12976254e-04, 8.69550884e-05, ...,
        0.00000000e+00, 5.20801757e-03, 2.40209774e-02],
       [2.68349126e-05, 2.72329121e-05, 3.77187320e-05, ...,
        5.20801757e-03, 0.00000000e+00, 1.89049031e-02],
       [1.22858467e-03, 2.14155923e-03, 1.68510151e-03, ...,
        2.40209774e-02, 1.89049031e-02, 0.00000000e+00]], shape=(45, 45)), 'molecular-dipole': array([-1.87816586,  0.92803744, -0.3277186 ])}
{'bond-orders': array([[0.00000000e+00, 3.11674238e-01, 2.17720231e-02, ...,
        1.09717084e-04, 2.68349126e-05, 1.22858467e-03],
       [3.11674238e-01, 0.00000000e+00, 2.23068035e-02, ...,
        1.12976254e-04, 2.72329121e-05, 2.14155923e-03],
       [2.17720231e-02, 2.23068035e-02, 0.00000000e+00, ...,
        8.69550884e-05, 3.77187320e-05, 1.68510151e-03],
       ...,
       [1.09717084e-04, 1.12976254e-04, 8.69550884e-05, ...,
        0.00000000e+00, 5.20801757e-03, 2.40209774e-02],
       [2.68349126e-05, 2.72329121e-05, 3.77187320e-05, ...,
        5.20801757e-03, 0.00000000e+00, 1.89049031e-02],
       [1.22858467e-03, 2.14155923e-03, 1.68510151e-03, ...,
        2.40209774e-02, 1.89049031e-02, 0.00000000e+00]], shape=(45, 45)), 'molecular-dipole': array([-1.87816586,  0.92803744, -0.3277186 ]), 'molecular-quadrupole': array([ -65.95888567,   18.7145157 ,   23.93827089, -214.22405052,
        114.56702014,   42.02061478])}
------------------------------------------------------------
  cycle        total energy    energy error   density error
------------------------------------------------------------
      1     -163.5560649620  -1.6331208E+02   5.7690427E-03
      2     -163.5456147650   1.0450197E-02   1.0675852E-02
      3     -163.4837165755   6.1898189E-02   1.5506611E-02
      4     -163.5401133189  -5.6396743E-02   7.8378017E-03
      5     -163.5566715591  -1.6558240E-02   3.0079471E-03
      6     -163.5562200691   4.5148998E-04   3.6688993E-03
      7     -163.5570622357  -8.4216667E-04   1.2066558E-03
      8     -163.5571231911  -6.0955328E-05   5.0196671E-04
      9     -163.5571388357  -1.5644658E-05   2.2194264E-04
     10     -163.5571408628  -2.0270467E-06   1.0124213E-04
     11     -163.5571419820  -1.1192549E-06   4.7667310E-05
     12     -163.5571421595  -1.7749127E-07   2.7153891E-05
     13     -163.5571422159  -5.6414166E-08   1.5827004E-05
------------------------------------------------------------

 total:                                  14.070 sec
3
{'bond-orders': array([[0.00000000e+00, 3.11771777e-01, 2.18153129e-02, ...,
        8.60167750e-05, 3.83827173e-05, 1.14496191e-03],
       [3.11771777e-01, 0.00000000e+00, 2.20416341e-02, ...,
        1.81326325e-04, 8.20385013e-05, 2.43312037e-03],
       [2.18153129e-02, 2.20416341e-02, 0.00000000e+00, ...,
        9.00967373e-05, 3.57740198e-05, 1.61501562e-03],
       ...,
       [8.60167750e-05, 1.81326325e-04, 9.00967373e-05, ...,
        0.00000000e+00, 4.78747126e-03, 2.42486348e-02],
       [3.83827173e-05, 8.20385013e-05, 3.57740198e-05, ...,
        4.78747126e-03, 0.00000000e+00, 1.74537223e-02],
       [1.14496191e-03, 2.43312037e-03, 1.61501562e-03, ...,
        2.42486348e-02, 1.74537223e-02, 0.00000000e+00]], shape=(45, 45))}
{'bond-orders': array([[0.00000000e+00, 3.11771777e-01, 2.18153129e-02, ...,
        8.60167750e-05, 3.83827173e-05, 1.14496191e-03],
       [3.11771777e-01, 0.00000000e+00, 2.20416341e-02, ...,
        1.81326325e-04, 8.20385013e-05, 2.43312037e-03],
       [2.18153129e-02, 2.20416341e-02, 0.00000000e+00, ...,
        9.00967373e-05, 3.57740198e-05, 1.61501562e-03],
       ...,
       [8.60167750e-05, 1.81326325e-04, 9.00967373e-05, ...,
        0.00000000e+00, 4.78747126e-03, 2.42486348e-02],
       [3.83827173e-05, 8.20385013e-05, 3.57740198e-05, ...,
        4.78747126e-03, 0.00000000e+00, 1.74537223e-02],
       [1.14496191e-03, 2.43312037e-03, 1.61501562e-03, ...,
        2.42486348e-02, 1.74537223e-02, 0.00000000e+00]], shape=(45, 45)), 'molecular-dipole': array([-1.88810818,  0.83033088, -0.29830392])}
{'bond-orders': array([[0.00000000e+00, 3.11771777e-01, 2.18153129e-02, ...,
        8.60167750e-05, 3.83827173e-05, 1.14496191e-03],
       [3.11771777e-01, 0.00000000e+00, 2.20416341e-02, ...,
        1.81326325e-04, 8.20385013e-05, 2.43312037e-03],
       [2.18153129e-02, 2.20416341e-02, 0.00000000e+00, ...,
        9.00967373e-05, 3.57740198e-05, 1.61501562e-03],
       ...,
       [8.60167750e-05, 1.81326325e-04, 9.00967373e-05, ...,
        0.00000000e+00, 4.78747126e-03, 2.42486348e-02],
       [3.83827173e-05, 8.20385013e-05, 3.57740198e-05, ...,
        4.78747126e-03, 0.00000000e+00, 1.74537223e-02],
       [1.14496191e-03, 2.43312037e-03, 1.61501562e-03, ...,
        2.42486348e-02, 1.74537223e-02, 0.00000000e+00]], shape=(45, 45)), 'molecular-dipole': array([-1.88810818,  0.83033088, -0.29830392]), 'molecular-quadrupole': array([ -66.82844455,   12.95423525,   21.35573693, -215.10059643,
        101.98367059,   45.47270762])}
------------------------------------------------------------
  cycle        total energy    energy error   density error
------------------------------------------------------------
      1     -163.5570025124  -1.6330775E+02   4.7278926E-03
      2     -163.5349904868   2.2012026E-02   1.0191203E-02
      3     -163.4493047974   8.5685689E-02   1.8672087E-02
      4     -163.5545069258  -1.0520213E-01   4.0988174E-03
      5     -163.5570901976  -2.5832718E-03   2.9279713E-03
      6     -163.5572535855  -1.6338787E-04   2.4089624E-03
      7     -163.5576117549  -3.5816943E-04   8.4190489E-04
      8     -163.5576331476  -2.1392640E-05   4.3411741E-04
      9     -163.5576459544  -1.2806818E-05   1.7709328E-04
     10     -163.5576472068  -1.2523854E-06   7.9654618E-05
     11     -163.5576472924  -8.5653454E-08   4.8578263E-05
     12     -163.5576475571  -2.6466151E-07   2.1053014E-05
     13     -163.5576475885  -3.1434325E-08   1.2040227E-05
------------------------------------------------------------

 total:                                  14.055 sec
3
{'bond-orders': array([[0.00000000e+00, 3.11885315e-01, 2.17144263e-02, ...,
        6.01964660e-05, 3.55483263e-05, 1.05196848e-03],
       [3.11885315e-01, 0.00000000e+00, 2.19770299e-02, ...,
        1.96081122e-04, 8.93144743e-05, 2.50443494e-03],
       [2.17144263e-02, 2.19770299e-02, 0.00000000e+00, ...,
        7.30835800e-05, 2.30915363e-05, 1.54248769e-03],
       ...,
       [6.01964660e-05, 1.96081122e-04, 7.30835800e-05, ...,
        0.00000000e+00, 4.37550338e-03, 2.29541345e-02],
       [3.55483263e-05, 8.93144743e-05, 2.30915363e-05, ...,
        4.37550338e-03, 0.00000000e+00, 1.53475114e-02],
       [1.05196848e-03, 2.50443494e-03, 1.54248769e-03, ...,
        2.29541345e-02, 1.53475114e-02, 0.00000000e+00]], shape=(45, 45))}
{'bond-orders': array([[0.00000000e+00, 3.11885315e-01, 2.17144263e-02, ...,
        6.01964660e-05, 3.55483263e-05, 1.05196848e-03],
       [3.11885315e-01, 0.00000000e+00, 2.19770299e-02, ...,
        1.96081122e-04, 8.93144743e-05, 2.50443494e-03],
       [2.17144263e-02, 2.19770299e-02, 0.00000000e+00, ...,
        7.30835800e-05, 2.30915363e-05, 1.54248769e-03],
       ...,
       [6.01964660e-05, 1.96081122e-04, 7.30835800e-05, ...,
        0.00000000e+00, 4.37550338e-03, 2.29541345e-02],
       [3.55483263e-05, 8.93144743e-05, 2.30915363e-05, ...,
        4.37550338e-03, 0.00000000e+00, 1.53475114e-02],
       [1.05196848e-03, 2.50443494e-03, 1.54248769e-03, ...,
        2.29541345e-02, 1.53475114e-02, 0.00000000e+00]], shape=(45, 45)), 'molecular-dipole': array([-1.87985558,  0.75225523, -0.22979378])}
{'bond-orders': array([[0.00000000e+00, 3.11885315e-01, 2.17144263e-02, ...,
        6.01964660e-05, 3.55483263e-05, 1.05196848e-03],
       [3.11885315e-01, 0.00000000e+00, 2.19770299e-02, ...,
        1.96081122e-04, 8.93144743e-05, 2.50443494e-03],
       [2.17144263e-02, 2.19770299e-02, 0.00000000e+00, ...,
        7.30835800e-05, 2.30915363e-05, 1.54248769e-03],
       ...,
       [6.01964660e-05, 1.96081122e-04, 7.30835800e-05, ...,
        0.00000000e+00, 4.37550338e-03, 2.29541345e-02],
       [3.55483263e-05, 8.93144743e-05, 2.30915363e-05, ...,
        4.37550338e-03, 0.00000000e+00, 1.53475114e-02],
       [1.05196848e-03, 2.50443494e-03, 1.54248769e-03, ...,
        2.29541345e-02, 1.53475114e-02, 0.00000000e+00]], shape=(45, 45)), 'molecular-dipole': array([-1.87985558,  0.75225523, -0.22979378]), 'molecular-quadrupole': array([ -68.920176  ,    8.16749974,   17.15399831, -211.79387209,
         93.70880295,   51.76617769])}
------------------------------------------------------------
  cycle        total energy    energy error   density error
------------------------------------------------------------
      1     -163.5584770083  -1.6331161E+02   2.2103260E-03
      2     -163.5429577458   1.5519262E-02   7.4251110E-03
      3     -163.5441723073  -1.2145614E-03   6.9780773E-03
      4     -163.5583636821  -1.4191375E-02   1.6177080E-03
      5     -163.5585340493  -1.7036722E-04   1.4657061E-03
      6     -163.5586068057  -7.2756392E-05   1.0425325E-03
      7     -163.5586695651  -6.2759430E-05   3.5371662E-04
      8     -163.5586718087  -2.2435757E-06   2.3285935E-04
      9     -163.5586748152  -3.0065160E-06   1.0478648E-04
     10     -163.5586751681  -3.5288812E-07   4.7662700E-05
     11     -163.5586753692  -2.0110897E-07   2.8251246E-05
     12     -163.5586755458  -1.7657814E-07   1.1247265E-05
------------------------------------------------------------

 total:                                  13.625 sec
3
{'bond-orders': array([[0.00000000e+00, 3.11880444e-01, 2.17380681e-02, ...,
        7.27069982e-05, 3.65274950e-05, 1.08670324e-03],
       [3.11880444e-01, 0.00000000e+00, 2.19652656e-02, ...,
        2.09540720e-04, 9.12802280e-05, 2.51355232e-03],
       [2.17380681e-02, 2.19652656e-02, 0.00000000e+00, ...,
        8.33220014e-05, 2.59847739e-05, 1.54687341e-03],
       ...,
       [7.27069982e-05, 2.09540720e-04, 8.33220014e-05, ...,
        0.00000000e+00, 4.65278144e-03, 2.39469851e-02],
       [3.65274950e-05, 9.12802280e-05, 2.59847739e-05, ...,
        4.65278144e-03, 0.00000000e+00, 1.67738877e-02],
       [1.08670324e-03, 2.51355232e-03, 1.54687341e-03, ...,
        2.39469851e-02, 1.67738877e-02, 0.00000000e+00]], shape=(45, 45))}
{'bond-orders': array([[0.00000000e+00, 3.11880444e-01, 2.17380681e-02, ...,
        7.27069982e-05, 3.65274950e-05, 1.08670324e-03],
       [3.11880444e-01, 0.00000000e+00, 2.19652656e-02, ...,
        2.09540720e-04, 9.12802280e-05, 2.51355232e-03],
       [2.17380681e-02, 2.19652656e-02, 0.00000000e+00, ...,
        8.33220014e-05, 2.59847739e-05, 1.54687341e-03],
       ...,
       [7.27069982e-05, 2.09540720e-04, 8.33220014e-05, ...,
        0.00000000e+00, 4.65278144e-03, 2.39469851e-02],
       [3.65274950e-05, 9.12802280e-05, 2.59847739e-05, ...,
        4.65278144e-03, 0.00000000e+00, 1.67738877e-02],
       [1.08670324e-03, 2.51355232e-03, 1.54687341e-03, ...,
        2.39469851e-02, 1.67738877e-02, 0.00000000e+00]], shape=(45, 45)), 'molecular-dipole': array([-1.89776613,  0.78584584, -0.28764989])}
{'bond-orders': array([[0.00000000e+00, 3.11880444e-01, 2.17380681e-02, ...,
        7.27069982e-05, 3.65274950e-05, 1.08670324e-03],
       [3.11880444e-01, 0.00000000e+00, 2.19652656e-02, ...,
        2.09540720e-04, 9.12802280e-05, 2.51355232e-03],
       [2.17380681e-02, 2.19652656e-02, 0.00000000e+00, ...,
        8.33220014e-05, 2.59847739e-05, 1.54687341e-03],
       ...,
       [7.27069982e-05, 2.09540720e-04, 8.33220014e-05, ...,
        0.00000000e+00, 4.65278144e-03, 2.39469851e-02],
       [3.65274950e-05, 9.12802280e-05, 2.59847739e-05, ...,
        4.65278144e-03, 0.00000000e+00, 1.67738877e-02],
       [1.08670324e-03, 2.51355232e-03, 1.54687341e-03, ...,
        2.39469851e-02, 1.67738877e-02, 0.00000000e+00]], shape=(45, 45)), 'molecular-dipole': array([-1.89776613,  0.78584584, -0.28764989]), 'molecular-quadrupole': array([ -67.29823507,   10.09854801,   20.33352765, -216.55465878,
         96.51723676,   46.96470742])}
------------------------------------------------------------
  cycle        total energy    energy error   density error
------------------------------------------------------------
      1     -163.5596916222  -1.6331526E+02   1.2866519E-03
      2     -163.5588727092   8.1891295E-04   2.5376011E-03
      3     -163.5547479421   4.1247671E-03   4.0300949E-03
      4     -163.5590108949  -4.2629528E-03   1.7433122E-03
      5     -163.5596843700  -6.7347509E-04   8.4214287E-04
      6     -163.5597159521  -3.1582098E-05   5.1721585E-04
      7     -163.5597299879  -1.4035830E-05   2.3112310E-04
      8     -163.5597318233  -1.8353351E-06   1.4308055E-04
      9     -163.5597324418  -6.1851654E-07   6.8612785E-05
     10     -163.5597327880  -3.4616079E-07   4.2637162E-05
     11     -163.5597330597  -2.7172021E-07   1.7780545E-05
------------------------------------------------------------

 total:                                  13.474 sec
3
{'bond-orders': array([[0.00000000e+00, 3.11930468e-01, 2.17003684e-02, ...,
        7.68165498e-05, 3.75497431e-05, 1.10662425e-03],
       [3.11930468e-01, 0.00000000e+00, 2.19295629e-02, ...,
        2.40249003e-04, 9.87232284e-05, 2.58394336e-03],
       [2.17003684e-02, 2.19295629e-02, 0.00000000e+00, ...,
        8.87291316e-05, 2.51455656e-05, 1.52582287e-03],
       ...,
       [7.68165498e-05, 2.40249003e-04, 8.87291316e-05, ...,
        0.00000000e+00, 4.75599994e-03, 2.43854645e-02],
       [3.75497431e-05, 9.87232284e-05, 2.51455656e-05, ...,
        4.75599994e-03, 0.00000000e+00, 1.72838696e-02],
       [1.10662425e-03, 2.58394336e-03, 1.52582287e-03, ...,
        2.43854645e-02, 1.72838696e-02, 0.00000000e+00]], shape=(45, 45))}
{'bond-orders': array([[0.00000000e+00, 3.11930468e-01, 2.17003684e-02, ...,
        7.68165498e-05, 3.75497431e-05, 1.10662425e-03],
       [3.11930468e-01, 0.00000000e+00, 2.19295629e-02, ...,
        2.40249003e-04, 9.87232284e-05, 2.58394336e-03],
       [2.17003684e-02, 2.19295629e-02, 0.00000000e+00, ...,
        8.87291316e-05, 2.51455656e-05, 1.52582287e-03],
       ...,
       [7.68165498e-05, 2.40249003e-04, 8.87291316e-05, ...,
        0.00000000e+00, 4.75599994e-03, 2.43854645e-02],
       [3.75497431e-05, 9.87232284e-05, 2.51455656e-05, ...,
        4.75599994e-03, 0.00000000e+00, 1.72838696e-02],
       [1.10662425e-03, 2.58394336e-03, 1.52582287e-03, ...,
        2.43854645e-02, 1.72838696e-02, 0.00000000e+00]], shape=(45, 45)), 'molecular-dipole': array([-1.91720451,  0.78620437, -0.33038426])}
{'bond-orders': array([[0.00000000e+00, 3.11930468e-01, 2.17003684e-02, ...,
        7.68165498e-05, 3.75497431e-05, 1.10662425e-03],
       [3.11930468e-01, 0.00000000e+00, 2.19295629e-02, ...,
        2.40249003e-04, 9.87232284e-05, 2.58394336e-03],
       [2.17003684e-02, 2.19295629e-02, 0.00000000e+00, ...,
        8.87291316e-05, 2.51455656e-05, 1.52582287e-03],
       ...,
       [7.68165498e-05, 2.40249003e-04, 8.87291316e-05, ...,
        0.00000000e+00, 4.75599994e-03, 2.43854645e-02],
       [3.75497431e-05, 9.87232284e-05, 2.51455656e-05, ...,
        4.75599994e-03, 0.00000000e+00, 1.72838696e-02],
       [1.10662425e-03, 2.58394336e-03, 1.52582287e-03, ...,
        2.43854645e-02, 1.72838696e-02, 0.00000000e+00]], shape=(45, 45)), 'molecular-dipole': array([-1.91720451,  0.78620437, -0.33038426]), 'molecular-quadrupole': array([ -66.14748512,    9.96719604,   22.38481683, -221.20184114,
         95.55260194,   43.76266829])}
------------------------------------------------------------
  cycle        total energy    energy error   density error
------------------------------------------------------------
      1     -163.5604552025  -1.6331747E+02   1.9181374E-03
      2     -163.5455348172   1.4920385E-02   7.5738786E-03
      3     -163.5482189083  -2.6840911E-03   6.4187720E-03
      4     -163.5603685881  -1.2149680E-02   1.3425456E-03
      5     -163.5605578198  -1.8923176E-04   1.1480432E-03
      6     -163.5605798338  -2.2013960E-05   9.6973606E-04
      7     -163.5606316511  -5.1817244E-05   2.8981294E-04
      8     -163.5606379240  -6.2729381E-06   1.4590791E-04
      9     -163.5606392340  -1.3100128E-06   5.2714074E-05
     10     -163.5606393491  -1.1510309E-07   2.4466149E-05
     11     -163.5606393763  -2.7205971E-08   1.0054978E-05
------------------------------------------------------------

 total:                                  11.306 sec
3
{'bond-orders': array([[0.00000000e+00, 3.11990954e-01, 2.16194119e-02, ...,
        7.03049374e-05, 3.83287222e-05, 1.11337615e-03],
       [3.11990954e-01, 0.00000000e+00, 2.19052851e-02, ...,
        2.71618643e-04, 1.04695157e-04, 2.67615511e-03],
       [2.16194119e-02, 2.19052851e-02, 0.00000000e+00, ...,
        8.63166051e-05, 2.16793306e-05, 1.50427512e-03],
       ...,
       [7.03049374e-05, 2.71618643e-04, 8.63166051e-05, ...,
        0.00000000e+00, 4.66712224e-03, 2.39475736e-02],
       [3.83287222e-05, 1.04695157e-04, 2.16793306e-05, ...,
        4.66712224e-03, 0.00000000e+00, 1.69838686e-02],
       [1.11337615e-03, 2.67615511e-03, 1.50427512e-03, ...,
        2.39475736e-02, 1.69838686e-02, 0.00000000e+00]], shape=(45, 45))}
{'bond-orders': array([[0.00000000e+00, 3.11990954e-01, 2.16194119e-02, ...,
        7.03049374e-05, 3.83287222e-05, 1.11337615e-03],
       [3.11990954e-01, 0.00000000e+00, 2.19052851e-02, ...,
        2.71618643e-04, 1.04695157e-04, 2.67615511e-03],
       [2.16194119e-02, 2.19052851e-02, 0.00000000e+00, ...,
        8.63166051e-05, 2.16793306e-05, 1.50427512e-03],
       ...,
       [7.03049374e-05, 2.71618643e-04, 8.63166051e-05, ...,
        0.00000000e+00, 4.66712224e-03, 2.39475736e-02],
       [3.83287222e-05, 1.04695157e-04, 2.16793306e-05, ...,
        4.66712224e-03, 0.00000000e+00, 1.69838686e-02],
       [1.11337615e-03, 2.67615511e-03, 1.50427512e-03, ...,
        2.39475736e-02, 1.69838686e-02, 0.00000000e+00]], shape=(45, 45)), 'molecular-dipole': array([-1.93907083,  0.76018491, -0.34527725])}
{'bond-orders': array([[0.00000000e+00, 3.11990954e-01, 2.16194119e-02, ...,
        7.03049374e-05, 3.83287222e-05, 1.11337615e-03],
       [3.11990954e-01, 0.00000000e+00, 2.19052851e-02, ...,
        2.71618643e-04, 1.04695157e-04, 2.67615511e-03],
       [2.16194119e-02, 2.19052851e-02, 0.00000000e+00, ...,
        8.63166051e-05, 2.16793306e-05, 1.50427512e-03],
       ...,
       [7.03049374e-05, 2.71618643e-04, 8.63166051e-05, ...,
        0.00000000e+00, 4.66712224e-03, 2.39475736e-02],
       [3.83287222e-05, 1.04695157e-04, 2.16793306e-05, ...,
        4.66712224e-03, 0.00000000e+00, 1.69838686e-02],
       [1.11337615e-03, 2.67615511e-03, 1.50427512e-03, ...,
        2.39475736e-02, 1.69838686e-02, 0.00000000e+00]], shape=(45, 45)), 'molecular-dipole': array([-1.93907083,  0.76018491, -0.34527725]), 'molecular-quadrupole': array([ -66.04682973,    8.13654199,   22.99008666, -225.216493  ,
         92.07755988,   43.05674307])}
------------------------------------------------------------
  cycle        total energy    energy error   density error
------------------------------------------------------------
      1     -163.5610072467  -1.6331791E+02   1.9729009E-03
      2     -163.5599354504   1.0717963E-03   3.9788987E-03
      3     -163.5562133660   3.7220845E-03   4.0152214E-03
      4     -163.5584585596  -2.2451937E-03   3.0004574E-03
      5     -163.5611064387  -2.6478791E-03   7.5757853E-04
      6     -163.5611102207  -3.7819635E-06   5.3607859E-04
      7     -163.5611210549  -1.0834180E-05   3.1123624E-04
      8     -163.5611248150  -3.7600722E-06   2.1338814E-04
      9     -163.5611277045  -2.8895151E-06   7.5579575E-05
     10     -163.5611279773  -2.7278924E-07   2.9624897E-05
     11     -163.5611280197  -4.2464052E-08   1.4439816E-05
------------------------------------------------------------

 total:                                   9.965 sec
3
{'bond-orders': array([[0.00000000e+00, 3.11991444e-01, 2.15419314e-02, ...,
        6.12061169e-05, 3.96642116e-05, 1.12222414e-03],
       [3.11991444e-01, 0.00000000e+00, 2.19284319e-02, ...,
        2.86918163e-04, 1.02976985e-04, 2.72262496e-03],
       [2.15419314e-02, 2.19284319e-02, 0.00000000e+00, ...,
        8.10274254e-05, 1.96625684e-05, 1.50344888e-03],
       ...,
       [6.12061169e-05, 2.86918163e-04, 8.10274254e-05, ...,
        0.00000000e+00, 4.41752206e-03, 2.32049008e-02],
       [3.96642116e-05, 1.02976985e-04, 1.96625684e-05, ...,
        4.41752206e-03, 0.00000000e+00, 1.62791979e-02],
       [1.12222414e-03, 2.72262496e-03, 1.50344888e-03, ...,
        2.32049008e-02, 1.62791979e-02, 0.00000000e+00]], shape=(45, 45))}
{'bond-orders': array([[0.00000000e+00, 3.11991444e-01, 2.15419314e-02, ...,
        6.12061169e-05, 3.96642116e-05, 1.12222414e-03],
       [3.11991444e-01, 0.00000000e+00, 2.19284319e-02, ...,
        2.86918163e-04, 1.02976985e-04, 2.72262496e-03],
       [2.15419314e-02, 2.19284319e-02, 0.00000000e+00, ...,
        8.10274254e-05, 1.96625684e-05, 1.50344888e-03],
       ...,
       [6.12061169e-05, 2.86918163e-04, 8.10274254e-05, ...,
        0.00000000e+00, 4.41752206e-03, 2.32049008e-02],
       [3.96642116e-05, 1.02976985e-04, 1.96625684e-05, ...,
        4.41752206e-03, 0.00000000e+00, 1.62791979e-02],
       [1.12222414e-03, 2.72262496e-03, 1.50344888e-03, ...,
        2.32049008e-02, 1.62791979e-02, 0.00000000e+00]], shape=(45, 45)), 'molecular-dipole': array([-1.9567888 ,  0.72344569, -0.34663822])}
{'bond-orders': array([[0.00000000e+00, 3.11991444e-01, 2.15419314e-02, ...,
        6.12061169e-05, 3.96642116e-05, 1.12222414e-03],
       [3.11991444e-01, 0.00000000e+00, 2.19284319e-02, ...,
        2.86918163e-04, 1.02976985e-04, 2.72262496e-03],
       [2.15419314e-02, 2.19284319e-02, 0.00000000e+00, ...,
        8.10274254e-05, 1.96625684e-05, 1.50344888e-03],
       ...,
       [6.12061169e-05, 2.86918163e-04, 8.10274254e-05, ...,
        0.00000000e+00, 4.41752206e-03, 2.32049008e-02],
       [3.96642116e-05, 1.02976985e-04, 1.96625684e-05, ...,
        4.41752206e-03, 0.00000000e+00, 1.62791979e-02],
       [1.12222414e-03, 2.72262496e-03, 1.50344888e-03, ...,
        2.32049008e-02, 1.62791979e-02, 0.00000000e+00]], shape=(45, 45)), 'molecular-dipole': array([-1.9567888 ,  0.72344569, -0.34663822]), 'molecular-quadrupole': array([ -66.38781947,    5.63744109,   22.81217588, -228.02475524,
         87.66211077,   43.57564359])}
------------------------------------------------------------
  cycle        total energy    energy error   density error
------------------------------------------------------------
      1     -163.5613541240  -1.6331849E+02   1.2535805E-03
      2     -163.5496014017   1.1752722E-02   6.4368692E-03
      3     -163.5559307702  -6.3293686E-03   4.4235970E-03
      4     -163.5614673860  -5.5366158E-03   5.1799230E-04
      5     -163.5614654806   1.9054045E-06   4.2092154E-04
      6     -163.5614635729   1.9077376E-06   4.7781423E-04
      7     -163.5614777949  -1.4221976E-05   1.9242221E-04
      8     -163.5614799421  -2.1472158E-06   8.7942107E-05
      9     -163.5614802857  -3.4356736E-07   4.2317903E-05
     10     -163.5614803566  -7.0935442E-08   2.1592965E-05
     11     -163.5614804167  -6.0081675E-08   9.5329171E-06
------------------------------------------------------------

 total:                                   9.814 sec
3
{'bond-orders': array([[0.00000000e+00, 3.11961900e-01, 2.14951304e-02, ...,
        5.74560458e-05, 4.12375776e-05, 1.14213894e-03],
       [3.11961900e-01, 0.00000000e+00, 2.19476013e-02, ...,
        2.96388140e-04, 1.01237296e-04, 2.75104767e-03],
       [2.14951304e-02, 2.19476013e-02, 0.00000000e+00, ...,
        7.95692091e-05, 1.95399432e-05, 1.51943658e-03],
       ...,
       [5.74560458e-05, 2.96388140e-04, 7.95692091e-05, ...,
        0.00000000e+00, 4.26884126e-03, 2.28203091e-02],
       [4.12375776e-05, 1.01237296e-04, 1.95399432e-05, ...,
        4.26884126e-03, 0.00000000e+00, 1.59673308e-02],
       [1.14213894e-03, 2.75104767e-03, 1.51943658e-03, ...,
        2.28203091e-02, 1.59673308e-02, 0.00000000e+00]], shape=(45, 45))}
{'bond-orders': array([[0.00000000e+00, 3.11961900e-01, 2.14951304e-02, ...,
        5.74560458e-05, 4.12375776e-05, 1.14213894e-03],
       [3.11961900e-01, 0.00000000e+00, 2.19476013e-02, ...,
        2.96388140e-04, 1.01237296e-04, 2.75104767e-03],
       [2.14951304e-02, 2.19476013e-02, 0.00000000e+00, ...,
        7.95692091e-05, 1.95399432e-05, 1.51943658e-03],
       ...,
       [5.74560458e-05, 2.96388140e-04, 7.95692091e-05, ...,
        0.00000000e+00, 4.26884126e-03, 2.28203091e-02],
       [4.12375776e-05, 1.01237296e-04, 1.95399432e-05, ...,
        4.26884126e-03, 0.00000000e+00, 1.59673308e-02],
       [1.14213894e-03, 2.75104767e-03, 1.51943658e-03, ...,
        2.28203091e-02, 1.59673308e-02, 0.00000000e+00]], shape=(45, 45)), 'molecular-dipole': array([-1.96903025,  0.7025537 , -0.36935562])}
{'bond-orders': array([[0.00000000e+00, 3.11961900e-01, 2.14951304e-02, ...,
        5.74560458e-05, 4.12375776e-05, 1.14213894e-03],
       [3.11961900e-01, 0.00000000e+00, 2.19476013e-02, ...,
        2.96388140e-04, 1.01237296e-04, 2.75104767e-03],
       [2.14951304e-02, 2.19476013e-02, 0.00000000e+00, ...,
        7.95692091e-05, 1.95399432e-05, 1.51943658e-03],
       ...,
       [5.74560458e-05, 2.96388140e-04, 7.95692091e-05, ...,
        0.00000000e+00, 4.26884126e-03, 2.28203091e-02],
       [4.12375776e-05, 1.01237296e-04, 1.95399432e-05, ...,
        4.26884126e-03, 0.00000000e+00, 1.59673308e-02],
       [1.14213894e-03, 2.75104767e-03, 1.51943658e-03, ...,
        2.28203091e-02, 1.59673308e-02, 0.00000000e+00]], shape=(45, 45)), 'molecular-dipole': array([-1.96903025,  0.7025537 , -0.36935562]), 'molecular-quadrupole': array([ -65.82894031,    4.29854401,   23.64326532, -230.92746879,
         84.63755534,   42.18567499])}
------------------------------------------------------------
  cycle        total energy    energy error   density error
------------------------------------------------------------
      1     -163.5617307897  -1.6331889E+02   2.4066299E-03
      2     -163.5376835476   2.4047242E-02   9.4620569E-03
      3     -163.5305205638   7.1629838E-03   1.0236879E-02
      4     -163.5619833256  -3.1462762E-02   1.1730098E-03
      5     -163.5620773724  -9.4046767E-05   6.3118977E-04
      6     -163.5620785623  -1.1898549E-06   5.8398925E-04
      7     -163.5620986704  -2.0108107E-05   3.4721633E-04
      8     -163.5621070737  -8.4033403E-06   1.6967471E-04
      9     -163.5621095341  -2.4604201E-06   6.6683117E-05
     10     -163.5621097565  -2.2235935E-07   2.4014203E-05
     11     -163.5621098046  -4.8135803E-08   8.1828007E-06
------------------------------------------------------------

 total:                                   9.795 sec
3
{'bond-orders': array([[0.00000000e+00, 3.11876686e-01, 2.14188791e-02, ...,
        5.49342866e-05, 4.60415248e-05, 1.19443520e-03],
       [3.11876686e-01, 0.00000000e+00, 2.19725704e-02, ...,
        3.16294968e-04, 1.00307854e-04, 2.79611531e-03],
       [2.14188791e-02, 2.19725704e-02, 0.00000000e+00, ...,
        8.13308368e-05, 2.12508918e-05, 1.56964203e-03],
       ...,
       [5.49342866e-05, 3.16294968e-04, 8.13308368e-05, ...,
        0.00000000e+00, 4.12482936e-03, 2.25256575e-02],
       [4.60415248e-05, 1.00307854e-04, 2.12508918e-05, ...,
        4.12482936e-03, 0.00000000e+00, 1.60544089e-02],
       [1.19443520e-03, 2.79611531e-03, 1.56964203e-03, ...,
        2.25256575e-02, 1.60544089e-02, 0.00000000e+00]], shape=(45, 45))}
{'bond-orders': array([[0.00000000e+00, 3.11876686e-01, 2.14188791e-02, ...,
        5.49342866e-05, 4.60415248e-05, 1.19443520e-03],
       [3.11876686e-01, 0.00000000e+00, 2.19725704e-02, ...,
        3.16294968e-04, 1.00307854e-04, 2.79611531e-03],
       [2.14188791e-02, 2.19725704e-02, 0.00000000e+00, ...,
        8.13308368e-05, 2.12508918e-05, 1.56964203e-03],
       ...,
       [5.49342866e-05, 3.16294968e-04, 8.13308368e-05, ...,
        0.00000000e+00, 4.12482936e-03, 2.25256575e-02],
       [4.60415248e-05, 1.00307854e-04, 2.12508918e-05, ...,
        4.12482936e-03, 0.00000000e+00, 1.60544089e-02],
       [1.19443520e-03, 2.79611531e-03, 1.56964203e-03, ...,
        2.25256575e-02, 1.60544089e-02, 0.00000000e+00]], shape=(45, 45)), 'molecular-dipole': array([-1.99177237,  0.67277586, -0.43721251])}
{'bond-orders': array([[0.00000000e+00, 3.11876686e-01, 2.14188791e-02, ...,
        5.49342866e-05, 4.60415248e-05, 1.19443520e-03],
       [3.11876686e-01, 0.00000000e+00, 2.19725704e-02, ...,
        3.16294968e-04, 1.00307854e-04, 2.79611531e-03],
       [2.14188791e-02, 2.19725704e-02, 0.00000000e+00, ...,
        8.13308368e-05, 2.12508918e-05, 1.56964203e-03],
       ...,
       [5.49342866e-05, 3.16294968e-04, 8.13308368e-05, ...,
        0.00000000e+00, 4.12482936e-03, 2.25256575e-02],
       [4.60415248e-05, 1.00307854e-04, 2.12508918e-05, ...,
        4.12482936e-03, 0.00000000e+00, 1.60544089e-02],
       [1.19443520e-03, 2.79611531e-03, 1.56964203e-03, ...,
        2.25256575e-02, 1.60544089e-02, 0.00000000e+00]], shape=(45, 45)), 'molecular-dipole': array([-1.99177237,  0.67277586, -0.43721251]), 'molecular-quadrupole': array([ -63.80294197,    2.55468618,   26.42511421, -237.47335374,
         79.47113761,   37.37782776])}
------------------------------------------------------------
  cycle        total energy    energy error   density error
------------------------------------------------------------
      1     -163.5622317745  -1.6331998E+02   1.5417918E-03
      2     -163.5522703336   9.9614409E-03   5.8147964E-03
      3     -163.5519827217   2.8761192E-04   5.8730859E-03
      4     -163.5623293923  -1.0346671E-02   8.1539367E-04
      5     -163.5623344673  -5.0749371E-06   6.2781274E-04
      6     -163.5623459142  -1.1446950E-05   5.0892677E-04
      7     -163.5623638149  -1.7900718E-05   2.3348265E-04
      8     -163.5623679968  -4.1818219E-06   1.1217996E-04
      9     -163.5623690746  -1.0778341E-06   4.6899833E-05
     10     -163.5623691808  -1.0623793E-07   1.8167300E-05
------------------------------------------------------------

 total:                                   9.572 sec
3
{'bond-orders': array([[0.00000000e+00, 3.11859085e-01, 2.13886777e-02, ...,
        5.59032376e-05, 4.95213359e-05, 1.22655984e-03],
       [3.11859085e-01, 0.00000000e+00, 2.19674967e-02, ...,
        3.30159348e-04, 1.04169872e-04, 2.82362650e-03],
       [2.13886777e-02, 2.19674967e-02, 0.00000000e+00, ...,
        8.55669487e-05, 2.30786625e-05, 1.60804199e-03],
       ...,
       [5.59032376e-05, 3.30159348e-04, 8.55669487e-05, ...,
        0.00000000e+00, 4.14338676e-03, 2.27170096e-02],
       [4.95213359e-05, 1.04169872e-04, 2.30786625e-05, ...,
        4.14338676e-03, 0.00000000e+00, 1.61866014e-02],
       [1.22655984e-03, 2.82362650e-03, 1.60804199e-03, ...,
        2.27170096e-02, 1.61866014e-02, 0.00000000e+00]], shape=(45, 45))}
{'bond-orders': array([[0.00000000e+00, 3.11859085e-01, 2.13886777e-02, ...,
        5.59032376e-05, 4.95213359e-05, 1.22655984e-03],
       [3.11859085e-01, 0.00000000e+00, 2.19674967e-02, ...,
        3.30159348e-04, 1.04169872e-04, 2.82362650e-03],
       [2.13886777e-02, 2.19674967e-02, 0.00000000e+00, ...,
        8.55669487e-05, 2.30786625e-05, 1.60804199e-03],
       ...,
       [5.59032376e-05, 3.30159348e-04, 8.55669487e-05, ...,
        0.00000000e+00, 4.14338676e-03, 2.27170096e-02],
       [4.95213359e-05, 1.04169872e-04, 2.30786625e-05, ...,
        4.14338676e-03, 0.00000000e+00, 1.61866014e-02],
       [1.22655984e-03, 2.82362650e-03, 1.60804199e-03, ...,
        2.27170096e-02, 1.61866014e-02, 0.00000000e+00]], shape=(45, 45)), 'molecular-dipole': array([-1.98567958,  0.67055666, -0.48299356])}
{'bond-orders': array([[0.00000000e+00, 3.11859085e-01, 2.13886777e-02, ...,
        5.59032376e-05, 4.95213359e-05, 1.22655984e-03],
       [3.11859085e-01, 0.00000000e+00, 2.19674967e-02, ...,
        3.30159348e-04, 1.04169872e-04, 2.82362650e-03],
       [2.13886777e-02, 2.19674967e-02, 0.00000000e+00, ...,
        8.55669487e-05, 2.30786625e-05, 1.60804199e-03],
       ...,
       [5.59032376e-05, 3.30159348e-04, 8.55669487e-05, ...,
        0.00000000e+00, 4.14338676e-03, 2.27170096e-02],
       [4.95213359e-05, 1.04169872e-04, 2.30786625e-05, ...,
        4.14338676e-03, 0.00000000e+00, 1.61866014e-02],
       [1.22655984e-03, 2.82362650e-03, 1.60804199e-03, ...,
        2.27170096e-02, 1.61866014e-02, 0.00000000e+00]], shape=(45, 45)), 'molecular-dipole': array([-1.98567958,  0.67055666, -0.48299356]), 'molecular-quadrupole': array([ -61.8462867 ,    2.85356849,   28.23426021, -239.25529236,
         77.89276648,   33.61202649])}
------------------------------------------------------------
  cycle        total energy    energy error   density error
------------------------------------------------------------
      1     -163.5624311688  -1.6331920E+02   7.6505595E-04
      2     -163.5618680543   5.6311450E-04   1.5802234E-03
      3     -163.5591813582   2.6866961E-03   3.2179817E-03
      4     -163.5623573183  -3.1759601E-03   7.3445024E-04
      5     -163.5624259991  -6.8680866E-05   5.4368505E-04
      6     -163.5624439543  -1.7955193E-05   2.3292942E-04
      7     -163.5624466578  -2.7034540E-06   9.4977325E-05
      8     -163.5624470282  -3.7044177E-07   4.6600174E-05
      9     -163.5624471047  -7.6426687E-08   2.8533012E-05
     10     -163.5624471164  -1.1753656E-08   1.6082857E-05
------------------------------------------------------------

 total:                                   9.611 sec
3
{'bond-orders': array([[0.00000000e+00, 3.11845620e-01, 2.13745424e-02, ...,
        5.59032590e-05, 5.26667582e-05, 1.23269594e-03],
       [3.11845620e-01, 0.00000000e+00, 2.19636954e-02, ...,
        3.34890506e-04, 1.07278518e-04, 2.80490173e-03],
       [2.13745424e-02, 2.19636954e-02, 0.00000000e+00, ...,
        8.74985908e-05, 2.45231540e-05, 1.61936166e-03],
       ...,
       [5.59032590e-05, 3.34890506e-04, 8.74985908e-05, ...,
        0.00000000e+00, 4.23247192e-03, 2.29156794e-02],
       [5.26667582e-05, 1.07278518e-04, 2.45231540e-05, ...,
        4.23247192e-03, 0.00000000e+00, 1.66896499e-02],
       [1.23269594e-03, 2.80490173e-03, 1.61936166e-03, ...,
        2.29156794e-02, 1.66896499e-02, 0.00000000e+00]], shape=(45, 45))}
{'bond-orders': array([[0.00000000e+00, 3.11845620e-01, 2.13745424e-02, ...,
        5.59032590e-05, 5.26667582e-05, 1.23269594e-03],
       [3.11845620e-01, 0.00000000e+00, 2.19636954e-02, ...,
        3.34890506e-04, 1.07278518e-04, 2.80490173e-03],
       [2.13745424e-02, 2.19636954e-02, 0.00000000e+00, ...,
        8.74985908e-05, 2.45231540e-05, 1.61936166e-03],
       ...,
       [5.59032590e-05, 3.34890506e-04, 8.74985908e-05, ...,
        0.00000000e+00, 4.23247192e-03, 2.29156794e-02],
       [5.26667582e-05, 1.07278518e-04, 2.45231540e-05, ...,
        4.23247192e-03, 0.00000000e+00, 1.66896499e-02],
       [1.23269594e-03, 2.80490173e-03, 1.61936166e-03, ...,
        2.29156794e-02, 1.66896499e-02, 0.00000000e+00]], shape=(45, 45)), 'molecular-dipole': array([-1.98912274,  0.66103493, -0.50597343])}
{'bond-orders': array([[0.00000000e+00, 3.11845620e-01, 2.13745424e-02, ...,
        5.59032590e-05, 5.26667582e-05, 1.23269594e-03],
       [3.11845620e-01, 0.00000000e+00, 2.19636954e-02, ...,
        3.34890506e-04, 1.07278518e-04, 2.80490173e-03],
       [2.13745424e-02, 2.19636954e-02, 0.00000000e+00, ...,
        8.74985908e-05, 2.45231540e-05, 1.61936166e-03],
       ...,
       [5.59032590e-05, 3.34890506e-04, 8.74985908e-05, ...,
        0.00000000e+00, 4.23247192e-03, 2.29156794e-02],
       [5.26667582e-05, 1.07278518e-04, 2.45231540e-05, ...,
        4.23247192e-03, 0.00000000e+00, 1.66896499e-02],
       [1.23269594e-03, 2.80490173e-03, 1.61936166e-03, ...,
        2.29156794e-02, 1.66896499e-02, 0.00000000e+00]], shape=(45, 45)), 'molecular-dipole': array([-1.98912274,  0.66103493, -0.50597343]), 'molecular-quadrupole': array([ -61.04113867,    2.32158188,   29.07874566, -240.76052302,
         76.15391597,   31.96239301])}
Using Materials Project MACE for MACECalculator with /home/ans819/.cache/mace/20231203mace128L1_epoch199model
Using float32 for MACECalculator, which is faster but less accurate. Recommended for MD. Use float64 for geometry optimization.
Using head Default out of ['Default']
Default dtype float32 does not match model dtype float64, converting models to float32.
CHGNet v0.3.0 initialized with 412,525 parameters
CHGNet will run on cpu
   30  Ag     12    4.39   0.01         0    2    0   0.005   17.160688   10.330618   32.475819
   31  Ag      7    3.92   0.18         0    2    0   0.018   25.886461   13.892900   34.068920
   32  Ag      9    4.27   0.07         0    2    0   0.025   22.396152    9.618162   34.068920
   33  Ag      8    4.14   0.12         0    2    0   0.012   13.670379   13.180444   35.662020
   34  Ag      9    4.27   0.07         0    2    0   0.010   10.180069    8.905705   35.662020
   35  Ag      9    4.27   0.07         0    2    0   0.025   18.905843   12.467987   37.255121
   36  Ag      5    3.15   0.34         0    2    0   0.020   22.396152   16.742726   37.255121
   37  Ag      6    3.59   0.26         0    2    0   0.032   24.141307   11.755531   38.848222
   38  Ag      3    2.00   0.41         2    2    0   0.015   27.631616   16.030269   38.848222
   39  Ag      5    3.15   0.32         0    2    0   0.019   11.925224   11.043075   40.441323
   40  Ag      3    2.00   0.39         2    2    0   0.012   15.415533   15.317813   40.441323
   41  C       5    3.78   0.00         3    0    0   0.038   18.604500    8.610572   42.961450
   42  H       1    0.97   0.01         0    0    0  -0.109   17.040941    9.954245   42.577457
   43  H       1    0.97   0.01         0    0    0  -0.109   19.255443    8.851830   44.926277
   44  H       2    1.81   0.02         1    0    0  -0.133   20.164398    9.121853   41.646612
   45  O       3    1.59   0.00         3    0    0  -0.445   17.920868    6.138980   42.409286

          #atoms :   45
          #bonds :   141
          #angl  :   191
          #tors  :   7
          #nmol  :   1
          #optfrag :   1
