/home/ans819/.conda/envs/autoflow/lib/python3.13/site-packages/e3nn/o3/_wigner.py:10: UserWarning: Environment variable TORCH_FORCE_NO_WEIGHTS_ONLY_LOAD detected, since the`weights_only` argument was not explicitly passed to `torch.load`, forcing weights_only=False.
  _Jd, _W3j_flat, _W3j_indices = torch.load(os.path.join(os.path.dirname(__file__), 'constants.pt'))

          ==================== Thresholds ====================
          CN  :   150.00000
          rep :   500.00000
          disp:  2500.00000
          HB1 :   250.00000
          HB2 :   450.00000

          Pauling EN used:
          Z : 1  EN :  2.20
          Z : 6  EN :  2.55
          Z : 8  EN :  3.44
          Z :47  EN :  1.93
          electric field strengths (au): 0.000

           ------------------------------------------------- 
          |           Force Field Initialization            |
           ------------------------------------------------- 

          distances ...
          ----------------------------------------
          generating topology and atomic info file ...
          pair mat ...
          computing topology distances matrix with Floyd-Warshall algo ...
          making topology EEQ charges ...
          #fragments for EEQ constrain: 1
          ----------------------------------------
          generating topology and atomic info file ...
          pair mat ...
          computing topology distances matrix with Floyd-Warshall algo ...
          making topology EEQ charges ...
          #fragments for EEQ constrain: 1
          rings ...
          # BATM   5428
          # H in HB   0

  atom   neighbors  erfCN metchar sp-hybrid imet pi  qest     coordinates
    1  Ag      3    2.00   0.39         2    2    0   0.007   -0.000000    1.951142   25.603003
    2  Ag     11    4.37   0.02         0    2    0   0.009    8.277995    5.853427   28.362335
    3  Ag     10    4.34   0.04         0    2    0   0.012    2.759332    5.853427   28.362335
    4  Ag      5    3.15   0.32         0    2    0   0.012    5.518664    1.951142   25.603003
    5  Ag      8    4.14   0.12         0    2    0   0.008    5.518664    1.951142   31.121666
    6  Ag      9    4.27   0.07         0    2    0   0.021    2.759332    5.853427   33.880998
    7  Ag     12    4.39   0.01         0    2    0   0.015    8.277995    5.853427   33.880998
    8  Ag      4    2.61   0.38         3    2    0   0.018   -0.000000    1.951142   31.121666
    9  Ag      7    3.92   0.19         0    2    0   0.023   11.037327    1.951142   36.640330
   10  Ag      8    4.06   0.15         0    2    0   0.089    8.277995    5.853427   39.399662
   11  Ag      5    2.96   0.44         0    2    0   0.097    2.759332    5.853427   39.399662
   12  Ag      6    3.59   0.27         0    2    0   0.018    5.518664    1.951142   36.640330
   13  Ag      4    2.61   0.39         3    2    0   0.013   -0.000000    9.755711   25.603003
   14  Ag      7    3.92   0.19         0    2    0   0.008    8.277995   13.657996   28.362335
   15  Ag      6    3.59   0.27         0    2    0   0.011    2.759332   13.657996   28.362335
   16  Ag      7    3.92   0.19         0    2    0   0.009    5.518664    9.755711   25.603003
   17  Ag     12    4.39   0.01         0    2    0   0.003    5.518664    9.755711   31.121666
   18  Ag      6    3.59   0.26         0    2    0   0.015    2.759332   13.657996   33.880998
   19  Ag      8    4.14   0.12         0    2    0   0.009    8.277995   13.657996   33.880998
   20  Ag      6    3.59   0.27         0    2    0   0.017   -0.000000    9.755711   31.121666
   21  Ag     11    4.37   0.02         0    2    0   0.017   11.037327    9.755711   36.640330
   22  Ag      5    3.15   0.32         0    2    0   0.015    8.277995   13.657996   39.399662
   23  Ag      3    2.00   0.39         2    2    0   0.008    2.759332   13.657996   39.399662
   24  Ag     10    4.34   0.04         0    2    0   0.012    5.518664    9.755711   36.640330
   25  Ag      5    3.15   0.32         0    2    0   0.013   11.037327    1.951142   25.603003
   26  Ag      6    3.59   0.27         0    2    0   0.011   19.315323    5.853427   28.362335
   27  Ag     11    4.37   0.02         0    2    0   0.004   13.796659    5.853427   28.362335
   28  Ag      4    2.61   0.38         3    2    0   0.011   16.555991    1.951142   25.603003
   29  Ag      7    3.92   0.19         0    2    0   0.009   16.555991    1.951142   31.121666
/home/ans819/.conda/envs/autoflow/lib/python3.13/site-packages/mace/calculators/mace.py:197: UserWarning: Environment variable TORCH_FORCE_NO_WEIGHTS_ONLY_LOAD detected, since the`weights_only` argument was not explicitly passed to `torch.load`, forcing weights_only=False.
  torch.load(f=model_path, map_location=device)
/home/ans819/.conda/envs/autoflow/lib/python3.13/site-packages/chgnet/model/model.py:898: UserWarning: Converting a tensor with requires_grad=True to a scalar may lead to unexpected behavior.
Consider using tensor.detach() first. (Triggered internally at /pytorch/torch/csrc/autograd/generated/python_variable_methods.cpp:836.)
  volumes = torch.tensor(volumes, dtype=TORCH_DTYPE, device=atomic_numbers.device)
cuequivariance or cuequivariance_torch is not available. Cuequivariance acceleration will be disabled.
Using Materials Project MACE for MACECalculator with /home/ans819/.cache/mace/20231203mace128L1_epoch199model
Using float32 for MACECalculator, which is faster but less accurate. Recommended for MD. Use float64 for geometry optimization.
Using head Default out of ['Default']
Default dtype float32 does not match model dtype float64, converting models to float32.
CHGNet v0.3.0 initialized with 412,525 parameters
CHGNet will run on cpu
   30  Ag     12    4.39   0.01         0    2    0   0.004   13.796659    5.853427   33.880998
   31  Ag      9    4.27   0.07         0    2    0   0.007   19.315323    5.853427   33.880998
   32  Ag      8    4.14   0.12         0    2    0   0.011   11.037327    1.951142   31.121666
   33  Ag      3    2.00   0.41         2    2    0   0.006   22.074654    1.951142   36.640330
   34  Ag      6    3.59   0.27         0    2    0   0.018   19.315323    5.853427   39.399662
   35  Ag      7    3.92   0.19         0    2    0   0.024   13.796659    5.853427   39.399662
   36  Ag      7    3.92   0.19         0    2    0   0.015   16.555991    1.951142   36.640330
   37  Ag      7    3.92   0.19         0    2    0   0.010   11.037327    9.755711   25.603003
   38  Ag      4    2.61   0.38         3    2    0   0.011   19.315323   13.657996   28.362335
   39  Ag      7    3.92   0.19         0    2    0   0.010   13.796659   13.657996   28.362335
   40  Ag      6    3.59   0.27         0    2    0   0.011   16.555991    9.755711   25.603003
   41  Ag     11    4.37   0.02         0    2    0   0.004   16.555991    9.755711   31.121666
   42  Ag      8    4.14   0.12         0    2    0   0.012   13.796659   13.657996   33.880998
   43  Ag      6    3.59   0.26         0    2    0   0.012   19.315323   13.657996   33.880998
   44  Ag     12    4.39   0.01         0    2    0   0.006   11.037327    9.755711   31.121666
   45  Ag      5    3.15   0.34         0    2    0   0.014   22.074654    9.755711   36.640330
   46  Ag      4    2.61   0.38         3    2    0   0.012   19.315323   13.657996   39.399662
   47  Ag      5    3.15   0.32         0    2    0   0.017   13.796659   13.657996   39.399662
   48  Ag     11    4.37   0.02         0    2    0   0.008   16.555991    9.755711   36.640330
   49  C       4    3.60   0.00         3    0    0   0.036    5.518664    8.476593   43.179114
   50  H       1    0.97   0.01         0    0    0  -0.105    7.455723    9.254312   43.380552
   51  H       1    0.99   0.01         0    0    0  -0.105    4.622194    9.287142   41.481518
   52  H       1    0.97   0.01         0    0    0  -0.105    4.451890    9.088095   44.885441
   53  O       3    1.59   0.00         3    0    0  -0.445    5.518664    5.853427   43.179114

          #atoms :   53
          #bonds :   177
          #angl  :   228
          #tors  :   6
          #nmol  :   1
          #optfrag :   1
