/home/ans819/.conda/envs/autoflow/lib/python3.13/site-packages/e3nn/o3/_wigner.py:10: UserWarning: Environment variable TORCH_FORCE_NO_WEIGHTS_ONLY_LOAD detected, since the`weights_only` argument was not explicitly passed to `torch.load`, forcing weights_only=False.
  _Jd, _W3j_flat, _W3j_indices = torch.load(os.path.join(os.path.dirname(__file__), 'constants.pt'))

          ==================== Thresholds ====================
          CN  :   150.00000
          rep :   500.00000
          disp:  2500.00000
          HB1 :   250.00000
          HB2 :   450.00000

          Pauling EN used:
          Z : 1  EN :  2.20
          Z : 6  EN :  2.55
          Z : 8  EN :  3.44
          Z :47  EN :  1.93
          electric field strengths (au): 0.000

           ------------------------------------------------- 
          |           Force Field Initialization            |
           ------------------------------------------------- 

          distances ...
          ----------------------------------------
          generating topology and atomic info file ...
          pair mat ...
          computing topology distances matrix with Floyd-Warshall algo ...
          making topology EEQ charges ...
          #fragments for EEQ constrain: 1
          ----------------------------------------
          generating topology and atomic info file ...
          pair mat ...
          computing topology distances matrix with Floyd-Warshall algo ...
          making topology EEQ charges ...
          #fragments for EEQ constrain: 1
          rings ...
          # BATM   5357
          # H in HB   0

  atom   neighbors  erfCN metchar sp-hybrid imet pi  qest     coordinates
    1  Ag      3    2.00   0.39         2    2    0   0.007   -0.000000    2.692429   26.297201
    2  Ag     11    4.37   0.02         0    2    0   0.010    8.277995    6.594713   29.056533
    3  Ag     10    4.34   0.04         0    2    0   0.007    2.759332    6.594713   29.056533
    4  Ag      5    3.15   0.32         0    2    0   0.015    5.518664    2.692429   26.297201
    5  Ag      8    4.14   0.12         0    2    0   0.014    5.518664    2.692429   31.815865
    6  Ag      9    4.27   0.07         0    2    0   0.010    2.759332    6.594713   34.575197
    7  Ag     12    4.39   0.01         0    2    0   0.017    8.277995    6.594713   34.575197
    8  Ag      4    2.61   0.38         3    2    0   0.014   -0.000000    2.692429   31.815865
    9  Ag      7    3.96   0.19         0    2    0   0.026   11.037327    2.692429   37.334529
   10  Ag      8    4.22   0.09         0    2    0   0.105    8.277995    6.594713   40.093860
   11  Ag      4    2.61   0.39         3    2    0   0.031    2.759332    6.594713   40.093860
   12  Ag      6    3.59   0.27         0    2    0   0.029    5.518664    2.692429   37.334529
   13  Ag      4    2.61   0.39         3    2    0   0.013   -0.000000   10.496998   26.297201
   14  Ag      7    3.92   0.19         0    2    0   0.010    8.277995   14.399282   29.056533
   15  Ag      6    3.59   0.27         0    2    0   0.014    2.759332   14.399282   29.056533
   16  Ag      7    3.92   0.19         0    2    0   0.012    5.518664   10.496998   26.297201
   17  Ag     12    4.39   0.01         0    2    0   0.007    5.518664   10.496998   31.815865
   18  Ag      6    3.59   0.26         0    2    0   0.019    2.759332   14.399282   34.575197
   19  Ag      8    4.14   0.12         0    2    0   0.012    8.277995   14.399282   34.575197
   20  Ag      6    3.59   0.27         0    2    0   0.012   -0.000000   10.496998   31.815865
   21  Ag     11    4.37   0.02         0    2    0   0.019   11.037327   10.496998   37.334529
   22  Ag      5    3.15   0.32         0    2    0   0.018    8.277995   14.399282   40.093860
   23  Ag      3    2.00   0.39         2    2    0   0.012    2.759332   14.399282   40.093860
   24  Ag     10    4.34   0.04         0    2    0   0.022    5.518664   10.496998   37.334529
   25  Ag      5    3.15   0.32         0    2    0   0.014   11.037327    2.692429   26.297201
   26  Ag      6    3.59   0.27         0    2    0   0.012   19.315323    6.594713   29.056533
   27  Ag     11    4.37   0.02         0    2    0   0.004   13.796659    6.594713   29.056533
   28  Ag      4    2.61   0.38         3    2    0   0.013   16.555991    2.692429   26.297201
   29  Ag      7    3.92   0.19         0    2    0   0.011   16.555991    2.692429   31.815865
/home/ans819/.conda/envs/autoflow/lib/python3.13/site-packages/mace/calculators/mace.py:197: UserWarning: Environment variable TORCH_FORCE_NO_WEIGHTS_ONLY_LOAD detected, since the`weights_only` argument was not explicitly passed to `torch.load`, forcing weights_only=False.
  torch.load(f=model_path, map_location=device)
/home/ans819/.conda/envs/autoflow/lib/python3.13/site-packages/chgnet/model/model.py:898: UserWarning: Converting a tensor with requires_grad=True to a scalar may lead to unexpected behavior.
Consider using tensor.detach() first. (Triggered internally at /pytorch/torch/csrc/autograd/generated/python_variable_methods.cpp:836.)
  volumes = torch.tensor(volumes, dtype=TORCH_DTYPE, device=atomic_numbers.device)
cuequivariance or cuequivariance_torch is not available. Cuequivariance acceleration will be disabled.
Using Materials Project MACE for MACECalculator with /home/ans819/.cache/mace/20231203mace128L1_epoch199model
Using float32 for MACECalculator, which is faster but less accurate. Recommended for MD. Use float64 for geometry optimization.
Using head Default out of ['Default']
Default dtype float32 does not match model dtype float64, converting models to float32.
CHGNet v0.3.0 initialized with 412,525 parameters
CHGNet will run on cpu
   30  Ag     12    4.39   0.01         0    2    0   0.004   13.796659    6.594713   34.575197
   31  Ag      9    4.27   0.07         0    2    0   0.008   19.315323    6.594713   34.575197
   32  Ag      8    4.14   0.12         0    2    0   0.012   11.037327    2.692429   31.815865
   33  Ag      3    2.00   0.41         2    2    0   0.008   22.074654    2.692429   37.334529
   34  Ag      6    3.59   0.27         0    2    0   0.021   19.315323    6.594713   40.093860
   35  Ag      7    3.94   0.19         0    2    0   0.027   13.796659    6.594713   40.093860
   36  Ag      7    3.92   0.19         0    2    0   0.017   16.555991    2.692429   37.334529
   37  Ag      7    3.92   0.19         0    2    0   0.011   11.037327   10.496998   26.297201
   38  Ag      4    2.61   0.38         3    2    0   0.012   19.315323   14.399282   29.056533
   39  Ag      7    3.92   0.19         0    2    0   0.011   13.796659   14.399282   29.056533
   40  Ag      6    3.59   0.27         0    2    0   0.012   16.555991   10.496998   26.297201
   41  Ag     11    4.37   0.02         0    2    0   0.004   16.555991   10.496998   31.815865
   42  Ag      8    4.14   0.12         0    2    0   0.014   13.796659   14.399282   34.575197
   43  Ag      6    3.59   0.26         0    2    0   0.014   19.315323   14.399282   34.575197
   44  Ag     12    4.39   0.01         0    2    0   0.007   11.037327   10.496998   31.815865
   45  Ag      5    3.15   0.34         0    2    0   0.016   22.074654   10.496998   37.334529
   46  Ag      4    2.61   0.38         3    2    0   0.014   19.315323   14.399282   40.093860
   47  Ag      5    3.15   0.32         0    2    0   0.019   13.796659   14.399282   40.093860
   48  Ag     11    4.37   0.02         0    2    0   0.009   16.555991   10.496998   37.334529
   49  C       4    3.60   0.00         3    0    0   0.065    9.657661    2.020404   42.493647
   50  H       1    0.97   0.01         0    0    0  -0.099   11.594721    1.242686   42.292209
   51  H       1    0.97   0.01         0    0    0  -0.099    8.761192    1.209856   44.191242
   52  H       1    0.99   0.01         0    0    0  -0.099    8.590888    1.408903   40.787320
   53  O       2    1.97   0.00         3    0    0  -0.518    9.657661    4.643571   42.493647

          #atoms :   53
          #bonds :   176
          #angl  :   222
          #tors  :   3
          #nmol  :   1
          #optfrag :   1
