/home/ans819/.conda/envs/autoflow/lib/python3.13/site-packages/e3nn/o3/_wigner.py:10: UserWarning: Environment variable TORCH_FORCE_NO_WEIGHTS_ONLY_LOAD detected, since the`weights_only` argument was not explicitly passed to `torch.load`, forcing weights_only=False.
  _Jd, _W3j_flat, _W3j_indices = torch.load(os.path.join(os.path.dirname(__file__), 'constants.pt'))

          ==================== Thresholds ====================
          CN  :   150.00000
          rep :   500.00000
          disp:  2500.00000
          HB1 :   250.00000
          HB2 :   450.00000

          Pauling EN used:
          Z : 1  EN :  2.20
          Z : 6  EN :  2.55
          Z : 8  EN :  3.44
          Z :47  EN :  1.93
          electric field strengths (au): 0.000

           ------------------------------------------------- 
          |           Force Field Initialization            |
           ------------------------------------------------- 

          distances ...
          ----------------------------------------
          generating topology and atomic info file ...
          pair mat ...
          computing topology distances matrix with Floyd-Warshall algo ...
          making topology EEQ charges ...
          #fragments for EEQ constrain: 1
          ----------------------------------------
          generating topology and atomic info file ...
          pair mat ...
          computing topology distances matrix with Floyd-Warshall algo ...
          making topology EEQ charges ...
          #fragments for EEQ constrain: 1
          rings ...
          # BATM   3030
          # H in HB   0

  atom   neighbors  erfCN metchar sp-hybrid imet pi  qest     coordinates
    1  Ag      2    1.35   0.37         2    2    0   0.005    3.199451    0.356229   25.442656
    2  Ag      5    3.15   0.31         0    2    0   0.019    6.689760    4.630967   25.442656
    3  Ag      9    4.27   0.07         0    2    0   0.010   15.415533    8.193249   27.035757
    4  Ag      7    3.92   0.19         0    2    0   0.013   11.925224    3.918511   27.035757
    5  Ag      7    3.92   0.19         0    2    0   0.011   20.650997    7.480793   28.628858
    6  Ag      6    3.59   0.27         0    2    0   0.015   17.160688    3.206054   28.628858
    7  Ag      9    4.27   0.07         0    2    0   0.013    8.434915    6.768336   30.221959
    8  Ag      6    3.59   0.23         0    2    0   0.023    4.944605    2.493598   30.221959
    9  Ag     12    4.39   0.01         0    2    0   0.009   13.670379    6.055880   31.815060
   10  Ag      7    3.92   0.19         0    2    0   0.017   10.180069    1.781141   31.815060
   11  Ag      9    4.27   0.07         0    2    0   0.009   18.905843    5.343423   33.408161
   12  Ag      6    3.59   0.27         0    2    0   0.021   15.415533    1.068685   33.408161
   13  Ag      8    4.14   0.11         0    2    0   0.028    6.689760    4.630967   35.001262
   14  Ag      3    2.00   0.37         2    2    0   0.017    3.199451    0.356229   35.001262
   15  Ag      8    4.14   0.12         0    2    0   0.028   11.925224    3.918511   36.594363
   16  Ag     10    4.34   0.04         0    2    0   0.010   15.415533    8.193249   36.594363
   17  Ag      5    3.15   0.34         0    2    0   0.022   17.160688    3.206054   38.187464
   18  Ag      6    3.59   0.26         0    2    0   0.014   20.650997    7.480793   38.187464
   19  Ag      3    2.00   0.37         2    2    0   0.032    4.944605    2.493598   39.780565
   20  Ag      6    3.80   0.18         0    2    0   0.114    8.434915    6.768336   39.780565
   21  Ag      6    3.59   0.26         0    2    0   0.015   10.180069    8.905705   25.442656
   22  Ag      5    3.15   0.34         0    2    0   0.018   13.670379   13.180444   25.442656
   23  Ag      4    2.61   0.38         3    2    0   0.019   22.396152   16.742726   27.035757
   24  Ag      8    4.14   0.12         0    2    0   0.011   18.905843   12.467987   27.035757
   25  Ag      3    2.00   0.39         2    2    0   0.013   27.631616   16.030269   28.628858
   26  Ag      7    3.92   0.19         0    2    0   0.016   24.141307   11.755531   28.628858
   27  Ag      6    3.59   0.27         0    2    0   0.014   15.415533   15.317813   30.221959
   28  Ag      9    4.27   0.07         0    2    0   0.014   11.925224   11.043075   30.221959
   29  Ag      9    4.27   0.07         0    2    0   0.009   20.650997   14.605357   31.815060
/home/ans819/.conda/envs/autoflow/lib/python3.13/site-packages/mace/calculators/mace.py:197: UserWarning: Environment variable TORCH_FORCE_NO_WEIGHTS_ONLY_LOAD detected, since the`weights_only` argument was not explicitly passed to `torch.load`, forcing weights_only=False.
  torch.load(f=model_path, map_location=device)
/home/ans819/.conda/envs/autoflow/lib/python3.13/site-packages/chgnet/model/model.py:898: UserWarning: Converting a tensor with requires_grad=True to a scalar may lead to unexpected behavior.
Consider using tensor.detach() first. (Triggered internally at /pytorch/torch/csrc/autograd/generated/python_variable_methods.cpp:836.)
  volumes = torch.tensor(volumes, dtype=TORCH_DTYPE, device=atomic_numbers.device)
cuequivariance or cuequivariance_torch is not available. Cuequivariance acceleration will be disabled.
------------------------------------------------------------
  cycle        total energy    energy error   density error
------------------------------------------------------------
      1     -163.2366439352  -1.6299904E+02   9.9714735E-01
      2     -161.5923365964   1.6443073E+00   6.1772778E-01
      3      407.4863628711   5.6907870E+02   1.8745680E+00
      4     -122.4514452543  -5.2993781E+02   8.7646471E-01
      5     -87.93545100313   3.4515994E+01   5.5071533E-01
      6     -133.3447219497  -4.5409271E+01   3.9895383E-01
      7     -157.6272903112  -2.4282568E+01   1.8904693E-01
      8     -162.0560406165  -4.4287503E+00   9.4705744E-02
      9     -163.4470774905  -1.3910369E+00   5.4582545E-02
     10     -163.1883599576   2.5871753E-01   4.8938393E-02
     11     -163.4800424857  -2.9168253E-01   3.7042748E-02
     12     -163.5108645987  -3.0822113E-02   3.1988613E-02
     13     -163.5156778019  -4.8132031E-03   2.6022980E-02
     14     -163.5220547803  -6.3769784E-03   2.3183005E-02
     15     -163.5218962438   1.5853655E-04   2.0943813E-02
     16     -163.5234640984  -1.5678546E-03   1.8536977E-02
     17     -163.5247820941  -1.3179957E-03   1.6199094E-02
     18     -163.5259790956  -1.1970015E-03   1.4643144E-02
     19     -163.5270986438  -1.1195483E-03   1.2697627E-02
     20     -163.5273738560  -2.7521217E-04   1.0749925E-02
     21     -163.5274730300  -9.9173966E-05   9.3456255E-03
     22     -163.5282455711  -7.7254116E-04   7.5512422E-03
     23     -163.5286313950  -3.8582387E-04   6.2646838E-03
     24     -163.5287744569  -1.4306193E-04   5.1596584E-03
     25     -163.5288330198  -5.8562819E-05   4.7250852E-03
     26     -163.5289194623  -8.6442530E-05   3.8780539E-03
     27     -163.5290245518  -1.0508950E-04   2.4939949E-03
     28     -163.5290343770  -9.8252139E-06   2.2036278E-03
     29     -163.5290242046   1.0172381E-05   1.9466482E-03
     30     -163.5291007742  -7.6569530E-05   8.6598013E-04
     31     -163.5291066323  -5.8581211E-06   6.6572699E-04
     32     -163.5291150740  -8.4417021E-06   3.3204592E-04
     33     -163.5291154661  -3.9214422E-07   3.2462264E-04
     34     -163.5291170749  -1.6087789E-06   1.6684876E-04
     35     -163.5291175470  -4.7209099E-07   7.0247122E-05
     36     -163.5291176204  -7.3411968E-08   2.6934064E-05
     37     -163.5291176315  -1.1078299E-08   1.1211819E-05
------------------------------------------------------------

 total:                                  20.527 sec
3
{'bond-orders': array([[0.00000000e+00, 3.12518633e-01, 1.87154015e-02, ...,
        1.50627422e-04, 2.79406897e-05, 1.65842161e-03],
       [3.12518633e-01, 0.00000000e+00, 2.20705406e-02, ...,
        2.66632165e-04, 4.20195396e-05, 2.91898622e-03],
       [1.87154015e-02, 2.20705406e-02, 0.00000000e+00, ...,
        2.86281715e-04, 2.85083841e-05, 3.24554803e-03],
       ...,
       [1.50627422e-04, 2.66632165e-04, 2.86281715e-04, ...,
        0.00000000e+00, 3.40470974e-03, 1.99457291e-02],
       [2.79406897e-05, 4.20195396e-05, 2.85083841e-05, ...,
        3.40470974e-03, 0.00000000e+00, 1.97695531e-02],
       [1.65842161e-03, 2.91898622e-03, 3.24554803e-03, ...,
        1.99457291e-02, 1.97695531e-02, 0.00000000e+00]], shape=(45, 45))}
{'bond-orders': array([[0.00000000e+00, 3.12518633e-01, 1.87154015e-02, ...,
        1.50627422e-04, 2.79406897e-05, 1.65842161e-03],
       [3.12518633e-01, 0.00000000e+00, 2.20705406e-02, ...,
        2.66632165e-04, 4.20195396e-05, 2.91898622e-03],
       [1.87154015e-02, 2.20705406e-02, 0.00000000e+00, ...,
        2.86281715e-04, 2.85083841e-05, 3.24554803e-03],
       ...,
       [1.50627422e-04, 2.66632165e-04, 2.86281715e-04, ...,
        0.00000000e+00, 3.40470974e-03, 1.99457291e-02],
       [2.79406897e-05, 4.20195396e-05, 2.85083841e-05, ...,
        3.40470974e-03, 0.00000000e+00, 1.97695531e-02],
       [1.65842161e-03, 2.91898622e-03, 3.24554803e-03, ...,
        1.99457291e-02, 1.97695531e-02, 0.00000000e+00]], shape=(45, 45)), 'molecular-dipole': array([-0.41907756,  0.7391333 , -0.11736124])}
{'bond-orders': array([[0.00000000e+00, 3.12518633e-01, 1.87154015e-02, ...,
        1.50627422e-04, 2.79406897e-05, 1.65842161e-03],
       [3.12518633e-01, 0.00000000e+00, 2.20705406e-02, ...,
        2.66632165e-04, 4.20195396e-05, 2.91898622e-03],
       [1.87154015e-02, 2.20705406e-02, 0.00000000e+00, ...,
        2.86281715e-04, 2.85083841e-05, 3.24554803e-03],
       ...,
       [1.50627422e-04, 2.66632165e-04, 2.86281715e-04, ...,
        0.00000000e+00, 3.40470974e-03, 1.99457291e-02],
       [2.79406897e-05, 4.20195396e-05, 2.85083841e-05, ...,
        3.40470974e-03, 0.00000000e+00, 1.97695531e-02],
       [1.65842161e-03, 2.91898622e-03, 3.24554803e-03, ...,
        1.99457291e-02, 1.97695531e-02, 0.00000000e+00]], shape=(45, 45)), 'molecular-dipole': array([-0.41907756,  0.7391333 , -0.11736124]), 'molecular-quadrupole': array([-36.05929003,  38.71764921,  -2.82110683, -12.11108983,
        99.39093687,  38.88039686])}
------------------------------------------------------------
  cycle        total energy    energy error   density error
------------------------------------------------------------
      1     -163.5319594436  -1.6329607E+02   7.8769539E-03
      2     -163.3875202386   1.4443920E-01   2.4783980E-02
      3     -163.1653117163   2.2220852E-01   3.4385845E-02
      4     -163.5317099286  -3.6639821E-01   6.6708845E-03
      5     -163.5333252149  -1.6152863E-03   4.2070688E-03
      6     -163.5332881708   3.7044107E-05   2.9669059E-03
      7     -163.5343373496  -1.0491788E-03   9.7155937E-04
      8     -163.5343689442  -3.1594661E-05   5.7729397E-04
      9     -163.5344024928  -3.3548559E-05   2.6139349E-04
     10     -163.5344109857  -8.4928844E-06   1.2326720E-04
     11     -163.5344133166  -2.3309145E-06   5.7529857E-05
     12     -163.5344134437  -1.2705345E-07   2.4996869E-05
     13     -163.5344134669  -2.3259304E-08   1.0455387E-05
------------------------------------------------------------

 total:                                  13.202 sec
3
{'bond-orders': array([[0.00000000e+00, 3.11814236e-01, 1.85841797e-02, ...,
        1.63545653e-04, 2.62077292e-05, 1.59187134e-03],
       [3.11814236e-01, 0.00000000e+00, 2.17448050e-02, ...,
        3.16244257e-04, 4.07572866e-05, 3.11893026e-03],
       [1.85841797e-02, 2.17448050e-02, 0.00000000e+00, ...,
        3.20166577e-04, 3.00260250e-05, 3.27735015e-03],
       ...,
       [1.63545653e-04, 3.16244257e-04, 3.20166577e-04, ...,
        0.00000000e+00, 3.41979845e-03, 2.13873030e-02],
       [2.62077292e-05, 4.07572866e-05, 3.00260250e-05, ...,
        3.41979845e-03, 0.00000000e+00, 2.10651903e-02],
       [1.59187134e-03, 3.11893026e-03, 3.27735015e-03, ...,
        2.13873030e-02, 2.10651903e-02, 0.00000000e+00]], shape=(45, 45))}
{'bond-orders': array([[0.00000000e+00, 3.11814236e-01, 1.85841797e-02, ...,
        1.63545653e-04, 2.62077292e-05, 1.59187134e-03],
       [3.11814236e-01, 0.00000000e+00, 2.17448050e-02, ...,
        3.16244257e-04, 4.07572866e-05, 3.11893026e-03],
       [1.85841797e-02, 2.17448050e-02, 0.00000000e+00, ...,
        3.20166577e-04, 3.00260250e-05, 3.27735015e-03],
       ...,
       [1.63545653e-04, 3.16244257e-04, 3.20166577e-04, ...,
        0.00000000e+00, 3.41979845e-03, 2.13873030e-02],
       [2.62077292e-05, 4.07572866e-05, 3.00260250e-05, ...,
        3.41979845e-03, 0.00000000e+00, 2.10651903e-02],
       [1.59187134e-03, 3.11893026e-03, 3.27735015e-03, ...,
        2.13873030e-02, 2.10651903e-02, 0.00000000e+00]], shape=(45, 45)), 'molecular-dipole': array([-0.31906372,  0.89229996, -0.24379791])}
{'bond-orders': array([[0.00000000e+00, 3.11814236e-01, 1.85841797e-02, ...,
        1.63545653e-04, 2.62077292e-05, 1.59187134e-03],
       [3.11814236e-01, 0.00000000e+00, 2.17448050e-02, ...,
        3.16244257e-04, 4.07572866e-05, 3.11893026e-03],
       [1.85841797e-02, 2.17448050e-02, 0.00000000e+00, ...,
        3.20166577e-04, 3.00260250e-05, 3.27735015e-03],
       ...,
       [1.63545653e-04, 3.16244257e-04, 3.20166577e-04, ...,
        0.00000000e+00, 3.41979845e-03, 2.13873030e-02],
       [2.62077292e-05, 4.07572866e-05, 3.00260250e-05, ...,
        3.41979845e-03, 0.00000000e+00, 2.10651903e-02],
       [1.59187134e-03, 3.11893026e-03, 3.27735015e-03, ...,
        2.13873030e-02, 2.10651903e-02, 0.00000000e+00]], shape=(45, 45)), 'molecular-dipole': array([-0.31906372,  0.89229996, -0.24379791]), 'molecular-quadrupole': array([-28.65666374,  48.6582383 ,   2.66157679,  -5.73105463,
       115.47814394,  25.99508695])}
------------------------------------------------------------
  cycle        total energy    energy error   density error
------------------------------------------------------------
      1     -163.5326010904  -1.6329830E+02   1.2372987E-02
      2     -163.0655956736   4.6700542E-01   4.4415170E-02
      3     -162.6317781039   4.3381757E-01   5.3780531E-02
      4     -163.5334713709  -9.0169327E-01   1.0225218E-02
      5     -163.5377189670  -4.2475962E-03   6.3367359E-03
      6     -163.5376929039   2.6063119E-05   4.2743469E-03
      7     -163.5393773855  -1.6844815E-03   1.9401860E-03
      8     -163.5394812618  -1.0387634E-04   1.3271052E-03
      9     -163.5396308339  -1.4957214E-04   5.7321804E-04
     10     -163.5396460180  -1.5184090E-05   3.3435207E-04
     11     -163.5396550243  -9.0062947E-06   2.0280350E-04
     12     -163.5396572092  -2.1848747E-06   1.1351981E-04
     13     -163.5396580095  -8.0029017E-07   3.3506589E-05
     14     -163.5396580469  -3.7415418E-08   1.7388983E-05
------------------------------------------------------------

 total:                                  13.548 sec
3
{'bond-orders': array([[0.00000000e+00, 3.10547152e-01, 1.84452589e-02, ...,
        1.47175051e-04, 2.18753305e-05, 1.42227013e-03],
       [3.10547152e-01, 0.00000000e+00, 2.13080287e-02, ...,
        3.37821393e-04, 3.49430280e-05, 3.43851657e-03],
       [1.84452589e-02, 2.13080287e-02, 0.00000000e+00, ...,
        2.99038920e-04, 2.87024941e-05, 3.20033011e-03],
       ...,
       [1.47175051e-04, 3.37821393e-04, 2.99038920e-04, ...,
        0.00000000e+00, 3.21210192e-03, 2.23092544e-02],
       [2.18753305e-05, 3.49430280e-05, 2.87024941e-05, ...,
        3.21210192e-03, 0.00000000e+00, 2.18942970e-02],
       [1.42227013e-03, 3.43851657e-03, 3.20033011e-03, ...,
        2.23092544e-02, 2.18942970e-02, 0.00000000e+00]], shape=(45, 45))}
{'bond-orders': array([[0.00000000e+00, 3.10547152e-01, 1.84452589e-02, ...,
        1.47175051e-04, 2.18753305e-05, 1.42227013e-03],
       [3.10547152e-01, 0.00000000e+00, 2.13080287e-02, ...,
        3.37821393e-04, 3.49430280e-05, 3.43851657e-03],
       [1.84452589e-02, 2.13080287e-02, 0.00000000e+00, ...,
        2.99038920e-04, 2.87024941e-05, 3.20033011e-03],
       ...,
       [1.47175051e-04, 3.37821393e-04, 2.99038920e-04, ...,
        0.00000000e+00, 3.21210192e-03, 2.23092544e-02],
       [2.18753305e-05, 3.49430280e-05, 2.87024941e-05, ...,
        3.21210192e-03, 0.00000000e+00, 2.18942970e-02],
       [1.42227013e-03, 3.43851657e-03, 3.20033011e-03, ...,
        2.23092544e-02, 2.18942970e-02, 0.00000000e+00]], shape=(45, 45)), 'molecular-dipole': array([-0.16216129,  1.15807346, -0.42138653])}
{'bond-orders': array([[0.00000000e+00, 3.10547152e-01, 1.84452589e-02, ...,
        1.47175051e-04, 2.18753305e-05, 1.42227013e-03],
       [3.10547152e-01, 0.00000000e+00, 2.13080287e-02, ...,
        3.37821393e-04, 3.49430280e-05, 3.43851657e-03],
       [1.84452589e-02, 2.13080287e-02, 0.00000000e+00, ...,
        2.99038920e-04, 2.87024941e-05, 3.20033011e-03],
       ...,
       [1.47175051e-04, 3.37821393e-04, 2.99038920e-04, ...,
        0.00000000e+00, 3.21210192e-03, 2.23092544e-02],
       [2.18753305e-05, 3.49430280e-05, 2.87024941e-05, ...,
        3.21210192e-03, 0.00000000e+00, 2.18942970e-02],
       [1.42227013e-03, 3.43851657e-03, 3.20033011e-03, ...,
        2.23092544e-02, 2.18942970e-02, 0.00000000e+00]], shape=(45, 45)), 'molecular-dipole': array([-0.16216129,  1.15807346, -0.42138653]), 'molecular-quadrupole': array([-17.97195501,  65.56560586,  10.46223867,   4.33223733,
       143.97882447,   7.50971635])}
------------------------------------------------------------
  cycle        total energy    energy error   density error
------------------------------------------------------------
      1     -163.5393879850  -1.6330339E+02   5.9037475E-03
      2     -163.4297910282   1.0959696E-01   2.0943567E-02
      3     -163.3643203365   6.5470692E-02   2.3907100E-02
      4     -163.5390172296  -1.7469689E-01   4.9031020E-03
      5     -163.5407384778  -1.7212482E-03   2.8459210E-03
      6     -163.5407264381   1.2039632E-05   1.9277636E-03
      7     -163.5410977646  -3.7132644E-04   7.4873509E-04
      8     -163.5411176836  -1.9919019E-05   3.8556383E-04
      9     -163.5411276347  -9.9510880E-06   1.8955374E-04
     10     -163.5411324318  -4.7971097E-06   1.0547688E-04
     11     -163.5411336087  -1.1769544E-06   6.7956315E-05
     12     -163.5411342309  -6.2219280E-07   2.6214681E-05
     13     -163.5411342863  -5.5336216E-08   9.1712876E-06
------------------------------------------------------------

 total:                                  13.230 sec
3
{'bond-orders': array([[0.00000000e+00, 3.09903863e-01, 1.83969480e-02, ...,
        1.32557338e-04, 2.10418412e-05, 1.31436517e-03],
       [3.09903863e-01, 0.00000000e+00, 2.11048545e-02, ...,
        3.37280081e-04, 3.32244481e-05, 3.54673066e-03],
       [1.83969480e-02, 2.11048545e-02, 0.00000000e+00, ...,
        2.75520671e-04, 2.84444079e-05, 3.08397352e-03],
       ...,
       [1.32557338e-04, 3.37280081e-04, 2.75520671e-04, ...,
        0.00000000e+00, 3.20740337e-03, 2.27296180e-02],
       [2.10418412e-05, 3.32244481e-05, 2.84444079e-05, ...,
        3.20740337e-03, 0.00000000e+00, 2.28011017e-02],
       [1.31436517e-03, 3.54673066e-03, 3.08397352e-03, ...,
        2.27296180e-02, 2.28011017e-02, 0.00000000e+00]], shape=(45, 45))}
{'bond-orders': array([[0.00000000e+00, 3.09903863e-01, 1.83969480e-02, ...,
        1.32557338e-04, 2.10418412e-05, 1.31436517e-03],
       [3.09903863e-01, 0.00000000e+00, 2.11048545e-02, ...,
        3.37280081e-04, 3.32244481e-05, 3.54673066e-03],
       [1.83969480e-02, 2.11048545e-02, 0.00000000e+00, ...,
        2.75520671e-04, 2.84444079e-05, 3.08397352e-03],
       ...,
       [1.32557338e-04, 3.37280081e-04, 2.75520671e-04, ...,
        0.00000000e+00, 3.20740337e-03, 2.27296180e-02],
       [2.10418412e-05, 3.32244481e-05, 2.84444079e-05, ...,
        3.20740337e-03, 0.00000000e+00, 2.28011017e-02],
       [1.31436517e-03, 3.54673066e-03, 3.08397352e-03, ...,
        2.27296180e-02, 2.28011017e-02, 0.00000000e+00]], shape=(45, 45)), 'molecular-dipole': array([-0.08425644,  1.2914158 , -0.51754279])}
{'bond-orders': array([[0.00000000e+00, 3.09903863e-01, 1.83969480e-02, ...,
        1.32557338e-04, 2.10418412e-05, 1.31436517e-03],
       [3.09903863e-01, 0.00000000e+00, 2.11048545e-02, ...,
        3.37280081e-04, 3.32244481e-05, 3.54673066e-03],
       [1.83969480e-02, 2.11048545e-02, 0.00000000e+00, ...,
        2.75520671e-04, 2.84444079e-05, 3.08397352e-03],
       ...,
       [1.32557338e-04, 3.37280081e-04, 2.75520671e-04, ...,
        0.00000000e+00, 3.20740337e-03, 2.27296180e-02],
       [2.10418412e-05, 3.32244481e-05, 2.84444079e-05, ...,
        3.20740337e-03, 0.00000000e+00, 2.28011017e-02],
       [1.31436517e-03, 3.54673066e-03, 3.08397352e-03, ...,
        2.27296180e-02, 2.28011017e-02, 0.00000000e+00]], shape=(45, 45)), 'molecular-dipole': array([-0.08425644,  1.2914158 , -0.51754279]), 'molecular-quadrupole': array([-12.38370864,  74.08725854,  14.61944469,   9.08897285,
       158.17887354,  -2.23573605])}
------------------------------------------------------------
  cycle        total energy    energy error   density error
------------------------------------------------------------
      1     -163.5410234050  -1.6330194E+02   5.1969020E-03
      2     -163.4744077912   6.6615614E-02   1.6683919E-02
      3     -163.4047532395   6.9654552E-02   2.1064611E-02
      4     -163.5396723769  -1.3491914E-01   4.6526569E-03
      5     -163.5419924204  -2.3200435E-03   2.5794373E-03
      6     -163.5420814566  -8.9036200E-05   1.6239476E-03
      7     -163.5422958692  -2.1441267E-04   6.8355118E-04
      8     -163.5423122022  -1.6333012E-05   3.1955703E-04
      9     -163.5423171727  -4.9704324E-06   1.7313536E-04
     10     -163.5423217291  -4.5564615E-06   9.9189956E-05
     11     -163.5423229246  -1.1954352E-06   6.2820858E-05
     12     -163.5423235500  -6.2544729E-07   1.9809939E-05
------------------------------------------------------------

 total:                                  13.005 sec
3
{'bond-orders': array([[0.00000000e+00, 3.09371500e-01, 1.83607214e-02, ...,
        1.15951120e-04, 2.11647406e-05, 1.20284399e-03],
       [3.09371500e-01, 0.00000000e+00, 2.09147463e-02, ...,
        3.32795744e-04, 3.22773149e-05, 3.59593889e-03],
       [1.83607214e-02, 2.09147463e-02, 0.00000000e+00, ...,
        2.50040341e-04, 2.87107872e-05, 2.92941307e-03],
       ...,
       [1.15951120e-04, 3.32795744e-04, 2.50040341e-04, ...,
        0.00000000e+00, 3.30184373e-03, 2.31451550e-02],
       [2.11647406e-05, 3.22773149e-05, 2.87107872e-05, ...,
        3.30184373e-03, 0.00000000e+00, 2.38459930e-02],
       [1.20284399e-03, 3.59593889e-03, 2.92941307e-03, ...,
        2.31451550e-02, 2.38459930e-02, 0.00000000e+00]], shape=(45, 45))}
{'bond-orders': array([[0.00000000e+00, 3.09371500e-01, 1.83607214e-02, ...,
        1.15951120e-04, 2.11647406e-05, 1.20284399e-03],
       [3.09371500e-01, 0.00000000e+00, 2.09147463e-02, ...,
        3.32795744e-04, 3.22773149e-05, 3.59593889e-03],
       [1.83607214e-02, 2.09147463e-02, 0.00000000e+00, ...,
        2.50040341e-04, 2.87107872e-05, 2.92941307e-03],
       ...,
       [1.15951120e-04, 3.32795744e-04, 2.50040341e-04, ...,
        0.00000000e+00, 3.30184373e-03, 2.31451550e-02],
       [2.11647406e-05, 3.22773149e-05, 2.87107872e-05, ...,
        3.30184373e-03, 0.00000000e+00, 2.38459930e-02],
       [1.20284399e-03, 3.59593889e-03, 2.92941307e-03, ...,
        2.31451550e-02, 2.38459930e-02, 0.00000000e+00]], shape=(45, 45)), 'molecular-dipole': array([ 0.00594346,  1.43011081, -0.61807642])}
{'bond-orders': array([[0.00000000e+00, 3.09371500e-01, 1.83607214e-02, ...,
        1.15951120e-04, 2.11647406e-05, 1.20284399e-03],
       [3.09371500e-01, 0.00000000e+00, 2.09147463e-02, ...,
        3.32795744e-04, 3.22773149e-05, 3.59593889e-03],
       [1.83607214e-02, 2.09147463e-02, 0.00000000e+00, ...,
        2.50040341e-04, 2.87107872e-05, 2.92941307e-03],
       ...,
       [1.15951120e-04, 3.32795744e-04, 2.50040341e-04, ...,
        0.00000000e+00, 3.30184373e-03, 2.31451550e-02],
       [2.11647406e-05, 3.22773149e-05, 2.87107872e-05, ...,
        3.30184373e-03, 0.00000000e+00, 2.38459930e-02],
       [1.20284399e-03, 3.59593889e-03, 2.92941307e-03, ...,
        2.31451550e-02, 2.38459930e-02, 0.00000000e+00]], shape=(45, 45)), 'molecular-dipole': array([ 0.00594346,  1.43011081, -0.61807642]), 'molecular-quadrupole': array([ -6.2828341 ,  83.0810721 ,  18.80694359,  15.05273775,
       172.85518068, -12.52410949])}
------------------------------------------------------------
  cycle        total energy    energy error   density error
------------------------------------------------------------
      1     -163.5426995395  -1.6330086E+02   3.8178405E-03
      2     -163.5238648305   1.8834709E-02   9.5369525E-03
      3     -163.4675683655   5.6296465E-02   1.5578314E-02
      4     -163.5406738468  -7.3105481E-02   3.8130306E-03
      5     -163.5430725556  -2.3987088E-03   2.0640003E-03
      6     -163.5432027821  -1.3022646E-04   1.1605384E-03
      7     -163.5432923725  -8.9590439E-05   5.2600295E-04
      8     -163.5433019047  -9.5321489E-06   2.3560267E-04
      9     -163.5433033187  -1.4140931E-06   1.5146358E-04
     10     -163.5433060160  -2.6972913E-06   1.0115264E-04
     11     -163.5433074131  -1.3970869E-06   4.1801983E-05
     12     -163.5433077201  -3.0692658E-07   1.2893681E-05
------------------------------------------------------------

 total:                                  13.127 sec
3
{'bond-orders': array([[0.00000000e+00, 3.09060899e-01, 1.83402822e-02, ...,
        9.93278010e-05, 2.25246894e-05, 1.11461051e-03],
       [3.09060899e-01, 0.00000000e+00, 2.07630288e-02, ...,
        3.26385346e-04, 3.25352478e-05, 3.59116961e-03],
       [1.83402822e-02, 2.07630288e-02, 0.00000000e+00, ...,
        2.27842724e-04, 3.04125687e-05, 2.78977349e-03],
       ...,
       [9.93278010e-05, 3.26385346e-04, 2.27842724e-04, ...,
        0.00000000e+00, 3.48560225e-03, 2.34546764e-02],
       [2.25246894e-05, 3.25352478e-05, 3.04125687e-05, ...,
        3.48560225e-03, 0.00000000e+00, 2.48218519e-02],
       [1.11461051e-03, 3.59116961e-03, 2.78977349e-03, ...,
        2.34546764e-02, 2.48218519e-02, 0.00000000e+00]], shape=(45, 45))}
{'bond-orders': array([[0.00000000e+00, 3.09060899e-01, 1.83402822e-02, ...,
        9.93278010e-05, 2.25246894e-05, 1.11461051e-03],
       [3.09060899e-01, 0.00000000e+00, 2.07630288e-02, ...,
        3.26385346e-04, 3.25352478e-05, 3.59116961e-03],
       [1.83402822e-02, 2.07630288e-02, 0.00000000e+00, ...,
        2.27842724e-04, 3.04125687e-05, 2.78977349e-03],
       ...,
       [9.93278010e-05, 3.26385346e-04, 2.27842724e-04, ...,
        0.00000000e+00, 3.48560225e-03, 2.34546764e-02],
       [2.25246894e-05, 3.25352478e-05, 3.04125687e-05, ...,
        3.48560225e-03, 0.00000000e+00, 2.48218519e-02],
       [1.11461051e-03, 3.59116961e-03, 2.78977349e-03, ...,
        2.34546764e-02, 2.48218519e-02, 0.00000000e+00]], shape=(45, 45)), 'molecular-dipole': array([ 0.08122878,  1.54378617, -0.70284171])}
{'bond-orders': array([[0.00000000e+00, 3.09060899e-01, 1.83402822e-02, ...,
        9.93278010e-05, 2.25246894e-05, 1.11461051e-03],
       [3.09060899e-01, 0.00000000e+00, 2.07630288e-02, ...,
        3.26385346e-04, 3.25352478e-05, 3.59116961e-03],
       [1.83402822e-02, 2.07630288e-02, 0.00000000e+00, ...,
        2.27842724e-04, 3.04125687e-05, 2.78977349e-03],
       ...,
       [9.93278010e-05, 3.26385346e-04, 2.27842724e-04, ...,
        0.00000000e+00, 3.48560225e-03, 2.34546764e-02],
       [2.25246894e-05, 3.25352478e-05, 3.04125687e-05, ...,
        3.48560225e-03, 0.00000000e+00, 2.48218519e-02],
       [1.11461051e-03, 3.59116961e-03, 2.78977349e-03, ...,
        2.34546764e-02, 2.48218519e-02, 0.00000000e+00]], shape=(45, 45)), 'molecular-dipole': array([ 0.08122878,  1.54378617, -0.70284171]), 'molecular-quadrupole': array([ -1.1268867 ,  90.48234586,  22.33937371,  20.27015172,
       184.88587266, -21.21248701])}
------------------------------------------------------------
  cycle        total energy    energy error   density error
------------------------------------------------------------
      1     -163.5439067988  -1.6330050E+02   2.7285983E-03
      2     -163.5339966470   9.9101518E-03   6.6668683E-03
      3     -163.5046927231   2.9303924E-02   1.1261520E-02
      4     -163.5428449146  -3.8152192E-02   2.7338430E-03
      5     -163.5440758268  -1.2309121E-03   1.5449513E-03
      6     -163.5441665275  -9.0700702E-05   7.6994543E-04
      7     -163.5442028937  -3.6366227E-05   3.7257320E-04
      8     -163.5442072111  -4.3174655E-06   1.7369982E-04
      9     -163.5442081008  -8.8962111E-07   1.0711985E-04
     10     -163.5442097002  -1.5994762E-06   7.8839227E-05
     11     -163.5442103866  -6.8635538E-07   2.9812197E-05
     12     -163.5442105011  -1.1449217E-07   8.7487245E-06
------------------------------------------------------------

 total:                                  13.094 sec
3
{'bond-orders': array([[0.00000000e+00, 3.08954550e-01, 1.83378106e-02, ...,
        8.27707654e-05, 2.49661719e-05, 1.05524199e-03],
       [3.08954550e-01, 0.00000000e+00, 2.06482301e-02, ...,
        3.19482876e-04, 3.37894676e-05, 3.55684474e-03],
       [1.83378106e-02, 2.06482301e-02, 0.00000000e+00, ...,
        2.08985278e-04, 3.36468494e-05, 2.68628390e-03],
       ...,
       [8.27707654e-05, 3.19482876e-04, 2.08985278e-04, ...,
        0.00000000e+00, 3.72966485e-03, 2.36609616e-02],
       [2.49661719e-05, 3.37894676e-05, 3.36468494e-05, ...,
        3.72966485e-03, 0.00000000e+00, 2.54532933e-02],
       [1.05524199e-03, 3.55684474e-03, 2.68628390e-03, ...,
        2.36609616e-02, 2.54532933e-02, 0.00000000e+00]], shape=(45, 45))}
{'bond-orders': array([[0.00000000e+00, 3.08954550e-01, 1.83378106e-02, ...,
        8.27707654e-05, 2.49661719e-05, 1.05524199e-03],
       [3.08954550e-01, 0.00000000e+00, 2.06482301e-02, ...,
        3.19482876e-04, 3.37894676e-05, 3.55684474e-03],
       [1.83378106e-02, 2.06482301e-02, 0.00000000e+00, ...,
        2.08985278e-04, 3.36468494e-05, 2.68628390e-03],
       ...,
       [8.27707654e-05, 3.19482876e-04, 2.08985278e-04, ...,
        0.00000000e+00, 3.72966485e-03, 2.36609616e-02],
       [2.49661719e-05, 3.37894676e-05, 3.36468494e-05, ...,
        3.72966485e-03, 0.00000000e+00, 2.54532933e-02],
       [1.05524199e-03, 3.55684474e-03, 2.68628390e-03, ...,
        2.36609616e-02, 2.54532933e-02, 0.00000000e+00]], shape=(45, 45)), 'molecular-dipole': array([ 0.14413077,  1.62595634, -0.77508032])}
{'bond-orders': array([[0.00000000e+00, 3.08954550e-01, 1.83378106e-02, ...,
        8.27707654e-05, 2.49661719e-05, 1.05524199e-03],
       [3.08954550e-01, 0.00000000e+00, 2.06482301e-02, ...,
        3.19482876e-04, 3.37894676e-05, 3.55684474e-03],
       [1.83378106e-02, 2.06482301e-02, 0.00000000e+00, ...,
        2.08985278e-04, 3.36468494e-05, 2.68628390e-03],
       ...,
       [8.27707654e-05, 3.19482876e-04, 2.08985278e-04, ...,
        0.00000000e+00, 3.72966485e-03, 2.36609616e-02],
       [2.49661719e-05, 3.37894676e-05, 3.36468494e-05, ...,
        3.72966485e-03, 0.00000000e+00, 2.54532933e-02],
       [1.05524199e-03, 3.55684474e-03, 2.68628390e-03, ...,
        2.36609616e-02, 2.54532933e-02, 0.00000000e+00]], shape=(45, 45)), 'molecular-dipole': array([ 0.14413077,  1.62595634, -0.77508032]), 'molecular-quadrupole': array([  3.29046666,  96.01527295,  25.17403794,  24.73113149,
       193.34350888, -28.4645046 ])}
------------------------------------------------------------
  cycle        total energy    energy error   density error
------------------------------------------------------------
      1     -163.5447957787  -1.6330200E+02   1.2094019E-03
      2     -163.5441931225   6.0265616E-04   1.7927371E-03
      3     -163.5367016949   7.4914276E-03   5.0892770E-03
      4     -163.5446595987  -7.9579038E-03   9.9814670E-04
      5     -163.5447917603  -1.3216156E-04   7.5594244E-04
      6     -163.5448198627  -2.8102417E-05   3.9232564E-04
      7     -163.5448328220  -1.2959270E-05   1.5397148E-04
      8     -163.5448332557  -4.3370648E-07   8.3155163E-05
      9     -163.5448337353  -4.7959998E-07   4.6431259E-05
     10     -163.5448340570  -3.2173057E-07   3.6552177E-05
     11     -163.5448341766  -1.1952096E-07   1.2075346E-05
------------------------------------------------------------

 total:                                  12.676 sec
3
{'bond-orders': array([[0.00000000e+00, 3.09064681e-01, 1.83517779e-02, ...,
        7.13556172e-05, 2.73620028e-05, 1.04027935e-03],
       [3.09064681e-01, 0.00000000e+00, 2.06002473e-02, ...,
        3.14258235e-04, 3.53515609e-05, 3.52902542e-03],
       [1.83517779e-02, 2.06002473e-02, 0.00000000e+00, ...,
        1.98461471e-04, 3.66497864e-05, 2.65730749e-03],
       ...,
       [7.13556172e-05, 3.14258235e-04, 1.98461471e-04, ...,
        0.00000000e+00, 3.91140735e-03, 2.36772258e-02],
       [2.73620028e-05, 3.53515609e-05, 3.66497864e-05, ...,
        3.91140735e-03, 0.00000000e+00, 2.52910891e-02],
       [1.04027935e-03, 3.52902542e-03, 2.65730749e-03, ...,
        2.36772258e-02, 2.52910891e-02, 0.00000000e+00]], shape=(45, 45))}
{'bond-orders': array([[0.00000000e+00, 3.09064681e-01, 1.83517779e-02, ...,
        7.13556172e-05, 2.73620028e-05, 1.04027935e-03],
       [3.09064681e-01, 0.00000000e+00, 2.06002473e-02, ...,
        3.14258235e-04, 3.53515609e-05, 3.52902542e-03],
       [1.83517779e-02, 2.06002473e-02, 0.00000000e+00, ...,
        1.98461471e-04, 3.66497864e-05, 2.65730749e-03],
       ...,
       [7.13556172e-05, 3.14258235e-04, 1.98461471e-04, ...,
        0.00000000e+00, 3.91140735e-03, 2.36772258e-02],
       [2.73620028e-05, 3.53515609e-05, 3.66497864e-05, ...,
        3.91140735e-03, 0.00000000e+00, 2.52910891e-02],
       [1.04027935e-03, 3.52902542e-03, 2.65730749e-03, ...,
        2.36772258e-02, 2.52910891e-02, 0.00000000e+00]], shape=(45, 45)), 'molecular-dipole': array([ 0.17257088,  1.65361147, -0.80980202])}
{'bond-orders': array([[0.00000000e+00, 3.09064681e-01, 1.83517779e-02, ...,
        7.13556172e-05, 2.73620028e-05, 1.04027935e-03],
       [3.09064681e-01, 0.00000000e+00, 2.06002473e-02, ...,
        3.14258235e-04, 3.53515609e-05, 3.52902542e-03],
       [1.83517779e-02, 2.06002473e-02, 0.00000000e+00, ...,
        1.98461471e-04, 3.66497864e-05, 2.65730749e-03],
       ...,
       [7.13556172e-05, 3.14258235e-04, 1.98461471e-04, ...,
        0.00000000e+00, 3.91140735e-03, 2.36772258e-02],
       [2.73620028e-05, 3.53515609e-05, 3.66497864e-05, ...,
        3.91140735e-03, 0.00000000e+00, 2.52910891e-02],
       [1.04027935e-03, 3.52902542e-03, 2.65730749e-03, ...,
        2.36772258e-02, 2.52910891e-02, 0.00000000e+00]], shape=(45, 45)), 'molecular-dipole': array([ 0.17257088,  1.65361147, -0.80980202]), 'molecular-quadrupole': array([  5.37745763,  97.99057749,  26.40027346,  26.8577139 ,
       195.95654539, -31.77773109])}
------------------------------------------------------------
  cycle        total energy    energy error   density error
------------------------------------------------------------
      1     -163.5451197571  -1.6330429E+02   6.7405927E-04
      2     -163.5442450954   8.7466174E-04   1.8849168E-03
      3     -163.5441881301   5.6965323E-05   1.7591115E-03
      4     -163.5449551866  -7.6705652E-04   9.6410705E-04
      5     -163.5451102462  -1.5505961E-04   5.7397329E-04
      6     -163.5451283903  -1.8144143E-05   2.2754341E-04
      7     -163.5451305972  -2.2068140E-06   8.5488863E-05
      8     -163.5451309243  -3.2714547E-07   4.8083320E-05
      9     -163.5451309976  -7.3266875E-08   2.9198544E-05
     10     -163.5451310400  -4.2440035E-08   1.3816427E-05
------------------------------------------------------------

 total:                                  12.166 sec
3
{'bond-orders': array([[0.00000000e+00, 3.09237278e-01, 1.83700422e-02, ...,
        6.67925392e-05, 2.86498300e-05, 1.05144684e-03],
       [3.09237278e-01, 0.00000000e+00, 2.05950429e-02, ...,
        3.11773691e-04, 3.64226750e-05, 3.52792888e-03],
       [1.83700422e-02, 2.05950429e-02, 0.00000000e+00, ...,
        1.96293056e-04, 3.80906117e-05, 2.68160735e-03],
       ...,
       [6.67925392e-05, 3.11773691e-04, 1.96293056e-04, ...,
        0.00000000e+00, 3.96771228e-03, 2.35564478e-02],
       [2.86498300e-05, 3.64226750e-05, 3.80906117e-05, ...,
        3.96771228e-03, 0.00000000e+00, 2.46467187e-02],
       [1.05144684e-03, 3.52792888e-03, 2.68160735e-03, ...,
        2.35564478e-02, 2.46467187e-02, 0.00000000e+00]], shape=(45, 45))}
{'bond-orders': array([[0.00000000e+00, 3.09237278e-01, 1.83700422e-02, ...,
        6.67925392e-05, 2.86498300e-05, 1.05144684e-03],
       [3.09237278e-01, 0.00000000e+00, 2.05950429e-02, ...,
        3.11773691e-04, 3.64226750e-05, 3.52792888e-03],
       [1.83700422e-02, 2.05950429e-02, 0.00000000e+00, ...,
        1.96293056e-04, 3.80906117e-05, 2.68160735e-03],
       ...,
       [6.67925392e-05, 3.11773691e-04, 1.96293056e-04, ...,
        0.00000000e+00, 3.96771228e-03, 2.35564478e-02],
       [2.86498300e-05, 3.64226750e-05, 3.80906117e-05, ...,
        3.96771228e-03, 0.00000000e+00, 2.46467187e-02],
       [1.05144684e-03, 3.52792888e-03, 2.68160735e-03, ...,
        2.35564478e-02, 2.46467187e-02, 0.00000000e+00]], shape=(45, 45)), 'molecular-dipole': array([ 0.17244233,  1.64009092, -0.80992976])}
{'bond-orders': array([[0.00000000e+00, 3.09237278e-01, 1.83700422e-02, ...,
        6.67925392e-05, 2.86498300e-05, 1.05144684e-03],
       [3.09237278e-01, 0.00000000e+00, 2.05950429e-02, ...,
        3.11773691e-04, 3.64226750e-05, 3.52792888e-03],
       [1.83700422e-02, 2.05950429e-02, 0.00000000e+00, ...,
        1.96293056e-04, 3.80906117e-05, 2.68160735e-03],
       ...,
       [6.67925392e-05, 3.11773691e-04, 1.96293056e-04, ...,
        0.00000000e+00, 3.96771228e-03, 2.35564478e-02],
       [2.86498300e-05, 3.64226750e-05, 3.80906117e-05, ...,
        3.96771228e-03, 0.00000000e+00, 2.46467187e-02],
       [1.05144684e-03, 3.52792888e-03, 2.68160735e-03, ...,
        2.35564478e-02, 2.46467187e-02, 0.00000000e+00]], shape=(45, 45)), 'molecular-dipole': array([ 0.17244233,  1.64009092, -0.80992976]), 'molecular-quadrupole': array([  5.44946357,  97.2719329 ,  26.19603119,  27.10068193,
       194.34292951, -31.64549477])}
------------------------------------------------------------
  cycle        total energy    energy error   density error
------------------------------------------------------------
      1     -163.5452435544  -1.6330575E+02   3.9116912E-04
      2     -163.5448362613   4.0729313E-04   1.2692407E-03
      3     -163.5447726445   6.3616866E-05   1.2550867E-03
      4     -163.5452429883  -4.7034386E-04   3.1494650E-04
      5     -163.5452365914   6.3969269E-06   3.6635424E-04
      6     -163.5452483367  -1.1745326E-05   1.1450581E-04
      7     -163.5452490190  -6.8232012E-07   4.8844446E-05
      8     -163.5452490874  -6.8384225E-08   2.9067686E-05
      9     -163.5452491065  -1.9123547E-08   1.7088647E-05
------------------------------------------------------------

 total:                                  11.928 sec
3
{'bond-orders': array([[0.00000000e+00, 3.09332974e-01, 1.83780741e-02, ...,
        6.64507016e-05, 2.90894696e-05, 1.06213386e-03],
       [3.09332974e-01, 0.00000000e+00, 2.05953273e-02, ...,
        3.13070035e-04, 3.70327146e-05, 3.54319183e-03],
       [1.83780741e-02, 2.05953273e-02, 0.00000000e+00, ...,
        1.98080884e-04, 3.87029058e-05, 2.70700794e-03],
       ...,
       [6.64507016e-05, 3.13070035e-04, 1.98080884e-04, ...,
        0.00000000e+00, 3.96729756e-03, 2.35007687e-02],
       [2.90894696e-05, 3.70327146e-05, 3.87029058e-05, ...,
        3.96729756e-03, 0.00000000e+00, 2.42509277e-02],
       [1.06213386e-03, 3.54319183e-03, 2.70700794e-03, ...,
        2.35007687e-02, 2.42509277e-02, 0.00000000e+00]], shape=(45, 45))}
{'bond-orders': array([[0.00000000e+00, 3.09332974e-01, 1.83780741e-02, ...,
        6.64507016e-05, 2.90894696e-05, 1.06213386e-03],
       [3.09332974e-01, 0.00000000e+00, 2.05953273e-02, ...,
        3.13070035e-04, 3.70327146e-05, 3.54319183e-03],
       [1.83780741e-02, 2.05953273e-02, 0.00000000e+00, ...,
        1.98080884e-04, 3.87029058e-05, 2.70700794e-03],
       ...,
       [6.64507016e-05, 3.13070035e-04, 1.98080884e-04, ...,
        0.00000000e+00, 3.96729756e-03, 2.35007687e-02],
       [2.90894696e-05, 3.70327146e-05, 3.87029058e-05, ...,
        3.96729756e-03, 0.00000000e+00, 2.42509277e-02],
       [1.06213386e-03, 3.54319183e-03, 2.70700794e-03, ...,
        2.35007687e-02, 2.42509277e-02, 0.00000000e+00]], shape=(45, 45)), 'molecular-dipole': array([ 0.16944372,  1.62846163, -0.80908589])}
{'bond-orders': array([[0.00000000e+00, 3.09332974e-01, 1.83780741e-02, ...,
        6.64507016e-05, 2.90894696e-05, 1.06213386e-03],
       [3.09332974e-01, 0.00000000e+00, 2.05953273e-02, ...,
        3.13070035e-04, 3.70327146e-05, 3.54319183e-03],
       [1.83780741e-02, 2.05953273e-02, 0.00000000e+00, ...,
        1.98080884e-04, 3.87029058e-05, 2.70700794e-03],
       ...,
       [6.64507016e-05, 3.13070035e-04, 1.98080884e-04, ...,
        0.00000000e+00, 3.96729756e-03, 2.35007687e-02],
       [2.90894696e-05, 3.70327146e-05, 3.87029058e-05, ...,
        3.96729756e-03, 0.00000000e+00, 2.42509277e-02],
       [1.06213386e-03, 3.54319183e-03, 2.70700794e-03, ...,
        2.35007687e-02, 2.42509277e-02, 0.00000000e+00]], shape=(45, 45)), 'molecular-dipole': array([ 0.16944372,  1.62846163, -0.80908589]), 'molecular-quadrupole': array([  5.40643201,  96.66290669,  26.04880194,  26.84733324,
       192.90301452, -31.45523395])}
------------------------------------------------------------
  cycle        total energy    energy error   density error
------------------------------------------------------------
      1     -163.5453520954  -1.6330677E+02   3.9869488E-04
      2     -163.5431299125   2.2221828E-03   2.7030009E-03
      3     -163.5451144209  -1.9845083E-03   9.9328772E-04
      4     -163.5453641339  -2.4971305E-04   2.4631032E-04
      5     -163.5453598643   4.2695644E-06   2.5891640E-04
      6     -163.5453681363  -8.2719950E-06   1.3475827E-04
      7     -163.5453702736  -2.1372319E-06   5.6076007E-05
      8     -163.5453704058  -1.3227339E-07   2.1657855E-05
      9     -163.5453704176  -1.1765280E-08   1.3911616E-05
------------------------------------------------------------

 total:                                  11.939 sec
3
{'bond-orders': array([[0.00000000e+00, 3.09411214e-01, 1.83774000e-02, ...,
        6.70472011e-05, 2.94980742e-05, 1.07179668e-03],
       [3.09411214e-01, 0.00000000e+00, 2.05882516e-02, ...,
        3.17200136e-04, 3.77979113e-05, 3.56929582e-03],
       [1.83774000e-02, 2.05882516e-02, 0.00000000e+00, ...,
        2.01209195e-04, 3.94767340e-05, 2.73032402e-03],
       ...,
       [6.70472011e-05, 3.17200136e-04, 2.01209195e-04, ...,
        0.00000000e+00, 3.97195076e-03, 2.35132109e-02],
       [2.94980742e-05, 3.77979113e-05, 3.94767340e-05, ...,
        3.97195076e-03, 0.00000000e+00, 2.39686554e-02],
       [1.07179668e-03, 3.56929582e-03, 2.73032402e-03, ...,
        2.35132109e-02, 2.39686554e-02, 0.00000000e+00]], shape=(45, 45))}
{'bond-orders': array([[0.00000000e+00, 3.09411214e-01, 1.83774000e-02, ...,
        6.70472011e-05, 2.94980742e-05, 1.07179668e-03],
       [3.09411214e-01, 0.00000000e+00, 2.05882516e-02, ...,
        3.17200136e-04, 3.77979113e-05, 3.56929582e-03],
       [1.83774000e-02, 2.05882516e-02, 0.00000000e+00, ...,
        2.01209195e-04, 3.94767340e-05, 2.73032402e-03],
       ...,
       [6.70472011e-05, 3.17200136e-04, 2.01209195e-04, ...,
        0.00000000e+00, 3.97195076e-03, 2.35132109e-02],
       [2.94980742e-05, 3.77979113e-05, 3.94767340e-05, ...,
        3.97195076e-03, 0.00000000e+00, 2.39686554e-02],
       [1.07179668e-03, 3.56929582e-03, 2.73032402e-03, ...,
        2.35132109e-02, 2.39686554e-02, 0.00000000e+00]], shape=(45, 45)), 'molecular-dipole': array([ 0.17275259,  1.62731038, -0.81912419])}
{'bond-orders': array([[0.00000000e+00, 3.09411214e-01, 1.83774000e-02, ...,
        6.70472011e-05, 2.94980742e-05, 1.07179668e-03],
       [3.09411214e-01, 0.00000000e+00, 2.05882516e-02, ...,
        3.17200136e-04, 3.77979113e-05, 3.56929582e-03],
       [1.83774000e-02, 2.05882516e-02, 0.00000000e+00, ...,
        2.01209195e-04, 3.94767340e-05, 2.73032402e-03],
       ...,
       [6.70472011e-05, 3.17200136e-04, 2.01209195e-04, ...,
        0.00000000e+00, 3.97195076e-03, 2.35132109e-02],
       [2.94980742e-05, 3.77979113e-05, 3.94767340e-05, ...,
        3.97195076e-03, 0.00000000e+00, 2.39686554e-02],
       [1.07179668e-03, 3.56929582e-03, 2.73032402e-03, ...,
        2.35132109e-02, 2.39686554e-02, 0.00000000e+00]], shape=(45, 45)), 'molecular-dipole': array([ 0.17275259,  1.62731038, -0.81912419]), 'molecular-quadrupole': array([  5.91160544,  96.64498453,  26.34956275,  26.99453518,
       192.52019483, -32.26116819])}
------------------------------------------------------------
  cycle        total energy    energy error   density error
------------------------------------------------------------
      1     -163.5454944395  -1.6330710E+02   5.3313342E-04
      2     -163.5436800615   1.8143780E-03   2.4749249E-03
      3     -163.5445369742  -8.5691272E-04   1.8293658E-03
      4     -163.5455101836  -9.7320937E-04   2.8661483E-04
      5     -163.5455072462   2.9374101E-06   2.3363535E-04
      6     -163.5455123180  -5.0717697E-06   1.5104205E-04
      7     -163.5455149587  -2.6407003E-06   6.4380912E-05
      8     -163.5455151210  -1.6235154E-07   2.9915360E-05
      9     -163.5455151423  -2.1316794E-08   1.7708842E-05
------------------------------------------------------------

 total:                                  12.017 sec
3
{'bond-orders': array([[0.00000000e+00, 3.09463713e-01, 1.83757271e-02, ...,
        6.78180106e-05, 2.98853760e-05, 1.07839388e-03],
       [3.09463713e-01, 0.00000000e+00, 2.05638895e-02, ...,
        3.23569681e-04, 3.87233209e-05, 3.59941272e-03],
       [1.83757271e-02, 2.05638895e-02, 0.00000000e+00, ...,
        2.04795320e-04, 4.06019103e-05, 2.74550606e-03],
       ...,
       [6.78180106e-05, 3.23569681e-04, 2.04795320e-04, ...,
        0.00000000e+00, 3.99635858e-03, 2.35872788e-02],
       [2.98853760e-05, 3.87233209e-05, 4.06019103e-05, ...,
        3.99635858e-03, 0.00000000e+00, 2.37829297e-02],
       [1.07839388e-03, 3.59941272e-03, 2.74550606e-03, ...,
        2.35872788e-02, 2.37829297e-02, 0.00000000e+00]], shape=(45, 45))}
{'bond-orders': array([[0.00000000e+00, 3.09463713e-01, 1.83757271e-02, ...,
        6.78180106e-05, 2.98853760e-05, 1.07839388e-03],
       [3.09463713e-01, 0.00000000e+00, 2.05638895e-02, ...,
        3.23569681e-04, 3.87233209e-05, 3.59941272e-03],
       [1.83757271e-02, 2.05638895e-02, 0.00000000e+00, ...,
        2.04795320e-04, 4.06019103e-05, 2.74550606e-03],
       ...,
       [6.78180106e-05, 3.23569681e-04, 2.04795320e-04, ...,
        0.00000000e+00, 3.99635858e-03, 2.35872788e-02],
       [2.98853760e-05, 3.87233209e-05, 4.06019103e-05, ...,
        3.99635858e-03, 0.00000000e+00, 2.37829297e-02],
       [1.07839388e-03, 3.59941272e-03, 2.74550606e-03, ...,
        2.35872788e-02, 2.37829297e-02, 0.00000000e+00]], shape=(45, 45)), 'molecular-dipole': array([ 0.17810418,  1.62908806, -0.83645632])}
{'bond-orders': array([[0.00000000e+00, 3.09463713e-01, 1.83757271e-02, ...,
        6.78180106e-05, 2.98853760e-05, 1.07839388e-03],
       [3.09463713e-01, 0.00000000e+00, 2.05638895e-02, ...,
        3.23569681e-04, 3.87233209e-05, 3.59941272e-03],
       [1.83757271e-02, 2.05638895e-02, 0.00000000e+00, ...,
        2.04795320e-04, 4.06019103e-05, 2.74550606e-03],
       ...,
       [6.78180106e-05, 3.23569681e-04, 2.04795320e-04, ...,
        0.00000000e+00, 3.99635858e-03, 2.35872788e-02],
       [2.98853760e-05, 3.87233209e-05, 4.06019103e-05, ...,
        3.99635858e-03, 0.00000000e+00, 2.37829297e-02],
       [1.07839388e-03, 3.59941272e-03, 2.74550606e-03, ...,
        2.35872788e-02, 2.37829297e-02, 0.00000000e+00]], shape=(45, 45)), 'molecular-dipole': array([ 0.17810418,  1.62908806, -0.83645632]), 'molecular-quadrupole': array([  6.82344917,  96.84282394,  26.92594482,  27.15021805,
       192.40040215, -33.74939399])}
------------------------------------------------------------
  cycle        total energy    energy error   density error
------------------------------------------------------------
      1     -163.5456112015  -1.6330646E+02   6.4209842E-04
      2     -163.5406404020   4.9707994E-03   4.0195082E-03
      3     -163.5451304026  -4.4900006E-03   1.4323583E-03
      4     -163.5456491519  -5.1874924E-04   3.0107470E-04
      5     -163.5456521161  -2.9642765E-06   1.9119380E-04
      6     -163.5456533399  -1.2237502E-06   1.6298104E-04
      7     -163.5456544086  -1.0687096E-06   7.4515867E-05
      8     -163.5456545887  -1.8009612E-07   4.8531897E-05
      9     -163.5456547099  -1.2117016E-07   2.2047366E-05
     10     -163.5456547401  -3.0250618E-08   8.0383011E-06
------------------------------------------------------------

 total:                                  12.298 sec
3
{'bond-orders': array([[0.00000000e+00, 3.09512572e-01, 1.83684196e-02, ...,
        6.80279633e-05, 3.00884696e-05, 1.08059878e-03],
       [3.09512572e-01, 0.00000000e+00, 2.05378692e-02, ...,
        3.29083672e-04, 3.94295882e-05, 3.61724353e-03],
       [1.83684196e-02, 2.05378692e-02, 0.00000000e+00, ...,
        2.07125372e-04, 4.13184689e-05, 2.74511146e-03],
       ...,
       [6.80279633e-05, 3.29083672e-04, 2.07125372e-04, ...,
        0.00000000e+00, 4.03316641e-03, 2.36636607e-02],
       [3.00884696e-05, 3.94295882e-05, 4.13184689e-05, ...,
        4.03316641e-03, 0.00000000e+00, 2.37139750e-02],
       [1.08059878e-03, 3.61724353e-03, 2.74511146e-03, ...,
        2.36636607e-02, 2.37139750e-02, 0.00000000e+00]], shape=(45, 45))}
{'bond-orders': array([[0.00000000e+00, 3.09512572e-01, 1.83684196e-02, ...,
        6.80279633e-05, 3.00884696e-05, 1.08059878e-03],
       [3.09512572e-01, 0.00000000e+00, 2.05378692e-02, ...,
        3.29083672e-04, 3.94295882e-05, 3.61724353e-03],
       [1.83684196e-02, 2.05378692e-02, 0.00000000e+00, ...,
        2.07125372e-04, 4.13184689e-05, 2.74511146e-03],
       ...,
       [6.80279633e-05, 3.29083672e-04, 2.07125372e-04, ...,
        0.00000000e+00, 4.03316641e-03, 2.36636607e-02],
       [3.00884696e-05, 3.94295882e-05, 4.13184689e-05, ...,
        4.03316641e-03, 0.00000000e+00, 2.37139750e-02],
       [1.08059878e-03, 3.61724353e-03, 2.74511146e-03, ...,
        2.36636607e-02, 2.37139750e-02, 0.00000000e+00]], shape=(45, 45)), 'molecular-dipole': array([ 0.19134355,  1.64139344, -0.86132439])}
{'bond-orders': array([[0.00000000e+00, 3.09512572e-01, 1.83684196e-02, ...,
        6.80279633e-05, 3.00884696e-05, 1.08059878e-03],
       [3.09512572e-01, 0.00000000e+00, 2.05378692e-02, ...,
        3.29083672e-04, 3.94295882e-05, 3.61724353e-03],
       [1.83684196e-02, 2.05378692e-02, 0.00000000e+00, ...,
        2.07125372e-04, 4.13184689e-05, 2.74511146e-03],
       ...,
       [6.80279633e-05, 3.29083672e-04, 2.07125372e-04, ...,
        0.00000000e+00, 4.03316641e-03, 2.36636607e-02],
       [3.00884696e-05, 3.94295882e-05, 4.13184689e-05, ...,
        4.03316641e-03, 0.00000000e+00, 2.37139750e-02],
       [1.08059878e-03, 3.61724353e-03, 2.74511146e-03, ...,
        2.36636607e-02, 2.37139750e-02, 0.00000000e+00]], shape=(45, 45)), 'molecular-dipole': array([ 0.19134355,  1.64139344, -0.86132439]), 'molecular-quadrupole': array([  8.1574101 ,  97.702687  ,  27.80939034,  27.90018534,
       193.30217906, -35.96680044])}
------------------------------------------------------------
  cycle        total energy    energy error   density error
------------------------------------------------------------
      1     -163.5458002376  -1.6330536E+02   4.6038655E-04
      2     -163.5453723474   4.2789025E-04   1.2698107E-03
      3     -163.5448023350   5.7001238E-04   1.8130354E-03
      4     -163.5458017903  -9.9945528E-04   2.5089376E-04
      5     -163.5458050788  -3.2884806E-06   2.2975649E-04
      6     -163.5458046503   4.2843135E-07   2.3353642E-04
      7     -163.5458082285  -3.5781925E-06   6.7655239E-05
      8     -163.5458084652  -2.3668159E-07   2.5718662E-05
      9     -163.5458084872  -2.2021908E-08   1.3451738E-05
------------------------------------------------------------

 total:                                  12.005 sec
3
{'bond-orders': array([[0.00000000e+00, 3.09597929e-01, 1.83647892e-02, ...,
        6.76006426e-05, 3.00576334e-05, 1.08054643e-03],
       [3.09597929e-01, 0.00000000e+00, 2.05169191e-02, ...,
        3.32870660e-04, 3.98434362e-05, 3.61447691e-03],
       [1.83647892e-02, 2.05169191e-02, 0.00000000e+00, ...,
        2.08741773e-04, 4.14444065e-05, 2.73354265e-03],
       ...,
       [6.76006426e-05, 3.32870660e-04, 2.08741773e-04, ...,
        0.00000000e+00, 4.07022080e-03, 2.36912397e-02],
       [3.00576334e-05, 3.98434362e-05, 4.14444065e-05, ...,
        4.07022080e-03, 0.00000000e+00, 2.37008354e-02],
       [1.08054643e-03, 3.61447691e-03, 2.73354265e-03, ...,
        2.36912397e-02, 2.37008354e-02, 0.00000000e+00]], shape=(45, 45))}
{'bond-orders': array([[0.00000000e+00, 3.09597929e-01, 1.83647892e-02, ...,
        6.76006426e-05, 3.00576334e-05, 1.08054643e-03],
       [3.09597929e-01, 0.00000000e+00, 2.05169191e-02, ...,
        3.32870660e-04, 3.98434362e-05, 3.61447691e-03],
       [1.83647892e-02, 2.05169191e-02, 0.00000000e+00, ...,
        2.08741773e-04, 4.14444065e-05, 2.73354265e-03],
       ...,
       [6.76006426e-05, 3.32870660e-04, 2.08741773e-04, ...,
        0.00000000e+00, 4.07022080e-03, 2.36912397e-02],
       [3.00576334e-05, 3.98434362e-05, 4.14444065e-05, ...,
        4.07022080e-03, 0.00000000e+00, 2.37008354e-02],
       [1.08054643e-03, 3.61447691e-03, 2.73354265e-03, ...,
        2.36912397e-02, 2.37008354e-02, 0.00000000e+00]], shape=(45, 45)), 'molecular-dipole': array([ 0.20465302,  1.64702733, -0.88224809])}
{'bond-orders': array([[0.00000000e+00, 3.09597929e-01, 1.83647892e-02, ...,
        6.76006426e-05, 3.00576334e-05, 1.08054643e-03],
       [3.09597929e-01, 0.00000000e+00, 2.05169191e-02, ...,
        3.32870660e-04, 3.98434362e-05, 3.61447691e-03],
       [1.83647892e-02, 2.05169191e-02, 0.00000000e+00, ...,
        2.08741773e-04, 4.14444065e-05, 2.73354265e-03],
       ...,
       [6.76006426e-05, 3.32870660e-04, 2.08741773e-04, ...,
        0.00000000e+00, 4.07022080e-03, 2.36912397e-02],
       [3.00576334e-05, 3.98434362e-05, 4.14444065e-05, ...,
        4.07022080e-03, 0.00000000e+00, 2.37008354e-02],
       [1.08054643e-03, 3.61447691e-03, 2.73354265e-03, ...,
        2.36912397e-02, 2.37008354e-02, 0.00000000e+00]], shape=(45, 45)), 'molecular-dipole': array([ 0.20465302,  1.64702733, -0.88224809]), 'molecular-quadrupole': array([  9.37239678,  98.21848115,  28.46820452,  28.88321152,
       193.59124819, -37.84060131])}
------------------------------------------------------------
  cycle        total energy    energy error   density error
------------------------------------------------------------
      1     -163.5460355351  -1.6330391E+02   5.6830918E-04
      2     -163.5458627144   1.7282071E-04   1.2853075E-03
      3     -163.5454569708   4.0574361E-04   1.4117829E-03
      4     -163.5458178221  -3.6085129E-04   9.3303041E-04
      5     -163.5460351670  -2.1734487E-04   3.3984803E-04
      6     -163.5460426390  -7.4720450E-06   2.0781801E-04
      7     -163.5460447162  -2.0772224E-06   9.2773938E-05
      8     -163.5460450431  -3.2691656E-07   3.9832369E-05
      9     -163.5460451017  -5.8547300E-08   1.3622303E-05
------------------------------------------------------------

 total:                                  12.233 sec
3
{'bond-orders': array([[0.00000000e+00, 3.09770155e-01, 1.83703666e-02, ...,
        6.68362273e-05, 2.97915291e-05, 1.08152042e-03],
       [3.09770155e-01, 0.00000000e+00, 2.04952611e-02, ...,
        3.35985556e-04, 4.01325830e-05, 3.58348283e-03],
       [1.83703666e-02, 2.04952611e-02, 0.00000000e+00, ...,
        2.11497775e-04, 4.10135673e-05, 2.71376023e-03],
       ...,
       [6.68362273e-05, 3.35985556e-04, 2.11497775e-04, ...,
        0.00000000e+00, 4.10466948e-03, 2.36302713e-02],
       [2.97915291e-05, 4.01325830e-05, 4.10135673e-05, ...,
        4.10466948e-03, 0.00000000e+00, 2.36817328e-02],
       [1.08152042e-03, 3.58348283e-03, 2.71376023e-03, ...,
        2.36302713e-02, 2.36817328e-02, 0.00000000e+00]], shape=(45, 45))}
{'bond-orders': array([[0.00000000e+00, 3.09770155e-01, 1.83703666e-02, ...,
        6.68362273e-05, 2.97915291e-05, 1.08152042e-03],
       [3.09770155e-01, 0.00000000e+00, 2.04952611e-02, ...,
        3.35985556e-04, 4.01325830e-05, 3.58348283e-03],
       [1.83703666e-02, 2.04952611e-02, 0.00000000e+00, ...,
        2.11497775e-04, 4.10135673e-05, 2.71376023e-03],
       ...,
       [6.68362273e-05, 3.35985556e-04, 2.11497775e-04, ...,
        0.00000000e+00, 4.10466948e-03, 2.36302713e-02],
       [2.97915291e-05, 4.01325830e-05, 4.10135673e-05, ...,
        4.10466948e-03, 0.00000000e+00, 2.36817328e-02],
       [1.08152042e-03, 3.58348283e-03, 2.71376023e-03, ...,
        2.36302713e-02, 2.36817328e-02, 0.00000000e+00]], shape=(45, 45)), 'molecular-dipole': array([ 0.21897034,  1.64314508, -0.9012487 ])}
{'bond-orders': array([[0.00000000e+00, 3.09770155e-01, 1.83703666e-02, ...,
        6.68362273e-05, 2.97915291e-05, 1.08152042e-03],
       [3.09770155e-01, 0.00000000e+00, 2.04952611e-02, ...,
        3.35985556e-04, 4.01325830e-05, 3.58348283e-03],
       [1.83703666e-02, 2.04952611e-02, 0.00000000e+00, ...,
        2.11497775e-04, 4.10135673e-05, 2.71376023e-03],
       ...,
       [6.68362273e-05, 3.35985556e-04, 2.11497775e-04, ...,
        0.00000000e+00, 4.10466948e-03, 2.36302713e-02],
       [2.97915291e-05, 4.01325830e-05, 4.10135673e-05, ...,
        4.10466948e-03, 0.00000000e+00, 2.36817328e-02],
       [1.08152042e-03, 3.58348283e-03, 2.71376023e-03, ...,
        2.36302713e-02, 2.36817328e-02, 0.00000000e+00]], shape=(45, 45)), 'molecular-dipole': array([ 0.21897034,  1.64314508, -0.9012487 ]), 'molecular-quadrupole': array([ 10.53973695,  98.27164534,  28.93359597,  30.20897617,
       192.69712807, -39.47333292])}
------------------------------------------------------------
  cycle        total energy    energy error   density error
------------------------------------------------------------
      1     -163.5463985600  -1.6330224E+02   1.2009278E-03
      2     -163.5452895961   1.1089639E-03   2.9966104E-03
      3     -163.5429303465   2.3592496E-03   3.4258516E-03
      4     -163.5453864643  -2.4561178E-03   2.0008226E-03
      5     -163.5464277557  -1.0412914E-03   6.0037301E-04
      6     -163.5464437826  -1.6026854E-05   3.5947058E-04
      7     -163.5464516858  -7.9031902E-06   1.7129854E-04
      8     -163.5464529051  -1.2192922E-06   6.7494527E-05
      9     -163.5464531006  -1.9555193E-07   3.0611658E-05
     10     -163.5464531374  -3.6755779E-08   1.8039375E-05
------------------------------------------------------------

 total:                                  12.295 sec
3
{'bond-orders': array([[0.00000000e+00, 3.10139997e-01, 1.83878899e-02, ...,
        6.60384300e-05, 2.92381468e-05, 1.08632993e-03],
       [3.10139997e-01, 0.00000000e+00, 2.04747219e-02, ...,
        3.37527974e-04, 4.03914733e-05, 3.49784005e-03],
       [1.83878899e-02, 2.04747219e-02, 0.00000000e+00, ...,
        2.17373913e-04, 3.97005593e-05, 2.68337171e-03],
       ...,
       [6.60384300e-05, 3.37527974e-04, 2.17373913e-04, ...,
        0.00000000e+00, 4.12717466e-03, 2.33817447e-02],
       [2.92381468e-05, 4.03914733e-05, 3.97005593e-05, ...,
        4.12717466e-03, 0.00000000e+00, 2.35804438e-02],
       [1.08632993e-03, 3.49784005e-03, 2.68337171e-03, ...,
        2.33817447e-02, 2.35804438e-02, 0.00000000e+00]], shape=(45, 45))}
{'bond-orders': array([[0.00000000e+00, 3.10139997e-01, 1.83878899e-02, ...,
        6.60384300e-05, 2.92381468e-05, 1.08632993e-03],
       [3.10139997e-01, 0.00000000e+00, 2.04747219e-02, ...,
        3.37527974e-04, 4.03914733e-05, 3.49784005e-03],
       [1.83878899e-02, 2.04747219e-02, 0.00000000e+00, ...,
        2.17373913e-04, 3.97005593e-05, 2.68337171e-03],
       ...,
       [6.60384300e-05, 3.37527974e-04, 2.17373913e-04, ...,
        0.00000000e+00, 4.12717466e-03, 2.33817447e-02],
       [2.92381468e-05, 4.03914733e-05, 3.97005593e-05, ...,
        4.12717466e-03, 0.00000000e+00, 2.35804438e-02],
       [1.08632993e-03, 3.49784005e-03, 2.68337171e-03, ...,
        2.33817447e-02, 2.35804438e-02, 0.00000000e+00]], shape=(45, 45)), 'molecular-dipole': array([ 0.24253572,  1.62481564, -0.92001801])}
{'bond-orders': array([[0.00000000e+00, 3.10139997e-01, 1.83878899e-02, ...,
        6.60384300e-05, 2.92381468e-05, 1.08632993e-03],
       [3.10139997e-01, 0.00000000e+00, 2.04747219e-02, ...,
        3.37527974e-04, 4.03914733e-05, 3.49784005e-03],
       [1.83878899e-02, 2.04747219e-02, 0.00000000e+00, ...,
        2.17373913e-04, 3.97005593e-05, 2.68337171e-03],
       ...,
       [6.60384300e-05, 3.37527974e-04, 2.17373913e-04, ...,
        0.00000000e+00, 4.12717466e-03, 2.33817447e-02],
       [2.92381468e-05, 4.03914733e-05, 3.97005593e-05, ...,
        4.12717466e-03, 0.00000000e+00, 2.35804438e-02],
       [1.08632993e-03, 3.49784005e-03, 2.68337171e-03, ...,
        2.33817447e-02, 2.35804438e-02, 0.00000000e+00]], shape=(45, 45)), 'molecular-dipole': array([ 0.24253572,  1.62481564, -0.92001801]), 'molecular-quadrupole': array([ 11.95302506,  97.71672373,  29.06702626,  33.04063714,
       190.03223339, -41.02005131])}
------------------------------------------------------------
  cycle        total energy    energy error   density error
------------------------------------------------------------
      1     -163.5468781664  -1.6330106E+02   2.0383806E-03
      2     -163.5450039094   1.8742570E-03   4.7460577E-03
      3     -163.5425565952   2.4473143E-03   4.1122297E-03
      4     -163.5411325807   1.4240145E-03   4.4260418E-03
      5     -163.5469811960  -5.8486153E-03   9.2842653E-04
      6     -163.5470265741  -4.5378050E-05   5.4452030E-04
      7     -163.5470390894  -1.2515282E-05   3.0714992E-04
      8     -163.5470433006  -4.2112835E-06   1.1049805E-04
      9     -163.5470437561  -4.5548285E-07   4.8710650E-05
     10     -163.5470439100  -1.5392538E-07   3.3598687E-05
     11     -163.5470439957  -8.5605961E-08   1.2000011E-05
------------------------------------------------------------

 total:                                  11.766 sec
3
{'bond-orders': array([[0.00000000e+00, 3.10701299e-01, 1.84184928e-02, ...,
        6.53767949e-05, 2.86504116e-05, 1.09080582e-03],
       [3.10701299e-01, 0.00000000e+00, 2.04505711e-02, ...,
        3.32720082e-04, 4.06959079e-05, 3.33482611e-03],
       [1.84184928e-02, 2.04505711e-02, 0.00000000e+00, ...,
        2.25122919e-04, 3.79114155e-05, 2.63855890e-03],
       ...,
       [6.53767949e-05, 3.32720082e-04, 2.25122919e-04, ...,
        0.00000000e+00, 4.11240790e-03, 2.28761463e-02],
       [2.86504116e-05, 4.06959079e-05, 3.79114155e-05, ...,
        4.11240790e-03, 0.00000000e+00, 2.33310733e-02],
       [1.09080582e-03, 3.33482611e-03, 2.63855890e-03, ...,
        2.28761463e-02, 2.33310733e-02, 0.00000000e+00]], shape=(45, 45))}
{'bond-orders': array([[0.00000000e+00, 3.10701299e-01, 1.84184928e-02, ...,
        6.53767949e-05, 2.86504116e-05, 1.09080582e-03],
       [3.10701299e-01, 0.00000000e+00, 2.04505711e-02, ...,
        3.32720082e-04, 4.06959079e-05, 3.33482611e-03],
       [1.84184928e-02, 2.04505711e-02, 0.00000000e+00, ...,
        2.25122919e-04, 3.79114155e-05, 2.63855890e-03],
       ...,
       [6.53767949e-05, 3.32720082e-04, 2.25122919e-04, ...,
        0.00000000e+00, 4.11240790e-03, 2.28761463e-02],
       [2.86504116e-05, 4.06959079e-05, 3.79114155e-05, ...,
        4.11240790e-03, 0.00000000e+00, 2.33310733e-02],
       [1.09080582e-03, 3.33482611e-03, 2.63855890e-03, ...,
        2.28761463e-02, 2.33310733e-02, 0.00000000e+00]], shape=(45, 45)), 'molecular-dipole': array([ 0.27175447,  1.58419879, -0.93672687])}
{'bond-orders': array([[0.00000000e+00, 3.10701299e-01, 1.84184928e-02, ...,
        6.53767949e-05, 2.86504116e-05, 1.09080582e-03],
       [3.10701299e-01, 0.00000000e+00, 2.04505711e-02, ...,
        3.32720082e-04, 4.06959079e-05, 3.33482611e-03],
       [1.84184928e-02, 2.04505711e-02, 0.00000000e+00, ...,
        2.25122919e-04, 3.79114155e-05, 2.63855890e-03],
       ...,
       [6.53767949e-05, 3.32720082e-04, 2.25122919e-04, ...,
        0.00000000e+00, 4.11240790e-03, 2.28761463e-02],
       [2.86504116e-05, 4.06959079e-05, 3.79114155e-05, ...,
        4.11240790e-03, 0.00000000e+00, 2.33310733e-02],
       [1.09080582e-03, 3.33482611e-03, 2.63855890e-03, ...,
        2.28761463e-02, 2.33310733e-02, 0.00000000e+00]], shape=(45, 45)), 'molecular-dipole': array([ 0.27175447,  1.58419879, -0.93672687]), 'molecular-quadrupole': array([ 13.39147792,  95.98637178,  28.72638429,  37.0843602 ,
       184.73420659, -42.11786222])}
------------------------------------------------------------
  cycle        total energy    energy error   density error
------------------------------------------------------------
      1     -163.5475994141  -1.6330166E+02   2.4348602E-03
      2     -163.5456313470   1.9680672E-03   5.7912855E-03
      3     -163.5471733376  -1.5419906E-03   2.5261051E-03
      4     -163.5440685820   3.1047556E-03   3.5315072E-03
      5     -163.5471775642  -3.1089823E-03   1.6833417E-03
      6     -163.5478248338  -6.4726959E-04   6.7363697E-04
      7     -163.5478450364  -2.0202598E-05   3.4702474E-04
      8     -163.5478495648  -4.5283213E-06   1.3686482E-04
      9     -163.5478501874  -6.2261776E-07   6.3915403E-05
     10     -163.5478505313  -3.4389154E-07   4.0500107E-05
     11     -163.5478507187  -1.8742620E-07   1.7772389E-05
------------------------------------------------------------

 total:                                   9.448 sec
3
{'bond-orders': array([[0.00000000e+00, 3.11259182e-01, 1.84634381e-02, ...,
        6.47415172e-05, 2.87212308e-05, 1.08705063e-03],
       [3.11259182e-01, 0.00000000e+00, 2.04162080e-02, ...,
        3.21336899e-04, 4.16293022e-05, 3.12853185e-03],
       [1.84634381e-02, 2.04162080e-02, 0.00000000e+00, ...,
        2.31416015e-04, 3.69506916e-05, 2.58307402e-03],
       ...,
       [6.47415172e-05, 3.21336899e-04, 2.31416015e-04, ...,
        0.00000000e+00, 4.03997998e-03, 2.22653264e-02],
       [2.87212308e-05, 4.16293022e-05, 3.69506916e-05, ...,
        4.03997998e-03, 0.00000000e+00, 2.29877884e-02],
       [1.08705063e-03, 3.12853185e-03, 2.58307402e-03, ...,
        2.22653264e-02, 2.29877884e-02, 0.00000000e+00]], shape=(45, 45))}
{'bond-orders': array([[0.00000000e+00, 3.11259182e-01, 1.84634381e-02, ...,
        6.47415172e-05, 2.87212308e-05, 1.08705063e-03],
       [3.11259182e-01, 0.00000000e+00, 2.04162080e-02, ...,
        3.21336899e-04, 4.16293022e-05, 3.12853185e-03],
       [1.84634381e-02, 2.04162080e-02, 0.00000000e+00, ...,
        2.31416015e-04, 3.69506916e-05, 2.58307402e-03],
       ...,
       [6.47415172e-05, 3.21336899e-04, 2.31416015e-04, ...,
        0.00000000e+00, 4.03997998e-03, 2.22653264e-02],
       [2.87212308e-05, 4.16293022e-05, 3.69506916e-05, ...,
        4.03997998e-03, 0.00000000e+00, 2.29877884e-02],
       [1.08705063e-03, 3.12853185e-03, 2.58307402e-03, ...,
        2.22653264e-02, 2.29877884e-02, 0.00000000e+00]], shape=(45, 45)), 'molecular-dipole': array([ 0.30073771,  1.52958891, -0.94996544])}
{'bond-orders': array([[0.00000000e+00, 3.11259182e-01, 1.84634381e-02, ...,
        6.47415172e-05, 2.87212308e-05, 1.08705063e-03],
       [3.11259182e-01, 0.00000000e+00, 2.04162080e-02, ...,
        3.21336899e-04, 4.16293022e-05, 3.12853185e-03],
       [1.84634381e-02, 2.04162080e-02, 0.00000000e+00, ...,
        2.31416015e-04, 3.69506916e-05, 2.58307402e-03],
       ...,
       [6.47415172e-05, 3.21336899e-04, 2.31416015e-04, ...,
        0.00000000e+00, 4.03997998e-03, 2.22653264e-02],
       [2.87212308e-05, 4.16293022e-05, 3.69506916e-05, ...,
        4.03997998e-03, 0.00000000e+00, 2.29877884e-02],
       [1.08705063e-03, 3.12853185e-03, 2.58307402e-03, ...,
        2.22653264e-02, 2.29877884e-02, 0.00000000e+00]], shape=(45, 45)), 'molecular-dipole': array([ 0.30073771,  1.52958891, -0.94996544]), 'molecular-quadrupole': array([ 14.67161044,  93.45782981,  28.03274794,  41.32300386,
       177.83283068, -42.70435838])}
------------------------------------------------------------
  cycle        total energy    energy error   density error
------------------------------------------------------------
      1     -163.5486463933  -1.6330535E+02   2.6686983E-03
      2     -163.5442788909   4.3675025E-03   7.1409048E-03
      3     -163.5400965764   4.1823145E-03   5.6303528E-03
      4     -163.5449716751  -4.8750988E-03   3.8382800E-03
      5     -163.5485426931  -3.5710179E-03   1.5299783E-03
      6     -163.5489386812  -3.9598816E-04   7.8670228E-04
      7     -163.5489635294  -2.4848154E-05   3.7758905E-04
      8     -163.5489696928  -6.1634739E-06   1.4998552E-04
      9     -163.5489707467  -1.0538178E-06   6.6871639E-05
     10     -163.5489710939  -3.4721540E-07   4.2476953E-05
     11     -163.5489712883  -1.9445667E-07   2.0814348E-05
     12     -163.5489713575  -6.9190662E-08   8.5413958E-06
------------------------------------------------------------

 total:                                   9.671 sec
3
{'bond-orders': array([[0.00000000e+00, 3.11769083e-01, 1.85007703e-02, ...,
        6.50022113e-05, 3.03167738e-05, 1.07904750e-03],
       [3.11769083e-01, 0.00000000e+00, 2.03720019e-02, ...,
        3.10851645e-04, 4.46412148e-05, 2.92447425e-03],
       [1.85007703e-02, 2.03720019e-02, 0.00000000e+00, ...,
        2.40003554e-04, 3.78908236e-05, 2.53859289e-03],
       ...,
       [6.50022113e-05, 3.10851645e-04, 2.40003554e-04, ...,
        0.00000000e+00, 3.89699183e-03, 2.17484629e-02],
       [3.03167738e-05, 4.46412148e-05, 3.78908236e-05, ...,
        3.89699183e-03, 0.00000000e+00, 2.26017667e-02],
       [1.07904750e-03, 2.92447425e-03, 2.53859289e-03, ...,
        2.17484629e-02, 2.26017667e-02, 0.00000000e+00]], shape=(45, 45))}
{'bond-orders': array([[0.00000000e+00, 3.11769083e-01, 1.85007703e-02, ...,
        6.50022113e-05, 3.03167738e-05, 1.07904750e-03],
       [3.11769083e-01, 0.00000000e+00, 2.03720019e-02, ...,
        3.10851645e-04, 4.46412148e-05, 2.92447425e-03],
       [1.85007703e-02, 2.03720019e-02, 0.00000000e+00, ...,
        2.40003554e-04, 3.78908236e-05, 2.53859289e-03],
       ...,
       [6.50022113e-05, 3.10851645e-04, 2.40003554e-04, ...,
        0.00000000e+00, 3.89699183e-03, 2.17484629e-02],
       [3.03167738e-05, 4.46412148e-05, 3.78908236e-05, ...,
        3.89699183e-03, 0.00000000e+00, 2.26017667e-02],
       [1.07904750e-03, 2.92447425e-03, 2.53859289e-03, ...,
        2.17484629e-02, 2.26017667e-02, 0.00000000e+00]], shape=(45, 45)), 'molecular-dipole': array([ 0.33640974,  1.47600215, -0.97291526])}
{'bond-orders': array([[0.00000000e+00, 3.11769083e-01, 1.85007703e-02, ...,
        6.50022113e-05, 3.03167738e-05, 1.07904750e-03],
       [3.11769083e-01, 0.00000000e+00, 2.03720019e-02, ...,
        3.10851645e-04, 4.46412148e-05, 2.92447425e-03],
       [1.85007703e-02, 2.03720019e-02, 0.00000000e+00, ...,
        2.40003554e-04, 3.78908236e-05, 2.53859289e-03],
       ...,
       [6.50022113e-05, 3.10851645e-04, 2.40003554e-04, ...,
        0.00000000e+00, 3.89699183e-03, 2.17484629e-02],
       [3.03167738e-05, 4.46412148e-05, 3.78908236e-05, ...,
        3.89699183e-03, 0.00000000e+00, 2.26017667e-02],
       [1.07904750e-03, 2.92447425e-03, 2.53859289e-03, ...,
        2.17484629e-02, 2.26017667e-02, 0.00000000e+00]], shape=(45, 45)), 'molecular-dipole': array([ 0.33640974,  1.47600215, -0.97291526]), 'molecular-quadrupole': array([ 16.44449603,  90.95840942,  27.58183743,  45.9628587 ,
       170.88041799, -44.02633346])}
------------------------------------------------------------
  cycle        total energy    energy error   density error
------------------------------------------------------------
      1     -163.5494435884  -1.6330954E+02   1.8680440E-03
      2     -163.5460530235   3.3905648E-03   5.6338183E-03
      3     -163.5426607524   3.3922711E-03   4.8503216E-03
      4     -163.5490048233  -6.3440709E-03   1.7665381E-03
      5     -163.5493461869  -3.4136358E-04   1.1511301E-03
      6     -163.5495940646  -2.4787774E-04   5.9281768E-04
      7     -163.5496144351  -2.0370449E-05   2.7030620E-04
      8     -163.5496165204  -2.0852775E-06   1.2810279E-04
      9     -163.5496175840  -1.0636211E-06   6.6063758E-05
     10     -163.5496179546  -3.7062398E-07   3.9813660E-05
     11     -163.5496180824  -1.2777966E-07   2.1982344E-05
     12     -163.5496181573  -7.4868296E-08   1.1780098E-05
------------------------------------------------------------

 total:                                   9.570 sec
3
{'bond-orders': array([[0.00000000e+00, 3.12041976e-01, 1.85105595e-02, ...,
        6.81046281e-05, 3.25774887e-05, 1.07848936e-03],
       [3.12041976e-01, 0.00000000e+00, 2.03245451e-02, ...,
        3.13931535e-04, 4.92339929e-05, 2.83132032e-03],
       [1.85105595e-02, 2.03245451e-02, 0.00000000e+00, ...,
        2.55415001e-04, 4.09947352e-05, 2.54222614e-03],
       ...,
       [6.81046281e-05, 3.13931535e-04, 2.55415001e-04, ...,
        0.00000000e+00, 3.81752027e-03, 2.16793109e-02],
       [3.25774887e-05, 4.92339929e-05, 4.09947352e-05, ...,
        3.81752027e-03, 0.00000000e+00, 2.23840212e-02],
       [1.07848936e-03, 2.83132032e-03, 2.54222614e-03, ...,
        2.16793109e-02, 2.23840212e-02, 0.00000000e+00]], shape=(45, 45))}
{'bond-orders': array([[0.00000000e+00, 3.12041976e-01, 1.85105595e-02, ...,
        6.81046281e-05, 3.25774887e-05, 1.07848936e-03],
       [3.12041976e-01, 0.00000000e+00, 2.03245451e-02, ...,
        3.13931535e-04, 4.92339929e-05, 2.83132032e-03],
       [1.85105595e-02, 2.03245451e-02, 0.00000000e+00, ...,
        2.55415001e-04, 4.09947352e-05, 2.54222614e-03],
       ...,
       [6.81046281e-05, 3.13931535e-04, 2.55415001e-04, ...,
        0.00000000e+00, 3.81752027e-03, 2.16793109e-02],
       [3.25774887e-05, 4.92339929e-05, 4.09947352e-05, ...,
        3.81752027e-03, 0.00000000e+00, 2.23840212e-02],
       [1.07848936e-03, 2.83132032e-03, 2.54222614e-03, ...,
        2.16793109e-02, 2.23840212e-02, 0.00000000e+00]], shape=(45, 45)), 'molecular-dipole': array([ 0.35948866,  1.43869687, -0.99906501])}
{'bond-orders': array([[0.00000000e+00, 3.12041976e-01, 1.85105595e-02, ...,
        6.81046281e-05, 3.25774887e-05, 1.07848936e-03],
       [3.12041976e-01, 0.00000000e+00, 2.03245451e-02, ...,
        3.13931535e-04, 4.92339929e-05, 2.83132032e-03],
       [1.85105595e-02, 2.03245451e-02, 0.00000000e+00, ...,
        2.55415001e-04, 4.09947352e-05, 2.54222614e-03],
       ...,
       [6.81046281e-05, 3.13931535e-04, 2.55415001e-04, ...,
        0.00000000e+00, 3.81752027e-03, 2.16793109e-02],
       [3.25774887e-05, 4.92339929e-05, 4.09947352e-05, ...,
        3.81752027e-03, 0.00000000e+00, 2.23840212e-02],
       [1.07848936e-03, 2.83132032e-03, 2.54222614e-03, ...,
        2.16793109e-02, 2.23840212e-02, 0.00000000e+00]], shape=(45, 45)), 'molecular-dipole': array([ 0.35948866,  1.43869687, -0.99906501]), 'molecular-quadrupole': array([ 18.10290906,  89.1885978 ,  27.7094725 ,  48.74023207,
       165.9664251 , -45.81238157])}
------------------------------------------------------------
  cycle        total energy    energy error   density error
------------------------------------------------------------
      1     -163.5496377229  -1.6330958E+02   2.0267581E-03
      2     -163.5425353320   7.1023908E-03   6.8203744E-03
      3     -163.5345089088   8.0264233E-03   7.0510970E-03
      4     -163.5496273989  -1.5118490E-02   1.4508638E-03
      5     -163.5496993486  -7.1949679E-05   9.3240067E-04
      6     -163.5498434569  -1.4410834E-04   5.3240999E-04
      7     -163.5498609088  -1.7451906E-05   1.9233275E-04
      8     -163.5498619493  -1.0404841E-06   1.1018996E-04
      9     -163.5498625089  -5.5962099E-07   5.6937158E-05
     10     -163.5498626498  -1.4084364E-07   3.1669289E-05
     11     -163.5498626977  -4.7876910E-08   1.7958950E-05
------------------------------------------------------------

 total:                                   9.339 sec
3
{'bond-orders': array([[0.00000000e+00, 3.12250840e-01, 1.85269659e-02, ...,
        6.66369189e-05, 3.33861247e-05, 1.05649676e-03],
       [3.12250840e-01, 0.00000000e+00, 2.02533403e-02, ...,
        2.99977858e-04, 5.24059479e-05, 2.67119999e-03],
       [1.85269659e-02, 2.02533403e-02, 0.00000000e+00, ...,
        2.58063377e-04, 4.30067795e-05, 2.49236273e-03],
       ...,
       [6.66369189e-05, 2.99977858e-04, 2.58063377e-04, ...,
        0.00000000e+00, 3.82166563e-03, 2.15250868e-02],
       [3.33861247e-05, 5.24059479e-05, 4.30067795e-05, ...,
        3.82166563e-03, 0.00000000e+00, 2.18525743e-02],
       [1.05649676e-03, 2.67119999e-03, 2.49236273e-03, ...,
        2.15250868e-02, 2.18525743e-02, 0.00000000e+00]], shape=(45, 45))}
{'bond-orders': array([[0.00000000e+00, 3.12250840e-01, 1.85269659e-02, ...,
        6.66369189e-05, 3.33861247e-05, 1.05649676e-03],
       [3.12250840e-01, 0.00000000e+00, 2.02533403e-02, ...,
        2.99977858e-04, 5.24059479e-05, 2.67119999e-03],
       [1.85269659e-02, 2.02533403e-02, 0.00000000e+00, ...,
        2.58063377e-04, 4.30067795e-05, 2.49236273e-03],
       ...,
       [6.66369189e-05, 2.99977858e-04, 2.58063377e-04, ...,
        0.00000000e+00, 3.82166563e-03, 2.15250868e-02],
       [3.33861247e-05, 5.24059479e-05, 4.30067795e-05, ...,
        3.82166563e-03, 0.00000000e+00, 2.18525743e-02],
       [1.05649676e-03, 2.67119999e-03, 2.49236273e-03, ...,
        2.15250868e-02, 2.18525743e-02, 0.00000000e+00]], shape=(45, 45)), 'molecular-dipole': array([ 0.39770568,  1.39881629, -1.03400223])}
{'bond-orders': array([[0.00000000e+00, 3.12250840e-01, 1.85269659e-02, ...,
        6.66369189e-05, 3.33861247e-05, 1.05649676e-03],
       [3.12250840e-01, 0.00000000e+00, 2.02533403e-02, ...,
        2.99977858e-04, 5.24059479e-05, 2.67119999e-03],
       [1.85269659e-02, 2.02533403e-02, 0.00000000e+00, ...,
        2.58063377e-04, 4.30067795e-05, 2.49236273e-03],
       ...,
       [6.66369189e-05, 2.99977858e-04, 2.58063377e-04, ...,
        0.00000000e+00, 3.82166563e-03, 2.15250868e-02],
       [3.33861247e-05, 5.24059479e-05, 4.30067795e-05, ...,
        3.82166563e-03, 0.00000000e+00, 2.18525743e-02],
       [1.05649676e-03, 2.67119999e-03, 2.49236273e-03, ...,
        2.15250868e-02, 2.18525743e-02, 0.00000000e+00]], shape=(45, 45)), 'molecular-dipole': array([ 0.39770568,  1.39881629, -1.03400223]), 'molecular-quadrupole': array([ 20.46114158,  87.64262669,  27.95752989,  53.17440485,
       160.49259051, -48.41867147])}
------------------------------------------------------------
  cycle        total energy    energy error   density error
------------------------------------------------------------
      1     -163.5498552795  -1.6331116E+02   8.7259807E-04
      2     -163.5398440349   1.0011245E-02   5.8109834E-03
      3     -163.5484715944  -8.6275595E-03   2.3209453E-03
      4     -163.5498929079  -1.4213135E-03   6.1753631E-04
      5     -163.5499019890  -9.0811549E-06   4.8367137E-04
      6     -163.5499348559  -3.2866941E-05   2.6939338E-04
      7     -163.5499395086  -4.6526051E-06   1.3036503E-04
      8     -163.5499405429  -1.0343946E-06   6.1198195E-05
      9     -163.5499407956  -2.5269944E-07   3.3361945E-05
     10     -163.5499408463  -5.0624976E-08   1.2917170E-05
------------------------------------------------------------

 total:                                   9.176 sec
3
{'bond-orders': array([[0.00000000e+00, 3.12318384e-01, 1.85330304e-02, ...,
        6.84677879e-05, 3.52456010e-05, 1.06055976e-03],
       [3.12318384e-01, 0.00000000e+00, 2.02317858e-02, ...,
        3.02535868e-04, 5.60935139e-05, 2.65033837e-03],
       [1.85330304e-02, 2.02317858e-02, 0.00000000e+00, ...,
        2.66232737e-04, 4.59758002e-05, 2.50481301e-03],
       ...,
       [6.84677879e-05, 3.02535868e-04, 2.66232737e-04, ...,
        0.00000000e+00, 3.87966784e-03, 2.16236306e-02],
       [3.52456010e-05, 5.60935139e-05, 4.59758002e-05, ...,
        3.87966784e-03, 0.00000000e+00, 2.20085758e-02],
       [1.06055976e-03, 2.65033837e-03, 2.50481301e-03, ...,
        2.16236306e-02, 2.20085758e-02, 0.00000000e+00]], shape=(45, 45))}
{'bond-orders': array([[0.00000000e+00, 3.12318384e-01, 1.85330304e-02, ...,
        6.84677879e-05, 3.52456010e-05, 1.06055976e-03],
       [3.12318384e-01, 0.00000000e+00, 2.02317858e-02, ...,
        3.02535868e-04, 5.60935139e-05, 2.65033837e-03],
       [1.85330304e-02, 2.02317858e-02, 0.00000000e+00, ...,
        2.66232737e-04, 4.59758002e-05, 2.50481301e-03],
       ...,
       [6.84677879e-05, 3.02535868e-04, 2.66232737e-04, ...,
        0.00000000e+00, 3.87966784e-03, 2.16236306e-02],
       [3.52456010e-05, 5.60935139e-05, 4.59758002e-05, ...,
        3.87966784e-03, 0.00000000e+00, 2.20085758e-02],
       [1.06055976e-03, 2.65033837e-03, 2.50481301e-03, ...,
        2.16236306e-02, 2.20085758e-02, 0.00000000e+00]], shape=(45, 45)), 'molecular-dipole': array([ 0.40612692,  1.37924278, -1.05396653])}
{'bond-orders': array([[0.00000000e+00, 3.12318384e-01, 1.85330304e-02, ...,
        6.84677879e-05, 3.52456010e-05, 1.06055976e-03],
       [3.12318384e-01, 0.00000000e+00, 2.02317858e-02, ...,
        3.02535868e-04, 5.60935139e-05, 2.65033837e-03],
       [1.85330304e-02, 2.02317858e-02, 0.00000000e+00, ...,
        2.66232737e-04, 4.59758002e-05, 2.50481301e-03],
       ...,
       [6.84677879e-05, 3.02535868e-04, 2.66232737e-04, ...,
        0.00000000e+00, 3.87966784e-03, 2.16236306e-02],
       [3.52456010e-05, 5.60935139e-05, 4.59758002e-05, ...,
        3.87966784e-03, 0.00000000e+00, 2.20085758e-02],
       [1.06055976e-03, 2.65033837e-03, 2.50481301e-03, ...,
        2.16236306e-02, 2.20085758e-02, 0.00000000e+00]], shape=(45, 45)), 'molecular-dipole': array([ 0.40612692,  1.37924278, -1.05396653]), 'molecular-quadrupole': array([ 21.49518779,  86.81161228,  28.34455029,  53.73206697,
       157.6616441 , -49.83973808])}
Using Materials Project MACE for MACECalculator with /home/ans819/.cache/mace/20231203mace128L1_epoch199model
Using float32 for MACECalculator, which is faster but less accurate. Recommended for MD. Use float64 for geometry optimization.
Using head Default out of ['Default']
Default dtype float32 does not match model dtype float64, converting models to float32.
CHGNet v0.3.0 initialized with 412,525 parameters
CHGNet will run on cpu
   30  Ag     12    4.39   0.01         0    2    0   0.005   17.160688   10.330618   31.815060
   31  Ag      7    3.92   0.18         0    2    0   0.017   25.886461   13.892900   33.408161
   32  Ag      9    4.27   0.07         0    2    0   0.009   22.396152    9.618162   33.408161
   33  Ag      8    4.14   0.12         0    2    0   0.015   13.670379   13.180444   35.001262
   34  Ag      9    4.27   0.07         0    2    0   0.023   10.180069    8.905705   35.001262
   35  Ag      9    4.27   0.07         0    2    0   0.010   18.905843   12.467987   36.594363
   36  Ag      5    3.15   0.34         0    2    0   0.017   22.396152   16.742726   36.594363
   37  Ag      6    3.59   0.26         0    2    0   0.016   24.141307   11.755531   38.187464
   38  Ag      3    2.00   0.41         2    2    0   0.013   27.631616   16.030269   38.187464
   39  Ag      5    3.15   0.32         0    2    0   0.036   11.925224   11.043075   39.780565
   40  Ag      3    2.00   0.39         2    2    0   0.016   15.415533   15.317813   39.780565
   41  C       4    3.55   0.00         3    0    0   0.065   10.296961    5.238221   44.530589
   42  H       1    0.97   0.01         0    0    0  -0.095    8.280812    5.289288   45.105183
   43  H       1    0.97   0.01         0    0    0  -0.095   11.278184    3.733694   45.587035
   44  H       1    0.97   0.01         0    0    0  -0.095   11.113607    7.102727   45.059927
   45  O       2    1.92   0.00         3    0    0  -0.513   10.562144    4.999556   41.931797

          #atoms :   45
          #bonds :   138
          #angl  :   199
          #tors  :   3
          #nmol  :   1
          #optfrag :   1
