/home/ans819/.conda/envs/autoflow/lib/python3.13/site-packages/e3nn/o3/_wigner.py:10: UserWarning: Environment variable TORCH_FORCE_NO_WEIGHTS_ONLY_LOAD detected, since the`weights_only` argument was not explicitly passed to `torch.load`, forcing weights_only=False.
  _Jd, _W3j_flat, _W3j_indices = torch.load(os.path.join(os.path.dirname(__file__), 'constants.pt'))

          ==================== Thresholds ====================
          CN  :   150.00000
          rep :   500.00000
          disp:  2500.00000
          HB1 :   250.00000
          HB2 :   450.00000

          Pauling EN used:
          Z : 1  EN :  2.20
          Z : 6  EN :  2.55
          Z : 8  EN :  3.44
          Z :47  EN :  1.93
          electric field strengths (au): 0.000

           ------------------------------------------------- 
          |           Force Field Initialization            |
           ------------------------------------------------- 

          distances ...
          ----------------------------------------
          generating topology and atomic info file ...
          pair mat ...
          computing topology distances matrix with Floyd-Warshall algo ...
          making topology EEQ charges ...
          #fragments for EEQ constrain: 1
          ----------------------------------------
          generating topology and atomic info file ...
          pair mat ...
          computing topology distances matrix with Floyd-Warshall algo ...
          making topology EEQ charges ...
          #fragments for EEQ constrain: 1
          rings ...
          # BATM   3547
          # H in HB   0

  atom   neighbors  erfCN metchar sp-hybrid imet pi  qest     coordinates
    1  Ag      2    1.35   0.37         2    2    0  -0.000    1.677205    0.356229   26.980573
    2  Ag      5    3.15   0.31         0    2    0   0.015    5.167514    4.630967   26.980573
    3  Ag      9    4.27   0.07         0    2    0   0.007   13.893287    8.193249   28.573674
    4  Ag      7    3.92   0.19         0    2    0   0.012   10.402978    3.918511   28.573674
    5  Ag      7    3.92   0.19         0    2    0   0.015   19.128751    7.480793   30.166775
    6  Ag      6    3.59   0.27         0    2    0   0.016   15.638442    3.206054   30.166775
    7  Ag      9    4.27   0.07         0    2    0   0.007    6.912669    6.768336   31.759876
    8  Ag      6    3.59   0.23         0    2    0   0.017    3.422360    2.493598   31.759876
    9  Ag     12    4.39   0.01         0    2    0   0.005   12.148133    6.055880   33.352977
   10  Ag      7    3.92   0.19         0    2    0   0.017    8.657824    1.781141   33.352977
   11  Ag      9    4.27   0.07         0    2    0   0.020   17.383597    5.343423   34.946078
   12  Ag      6    3.59   0.27         0    2    0   0.033   13.893287    1.068685   34.946078
   13  Ag      8    4.14   0.11         0    2    0   0.018    5.167514    4.630967   36.539179
   14  Ag      3    2.00   0.37         2    2    0   0.011    1.677205    0.356229   36.539179
   15  Ag      8    4.14   0.12         0    2    0   0.029   10.402978    3.918511   38.132280
   16  Ag     10    4.34   0.04         0    2    0   0.018   13.893287    8.193249   38.132280
   17  Ag      9    4.30   0.05         0    2    0   0.141   15.638442    3.206054   39.725381
   18  Ag      7    3.83   0.24         0    2    0   0.089   19.128751    7.480793   39.725381
   19  Ag      3    2.00   0.37         2    2    0   0.011    3.422360    2.493598   41.318482
   20  Ag      5    3.15   0.32         0    2    0   0.022    6.912669    6.768336   41.318482
   21  Ag      6    3.59   0.26         0    2    0   0.011    8.657824    8.905705   26.980573
   22  Ag      5    3.15   0.34         0    2    0   0.012   12.148133   13.180444   26.980573
   23  Ag      4    2.61   0.38         3    2    0   0.014   20.873906   16.742726   28.573674
   24  Ag      8    4.14   0.12         0    2    0   0.010   17.383597   12.467987   28.573674
   25  Ag      3    2.00   0.39         2    2    0   0.008   26.109370   16.030269   30.166775
   26  Ag      7    3.92   0.19         0    2    0   0.017   22.619061   11.755531   30.166775
   27  Ag      6    3.59   0.27         0    2    0   0.012   13.893287   15.317813   31.759876
   28  Ag      9    4.27   0.07         0    2    0   0.006   10.402978   11.043075   31.759876
   29  Ag      9    4.27   0.07         0    2    0   0.011   19.128751   14.605357   33.352977
/home/ans819/.conda/envs/autoflow/lib/python3.13/site-packages/mace/calculators/mace.py:197: UserWarning: Environment variable TORCH_FORCE_NO_WEIGHTS_ONLY_LOAD detected, since the`weights_only` argument was not explicitly passed to `torch.load`, forcing weights_only=False.
  torch.load(f=model_path, map_location=device)
/home/ans819/.conda/envs/autoflow/lib/python3.13/site-packages/chgnet/model/model.py:898: UserWarning: Converting a tensor with requires_grad=True to a scalar may lead to unexpected behavior.
Consider using tensor.detach() first. (Triggered internally at /pytorch/torch/csrc/autograd/generated/python_variable_methods.cpp:836.)
  volumes = torch.tensor(volumes, dtype=TORCH_DTYPE, device=atomic_numbers.device)
cuequivariance or cuequivariance_torch is not available. Cuequivariance acceleration will be disabled.
------------------------------------------------------------
  cycle        total energy    energy error   density error
------------------------------------------------------------
      1     -162.9889033605  -1.6275548E+02   1.0023412E+00
      2     -162.4466245069   5.4227885E-01   6.1755203E-01
      3     -70.92966463809   9.1516960E+01   1.4113702E+00
      4     -157.7313340965  -8.6801669E+01   3.1171552E-01
      5     -162.4147541957  -4.6834201E+00   1.1711884E-01
      6     -153.1525785551   9.2621756E+00   1.8641470E-01
      7     -157.7572017231  -4.6046232E+00   1.4344657E-01
      8     -163.0773805552  -5.3201788E+00   5.6575210E-02
      9     -163.2997623809  -2.2238183E-01   3.7830233E-02
     10     -163.3553731066  -5.5610726E-02   3.3497449E-02
     11     -163.3574144194  -2.0413128E-03   3.1596921E-02
     12     -163.3693263486  -1.1911929E-02   2.5026519E-02
     13     -163.3778583015  -8.5319530E-03   1.9895083E-02
     14     -163.3790624662  -1.2041647E-03   1.9105146E-02
     15     -163.3790553384   7.1278300E-06   1.9162648E-02
     16     -163.3830645537  -4.0092154E-03   1.1597502E-02
     17     -163.3844956028  -1.4310491E-03   7.3665923E-03
     18     -163.3849723020  -4.7669921E-04   5.4722920E-03
     19     -163.3852264180  -2.5411600E-04   3.3636369E-03
     20     -163.3855592599  -3.3284191E-04   1.0780207E-03
     21     -163.3855986849  -3.9424954E-05   3.7704979E-04
     22     -163.3856002684  -1.5835318E-06   2.6342911E-04
     23     -163.3856014969  -1.2284509E-06   2.2745800E-04
     24     -163.3856024502  -9.5333922E-07   7.2378763E-05
     25     -163.3856032197  -7.6947524E-07   5.6110992E-05
     26     -163.3856033082  -8.8541526E-08   1.0175760E-05
------------------------------------------------------------

 total:                                  18.267 sec
3
{'bond-orders': array([[0.00000000e+00, 3.04334150e-01, 2.14110411e-02, ...,
        6.13308432e-04, 1.52983604e-04, 2.84172294e-03],
       [3.04334150e-01, 0.00000000e+00, 2.43815571e-02, ...,
        6.35361247e-04, 1.38174718e-04, 2.94791086e-03],
       [2.14110411e-02, 2.43815571e-02, 0.00000000e+00, ...,
        2.75585036e-04, 3.24869718e-04, 1.71344144e-03],
       ...,
       [6.13308432e-04, 6.35361247e-04, 2.75585036e-04, ...,
        0.00000000e+00, 7.56352360e-03, 1.58406578e-02],
       [1.52983604e-04, 1.38174718e-04, 3.24869718e-04, ...,
        7.56352360e-03, 0.00000000e+00, 2.27928218e-02],
       [2.84172294e-03, 2.94791086e-03, 1.71344144e-03, ...,
        1.58406578e-02, 2.27928218e-02, 0.00000000e+00]], shape=(45, 45))}
{'bond-orders': array([[0.00000000e+00, 3.04334150e-01, 2.14110411e-02, ...,
        6.13308432e-04, 1.52983604e-04, 2.84172294e-03],
       [3.04334150e-01, 0.00000000e+00, 2.43815571e-02, ...,
        6.35361247e-04, 1.38174718e-04, 2.94791086e-03],
       [2.14110411e-02, 2.43815571e-02, 0.00000000e+00, ...,
        2.75585036e-04, 3.24869718e-04, 1.71344144e-03],
       ...,
       [6.13308432e-04, 6.35361247e-04, 2.75585036e-04, ...,
        0.00000000e+00, 7.56352360e-03, 1.58406578e-02],
       [1.52983604e-04, 1.38174718e-04, 3.24869718e-04, ...,
        7.56352360e-03, 0.00000000e+00, 2.27928218e-02],
       [2.84172294e-03, 2.94791086e-03, 1.71344144e-03, ...,
        1.58406578e-02, 2.27928218e-02, 0.00000000e+00]], shape=(45, 45)), 'molecular-dipole': array([-2.74339949, -0.67370905,  0.41556993])}
{'bond-orders': array([[0.00000000e+00, 3.04334150e-01, 2.14110411e-02, ...,
        6.13308432e-04, 1.52983604e-04, 2.84172294e-03],
       [3.04334150e-01, 0.00000000e+00, 2.43815571e-02, ...,
        6.35361247e-04, 1.38174718e-04, 2.94791086e-03],
       [2.14110411e-02, 2.43815571e-02, 0.00000000e+00, ...,
        2.75585036e-04, 3.24869718e-04, 1.71344144e-03],
       ...,
       [6.13308432e-04, 6.35361247e-04, 2.75585036e-04, ...,
        0.00000000e+00, 7.56352360e-03, 1.58406578e-02],
       [1.52983604e-04, 1.38174718e-04, 3.24869718e-04, ...,
        7.56352360e-03, 0.00000000e+00, 2.27928218e-02],
       [2.84172294e-03, 2.94791086e-03, 1.71344144e-03, ...,
        1.58406578e-02, 2.27928218e-02, 0.00000000e+00]], shape=(45, 45)), 'molecular-dipole': array([-2.74339949, -0.67370905,  0.41556993]), 'molecular-quadrupole': array([ -75.3962929 , -102.1917867 ,  -28.27198095, -291.73596799,
        -83.18029543,  103.66827385])}
------------------------------------------------------------
  cycle        total energy    energy error   density error
------------------------------------------------------------
      1     -163.3916469191  -1.6316526E+02   1.4890814E-02
      2     -163.1902397473   2.0140717E-01   3.0025389E-02
      3     -161.7016825442   1.4885572E+00   7.3535696E-02
      4     -163.3815452140  -1.6798627E+00   1.4078392E-02
      5     -163.4001249635  -1.8579749E-02   4.3894669E-03
      6     -163.4012244943  -1.0995309E-03   2.4382560E-03
      7     -163.4007220121   5.0248229E-04   2.1231868E-03
      8     -163.4011521273  -4.3011529E-04   1.6716828E-03
      9     -163.4012130107  -6.0883329E-05   9.9637083E-04
     10     -163.4013340422  -1.2103156E-04   5.4511065E-04
     11     -163.4013738139  -3.9771684E-05   3.1353609E-04
     12     -163.4013940461  -2.0232182E-05   1.0751719E-04
     13     -163.4013950488  -1.0026679E-06   7.3887860E-05
     14     -163.4013960752  -1.0264812E-06   4.0600600E-05
     15     -163.4013963559  -2.8069798E-07   2.0150332E-05
     16     -163.4013964119  -5.5946998E-08   1.0810761E-05
------------------------------------------------------------

 total:                                  14.890 sec
3
{'bond-orders': array([[0.00000000e+00, 3.03880341e-01, 2.15759220e-02, ...,
        9.09589680e-04, 1.72862685e-04, 3.02226818e-03],
       [3.03880341e-01, 0.00000000e+00, 2.41387809e-02, ...,
        8.71660583e-04, 1.67349597e-04, 2.58668967e-03],
       [2.15759220e-02, 2.41387809e-02, 0.00000000e+00, ...,
        4.75506267e-04, 3.71252199e-04, 1.83793217e-03],
       ...,
       [9.09589680e-04, 8.71660583e-04, 4.75506267e-04, ...,
        0.00000000e+00, 8.07495199e-03, 1.76341880e-02],
       [1.72862685e-04, 1.67349597e-04, 3.71252199e-04, ...,
        8.07495199e-03, 0.00000000e+00, 2.88041560e-02],
       [3.02226818e-03, 2.58668967e-03, 1.83793217e-03, ...,
        1.76341880e-02, 2.88041560e-02, 0.00000000e+00]], shape=(45, 45))}
{'bond-orders': array([[0.00000000e+00, 3.03880341e-01, 2.15759220e-02, ...,
        9.09589680e-04, 1.72862685e-04, 3.02226818e-03],
       [3.03880341e-01, 0.00000000e+00, 2.41387809e-02, ...,
        8.71660583e-04, 1.67349597e-04, 2.58668967e-03],
       [2.15759220e-02, 2.41387809e-02, 0.00000000e+00, ...,
        4.75506267e-04, 3.71252199e-04, 1.83793217e-03],
       ...,
       [9.09589680e-04, 8.71660583e-04, 4.75506267e-04, ...,
        0.00000000e+00, 8.07495199e-03, 1.76341880e-02],
       [1.72862685e-04, 1.67349597e-04, 3.71252199e-04, ...,
        8.07495199e-03, 0.00000000e+00, 2.88041560e-02],
       [3.02226818e-03, 2.58668967e-03, 1.83793217e-03, ...,
        1.76341880e-02, 2.88041560e-02, 0.00000000e+00]], shape=(45, 45)), 'molecular-dipole': array([-2.72681632, -0.6766445 ,  0.54838563])}
{'bond-orders': array([[0.00000000e+00, 3.03880341e-01, 2.15759220e-02, ...,
        9.09589680e-04, 1.72862685e-04, 3.02226818e-03],
       [3.03880341e-01, 0.00000000e+00, 2.41387809e-02, ...,
        8.71660583e-04, 1.67349597e-04, 2.58668967e-03],
       [2.15759220e-02, 2.41387809e-02, 0.00000000e+00, ...,
        4.75506267e-04, 3.71252199e-04, 1.83793217e-03],
       ...,
       [9.09589680e-04, 8.71660583e-04, 4.75506267e-04, ...,
        0.00000000e+00, 8.07495199e-03, 1.76341880e-02],
       [1.72862685e-04, 1.67349597e-04, 3.71252199e-04, ...,
        8.07495199e-03, 0.00000000e+00, 2.88041560e-02],
       [3.02226818e-03, 2.58668967e-03, 1.83793217e-03, ...,
        1.76341880e-02, 2.88041560e-02, 0.00000000e+00]], shape=(45, 45)), 'molecular-dipole': array([-2.72681632, -0.6766445 ,  0.54838563]), 'molecular-quadrupole': array([ -81.8666807 , -103.88141913,  -34.86125849, -282.03532546,
        -81.53379949,  116.72793919])}
------------------------------------------------------------
  cycle        total energy    energy error   density error
------------------------------------------------------------
      1     -163.4028932532  -1.6319414E+02   1.4441654E-02
      2     -163.1691620360   2.3373122E-01   3.0871782E-02
      3     -161.7690147856   1.4001473E+00   7.2373294E-02
      4     -163.3908544083  -1.6218396E+00   1.4216012E-02
      5     -163.4116742765  -2.0819868E-02   4.6825840E-03
      6     -163.4126583557  -9.8407926E-04   2.4421915E-03
      7     -163.4122933101   3.6504563E-04   2.0721880E-03
      8     -163.4125361097  -2.4279958E-04   1.7607679E-03
      9     -163.4126290691  -9.2959473E-05   9.9455499E-04
     10     -163.4127405346  -1.1146543E-04   4.9640230E-04
     11     -163.4127662428  -2.5708201E-05   2.9556609E-04
     12     -163.4127835731  -1.7330372E-05   9.8881505E-05
     13     -163.4127844790  -9.0585542E-07   5.4985258E-05
     14     -163.4127848361  -3.5715703E-07   2.6372883E-05
     15     -163.4127848798  -4.3688573E-08   1.6173487E-05
------------------------------------------------------------

 total:                                  14.730 sec
3
{'bond-orders': array([[0.00000000e+00, 3.04274988e-01, 2.18108481e-02, ...,
        1.31913025e-03, 1.67653445e-04, 3.02031589e-03],
       [3.04274988e-01, 0.00000000e+00, 2.39630714e-02, ...,
        1.17436123e-03, 1.63106746e-04, 2.11829491e-03],
       [2.18108481e-02, 2.39630714e-02, 0.00000000e+00, ...,
        8.47816619e-04, 3.76280016e-04, 1.99042502e-03],
       ...,
       [1.31913025e-03, 1.17436123e-03, 8.47816619e-04, ...,
        0.00000000e+00, 9.21829837e-03, 1.75089760e-02],
       [1.67653445e-04, 1.63106746e-04, 3.76280016e-04, ...,
        9.21829837e-03, 0.00000000e+00, 3.71879662e-02],
       [3.02031589e-03, 2.11829491e-03, 1.99042502e-03, ...,
        1.75089760e-02, 3.71879662e-02, 0.00000000e+00]], shape=(45, 45))}
{'bond-orders': array([[0.00000000e+00, 3.04274988e-01, 2.18108481e-02, ...,
        1.31913025e-03, 1.67653445e-04, 3.02031589e-03],
       [3.04274988e-01, 0.00000000e+00, 2.39630714e-02, ...,
        1.17436123e-03, 1.63106746e-04, 2.11829491e-03],
       [2.18108481e-02, 2.39630714e-02, 0.00000000e+00, ...,
        8.47816619e-04, 3.76280016e-04, 1.99042502e-03],
       ...,
       [1.31913025e-03, 1.17436123e-03, 8.47816619e-04, ...,
        0.00000000e+00, 9.21829837e-03, 1.75089760e-02],
       [1.67653445e-04, 1.63106746e-04, 3.76280016e-04, ...,
        9.21829837e-03, 0.00000000e+00, 3.71879662e-02],
       [3.02031589e-03, 2.11829491e-03, 1.99042502e-03, ...,
        1.75089760e-02, 3.71879662e-02, 0.00000000e+00]], shape=(45, 45)), 'molecular-dipole': array([-2.73907351, -0.75573276,  0.6867138 ])}
{'bond-orders': array([[0.00000000e+00, 3.04274988e-01, 2.18108481e-02, ...,
        1.31913025e-03, 1.67653445e-04, 3.02031589e-03],
       [3.04274988e-01, 0.00000000e+00, 2.39630714e-02, ...,
        1.17436123e-03, 1.63106746e-04, 2.11829491e-03],
       [2.18108481e-02, 2.39630714e-02, 0.00000000e+00, ...,
        8.47816619e-04, 3.76280016e-04, 1.99042502e-03],
       ...,
       [1.31913025e-03, 1.17436123e-03, 8.47816619e-04, ...,
        0.00000000e+00, 9.21829837e-03, 1.75089760e-02],
       [1.67653445e-04, 1.63106746e-04, 3.76280016e-04, ...,
        9.21829837e-03, 0.00000000e+00, 3.71879662e-02],
       [3.02031589e-03, 2.11829491e-03, 1.99042502e-03, ...,
        1.75089760e-02, 3.71879662e-02, 0.00000000e+00]], shape=(45, 45)), 'molecular-dipole': array([-2.73907351, -0.75573276,  0.6867138 ]), 'molecular-quadrupole': array([ -89.57827806, -109.2817159 ,  -41.96613488, -275.8893007 ,
        -89.23244415,  131.54441294])}
------------------------------------------------------------
  cycle        total energy    energy error   density error
------------------------------------------------------------
      1     -163.4195189995  -1.6321117E+02   6.2208878E-03
      2     -163.3992235107   2.0295489E-02   1.1047872E-02
      3     -163.2153918567   1.8383165E-01   2.5728340E-02
      4     -163.4143813379  -1.9898948E-01   5.9090313E-03
      5     -163.4183718505  -3.9905126E-03   3.3943038E-03
      6     -163.4205276733  -2.1558228E-03   1.9288791E-03
      7     -163.4204884247   3.9248530E-05   1.1397624E-03
      8     -163.4206151292  -1.2670446E-04   7.6765573E-04
      9     -163.4207084325  -9.3303280E-05   4.6349621E-04
     10     -163.4207438322  -3.5399722E-05   2.0548988E-04
     11     -163.4207510949  -7.2626756E-06   6.8013149E-05
     12     -163.4207515572  -4.6227723E-07   2.9639417E-05
     13     -163.4207515912  -3.4019848E-08   1.5711994E-05
------------------------------------------------------------

 total:                                  14.098 sec
3
{'bond-orders': array([[0.00000000e+00, 3.04557260e-01, 2.16728646e-02, ...,
        1.31886197e-03, 1.30681454e-04, 3.17407583e-03],
       [3.04557260e-01, 0.00000000e+00, 2.35501920e-02, ...,
        1.20052515e-03, 1.23478839e-04, 2.13340697e-03],
       [2.16728646e-02, 2.35501920e-02, 0.00000000e+00, ...,
        9.27861528e-04, 3.06289399e-04, 2.22777061e-03],
       ...,
       [1.31886197e-03, 1.20052515e-03, 9.27861528e-04, ...,
        0.00000000e+00, 9.97421792e-03, 1.65244752e-02],
       [1.30681454e-04, 1.23478839e-04, 3.06289399e-04, ...,
        9.97421792e-03, 0.00000000e+00, 3.64352814e-02],
       [3.17407583e-03, 2.13340697e-03, 2.22777061e-03, ...,
        1.65244752e-02, 3.64352814e-02, 0.00000000e+00]], shape=(45, 45))}
{'bond-orders': array([[0.00000000e+00, 3.04557260e-01, 2.16728646e-02, ...,
        1.31886197e-03, 1.30681454e-04, 3.17407583e-03],
       [3.04557260e-01, 0.00000000e+00, 2.35501920e-02, ...,
        1.20052515e-03, 1.23478839e-04, 2.13340697e-03],
       [2.16728646e-02, 2.35501920e-02, 0.00000000e+00, ...,
        9.27861528e-04, 3.06289399e-04, 2.22777061e-03],
       ...,
       [1.31886197e-03, 1.20052515e-03, 9.27861528e-04, ...,
        0.00000000e+00, 9.97421792e-03, 1.65244752e-02],
       [1.30681454e-04, 1.23478839e-04, 3.06289399e-04, ...,
        9.97421792e-03, 0.00000000e+00, 3.64352814e-02],
       [3.17407583e-03, 2.13340697e-03, 2.22777061e-03, ...,
        1.65244752e-02, 3.64352814e-02, 0.00000000e+00]], shape=(45, 45)), 'molecular-dipole': array([-2.76525017, -0.83863465,  0.6001058 ])}
{'bond-orders': array([[0.00000000e+00, 3.04557260e-01, 2.16728646e-02, ...,
        1.31886197e-03, 1.30681454e-04, 3.17407583e-03],
       [3.04557260e-01, 0.00000000e+00, 2.35501920e-02, ...,
        1.20052515e-03, 1.23478839e-04, 2.13340697e-03],
       [2.16728646e-02, 2.35501920e-02, 0.00000000e+00, ...,
        9.27861528e-04, 3.06289399e-04, 2.22777061e-03],
       ...,
       [1.31886197e-03, 1.20052515e-03, 9.27861528e-04, ...,
        0.00000000e+00, 9.97421792e-03, 1.65244752e-02],
       [1.30681454e-04, 1.23478839e-04, 3.06289399e-04, ...,
        9.97421792e-03, 0.00000000e+00, 3.64352814e-02],
       [3.17407583e-03, 2.13340697e-03, 2.22777061e-03, ...,
        1.65244752e-02, 3.64352814e-02, 0.00000000e+00]], shape=(45, 45)), 'molecular-dipole': array([-2.76525017, -0.83863465,  0.6001058 ]), 'molecular-quadrupole': array([ -87.28281697, -113.45778674,  -38.59543716, -282.77713746,
       -100.70055184,  125.87825414])}
------------------------------------------------------------
  cycle        total energy    energy error   density error
------------------------------------------------------------
      1     -163.4265200159  -1.6321402E+02   4.6802108E-03
      2     -163.3902662985   3.6253717E-02   1.2808028E-02
      3     -163.2879024677   1.0236383E-01   2.1283165E-02
      4     -163.4242141537  -1.3631169E-01   3.9119841E-03
      5     -163.4274152819  -3.2011283E-03   1.9934835E-03
      6     -163.4272679867   1.4729524E-04   1.8693693E-03
      7     -163.4274472439  -1.7925721E-04   9.8036964E-04
      8     -163.4276046421  -1.5739816E-04   5.0968556E-04
      9     -163.4276472437  -4.2601606E-05   2.4917784E-04
     10     -163.4276568337  -9.5899953E-06   1.1523457E-04
     11     -163.4276590229  -2.1891697E-06   4.9732380E-05
     12     -163.4276594564  -4.3355314E-07   2.5180226E-05
     13     -163.4276594756  -1.9166947E-08   1.2017340E-05
------------------------------------------------------------

 total:                                  14.017 sec
3
{'bond-orders': array([[0.00000000e+00, 3.04298945e-01, 2.14132768e-02, ...,
        1.25199989e-03, 1.01671241e-04, 3.14055926e-03],
       [3.04298945e-01, 0.00000000e+00, 2.32559239e-02, ...,
        1.17017853e-03, 1.04261300e-04, 2.08745582e-03],
       [2.14132768e-02, 2.32559239e-02, 0.00000000e+00, ...,
        9.42012502e-04, 2.65584465e-04, 2.34314482e-03],
       ...,
       [1.25199989e-03, 1.17017853e-03, 9.42012502e-04, ...,
        0.00000000e+00, 1.01524486e-02, 1.67304583e-02],
       [1.01671241e-04, 1.04261300e-04, 2.65584465e-04, ...,
        1.01524486e-02, 0.00000000e+00, 3.46072750e-02],
       [3.14055926e-03, 2.08745582e-03, 2.34314482e-03, ...,
        1.67304583e-02, 3.46072750e-02, 0.00000000e+00]], shape=(45, 45))}
{'bond-orders': array([[0.00000000e+00, 3.04298945e-01, 2.14132768e-02, ...,
        1.25199989e-03, 1.01671241e-04, 3.14055926e-03],
       [3.04298945e-01, 0.00000000e+00, 2.32559239e-02, ...,
        1.17017853e-03, 1.04261300e-04, 2.08745582e-03],
       [2.14132768e-02, 2.32559239e-02, 0.00000000e+00, ...,
        9.42012502e-04, 2.65584465e-04, 2.34314482e-03],
       ...,
       [1.25199989e-03, 1.17017853e-03, 9.42012502e-04, ...,
        0.00000000e+00, 1.01524486e-02, 1.67304583e-02],
       [1.01671241e-04, 1.04261300e-04, 2.65584465e-04, ...,
        1.01524486e-02, 0.00000000e+00, 3.46072750e-02],
       [3.14055926e-03, 2.08745582e-03, 2.34314482e-03, ...,
        1.67304583e-02, 3.46072750e-02, 0.00000000e+00]], shape=(45, 45)), 'molecular-dipole': array([-2.74562609, -0.86249229,  0.49071864])}
{'bond-orders': array([[0.00000000e+00, 3.04298945e-01, 2.14132768e-02, ...,
        1.25199989e-03, 1.01671241e-04, 3.14055926e-03],
       [3.04298945e-01, 0.00000000e+00, 2.32559239e-02, ...,
        1.17017853e-03, 1.04261300e-04, 2.08745582e-03],
       [2.14132768e-02, 2.32559239e-02, 0.00000000e+00, ...,
        9.42012502e-04, 2.65584465e-04, 2.34314482e-03],
       ...,
       [1.25199989e-03, 1.17017853e-03, 9.42012502e-04, ...,
        0.00000000e+00, 1.01524486e-02, 1.67304583e-02],
       [1.01671241e-04, 1.04261300e-04, 2.65584465e-04, ...,
        1.01524486e-02, 0.00000000e+00, 3.46072750e-02],
       [3.14055926e-03, 2.08745582e-03, 2.34314482e-03, ...,
        1.67304583e-02, 3.46072750e-02, 0.00000000e+00]], shape=(45, 45)), 'molecular-dipole': array([-2.74562609, -0.86249229,  0.49071864]), 'molecular-quadrupole': array([ -82.85756538, -113.61534832,  -34.46763452, -284.56596529,
       -105.18761716,  117.3251999 ])}
------------------------------------------------------------
  cycle        total energy    energy error   density error
------------------------------------------------------------
      1     -163.4382745530  -1.6321605E+02   7.9333479E-03
      2     -163.3463438231   9.1930730E-02   2.1065257E-02
      3     -163.0612203002   2.8512352E-01   3.4840431E-02
      4     -163.4307999811  -3.6957968E-01   6.7354217E-03
      5     -163.4388601491  -8.0601680E-03   3.9016648E-03
      6     -163.4383789383   4.8121088E-04   3.6718846E-03
      7     -163.4409306098  -2.5516716E-03   1.6859659E-03
      8     -163.4413024607  -3.7185084E-04   7.6448686E-04
      9     -163.4413544511  -5.1990491E-05   4.8343624E-04
     10     -163.4413673983  -1.2947117E-05   1.8234965E-04
     11     -163.4413690173  -1.6190772E-06   9.7380686E-05
     12     -163.4413692561  -2.3878681E-07   8.0706658E-05
     13     -163.4413697361  -4.7993080E-07   2.5471782E-05
     14     -163.4413697622  -2.6143738E-08   1.1382653E-05
------------------------------------------------------------

 total:                                  14.416 sec
3
{'bond-orders': array([[0.00000000e+00, 3.03252754e-01, 2.07163185e-02, ...,
        1.13291987e-03, 6.55256720e-05, 2.73798664e-03],
       [3.03252754e-01, 0.00000000e+00, 2.29105926e-02, ...,
        1.07518590e-03, 8.19177071e-05, 1.62453043e-03],
       [2.07163185e-02, 2.29105926e-02, 0.00000000e+00, ...,
        1.04212399e-03, 2.05230817e-04, 2.23774708e-03],
       ...,
       [1.13291987e-03, 1.07518590e-03, 1.04212399e-03, ...,
        0.00000000e+00, 1.02470258e-02, 1.82761572e-02],
       [6.55256720e-05, 8.19177071e-05, 2.05230817e-04, ...,
        1.02470258e-02, 0.00000000e+00, 3.55025760e-02],
       [2.73798664e-03, 1.62453043e-03, 2.23774708e-03, ...,
        1.82761572e-02, 3.55025760e-02, 0.00000000e+00]], shape=(45, 45))}
{'bond-orders': array([[0.00000000e+00, 3.03252754e-01, 2.07163185e-02, ...,
        1.13291987e-03, 6.55256720e-05, 2.73798664e-03],
       [3.03252754e-01, 0.00000000e+00, 2.29105926e-02, ...,
        1.07518590e-03, 8.19177071e-05, 1.62453043e-03],
       [2.07163185e-02, 2.29105926e-02, 0.00000000e+00, ...,
        1.04212399e-03, 2.05230817e-04, 2.23774708e-03],
       ...,
       [1.13291987e-03, 1.07518590e-03, 1.04212399e-03, ...,
        0.00000000e+00, 1.02470258e-02, 1.82761572e-02],
       [6.55256720e-05, 8.19177071e-05, 2.05230817e-04, ...,
        1.02470258e-02, 0.00000000e+00, 3.55025760e-02],
       [2.73798664e-03, 1.62453043e-03, 2.23774708e-03, ...,
        1.82761572e-02, 3.55025760e-02, 0.00000000e+00]], shape=(45, 45)), 'molecular-dipole': array([-2.68105589, -0.88978776,  0.24199768])}
{'bond-orders': array([[0.00000000e+00, 3.03252754e-01, 2.07163185e-02, ...,
        1.13291987e-03, 6.55256720e-05, 2.73798664e-03],
       [3.03252754e-01, 0.00000000e+00, 2.29105926e-02, ...,
        1.07518590e-03, 8.19177071e-05, 1.62453043e-03],
       [2.07163185e-02, 2.29105926e-02, 0.00000000e+00, ...,
        1.04212399e-03, 2.05230817e-04, 2.23774708e-03],
       ...,
       [1.13291987e-03, 1.07518590e-03, 1.04212399e-03, ...,
        0.00000000e+00, 1.02470258e-02, 1.82761572e-02],
       [6.55256720e-05, 8.19177071e-05, 2.05230817e-04, ...,
        1.02470258e-02, 0.00000000e+00, 3.55025760e-02],
       [2.73798664e-03, 1.62453043e-03, 2.23774708e-03, ...,
        1.82761572e-02, 3.55025760e-02, 0.00000000e+00]], shape=(45, 45)), 'molecular-dipole': array([-2.68105589, -0.88978776,  0.24199768]), 'molecular-quadrupole': array([ -73.3812255 , -111.99877454,  -24.83469049, -283.76942641,
       -111.3790024 ,   98.21591599])}
------------------------------------------------------------
  cycle        total energy    energy error   density error
------------------------------------------------------------
      1     -163.4496480996  -1.6321958E+02   1.0981457E-02
      2     -163.4321402440   1.7507856E-02   1.6753747E-02
      3     -163.2943576520   1.3778259E-01   2.2932386E-02
      4     -163.3249179031  -3.0560251E-02   2.0848922E-02
      5     -163.4514894310  -1.2657153E-01   4.3046123E-03
      6     -163.4503180303   1.1714007E-03   4.0903031E-03
      7     -163.4529938847  -2.6758545E-03   2.1017992E-03
      8     -163.4536722896  -6.7840488E-04   7.6711965E-04
      9     -163.4537204094  -4.8119762E-05   4.6021798E-04
     10     -163.4537221546  -1.7452921E-06   2.5846586E-04
     11     -163.4537293059  -7.1512594E-06   1.4468049E-04
     12     -163.4537327244  -3.4184684E-06   8.6862933E-05
     13     -163.4537340412  -1.3167845E-06   3.4095390E-05
     14     -163.4537342717  -2.3050313E-07   1.3390837E-05
------------------------------------------------------------

 total:                                  14.400 sec
3
{'bond-orders': array([[0.00000000e+00, 3.01682535e-01, 2.02617227e-02, ...,
        9.83500162e-04, 4.93638626e-05, 2.10870760e-03],
       [3.01682535e-01, 0.00000000e+00, 2.28632595e-02, ...,
        8.62611782e-04, 6.87846846e-05, 9.24040811e-04],
       [2.02617227e-02, 2.28632595e-02, 0.00000000e+00, ...,
        1.17811274e-03, 1.61081503e-04, 1.69360220e-03],
       ...,
       [9.83500162e-04, 8.62611782e-04, 1.17811274e-03, ...,
        0.00000000e+00, 1.02120677e-02, 1.99817012e-02],
       [4.93638626e-05, 6.87846846e-05, 1.61081503e-04, ...,
        1.02120677e-02, 0.00000000e+00, 4.08153960e-02],
       [2.10870760e-03, 9.24040811e-04, 1.69360220e-03, ...,
        1.99817012e-02, 4.08153960e-02, 0.00000000e+00]], shape=(45, 45))}
{'bond-orders': array([[0.00000000e+00, 3.01682535e-01, 2.02617227e-02, ...,
        9.83500162e-04, 4.93638626e-05, 2.10870760e-03],
       [3.01682535e-01, 0.00000000e+00, 2.28632595e-02, ...,
        8.62611782e-04, 6.87846846e-05, 9.24040811e-04],
       [2.02617227e-02, 2.28632595e-02, 0.00000000e+00, ...,
        1.17811274e-03, 1.61081503e-04, 1.69360220e-03],
       ...,
       [9.83500162e-04, 8.62611782e-04, 1.17811274e-03, ...,
        0.00000000e+00, 1.02120677e-02, 1.99817012e-02],
       [4.93638626e-05, 6.87846846e-05, 1.61081503e-04, ...,
        1.02120677e-02, 0.00000000e+00, 4.08153960e-02],
       [2.10870760e-03, 9.24040811e-04, 1.69360220e-03, ...,
        1.99817012e-02, 4.08153960e-02, 0.00000000e+00]], shape=(45, 45)), 'molecular-dipole': array([-2.5869714 , -0.89648535,  0.02625398])}
{'bond-orders': array([[0.00000000e+00, 3.01682535e-01, 2.02617227e-02, ...,
        9.83500162e-04, 4.93638626e-05, 2.10870760e-03],
       [3.01682535e-01, 0.00000000e+00, 2.28632595e-02, ...,
        8.62611782e-04, 6.87846846e-05, 9.24040811e-04],
       [2.02617227e-02, 2.28632595e-02, 0.00000000e+00, ...,
        1.17811274e-03, 1.61081503e-04, 1.69360220e-03],
       ...,
       [9.83500162e-04, 8.62611782e-04, 1.17811274e-03, ...,
        0.00000000e+00, 1.02120677e-02, 1.99817012e-02],
       [4.93638626e-05, 6.87846846e-05, 1.61081503e-04, ...,
        1.02120677e-02, 0.00000000e+00, 4.08153960e-02],
       [2.10870760e-03, 9.24040811e-04, 1.69360220e-03, ...,
        1.99817012e-02, 4.08153960e-02, 0.00000000e+00]], shape=(45, 45)), 'molecular-dipole': array([-2.5869714 , -0.89648535,  0.02625398]), 'molecular-quadrupole': array([ -65.60373023, -108.83417329,  -15.87297396, -275.55486965,
       -113.49436957,   81.47670419])}
------------------------------------------------------------
  cycle        total energy    energy error   density error
------------------------------------------------------------
      1     -163.4593557316  -1.6322534E+02   1.2071947E-02
      2     -163.4472674473   1.2088284E-02   1.7643572E-02
      3     -163.4479711759  -7.0372854E-04   1.2524471E-02
      4     -163.3850435045   6.2927671E-02   1.5811214E-02
      5     -163.4486731543  -6.3629650E-02   7.8107885E-03
      6     -163.4630869024  -1.4413748E-02   2.6474557E-03
      7     -163.4634902163  -4.0331384E-04   1.9376887E-03
      8     -163.4640797831  -5.8956685E-04   9.9655654E-04
      9     -163.4642066846  -1.2690152E-04   3.6839947E-04
     10     -163.4642171141  -1.0429424E-05   1.5379953E-04
     11     -163.4642183306  -1.2165517E-06   8.3984501E-05
     12     -163.4642181783   1.5227394E-07   7.0342494E-05
     13     -163.4642185358  -3.5742494E-07   2.8755185E-05
     14     -163.4642186247  -8.8946877E-08   1.6199385E-05
------------------------------------------------------------

 total:                                  14.388 sec
3
{'bond-orders': array([[0.00000000e+00, 2.99530136e-01, 2.00299816e-02, ...,
        7.88273390e-04, 4.33942846e-05, 1.57223919e-03],
       [2.99530136e-01, 0.00000000e+00, 2.28219718e-02, ...,
        5.63736101e-04, 6.18060709e-05, 4.36394767e-04],
       [2.00299816e-02, 2.28219718e-02, 0.00000000e+00, ...,
        1.14805984e-03, 1.19925315e-04, 1.13752879e-03],
       ...,
       [7.88273390e-04, 5.63736101e-04, 1.14805984e-03, ...,
        0.00000000e+00, 9.81769629e-03, 2.10850578e-02],
       [4.33942846e-05, 6.18060709e-05, 1.19925315e-04, ...,
        9.81769629e-03, 0.00000000e+00, 4.68098874e-02],
       [1.57223919e-03, 4.36394767e-04, 1.13752879e-03, ...,
        2.10850578e-02, 4.68098874e-02, 0.00000000e+00]], shape=(45, 45))}
{'bond-orders': array([[0.00000000e+00, 2.99530136e-01, 2.00299816e-02, ...,
        7.88273390e-04, 4.33942846e-05, 1.57223919e-03],
       [2.99530136e-01, 0.00000000e+00, 2.28219718e-02, ...,
        5.63736101e-04, 6.18060709e-05, 4.36394767e-04],
       [2.00299816e-02, 2.28219718e-02, 0.00000000e+00, ...,
        1.14805984e-03, 1.19925315e-04, 1.13752879e-03],
       ...,
       [7.88273390e-04, 5.63736101e-04, 1.14805984e-03, ...,
        0.00000000e+00, 9.81769629e-03, 2.10850578e-02],
       [4.33942846e-05, 6.18060709e-05, 1.19925315e-04, ...,
        9.81769629e-03, 0.00000000e+00, 4.68098874e-02],
       [1.57223919e-03, 4.36394767e-04, 1.13752879e-03, ...,
        2.10850578e-02, 4.68098874e-02, 0.00000000e+00]], shape=(45, 45)), 'molecular-dipole': array([-2.44086509, -0.86667507, -0.1102264 ])}
{'bond-orders': array([[0.00000000e+00, 2.99530136e-01, 2.00299816e-02, ...,
        7.88273390e-04, 4.33942846e-05, 1.57223919e-03],
       [2.99530136e-01, 0.00000000e+00, 2.28219718e-02, ...,
        5.63736101e-04, 6.18060709e-05, 4.36394767e-04],
       [2.00299816e-02, 2.28219718e-02, 0.00000000e+00, ...,
        1.14805984e-03, 1.19925315e-04, 1.13752879e-03],
       ...,
       [7.88273390e-04, 5.63736101e-04, 1.14805984e-03, ...,
        0.00000000e+00, 9.81769629e-03, 2.10850578e-02],
       [4.33942846e-05, 6.18060709e-05, 1.19925315e-04, ...,
        9.81769629e-03, 0.00000000e+00, 4.68098874e-02],
       [1.57223919e-03, 4.36394767e-04, 1.13752879e-03, ...,
        2.10850578e-02, 4.68098874e-02, 0.00000000e+00]], shape=(45, 45)), 'molecular-dipole': array([-2.44086509, -0.86667507, -0.1102264 ]), 'molecular-quadrupole': array([ -59.51281975, -103.03874419,   -9.48152325, -258.12662675,
       -109.84048341,   68.99434299])}
------------------------------------------------------------
  cycle        total energy    energy error   density error
------------------------------------------------------------
      1     -163.4690755785  -1.6323508E+02   1.0811715E-02
      2     -163.4257796388   4.3295940E-02   1.8705319E-02
      3     -163.0210496387   4.0473000E-01   3.7935793E-02
      4     -163.4314553802  -4.1040574E-01   1.3608494E-02
      5     -163.4717475086  -4.0292128E-02   4.4201210E-03
      6     -163.4727870965  -1.0395879E-03   1.9612717E-03
      7     -163.4729736895  -1.8659302E-04   1.4561796E-03
      8     -163.4731427322  -1.6904274E-04   9.2969122E-04
      9     -163.4732064379  -6.3705610E-05   4.8850807E-04
     10     -163.4732155028  -9.0648999E-06   2.1502979E-04
     11     -163.4732172072  -1.7044360E-06   8.4980997E-05
     12     -163.4732175793  -3.7208184E-07   5.7860356E-05
     13     -163.4732177471  -1.6787385E-07   2.0600084E-05
     14     -163.4732177637  -1.6553685E-08   9.0485067E-06
------------------------------------------------------------

 total:                                  14.356 sec
3
{'bond-orders': array([[0.00000000e+00, 2.97982453e-01, 1.96926829e-02, ...,
        6.69470646e-04, 4.16532091e-05, 1.18431873e-03],
       [2.97982453e-01, 0.00000000e+00, 2.23903238e-02, ...,
        3.90952844e-04, 5.26668114e-05, 2.82738169e-04],
       [1.96926829e-02, 2.23903238e-02, 0.00000000e+00, ...,
        9.23202959e-04, 7.97438357e-05, 7.29255014e-04],
       ...,
       [6.69470646e-04, 3.90952844e-04, 9.23202959e-04, ...,
        0.00000000e+00, 8.97079888e-03, 2.14239447e-02],
       [4.16532091e-05, 5.26668114e-05, 7.97438357e-05, ...,
        8.97079888e-03, 0.00000000e+00, 5.19911383e-02],
       [1.18431873e-03, 2.82738169e-04, 7.29255014e-04, ...,
        2.14239447e-02, 5.19911383e-02, 0.00000000e+00]], shape=(45, 45))}
{'bond-orders': array([[0.00000000e+00, 2.97982453e-01, 1.96926829e-02, ...,
        6.69470646e-04, 4.16532091e-05, 1.18431873e-03],
       [2.97982453e-01, 0.00000000e+00, 2.23903238e-02, ...,
        3.90952844e-04, 5.26668114e-05, 2.82738169e-04],
       [1.96926829e-02, 2.23903238e-02, 0.00000000e+00, ...,
        9.23202959e-04, 7.97438357e-05, 7.29255014e-04],
       ...,
       [6.69470646e-04, 3.90952844e-04, 9.23202959e-04, ...,
        0.00000000e+00, 8.97079888e-03, 2.14239447e-02],
       [4.16532091e-05, 5.26668114e-05, 7.97438357e-05, ...,
        8.97079888e-03, 0.00000000e+00, 5.19911383e-02],
       [1.18431873e-03, 2.82738169e-04, 7.29255014e-04, ...,
        2.14239447e-02, 5.19911383e-02, 0.00000000e+00]], shape=(45, 45)), 'molecular-dipole': array([-2.25058718, -0.79121892, -0.24043217])}
{'bond-orders': array([[0.00000000e+00, 2.97982453e-01, 1.96926829e-02, ...,
        6.69470646e-04, 4.16532091e-05, 1.18431873e-03],
       [2.97982453e-01, 0.00000000e+00, 2.23903238e-02, ...,
        3.90952844e-04, 5.26668114e-05, 2.82738169e-04],
       [1.96926829e-02, 2.23903238e-02, 0.00000000e+00, ...,
        9.23202959e-04, 7.97438357e-05, 7.29255014e-04],
       ...,
       [6.69470646e-04, 3.90952844e-04, 9.23202959e-04, ...,
        0.00000000e+00, 8.97079888e-03, 2.14239447e-02],
       [4.16532091e-05, 5.26668114e-05, 7.97438357e-05, ...,
        8.97079888e-03, 0.00000000e+00, 5.19911383e-02],
       [1.18431873e-03, 2.82738169e-04, 7.29255014e-04, ...,
        2.14239447e-02, 5.19911383e-02, 0.00000000e+00]], shape=(45, 45)), 'molecular-dipole': array([-2.25058718, -0.79121892, -0.24043217]), 'molecular-quadrupole': array([ -52.39553739,  -94.20296039,   -3.28741912, -238.28120465,
       -102.71009629,   55.6829565 ])}
------------------------------------------------------------
  cycle        total energy    energy error   density error
------------------------------------------------------------
      1     -163.4791960072  -1.6324645E+02   7.4894791E-03
      2     -163.4121583540   6.7037653E-02   1.8626793E-02
      3     -163.1654359680   2.4672239E-01   3.1730961E-02
      4     -163.4741854849  -3.0874952E-01   6.9865332E-03
      5     -163.4806036113  -6.4181264E-03   3.5172054E-03
      6     -163.4813386771  -7.3506580E-04   1.6530342E-03
      7     -163.4814760614  -1.3738430E-04   1.1464829E-03
      8     -163.4815501775  -7.4116132E-05   8.8579675E-04
      9     -163.4816024666  -5.2289030E-05   3.5544721E-04
     10     -163.4816073447  -4.8780941E-06   1.4515964E-04
     11     -163.4816082411  -8.9648688E-07   6.0035577E-05
     12     -163.4816083228  -8.1678991E-08   3.8111842E-05
     13     -163.4816083878  -6.5005509E-08   1.9546290E-05
------------------------------------------------------------

 total:                                  14.119 sec
3
{'bond-orders': array([[0.00000000e+00, 2.98119758e-01, 1.93142848e-02, ...,
        6.45969891e-04, 4.00773492e-05, 8.85159802e-04],
       [2.98119758e-01, 0.00000000e+00, 2.13457399e-02, ...,
        3.76021649e-04, 4.07943035e-05, 3.00347235e-04],
       [1.93142848e-02, 2.13457399e-02, 0.00000000e+00, ...,
        6.95200438e-04, 4.92920586e-05, 5.22479035e-04],
       ...,
       [6.45969891e-04, 3.76021649e-04, 6.95200438e-04, ...,
        0.00000000e+00, 7.49232789e-03, 2.19997301e-02],
       [4.00773492e-05, 4.07943035e-05, 4.92920586e-05, ...,
        7.49232789e-03, 0.00000000e+00, 5.44985755e-02],
       [8.85159802e-04, 3.00347235e-04, 5.22479035e-04, ...,
        2.19997301e-02, 5.44985755e-02, 0.00000000e+00]], shape=(45, 45))}
{'bond-orders': array([[0.00000000e+00, 2.98119758e-01, 1.93142848e-02, ...,
        6.45969891e-04, 4.00773492e-05, 8.85159802e-04],
       [2.98119758e-01, 0.00000000e+00, 2.13457399e-02, ...,
        3.76021649e-04, 4.07943035e-05, 3.00347235e-04],
       [1.93142848e-02, 2.13457399e-02, 0.00000000e+00, ...,
        6.95200438e-04, 4.92920586e-05, 5.22479035e-04],
       ...,
       [6.45969891e-04, 3.76021649e-04, 6.95200438e-04, ...,
        0.00000000e+00, 7.49232789e-03, 2.19997301e-02],
       [4.00773492e-05, 4.07943035e-05, 4.92920586e-05, ...,
        7.49232789e-03, 0.00000000e+00, 5.44985755e-02],
       [8.85159802e-04, 3.00347235e-04, 5.22479035e-04, ...,
        2.19997301e-02, 5.44985755e-02, 0.00000000e+00]], shape=(45, 45)), 'molecular-dipole': array([-2.10631032, -0.6979313 , -0.39216458])}
{'bond-orders': array([[0.00000000e+00, 2.98119758e-01, 1.93142848e-02, ...,
        6.45969891e-04, 4.00773492e-05, 8.85159802e-04],
       [2.98119758e-01, 0.00000000e+00, 2.13457399e-02, ...,
        3.76021649e-04, 4.07943035e-05, 3.00347235e-04],
       [1.93142848e-02, 2.13457399e-02, 0.00000000e+00, ...,
        6.95200438e-04, 4.92920586e-05, 5.22479035e-04],
       ...,
       [6.45969891e-04, 3.76021649e-04, 6.95200438e-04, ...,
        0.00000000e+00, 7.49232789e-03, 2.19997301e-02],
       [4.00773492e-05, 4.07943035e-05, 4.92920586e-05, ...,
        7.49232789e-03, 0.00000000e+00, 5.44985755e-02],
       [8.85159802e-04, 3.00347235e-04, 5.22479035e-04, ...,
        2.19997301e-02, 5.44985755e-02, 0.00000000e+00]], shape=(45, 45)), 'molecular-dipole': array([-2.10631032, -0.6979313 , -0.39216458]), 'molecular-quadrupole': array([ -44.87213231,  -85.02678155,    3.97915183, -227.69695111,
        -95.50201229,   40.89298048])}
------------------------------------------------------------
  cycle        total energy    energy error   density error
------------------------------------------------------------
      1     -163.4872696681  -1.6325526E+02   5.3763593E-03
      2     -163.2931170752   1.9415259E-01   2.6172720E-02
      3     -163.3984714238  -1.0535435E-01   1.7831376E-02
      4     -163.4882355548  -8.9764131E-02   3.6665410E-03
      5     -163.4892023210  -9.6676619E-04   2.1527473E-03
      6     -163.4893122669  -1.0994587E-04   1.6062661E-03
      7     -163.4894326647  -1.2039783E-04   8.1380087E-04
      8     -163.4894725870  -3.9922335E-05   5.9466422E-04
      9     -163.4894916572  -1.9070114E-05   2.7452463E-04
     10     -163.4894947943  -3.1371210E-06   8.1268667E-05
     11     -163.4894950695  -2.7526428E-07   4.0646431E-05
     12     -163.4894951429  -7.3377265E-08   2.5151348E-05
     13     -163.4894951593  -1.6417630E-08   1.2188904E-05
------------------------------------------------------------

 total:                                  14.115 sec
3
{'bond-orders': array([[0.00000000e+00, 2.99200858e-01, 1.89887054e-02, ...,
        6.44863314e-04, 3.87330061e-05, 6.94919402e-04],
       [2.99200858e-01, 0.00000000e+00, 2.02984453e-02, ...,
        4.23673449e-04, 3.19851852e-05, 3.52246279e-04],
       [1.89887054e-02, 2.02984453e-02, 0.00000000e+00, ...,
        5.40232952e-04, 2.98566227e-05, 3.82239963e-04],
       ...,
       [6.44863314e-04, 4.23673449e-04, 5.40232952e-04, ...,
        0.00000000e+00, 5.82415818e-03, 2.30199158e-02],
       [3.87330061e-05, 3.19851852e-05, 2.98566227e-05, ...,
        5.82415818e-03, 0.00000000e+00, 5.45328829e-02],
       [6.94919402e-04, 3.52246279e-04, 3.82239963e-04, ...,
        2.30199158e-02, 5.45328829e-02, 0.00000000e+00]], shape=(45, 45))}
{'bond-orders': array([[0.00000000e+00, 2.99200858e-01, 1.89887054e-02, ...,
        6.44863314e-04, 3.87330061e-05, 6.94919402e-04],
       [2.99200858e-01, 0.00000000e+00, 2.02984453e-02, ...,
        4.23673449e-04, 3.19851852e-05, 3.52246279e-04],
       [1.89887054e-02, 2.02984453e-02, 0.00000000e+00, ...,
        5.40232952e-04, 2.98566227e-05, 3.82239963e-04],
       ...,
       [6.44863314e-04, 4.23673449e-04, 5.40232952e-04, ...,
        0.00000000e+00, 5.82415818e-03, 2.30199158e-02],
       [3.87330061e-05, 3.19851852e-05, 2.98566227e-05, ...,
        5.82415818e-03, 0.00000000e+00, 5.45328829e-02],
       [6.94919402e-04, 3.52246279e-04, 3.82239963e-04, ...,
        2.30199158e-02, 5.45328829e-02, 0.00000000e+00]], shape=(45, 45)), 'molecular-dipole': array([-2.03177041, -0.60993786, -0.60421709])}
{'bond-orders': array([[0.00000000e+00, 2.99200858e-01, 1.89887054e-02, ...,
        6.44863314e-04, 3.87330061e-05, 6.94919402e-04],
       [2.99200858e-01, 0.00000000e+00, 2.02984453e-02, ...,
        4.23673449e-04, 3.19851852e-05, 3.52246279e-04],
       [1.89887054e-02, 2.02984453e-02, 0.00000000e+00, ...,
        5.40232952e-04, 2.98566227e-05, 3.82239963e-04],
       ...,
       [6.44863314e-04, 4.23673449e-04, 5.40232952e-04, ...,
        0.00000000e+00, 5.82415818e-03, 2.30199158e-02],
       [3.87330061e-05, 3.19851852e-05, 2.98566227e-05, ...,
        5.82415818e-03, 0.00000000e+00, 5.45328829e-02],
       [6.94919402e-04, 3.52246279e-04, 3.82239963e-04, ...,
        2.30199158e-02, 5.45328829e-02, 0.00000000e+00]], shape=(45, 45)), 'molecular-dipole': array([-2.03177041, -0.60993786, -0.60421709]), 'molecular-quadrupole': array([ -36.18052012,  -77.43141965,   14.06060979, -229.13128272,
        -90.74097536,   22.11991033])}
------------------------------------------------------------
  cycle        total energy    energy error   density error
------------------------------------------------------------
      1     -163.4933507325  -1.6326222E+02   4.5165184E-03
      2     -163.2532101815   2.4014055E-01   2.8327247E-02
      3     -163.4680833947  -2.1487321E-01   1.0661025E-02
      4     -163.4942961230  -2.6212728E-02   3.1452284E-03
      5     -163.4951941460  -8.9802300E-04   1.8941313E-03
      6     -163.4953796800  -1.8553405E-04   1.4676813E-03
      7     -163.4954908249  -1.1114491E-04   4.8124210E-04
      8     -163.4954973846  -6.5596443E-06   2.8815042E-04
      9     -163.4955018918  -4.5072713E-06   1.4834370E-04
     10     -163.4955027179  -8.2603628E-07   6.3598769E-05
     11     -163.4955029802  -2.6234744E-07   2.6734233E-05
     12     -163.4955030203  -4.0084018E-08   1.8880274E-05
------------------------------------------------------------

 total:                                  13.755 sec
3
{'bond-orders': array([[0.00000000e+00, 3.00241303e-01, 1.87265362e-02, ...,
        6.57063781e-04, 3.80775248e-05, 6.04621582e-04],
       [3.00241303e-01, 0.00000000e+00, 1.96020877e-02, ...,
        4.86576436e-04, 2.77956292e-05, 3.89983194e-04],
       [1.87265362e-02, 1.96020877e-02, 0.00000000e+00, ...,
        4.42445430e-04, 1.94904766e-05, 2.85652136e-04],
       ...,
       [6.57063781e-04, 4.86576436e-04, 4.42445430e-04, ...,
        0.00000000e+00, 4.56971841e-03, 2.40331351e-02],
       [3.80775248e-05, 2.77956292e-05, 1.94904766e-05, ...,
        4.56971841e-03, 0.00000000e+00, 5.32811382e-02],
       [6.04621582e-04, 3.89983194e-04, 2.85652136e-04, ...,
        2.40331351e-02, 5.32811382e-02, 0.00000000e+00]], shape=(45, 45))}
{'bond-orders': array([[0.00000000e+00, 3.00241303e-01, 1.87265362e-02, ...,
        6.57063781e-04, 3.80775248e-05, 6.04621582e-04],
       [3.00241303e-01, 0.00000000e+00, 1.96020877e-02, ...,
        4.86576436e-04, 2.77956292e-05, 3.89983194e-04],
       [1.87265362e-02, 1.96020877e-02, 0.00000000e+00, ...,
        4.42445430e-04, 1.94904766e-05, 2.85652136e-04],
       ...,
       [6.57063781e-04, 4.86576436e-04, 4.42445430e-04, ...,
        0.00000000e+00, 4.56971841e-03, 2.40331351e-02],
       [3.80775248e-05, 2.77956292e-05, 1.94904766e-05, ...,
        4.56971841e-03, 0.00000000e+00, 5.32811382e-02],
       [6.04621582e-04, 3.89983194e-04, 2.85652136e-04, ...,
        2.40331351e-02, 5.32811382e-02, 0.00000000e+00]], shape=(45, 45)), 'molecular-dipole': array([-1.9989303 , -0.53331763, -0.84771831])}
{'bond-orders': array([[0.00000000e+00, 3.00241303e-01, 1.87265362e-02, ...,
        6.57063781e-04, 3.80775248e-05, 6.04621582e-04],
       [3.00241303e-01, 0.00000000e+00, 1.96020877e-02, ...,
        4.86576436e-04, 2.77956292e-05, 3.89983194e-04],
       [1.87265362e-02, 1.96020877e-02, 0.00000000e+00, ...,
        4.42445430e-04, 1.94904766e-05, 2.85652136e-04],
       ...,
       [6.57063781e-04, 4.86576436e-04, 4.42445430e-04, ...,
        0.00000000e+00, 4.56971841e-03, 2.40331351e-02],
       [3.80775248e-05, 2.77956292e-05, 1.94904766e-05, ...,
        4.56971841e-03, 0.00000000e+00, 5.32811382e-02],
       [6.04621582e-04, 3.89983194e-04, 2.85652136e-04, ...,
        2.40331351e-02, 5.32811382e-02, 0.00000000e+00]], shape=(45, 45)), 'molecular-dipole': array([-1.9989303 , -0.53331763, -0.84771831]), 'molecular-quadrupole': array([ -26.92395276,  -71.21358179,   25.65285131, -237.345424  ,
        -88.21367461,    1.27110144])}
------------------------------------------------------------
  cycle        total energy    energy error   density error
------------------------------------------------------------
      1     -163.4964779281  -1.6326727E+02   4.2057345E-03
      2     -163.2610960813   2.3538185E-01   2.7805435E-02
      3     -163.4836669850  -2.2257090E-01   8.1974336E-03
      4     -163.4973222925  -1.3655307E-02   3.0740710E-03
      5     -163.4981432501  -8.2095764E-04   1.9618245E-03
      6     -163.4983590039  -2.1575383E-04   1.2750790E-03
      7     -163.4984346688  -7.5664883E-05   4.5253863E-04
      8     -163.4984446375  -9.9686898E-06   2.8666166E-04
      9     -163.4984479299  -3.2923679E-06   1.5707633E-04
     10     -163.4984486430  -7.1315435E-07   8.1152603E-05
     11     -163.4984494565  -8.1343049E-07   3.9197259E-05
     12     -163.4984496955  -2.3903564E-07   1.9697682E-05
------------------------------------------------------------

 total:                                  13.806 sec
3
{'bond-orders': array([[0.00000000e+00, 3.01011966e-01, 1.85348927e-02, ...,
        6.88206238e-04, 3.90144134e-05, 5.60788397e-04],
       [3.01011966e-01, 0.00000000e+00, 1.91547216e-02, ...,
        5.53867950e-04, 2.73799686e-05, 4.16544665e-04],
       [1.85348927e-02, 1.91547216e-02, 0.00000000e+00, ...,
        3.85593016e-04, 1.41063058e-05, 2.21460371e-04],
       ...,
       [6.88206238e-04, 5.53867950e-04, 3.85593016e-04, ...,
        0.00000000e+00, 3.82860821e-03, 2.47769826e-02],
       [3.90144134e-05, 2.73799686e-05, 1.41063058e-05, ...,
        3.82860821e-03, 0.00000000e+00, 5.10175730e-02],
       [5.60788397e-04, 4.16544665e-04, 2.21460371e-04, ...,
        2.47769826e-02, 5.10175730e-02, 0.00000000e+00]], shape=(45, 45))}
{'bond-orders': array([[0.00000000e+00, 3.01011966e-01, 1.85348927e-02, ...,
        6.88206238e-04, 3.90144134e-05, 5.60788397e-04],
       [3.01011966e-01, 0.00000000e+00, 1.91547216e-02, ...,
        5.53867950e-04, 2.73799686e-05, 4.16544665e-04],
       [1.85348927e-02, 1.91547216e-02, 0.00000000e+00, ...,
        3.85593016e-04, 1.41063058e-05, 2.21460371e-04],
       ...,
       [6.88206238e-04, 5.53867950e-04, 3.85593016e-04, ...,
        0.00000000e+00, 3.82860821e-03, 2.47769826e-02],
       [3.90144134e-05, 2.73799686e-05, 1.41063058e-05, ...,
        3.82860821e-03, 0.00000000e+00, 5.10175730e-02],
       [5.60788397e-04, 4.16544665e-04, 2.21460371e-04, ...,
        2.47769826e-02, 5.10175730e-02, 0.00000000e+00]], shape=(45, 45)), 'molecular-dipole': array([-1.99281058, -0.47491032, -1.09228286])}
{'bond-orders': array([[0.00000000e+00, 3.01011966e-01, 1.85348927e-02, ...,
        6.88206238e-04, 3.90144134e-05, 5.60788397e-04],
       [3.01011966e-01, 0.00000000e+00, 1.91547216e-02, ...,
        5.53867950e-04, 2.73799686e-05, 4.16544665e-04],
       [1.85348927e-02, 1.91547216e-02, 0.00000000e+00, ...,
        3.85593016e-04, 1.41063058e-05, 2.21460371e-04],
       ...,
       [6.88206238e-04, 5.53867950e-04, 3.85593016e-04, ...,
        0.00000000e+00, 3.82860821e-03, 2.47769826e-02],
       [3.90144134e-05, 2.73799686e-05, 1.41063058e-05, ...,
        3.82860821e-03, 0.00000000e+00, 5.10175730e-02],
       [5.60788397e-04, 4.16544665e-04, 2.21460371e-04, ...,
        2.47769826e-02, 5.10175730e-02, 0.00000000e+00]], shape=(45, 45)), 'molecular-dipole': array([-1.99281058, -0.47491032, -1.09228286]), 'molecular-quadrupole': array([ -18.05007894,  -66.40442998,   37.37065748, -248.92590271,
        -87.9907011 ,  -19.32057854])}
------------------------------------------------------------
  cycle        total energy    energy error   density error
------------------------------------------------------------
      1     -163.4987049652  -1.6327111E+02   5.5584262E-04
      2     -163.4923587310   6.3462342E-03   4.5062303E-03
      3     -163.4984677869  -6.1090559E-03   1.0519498E-03
      4     -163.4987195056  -2.5171877E-04   4.0823549E-04
      5     -163.4987373294  -1.7823742E-05   3.1360297E-04
      6     -163.4987483200  -1.0990588E-05   1.9181371E-04
      7     -163.4987504522  -2.1322785E-06   9.1957666E-05
      8     -163.4987508056  -3.5339258E-07   6.2309666E-05
      9     -163.4987509435  -1.3785240E-07   1.9861714E-05
------------------------------------------------------------

 total:                                  12.719 sec
3
{'bond-orders': array([[0.00000000e+00, 3.01053772e-01, 1.85248002e-02, ...,
        6.95239826e-04, 3.79667058e-05, 5.48459161e-04],
       [3.01053772e-01, 0.00000000e+00, 1.91320873e-02, ...,
        5.61688532e-04, 2.67445076e-05, 4.09895890e-04],
       [1.85248002e-02, 1.91320873e-02, 0.00000000e+00, ...,
        3.84258822e-04, 1.36402617e-05, 2.13209069e-04],
       ...,
       [6.95239826e-04, 5.61688532e-04, 3.84258822e-04, ...,
        0.00000000e+00, 3.77922545e-03, 2.44609023e-02],
       [3.79667058e-05, 2.67445076e-05, 1.36402617e-05, ...,
        3.77922545e-03, 0.00000000e+00, 5.03264608e-02],
       [5.48459161e-04, 4.09895890e-04, 2.13209069e-04, ...,
        2.44609023e-02, 5.03264608e-02, 0.00000000e+00]], shape=(45, 45))}
{'bond-orders': array([[0.00000000e+00, 3.01053772e-01, 1.85248002e-02, ...,
        6.95239826e-04, 3.79667058e-05, 5.48459161e-04],
       [3.01053772e-01, 0.00000000e+00, 1.91320873e-02, ...,
        5.61688532e-04, 2.67445076e-05, 4.09895890e-04],
       [1.85248002e-02, 1.91320873e-02, 0.00000000e+00, ...,
        3.84258822e-04, 1.36402617e-05, 2.13209069e-04],
       ...,
       [6.95239826e-04, 5.61688532e-04, 3.84258822e-04, ...,
        0.00000000e+00, 3.77922545e-03, 2.44609023e-02],
       [3.79667058e-05, 2.67445076e-05, 1.36402617e-05, ...,
        3.77922545e-03, 0.00000000e+00, 5.03264608e-02],
       [5.48459161e-04, 4.09895890e-04, 2.13209069e-04, ...,
        2.44609023e-02, 5.03264608e-02, 0.00000000e+00]], shape=(45, 45)), 'molecular-dipole': array([-1.99739563, -0.47987615, -1.10355625])}
{'bond-orders': array([[0.00000000e+00, 3.01053772e-01, 1.85248002e-02, ...,
        6.95239826e-04, 3.79667058e-05, 5.48459161e-04],
       [3.01053772e-01, 0.00000000e+00, 1.91320873e-02, ...,
        5.61688532e-04, 2.67445076e-05, 4.09895890e-04],
       [1.85248002e-02, 1.91320873e-02, 0.00000000e+00, ...,
        3.84258822e-04, 1.36402617e-05, 2.13209069e-04],
       ...,
       [6.95239826e-04, 5.61688532e-04, 3.84258822e-04, ...,
        0.00000000e+00, 3.77922545e-03, 2.44609023e-02],
       [3.79667058e-05, 2.67445076e-05, 1.36402617e-05, ...,
        3.77922545e-03, 0.00000000e+00, 5.03264608e-02],
       [5.48459161e-04, 4.09895890e-04, 2.13209069e-04, ...,
        2.44609023e-02, 5.03264608e-02, 0.00000000e+00]], shape=(45, 45)), 'molecular-dipole': array([-1.99739563, -0.47987615, -1.10355625]), 'molecular-quadrupole': array([ -17.85829356,  -66.65029607,   37.84222412, -249.87718964,
        -88.94209112,  -19.98393056])}
------------------------------------------------------------
  cycle        total energy    energy error   density error
------------------------------------------------------------
      1     -163.4990361686  -1.6327259E+02   6.5356626E-04
      2     -163.4910736180   7.9625507E-03   5.0631574E-03
      3     -163.4990019472  -7.9283293E-03   7.3725798E-04
      4     -163.4989623617   3.9585555E-05   7.6057619E-04
      5     -163.4990672451  -1.0488347E-04   5.6922925E-04
      6     -163.4990900714  -2.2826248E-05   2.6475930E-04
      7     -163.4990941827  -4.1112925E-06   1.2193689E-04
      8     -163.4990952377  -1.0550359E-06   4.8804520E-05
      9     -163.4990954190  -1.8124456E-07   2.2427746E-05
     10     -163.4990954127   6.2819083E-09   2.3308185E-05
     11     -163.4990954404  -2.7723416E-08   6.6132734E-06
------------------------------------------------------------

 total:                                  13.378 sec
3
{'bond-orders': array([[0.00000000e+00, 3.01035423e-01, 1.85263997e-02, ...,
        6.96511708e-04, 3.53587763e-05, 5.37072436e-04],
       [3.01035423e-01, 0.00000000e+00, 1.91640430e-02, ...,
        5.57476141e-04, 2.50666700e-05, 3.95548550e-04],
       [1.85263997e-02, 1.91640430e-02, 0.00000000e+00, ...,
        3.88800730e-04, 1.33865566e-05, 2.09259687e-04],
       ...,
       [6.96511708e-04, 5.57476141e-04, 3.88800730e-04, ...,
        0.00000000e+00, 3.68200678e-03, 2.38512224e-02],
       [3.53587763e-05, 2.50666700e-05, 1.33865566e-05, ...,
        3.68200678e-03, 0.00000000e+00, 4.90283084e-02],
       [5.37072436e-04, 3.95548550e-04, 2.09259687e-04, ...,
        2.38512224e-02, 4.90283084e-02, 0.00000000e+00]], shape=(45, 45))}
{'bond-orders': array([[0.00000000e+00, 3.01035423e-01, 1.85263997e-02, ...,
        6.96511708e-04, 3.53587763e-05, 5.37072436e-04],
       [3.01035423e-01, 0.00000000e+00, 1.91640430e-02, ...,
        5.57476141e-04, 2.50666700e-05, 3.95548550e-04],
       [1.85263997e-02, 1.91640430e-02, 0.00000000e+00, ...,
        3.88800730e-04, 1.33865566e-05, 2.09259687e-04],
       ...,
       [6.96511708e-04, 5.57476141e-04, 3.88800730e-04, ...,
        0.00000000e+00, 3.68200678e-03, 2.38512224e-02],
       [3.53587763e-05, 2.50666700e-05, 1.33865566e-05, ...,
        3.68200678e-03, 0.00000000e+00, 4.90283084e-02],
       [5.37072436e-04, 3.95548550e-04, 2.09259687e-04, ...,
        2.38512224e-02, 4.90283084e-02, 0.00000000e+00]], shape=(45, 45)), 'molecular-dipole': array([-1.99327753, -0.49642812, -1.06712821])}
{'bond-orders': array([[0.00000000e+00, 3.01035423e-01, 1.85263997e-02, ...,
        6.96511708e-04, 3.53587763e-05, 5.37072436e-04],
       [3.01035423e-01, 0.00000000e+00, 1.91640430e-02, ...,
        5.57476141e-04, 2.50666700e-05, 3.95548550e-04],
       [1.85263997e-02, 1.91640430e-02, 0.00000000e+00, ...,
        3.88800730e-04, 1.33865566e-05, 2.09259687e-04],
       ...,
       [6.96511708e-04, 5.57476141e-04, 3.88800730e-04, ...,
        0.00000000e+00, 3.68200678e-03, 2.38512224e-02],
       [3.53587763e-05, 2.50666700e-05, 1.33865566e-05, ...,
        3.68200678e-03, 0.00000000e+00, 4.90283084e-02],
       [5.37072436e-04, 3.95548550e-04, 2.09259687e-04, ...,
        2.38512224e-02, 4.90283084e-02, 0.00000000e+00]], shape=(45, 45)), 'molecular-dipole': array([-1.99327753, -0.49642812, -1.06712821]), 'molecular-quadrupole': array([ -19.13822125,  -67.54269316,   36.02343742, -247.48321107,
        -90.1357738 ,  -16.88521617])}
------------------------------------------------------------
  cycle        total energy    energy error   density error
------------------------------------------------------------
      1     -163.4992715988  -1.6327312E+02   1.0439072E-03
      2     -163.4891211548   1.0150444E-02   5.7840265E-03
      3     -163.4992331048  -1.0111950E-02   1.1167342E-03
      4     -163.4990151375   2.1796737E-04   1.2026471E-03
      5     -163.4993287268  -3.1358933E-04   6.7054441E-04
      6     -163.4993463983  -1.7671532E-05   5.1041329E-04
      7     -163.4993604025  -1.4004219E-05   2.3039644E-04
      8     -163.4993643458  -3.9432745E-06   1.1488331E-04
      9     -163.4993653210  -9.7515277E-07   4.9092074E-05
     10     -163.4993654898  -1.6879912E-07   3.0191577E-05
     11     -163.4993655617  -7.1954616E-08   1.3578418E-05
------------------------------------------------------------

 total:                                  10.557 sec
3
{'bond-orders': array([[0.00000000e+00, 3.00935364e-01, 1.85462607e-02, ...,
        6.92104680e-04, 3.21994634e-05, 5.26869615e-04],
       [3.00935364e-01, 0.00000000e+00, 1.92458968e-02, ...,
        5.43027838e-04, 2.31437032e-05, 3.75257179e-04],
       [1.85462607e-02, 1.92458968e-02, 0.00000000e+00, ...,
        3.99209106e-04, 1.35759174e-05, 2.09728499e-04],
       ...,
       [6.92104680e-04, 5.43027838e-04, 3.99209106e-04, ...,
        0.00000000e+00, 3.59894752e-03, 2.30321426e-02],
       [3.21994634e-05, 2.31437032e-05, 1.35759174e-05, ...,
        3.59894752e-03, 0.00000000e+00, 4.83849294e-02],
       [5.26869615e-04, 3.75257179e-04, 2.09728499e-04, ...,
        2.30321426e-02, 4.83849294e-02, 0.00000000e+00]], shape=(45, 45))}
{'bond-orders': array([[0.00000000e+00, 3.00935364e-01, 1.85462607e-02, ...,
        6.92104680e-04, 3.21994634e-05, 5.26869615e-04],
       [3.00935364e-01, 0.00000000e+00, 1.92458968e-02, ...,
        5.43027838e-04, 2.31437032e-05, 3.75257179e-04],
       [1.85462607e-02, 1.92458968e-02, 0.00000000e+00, ...,
        3.99209106e-04, 1.35759174e-05, 2.09728499e-04],
       ...,
       [6.92104680e-04, 5.43027838e-04, 3.99209106e-04, ...,
        0.00000000e+00, 3.59894752e-03, 2.30321426e-02],
       [3.21994634e-05, 2.31437032e-05, 1.35759174e-05, ...,
        3.59894752e-03, 0.00000000e+00, 4.83849294e-02],
       [5.26869615e-04, 3.75257179e-04, 2.09728499e-04, ...,
        2.30321426e-02, 4.83849294e-02, 0.00000000e+00]], shape=(45, 45)), 'molecular-dipole': array([-1.9955143 , -0.52398271, -0.99745229])}
{'bond-orders': array([[0.00000000e+00, 3.00935364e-01, 1.85462607e-02, ...,
        6.92104680e-04, 3.21994634e-05, 5.26869615e-04],
       [3.00935364e-01, 0.00000000e+00, 1.92458968e-02, ...,
        5.43027838e-04, 2.31437032e-05, 3.75257179e-04],
       [1.85462607e-02, 1.92458968e-02, 0.00000000e+00, ...,
        3.99209106e-04, 1.35759174e-05, 2.09728499e-04],
       ...,
       [6.92104680e-04, 5.43027838e-04, 3.99209106e-04, ...,
        0.00000000e+00, 3.59894752e-03, 2.30321426e-02],
       [3.21994634e-05, 2.31437032e-05, 1.35759174e-05, ...,
        3.59894752e-03, 0.00000000e+00, 4.83849294e-02],
       [5.26869615e-04, 3.75257179e-04, 2.09728499e-04, ...,
        2.30321426e-02, 4.83849294e-02, 0.00000000e+00]], shape=(45, 45)), 'molecular-dipole': array([-1.9955143 , -0.52398271, -0.99745229]), 'molecular-quadrupole': array([ -21.79110118,  -69.30925908,   32.66795265, -244.15996816,
        -91.74974187,  -10.87685147])}
------------------------------------------------------------
  cycle        total energy    energy error   density error
------------------------------------------------------------
      1     -163.4995323562  -1.6327281E+02   1.3837836E-03
      2     -163.4936183554   5.9140008E-03   4.6170686E-03
      3     -163.4967951284  -3.1767730E-03   3.1609904E-03
      4     -163.4989378830  -2.1427546E-03   1.7255884E-03
      5     -163.4995208351  -5.8295211E-04   1.1157937E-03
      6     -163.4995917120  -7.0876916E-05   6.1739906E-04
      7     -163.4996146090  -2.2896988E-05   2.6123792E-04
      8     -163.4996166807  -2.0717086E-06   1.7239931E-04
      9     -163.4996187091  -2.0284006E-06   6.0087006E-05
     10     -163.4996189367  -2.2754153E-07   3.1300924E-05
     11     -163.4996190008  -6.4108065E-08   2.0895373E-05
     12     -163.4996190335  -3.2747693E-08   1.1465720E-05
------------------------------------------------------------

 total:                                  10.183 sec
3
{'bond-orders': array([[0.00000000e+00, 3.00801014e-01, 1.85696812e-02, ...,
        6.84623707e-04, 2.87692621e-05, 5.16396470e-04],
       [3.00801014e-01, 0.00000000e+00, 1.93628584e-02, ...,
        5.22866597e-04, 2.12062060e-05, 3.50397254e-04],
       [1.85696812e-02, 1.93628584e-02, 0.00000000e+00, ...,
        4.12682918e-04, 1.40796954e-05, 2.10628325e-04],
       ...,
       [6.84623707e-04, 5.22866597e-04, 4.12682918e-04, ...,
        0.00000000e+00, 3.49517551e-03, 2.20362143e-02],
       [2.87692621e-05, 2.12062060e-05, 1.40796954e-05, ...,
        3.49517551e-03, 0.00000000e+00, 4.81993437e-02],
       [5.16396470e-04, 3.50397254e-04, 2.10628325e-04, ...,
        2.20362143e-02, 4.81993437e-02, 0.00000000e+00]], shape=(45, 45))}
{'bond-orders': array([[0.00000000e+00, 3.00801014e-01, 1.85696812e-02, ...,
        6.84623707e-04, 2.87692621e-05, 5.16396470e-04],
       [3.00801014e-01, 0.00000000e+00, 1.93628584e-02, ...,
        5.22866597e-04, 2.12062060e-05, 3.50397254e-04],
       [1.85696812e-02, 1.93628584e-02, 0.00000000e+00, ...,
        4.12682918e-04, 1.40796954e-05, 2.10628325e-04],
       ...,
       [6.84623707e-04, 5.22866597e-04, 4.12682918e-04, ...,
        0.00000000e+00, 3.49517551e-03, 2.20362143e-02],
       [2.87692621e-05, 2.12062060e-05, 1.40796954e-05, ...,
        3.49517551e-03, 0.00000000e+00, 4.81993437e-02],
       [5.16396470e-04, 3.50397254e-04, 2.10628325e-04, ...,
        2.20362143e-02, 4.81993437e-02, 0.00000000e+00]], shape=(45, 45)), 'molecular-dipole': array([-2.00090923, -0.56154447, -0.91712916])}
{'bond-orders': array([[0.00000000e+00, 3.00801014e-01, 1.85696812e-02, ...,
        6.84623707e-04, 2.87692621e-05, 5.16396470e-04],
       [3.00801014e-01, 0.00000000e+00, 1.93628584e-02, ...,
        5.22866597e-04, 2.12062060e-05, 3.50397254e-04],
       [1.85696812e-02, 1.93628584e-02, 0.00000000e+00, ...,
        4.12682918e-04, 1.40796954e-05, 2.10628325e-04],
       ...,
       [6.84623707e-04, 5.22866597e-04, 4.12682918e-04, ...,
        0.00000000e+00, 3.49517551e-03, 2.20362143e-02],
       [2.87692621e-05, 2.12062060e-05, 1.40796954e-05, ...,
        3.49517551e-03, 0.00000000e+00, 4.81993437e-02],
       [5.16396470e-04, 3.50397254e-04, 2.10628325e-04, ...,
        2.20362143e-02, 4.81993437e-02, 0.00000000e+00]], shape=(45, 45)), 'molecular-dipole': array([-2.00090923, -0.56154447, -0.91712916]), 'molecular-quadrupole': array([ -24.85297092,  -71.64115517,   28.70544242, -240.56946179,
        -94.21525793,   -3.8524715 ])}
------------------------------------------------------------
  cycle        total energy    energy error   density error
------------------------------------------------------------
      1     -163.4997998474  -1.6327247E+02   1.4323501E-03
      2     -163.4957173781   4.0824694E-03   3.8718074E-03
      3     -163.4958254875  -1.0810942E-04   3.6688229E-03
      4     -163.4992008738  -3.3753863E-03   1.7435855E-03
      5     -163.4998282322  -6.2735839E-04   8.1434855E-04
      6     -163.4998436530  -1.5420839E-05   6.0352201E-04
      7     -163.4998649483  -2.1295256E-05   3.6343928E-04
      8     -163.4998711334  -6.1850776E-06   1.7837830E-04
      9     -163.4998725320  -1.3986402E-06   5.1131149E-05
     10     -163.4998726337  -1.0173218E-07   2.5212447E-05
     11     -163.4998726491  -1.5359376E-08   1.2887662E-05
------------------------------------------------------------

 total:                                   9.816 sec
3
{'bond-orders': array([[0.00000000e+00, 3.00717210e-01, 1.85806815e-02, ...,
        6.78983217e-04, 2.58058697e-05, 5.00518092e-04],
       [3.00717210e-01, 0.00000000e+00, 1.94536689e-02, ...,
        5.07187778e-04, 1.95837633e-05, 3.24713878e-04],
       [1.85806815e-02, 1.94536689e-02, 0.00000000e+00, ...,
        4.23253745e-04, 1.44943580e-05, 2.06235205e-04],
       ...,
       [6.78983217e-04, 5.07187778e-04, 4.23253745e-04, ...,
        0.00000000e+00, 3.37717333e-03, 2.09674880e-02],
       [2.58058697e-05, 1.95837633e-05, 1.44943580e-05, ...,
        3.37717333e-03, 0.00000000e+00, 4.85276808e-02],
       [5.00518092e-04, 3.24713878e-04, 2.06235205e-04, ...,
        2.09674880e-02, 4.85276808e-02, 0.00000000e+00]], shape=(45, 45))}
{'bond-orders': array([[0.00000000e+00, 3.00717210e-01, 1.85806815e-02, ...,
        6.78983217e-04, 2.58058697e-05, 5.00518092e-04],
       [3.00717210e-01, 0.00000000e+00, 1.94536689e-02, ...,
        5.07187778e-04, 1.95837633e-05, 3.24713878e-04],
       [1.85806815e-02, 1.94536689e-02, 0.00000000e+00, ...,
        4.23253745e-04, 1.44943580e-05, 2.06235205e-04],
       ...,
       [6.78983217e-04, 5.07187778e-04, 4.23253745e-04, ...,
        0.00000000e+00, 3.37717333e-03, 2.09674880e-02],
       [2.58058697e-05, 1.95837633e-05, 1.44943580e-05, ...,
        3.37717333e-03, 0.00000000e+00, 4.85276808e-02],
       [5.00518092e-04, 3.24713878e-04, 2.06235205e-04, ...,
        2.09674880e-02, 4.85276808e-02, 0.00000000e+00]], shape=(45, 45)), 'molecular-dipole': array([-2.00397153, -0.59097373, -0.84803517])}
{'bond-orders': array([[0.00000000e+00, 3.00717210e-01, 1.85806815e-02, ...,
        6.78983217e-04, 2.58058697e-05, 5.00518092e-04],
       [3.00717210e-01, 0.00000000e+00, 1.94536689e-02, ...,
        5.07187778e-04, 1.95837633e-05, 3.24713878e-04],
       [1.85806815e-02, 1.94536689e-02, 0.00000000e+00, ...,
        4.23253745e-04, 1.44943580e-05, 2.06235205e-04],
       ...,
       [6.78983217e-04, 5.07187778e-04, 4.23253745e-04, ...,
        0.00000000e+00, 3.37717333e-03, 2.09674880e-02],
       [2.58058697e-05, 1.95837633e-05, 1.44943580e-05, ...,
        3.37717333e-03, 0.00000000e+00, 4.85276808e-02],
       [5.00518092e-04, 3.24713878e-04, 2.06235205e-04, ...,
        2.09674880e-02, 4.85276808e-02, 0.00000000e+00]], shape=(45, 45)), 'molecular-dipole': array([-2.00397153, -0.59097373, -0.84803517]), 'molecular-quadrupole': array([ -27.50622899,  -73.44498786,   25.34489507, -237.22773081,
        -96.05878908,    2.16133392])}
------------------------------------------------------------
  cycle        total energy    energy error   density error
------------------------------------------------------------
      1     -163.5001766829  -1.6327228E+02   2.3332451E-03
      2     -163.4964656422   3.7110408E-03   4.0372080E-03
      3     -163.4784405903   1.8025052E-02   8.3314932E-03
      4     -163.4978409255  -1.9400335E-02   3.2183910E-03
      5     -163.5002420881  -2.4011625E-03   1.1165619E-03
      6     -163.5002801143  -3.8026227E-05   5.7440935E-04
      7     -163.5003087548  -2.8640483E-05   3.8019313E-04
      8     -163.5003140369  -5.2821580E-06   1.7515422E-04
      9     -163.5003148180  -7.8107860E-07   1.2632084E-04
     10     -163.5003156558  -8.3781489E-07   6.4014357E-05
     11     -163.5003158401  -1.8427912E-07   2.7236455E-05
     12     -163.5003158513  -1.1168794E-08   2.0531317E-05
     13     -163.5003158768  -2.5499418E-08   7.9010743E-06
------------------------------------------------------------

 total:                                  10.336 sec
3
{'bond-orders': array([[0.00000000e+00, 3.00681738e-01, 1.85690950e-02, ...,
        6.73913912e-04, 2.18912314e-05, 4.66823955e-04],
       [3.00681738e-01, 0.00000000e+00, 1.95581655e-02, ...,
        4.89450277e-04, 1.72622589e-05, 2.84057137e-04],
       [1.85690950e-02, 1.95581655e-02, 0.00000000e+00, ...,
        4.34613607e-04, 1.48407618e-05, 1.90518512e-04],
       ...,
       [6.73913912e-04, 4.89450277e-04, 4.34613607e-04, ...,
        0.00000000e+00, 3.10421337e-03, 1.90700077e-02],
       [2.18912314e-05, 1.72622589e-05, 1.48407618e-05, ...,
        3.10421337e-03, 0.00000000e+00, 4.93959518e-02],
       [4.66823955e-04, 2.84057137e-04, 1.90518512e-04, ...,
        1.90700077e-02, 4.93959518e-02, 0.00000000e+00]], shape=(45, 45))}
{'bond-orders': array([[0.00000000e+00, 3.00681738e-01, 1.85690950e-02, ...,
        6.73913912e-04, 2.18912314e-05, 4.66823955e-04],
       [3.00681738e-01, 0.00000000e+00, 1.95581655e-02, ...,
        4.89450277e-04, 1.72622589e-05, 2.84057137e-04],
       [1.85690950e-02, 1.95581655e-02, 0.00000000e+00, ...,
        4.34613607e-04, 1.48407618e-05, 1.90518512e-04],
       ...,
       [6.73913912e-04, 4.89450277e-04, 4.34613607e-04, ...,
        0.00000000e+00, 3.10421337e-03, 1.90700077e-02],
       [2.18912314e-05, 1.72622589e-05, 1.48407618e-05, ...,
        3.10421337e-03, 0.00000000e+00, 4.93959518e-02],
       [4.66823955e-04, 2.84057137e-04, 1.90518512e-04, ...,
        1.90700077e-02, 4.93959518e-02, 0.00000000e+00]], shape=(45, 45)), 'molecular-dipole': array([-2.00272175, -0.63451432, -0.76238565])}
{'bond-orders': array([[0.00000000e+00, 3.00681738e-01, 1.85690950e-02, ...,
        6.73913912e-04, 2.18912314e-05, 4.66823955e-04],
       [3.00681738e-01, 0.00000000e+00, 1.95581655e-02, ...,
        4.89450277e-04, 1.72622589e-05, 2.84057137e-04],
       [1.85690950e-02, 1.95581655e-02, 0.00000000e+00, ...,
        4.34613607e-04, 1.48407618e-05, 1.90518512e-04],
       ...,
       [6.73913912e-04, 4.89450277e-04, 4.34613607e-04, ...,
        0.00000000e+00, 3.10421337e-03, 1.90700077e-02],
       [2.18912314e-05, 1.72622589e-05, 1.48407618e-05, ...,
        3.10421337e-03, 0.00000000e+00, 4.93959518e-02],
       [4.66823955e-04, 2.84057137e-04, 1.90518512e-04, ...,
        1.90700077e-02, 4.93959518e-02, 0.00000000e+00]], shape=(45, 45)), 'molecular-dipole': array([-2.00272175, -0.63451432, -0.76238565]), 'molecular-quadrupole': array([ -30.66372503,  -75.79522789,   21.01504647, -232.35675137,
        -99.21771162,    9.64867856])}
------------------------------------------------------------
  cycle        total energy    energy error   density error
------------------------------------------------------------
      1     -163.5007395729  -1.6327306E+02   2.6323252E-03
      2     -163.4998697961   8.6977680E-04   3.1828412E-03
      3     -163.4864883127   1.3381483E-02   6.9244643E-03
      4     -163.4874709175  -9.8260484E-04   6.7342335E-03
      5     -163.5007288141  -1.3257897E-02   1.6825287E-03
      6     -163.5008083912  -7.9577055E-05   1.0359236E-03
      7     -163.5008630116  -5.4620420E-05   6.6508174E-04
      8     -163.5008973094  -3.4297858E-05   2.4088320E-04
      9     -163.5008990242  -1.7147111E-06   1.0544039E-04
     10     -163.5008994832  -4.5903286E-07   6.5682667E-05
     11     -163.5008996784  -1.9519885E-07   3.0920873E-05
     12     -163.5008996902  -1.1781850E-08   2.1056666E-05
     13     -163.5008997207  -3.0505504E-08   9.3383370E-06
------------------------------------------------------------

 total:                                  10.266 sec
3
{'bond-orders': array([[0.00000000e+00, 3.00773076e-01, 1.85214524e-02, ...,
        6.73483417e-04, 1.85773246e-05, 4.20950018e-04],
       [3.00773076e-01, 0.00000000e+00, 1.96103584e-02, ...,
        4.78355793e-04, 1.47816658e-05, 2.41287909e-04],
       [1.85214524e-02, 1.96103584e-02, 0.00000000e+00, ...,
        4.41391601e-04, 1.45106272e-05, 1.65919565e-04],
       ...,
       [6.73483417e-04, 4.78355793e-04, 4.41391601e-04, ...,
        0.00000000e+00, 2.65461107e-03, 1.67115636e-02],
       [1.85773246e-05, 1.47816658e-05, 1.45106272e-05, ...,
        2.65461107e-03, 0.00000000e+00, 5.05042505e-02],
       [4.20950018e-04, 2.41287909e-04, 1.65919565e-04, ...,
        1.67115636e-02, 5.05042505e-02, 0.00000000e+00]], shape=(45, 45))}
{'bond-orders': array([[0.00000000e+00, 3.00773076e-01, 1.85214524e-02, ...,
        6.73483417e-04, 1.85773246e-05, 4.20950018e-04],
       [3.00773076e-01, 0.00000000e+00, 1.96103584e-02, ...,
        4.78355793e-04, 1.47816658e-05, 2.41287909e-04],
       [1.85214524e-02, 1.96103584e-02, 0.00000000e+00, ...,
        4.41391601e-04, 1.45106272e-05, 1.65919565e-04],
       ...,
       [6.73483417e-04, 4.78355793e-04, 4.41391601e-04, ...,
        0.00000000e+00, 2.65461107e-03, 1.67115636e-02],
       [1.85773246e-05, 1.47816658e-05, 1.45106272e-05, ...,
        2.65461107e-03, 0.00000000e+00, 5.05042505e-02],
       [4.20950018e-04, 2.41287909e-04, 1.65919565e-04, ...,
        1.67115636e-02, 5.05042505e-02, 0.00000000e+00]], shape=(45, 45)), 'molecular-dipole': array([-1.99556897, -0.67402123, -0.69487905])}
{'bond-orders': array([[0.00000000e+00, 3.00773076e-01, 1.85214524e-02, ...,
        6.73483417e-04, 1.85773246e-05, 4.20950018e-04],
       [3.00773076e-01, 0.00000000e+00, 1.96103584e-02, ...,
        4.78355793e-04, 1.47816658e-05, 2.41287909e-04],
       [1.85214524e-02, 1.96103584e-02, 0.00000000e+00, ...,
        4.41391601e-04, 1.45106272e-05, 1.65919565e-04],
       ...,
       [6.73483417e-04, 4.78355793e-04, 4.41391601e-04, ...,
        0.00000000e+00, 2.65461107e-03, 1.67115636e-02],
       [1.85773246e-05, 1.47816658e-05, 1.45106272e-05, ...,
        2.65461107e-03, 0.00000000e+00, 5.05042505e-02],
       [4.20950018e-04, 2.41287909e-04, 1.65919565e-04, ...,
        1.67115636e-02, 5.05042505e-02, 0.00000000e+00]], shape=(45, 45)), 'molecular-dipole': array([-1.99556897, -0.67402123, -0.69487905]), 'molecular-quadrupole': array([ -33.01245035,  -77.58517744,   17.50120283, -227.52612616,
       -102.45852227,   15.51124752])}
------------------------------------------------------------
  cycle        total energy    energy error   density error
------------------------------------------------------------
      1     -163.5014283603  -1.6327510E+02   2.7282197E-03
      2     -163.4994158570   2.0125033E-03   4.4003988E-03
      3     -163.4845145333   1.4901324E-02   7.5918466E-03
      4     -163.4980009058  -1.3486372E-02   3.8099125E-03
      5     -163.5009179276  -2.9170218E-03   2.2756253E-03
      6     -163.5015404159  -6.2248831E-04   1.1127889E-03
      7     -163.5016042388  -6.3822863E-05   5.6306372E-04
      8     -163.5016267016  -2.2462793E-05   3.0447912E-04
      9     -163.5016290751  -2.3735111E-06   1.2662880E-04
     10     -163.5016302029  -1.1278116E-06   7.2552105E-05
     11     -163.5016304931  -2.9022166E-07   3.4171934E-05
     12     -163.5016304911   2.0176572E-09   2.4255102E-05
     13     -163.5016305560  -6.4854504E-08   9.7208603E-06
------------------------------------------------------------

 total:                                  10.366 sec
3
{'bond-orders': array([[0.00000000e+00, 3.00975679e-01, 1.84468179e-02, ...,
        6.80665452e-04, 1.59368910e-05, 3.67755696e-04],
       [3.00975679e-01, 0.00000000e+00, 1.95926483e-02, ...,
        4.75840767e-04, 1.20261961e-05, 2.01501491e-04],
       [1.84468179e-02, 1.95926483e-02, 0.00000000e+00, ...,
        4.44588709e-04, 1.30272817e-05, 1.37471850e-04],
       ...,
       [6.80665452e-04, 4.75840767e-04, 4.44588709e-04, ...,
        0.00000000e+00, 2.03633095e-03, 1.40820946e-02],
       [1.59368910e-05, 1.20261961e-05, 1.30272817e-05, ...,
        2.03633095e-03, 0.00000000e+00, 5.12791553e-02],
       [3.67755696e-04, 2.01501491e-04, 1.37471850e-04, ...,
        1.40820946e-02, 5.12791553e-02, 0.00000000e+00]], shape=(45, 45))}
{'bond-orders': array([[0.00000000e+00, 3.00975679e-01, 1.84468179e-02, ...,
        6.80665452e-04, 1.59368910e-05, 3.67755696e-04],
       [3.00975679e-01, 0.00000000e+00, 1.95926483e-02, ...,
        4.75840767e-04, 1.20261961e-05, 2.01501491e-04],
       [1.84468179e-02, 1.95926483e-02, 0.00000000e+00, ...,
        4.44588709e-04, 1.30272817e-05, 1.37471850e-04],
       ...,
       [6.80665452e-04, 4.75840767e-04, 4.44588709e-04, ...,
        0.00000000e+00, 2.03633095e-03, 1.40820946e-02],
       [1.59368910e-05, 1.20261961e-05, 1.30272817e-05, ...,
        2.03633095e-03, 0.00000000e+00, 5.12791553e-02],
       [3.67755696e-04, 2.01501491e-04, 1.37471850e-04, ...,
        1.40820946e-02, 5.12791553e-02, 0.00000000e+00]], shape=(45, 45)), 'molecular-dipole': array([-1.97172434, -0.70160788, -0.65801783])}
{'bond-orders': array([[0.00000000e+00, 3.00975679e-01, 1.84468179e-02, ...,
        6.80665452e-04, 1.59368910e-05, 3.67755696e-04],
       [3.00975679e-01, 0.00000000e+00, 1.95926483e-02, ...,
        4.75840767e-04, 1.20261961e-05, 2.01501491e-04],
       [1.84468179e-02, 1.95926483e-02, 0.00000000e+00, ...,
        4.44588709e-04, 1.30272817e-05, 1.37471850e-04],
       ...,
       [6.80665452e-04, 4.75840767e-04, 4.44588709e-04, ...,
        0.00000000e+00, 2.03633095e-03, 1.40820946e-02],
       [1.59368910e-05, 1.20261961e-05, 1.30272817e-05, ...,
        2.03633095e-03, 0.00000000e+00, 5.12791553e-02],
       [3.67755696e-04, 2.01501491e-04, 1.37471850e-04, ...,
        1.40820946e-02, 5.12791553e-02, 0.00000000e+00]], shape=(45, 45)), 'molecular-dipole': array([-1.97172434, -0.70160788, -0.65801783]), 'molecular-quadrupole': array([ -33.74803989,  -78.17966666,   15.29872549, -222.21811624,
       -105.32364667,   18.44931441])}
------------------------------------------------------------
  cycle        total energy    energy error   density error
------------------------------------------------------------
      1     -163.5020039161  -1.6327793E+02   2.3131035E-03
      2     -163.4952824279   6.7214882E-03   5.9699851E-03
      3     -163.4797230681   1.5559360E-02   8.5853784E-03
      4     -163.5020907420  -2.2367674E-02   1.4437521E-03
      5     -163.5016860629   4.0467908E-04   1.9505497E-03
      6     -163.5021204809  -4.3441800E-04   1.1160428E-03
      7     -163.5021950044  -7.4523512E-05   4.0279950E-04
      8     -163.5021988400  -3.8355874E-06   2.9311983E-04
      9     -163.5022008112  -1.9711959E-06   1.3097076E-04
     10     -163.5022022031  -1.3919479E-06   6.5906246E-05
     11     -163.5022026059  -4.0276061E-07   3.4953487E-05
     12     -163.5022026544  -4.8537856E-08   1.9245226E-05
------------------------------------------------------------

 total:                                  10.139 sec
3
{'bond-orders': array([[0.00000000e+00, 3.01146133e-01, 1.83803309e-02, ...,
        6.95735540e-04, 1.39194892e-05, 3.23013488e-04],
       [3.01146133e-01, 0.00000000e+00, 1.95519779e-02, ...,
        4.79724635e-04, 9.63798589e-06, 1.72265220e-04],
       [1.83803309e-02, 1.95519779e-02, 0.00000000e+00, ...,
        4.48433012e-04, 1.10395985e-05, 1.14495661e-04],
       ...,
       [6.95735540e-04, 4.79724635e-04, 4.48433012e-04, ...,
        0.00000000e+00, 1.47887241e-03, 1.17445690e-02],
       [1.39194892e-05, 9.63798589e-06, 1.10395985e-05, ...,
        1.47887241e-03, 0.00000000e+00, 5.08812753e-02],
       [3.23013488e-04, 1.72265220e-04, 1.14495661e-04, ...,
        1.17445690e-02, 5.08812753e-02, 0.00000000e+00]], shape=(45, 45))}
{'bond-orders': array([[0.00000000e+00, 3.01146133e-01, 1.83803309e-02, ...,
        6.95735540e-04, 1.39194892e-05, 3.23013488e-04],
       [3.01146133e-01, 0.00000000e+00, 1.95519779e-02, ...,
        4.79724635e-04, 9.63798589e-06, 1.72265220e-04],
       [1.83803309e-02, 1.95519779e-02, 0.00000000e+00, ...,
        4.48433012e-04, 1.10395985e-05, 1.14495661e-04],
       ...,
       [6.95735540e-04, 4.79724635e-04, 4.48433012e-04, ...,
        0.00000000e+00, 1.47887241e-03, 1.17445690e-02],
       [1.39194892e-05, 9.63798589e-06, 1.10395985e-05, ...,
        1.47887241e-03, 0.00000000e+00, 5.08812753e-02],
       [3.23013488e-04, 1.72265220e-04, 1.14495661e-04, ...,
        1.17445690e-02, 5.08812753e-02, 0.00000000e+00]], shape=(45, 45)), 'molecular-dipole': array([-1.94514713, -0.73099155, -0.64564228])}
{'bond-orders': array([[0.00000000e+00, 3.01146133e-01, 1.83803309e-02, ...,
        6.95735540e-04, 1.39194892e-05, 3.23013488e-04],
       [3.01146133e-01, 0.00000000e+00, 1.95519779e-02, ...,
        4.79724635e-04, 9.63798589e-06, 1.72265220e-04],
       [1.83803309e-02, 1.95519779e-02, 0.00000000e+00, ...,
        4.48433012e-04, 1.10395985e-05, 1.14495661e-04],
       ...,
       [6.95735540e-04, 4.79724635e-04, 4.48433012e-04, ...,
        0.00000000e+00, 1.47887241e-03, 1.17445690e-02],
       [1.39194892e-05, 9.63798589e-06, 1.10395985e-05, ...,
        1.47887241e-03, 0.00000000e+00, 5.08812753e-02],
       [3.23013488e-04, 1.72265220e-04, 1.14495661e-04, ...,
        1.17445690e-02, 5.08812753e-02, 0.00000000e+00]], shape=(45, 45)), 'molecular-dipole': array([-1.94514713, -0.73099155, -0.64564228]), 'molecular-quadrupole': array([ -33.36378561,  -78.72449769,   14.10887241, -217.82122603,
       -109.02027338,   19.25491321])}
------------------------------------------------------------
  cycle        total energy    energy error   density error
------------------------------------------------------------
      1     -163.5022587369  -1.6328028E+02   1.7134592E-03
      2     -163.4950841136   7.1746234E-03   5.5489277E-03
      3     -163.4889514526   6.1326610E-03   6.6827565E-03
      4     -163.5022529342  -1.3301482E-02   1.1111575E-03
      5     -163.5021732393   7.9694905E-05   1.2628788E-03
      6     -163.5023308856  -1.5764631E-04   9.3297947E-04
      7     -163.5023822507  -5.1365059E-05   3.2093602E-04
      8     -163.5023854714  -3.2207461E-06   2.2799579E-04
      9     -163.5023871863  -1.7149206E-06   9.2167267E-05
     10     -163.5023879686  -7.8228746E-07   4.8571295E-05
     11     -163.5023881881  -2.1946394E-07   2.9655087E-05
     12     -163.5023882423  -5.4207447E-08   1.4391983E-05
------------------------------------------------------------

 total:                                  10.295 sec
3
{'bond-orders': array([[0.00000000e+00, 3.01243387e-01, 1.83398498e-02, ...,
        7.13086707e-04, 1.24370005e-05, 2.91315231e-04],
       [3.01243387e-01, 0.00000000e+00, 1.95343179e-02, ...,
        4.84904911e-04, 8.14737713e-06, 1.52283618e-04],
       [1.83398498e-02, 1.95343179e-02, 0.00000000e+00, ...,
        4.54734633e-04, 9.66838413e-06, 9.94304639e-05],
       ...,
       [7.13086707e-04, 4.84904911e-04, 4.54734633e-04, ...,
        0.00000000e+00, 1.15558324e-03, 9.98979871e-03],
       [1.24370005e-05, 8.14737713e-06, 9.66838413e-06, ...,
        1.15558324e-03, 0.00000000e+00, 5.01181175e-02],
       [2.91315231e-04, 1.52283618e-04, 9.94304639e-05, ...,
        9.98979871e-03, 5.01181175e-02, 0.00000000e+00]], shape=(45, 45))}
{'bond-orders': array([[0.00000000e+00, 3.01243387e-01, 1.83398498e-02, ...,
        7.13086707e-04, 1.24370005e-05, 2.91315231e-04],
       [3.01243387e-01, 0.00000000e+00, 1.95343179e-02, ...,
        4.84904911e-04, 8.14737713e-06, 1.52283618e-04],
       [1.83398498e-02, 1.95343179e-02, 0.00000000e+00, ...,
        4.54734633e-04, 9.66838413e-06, 9.94304639e-05],
       ...,
       [7.13086707e-04, 4.84904911e-04, 4.54734633e-04, ...,
        0.00000000e+00, 1.15558324e-03, 9.98979871e-03],
       [1.24370005e-05, 8.14737713e-06, 9.66838413e-06, ...,
        1.15558324e-03, 0.00000000e+00, 5.01181175e-02],
       [2.91315231e-04, 1.52283618e-04, 9.94304639e-05, ...,
        9.98979871e-03, 5.01181175e-02, 0.00000000e+00]], shape=(45, 45)), 'molecular-dipole': array([-1.91974559, -0.7492516 , -0.63415158])}
{'bond-orders': array([[0.00000000e+00, 3.01243387e-01, 1.83398498e-02, ...,
        7.13086707e-04, 1.24370005e-05, 2.91315231e-04],
       [3.01243387e-01, 0.00000000e+00, 1.95343179e-02, ...,
        4.84904911e-04, 8.14737713e-06, 1.52283618e-04],
       [1.83398498e-02, 1.95343179e-02, 0.00000000e+00, ...,
        4.54734633e-04, 9.66838413e-06, 9.94304639e-05],
       ...,
       [7.13086707e-04, 4.84904911e-04, 4.54734633e-04, ...,
        0.00000000e+00, 1.15558324e-03, 9.98979871e-03],
       [1.24370005e-05, 8.14737713e-06, 9.66838413e-06, ...,
        1.15558324e-03, 0.00000000e+00, 5.01181175e-02],
       [2.91315231e-04, 1.52283618e-04, 9.94304639e-05, ...,
        9.98979871e-03, 5.01181175e-02, 0.00000000e+00]], shape=(45, 45)), 'molecular-dipole': array([-1.91974559, -0.7492516 , -0.63415158]), 'molecular-quadrupole': array([ -33.0365406 ,  -78.82965592,   13.08609008, -213.79745567,
       -111.40259848,   19.95045052])}
Using Materials Project MACE for MACECalculator with /home/ans819/.cache/mace/20231203mace128L1_epoch199model
Using float32 for MACECalculator, which is faster but less accurate. Recommended for MD. Use float64 for geometry optimization.
Using head Default out of ['Default']
Default dtype float32 does not match model dtype float64, converting models to float32.
CHGNet v0.3.0 initialized with 412,525 parameters
CHGNet will run on cpu
   30  Ag     12    4.39   0.01         0    2    0   0.006   15.638442   10.330618   33.352977
   31  Ag      7    3.92   0.18         0    2    0   0.017   24.364215   13.892900   34.946078
   32  Ag      9    4.27   0.07         0    2    0   0.020   20.873906    9.618162   34.946078
   33  Ag      8    4.14   0.12         0    2    0   0.013   12.148133   13.180444   36.539179
   34  Ag      9    4.27   0.07         0    2    0   0.010    8.657824    8.905705   36.539179
   35  Ag      9    4.27   0.07         0    2    0   0.020   17.383597   12.467987   38.132280
   36  Ag      5    3.15   0.34         0    2    0   0.019   20.873906   16.742726   38.132280
   37  Ag      6    3.59   0.26         0    2    0   0.028   22.619061   11.755531   39.725381
   38  Ag      3    2.00   0.41         2    2    0   0.014   26.109370   16.030269   39.725381
   39  Ag      5    3.15   0.32         0    2    0   0.020   10.402978   11.043075   41.318482
   40  Ag      3    2.00   0.39         2    2    0   0.010   13.893287   15.317813   41.318482
   41  C       5    4.01   0.00         3    0    0   0.050   17.082254    3.667388   42.734280
   42  H       2    1.65   0.05         1    0    0  -0.136   15.518695    2.323716   43.118273
   43  H       2    1.94   0.01         1    0    0  -0.136   17.733197    3.426130   40.769454
   44  H       1    0.97   0.01         0    0    0  -0.109   18.642152    3.156107   44.049118
   45  O       3    1.59   0.00         3    0    0  -0.447   16.398622    6.138980   43.286444

          #atoms :   45
          #bonds :   142
          #angl  :   177
          #tors  :   7
          #nmol  :   1
          #optfrag :   1
