/home/ans819/.conda/envs/autoflow/lib/python3.13/site-packages/e3nn/o3/_wigner.py:10: UserWarning: Environment variable TORCH_FORCE_NO_WEIGHTS_ONLY_LOAD detected, since the`weights_only` argument was not explicitly passed to `torch.load`, forcing weights_only=False.
  _Jd, _W3j_flat, _W3j_indices = torch.load(os.path.join(os.path.dirname(__file__), 'constants.pt'))

          ==================== Thresholds ====================
          CN  :   150.00000
          rep :   500.00000
          disp:  2500.00000
          HB1 :   250.00000
          HB2 :   450.00000

          Pauling EN used:
          Z : 1  EN :  2.20
          Z : 6  EN :  2.55
          Z : 8  EN :  3.44
          Z :47  EN :  1.93
          electric field strengths (au): 0.000

           ------------------------------------------------- 
          |           Force Field Initialization            |
           ------------------------------------------------- 

          distances ...
          ----------------------------------------
          generating topology and atomic info file ...
          pair mat ...
          computing topology distances matrix with Floyd-Warshall algo ...
          making topology EEQ charges ...
          #fragments for EEQ constrain: 1
          ----------------------------------------
          generating topology and atomic info file ...
          pair mat ...
          computing topology distances matrix with Floyd-Warshall algo ...
          making topology EEQ charges ...
          #fragments for EEQ constrain: 1
          rings ...
          # BATM   3068
          # H in HB   0

  atom   neighbors  erfCN metchar sp-hybrid imet pi  qest     coordinates
    1  Ag      2    1.35   0.37         2    2    0   0.004    3.199451    0.356229   25.855180
    2  Ag      5    3.15   0.31         0    2    0   0.018    6.689760    4.630967   25.855180
    3  Ag      9    4.27   0.07         0    2    0   0.009   15.415533    8.193249   27.448281
    4  Ag      7    3.92   0.19         0    2    0   0.013   11.925224    3.918511   27.448281
    5  Ag      7    3.92   0.19         0    2    0   0.018   20.650997    7.480793   29.041381
    6  Ag      6    3.59   0.27         0    2    0   0.019   17.160688    3.206054   29.041381
    7  Ag      9    4.27   0.07         0    2    0   0.008    8.434915    6.768336   30.634482
    8  Ag      6    3.59   0.23         0    2    0   0.019    4.944605    2.493598   30.634482
    9  Ag     12    4.39   0.01         0    2    0   0.006   13.670379    6.055880   32.227583
   10  Ag      7    3.92   0.19         0    2    0   0.018   10.180069    1.781141   32.227583
   11  Ag      9    4.27   0.07         0    2    0   0.024   18.905843    5.343423   33.820684
   12  Ag      6    3.59   0.27         0    2    0   0.032   15.415533    1.068685   33.820684
   13  Ag      8    4.14   0.11         0    2    0   0.019    6.689760    4.630967   35.413785
   14  Ag      3    2.00   0.37         2    2    0   0.014    3.199451    0.356229   35.413785
   15  Ag      8    4.16   0.11         0    2    0   0.028   11.925224    3.918511   37.006886
   16  Ag     10    4.34   0.04         0    2    0   0.022   15.415533    8.193249   37.006886
   17  Ag      6    3.56   0.29         0    2    0   0.112   17.160688    3.206054   38.599987
   18  Ag      6    3.59   0.26         0    2    0   0.031   20.650997    7.480793   38.599987
   19  Ag      3    2.00   0.37         2    2    0   0.013    4.944605    2.493598   40.193088
   20  Ag      5    3.15   0.32         0    2    0   0.024    8.434915    6.768336   40.193088
   21  Ag      6    3.59   0.26         0    2    0   0.014   10.180069    8.905705   25.855180
   22  Ag      5    3.15   0.34         0    2    0   0.015   13.670379   13.180444   25.855180
   23  Ag      4    2.61   0.38         3    2    0   0.017   22.396152   16.742726   27.448281
   24  Ag      8    4.14   0.12         0    2    0   0.012   18.905843   12.467987   27.448281
   25  Ag      3    2.00   0.39         2    2    0   0.011   27.631616   16.030269   29.041381
   26  Ag      7    3.92   0.19         0    2    0   0.015   24.141307   11.755531   29.041381
   27  Ag      6    3.59   0.27         0    2    0   0.014   15.415533   15.317813   30.634482
   28  Ag      9    4.27   0.07         0    2    0   0.008   11.925224   11.043075   30.634482
   29  Ag      9    4.27   0.07         0    2    0   0.010   20.650997   14.605357   32.227583
/home/ans819/.conda/envs/autoflow/lib/python3.13/site-packages/mace/calculators/mace.py:197: UserWarning: Environment variable TORCH_FORCE_NO_WEIGHTS_ONLY_LOAD detected, since the`weights_only` argument was not explicitly passed to `torch.load`, forcing weights_only=False.
  torch.load(f=model_path, map_location=device)
/home/ans819/.conda/envs/autoflow/lib/python3.13/site-packages/chgnet/model/model.py:898: UserWarning: Converting a tensor with requires_grad=True to a scalar may lead to unexpected behavior.
Consider using tensor.detach() first. (Triggered internally at /pytorch/torch/csrc/autograd/generated/python_variable_methods.cpp:836.)
  volumes = torch.tensor(volumes, dtype=TORCH_DTYPE, device=atomic_numbers.device)
cuequivariance or cuequivariance_torch is not available. Cuequivariance acceleration will be disabled.
------------------------------------------------------------
  cycle        total energy    energy error   density error
------------------------------------------------------------
      1     -163.2726987835  -1.6302910E+02   9.9712837E-01
      2     -161.5034929037   1.7692059E+00   6.2148066E-01
      3      467.7013541029   6.2920485E+02   1.9017664E+00
      4     -122.1620863943  -5.8986344E+02   8.3633461E-01
      5     -54.01520179254   6.8146885E+01   7.0953023E-01
      6     -160.9665403314  -1.0695134E+02   2.0491828E-01
      7     -157.3857362384   3.5808041E+00   1.6185127E-01
      8     -159.9150419241  -2.5293057E+00   1.1501195E-01
      9     -163.3502733617  -3.4352314E+00   5.5853079E-02
     10     -163.3134773114   3.6796050E-02   4.2121844E-02
     11     -163.4859748766  -1.7249757E-01   3.4761708E-02
     12     -163.5488367150  -6.2861838E-02   2.8863131E-02
     13     -163.5568460525  -8.0093375E-03   2.3227389E-02
     14     -163.5545556259   2.2904266E-03   2.0731653E-02
     15     -163.5561402485  -1.5846226E-03   1.8945786E-02
     16     -163.5603625606  -4.2223121E-03   1.6124517E-02
     17     -163.5611252262  -7.6266561E-04   1.3452045E-02
     18     -163.5612494444  -1.2421817E-04   1.2886527E-02
     19     -163.5617790582  -5.2961386E-04   1.2328849E-02
     20     -163.5627010208  -9.2196260E-04   1.0607323E-02
     21     -163.5628519693  -1.5094851E-04   9.9631658E-03
     22     -163.5630651886  -2.1321927E-04   8.5700062E-03
     23     -163.5638850858  -8.1989718E-04   6.2639007E-03
     24     -163.5645629213  -6.7783551E-04   4.2881507E-03
     25     -163.5649981044  -4.3518307E-04   1.2618315E-03
     26     -163.5649951291   2.9752875E-06   8.9491068E-04
     27     -163.5650294423  -3.4313248E-05   5.5552173E-04
     28     -163.5650333029  -3.8605749E-06   1.1307238E-04
     29     -163.5650328813   4.2157870E-07   2.0701189E-04
     30     -163.5650332528  -3.7147959E-07   1.4660543E-04
     31     -163.5650334304  -1.7762679E-07   7.4058941E-05
     32     -163.5650335501  -1.1963630E-07   5.6809588E-05
     33     -163.5650335733  -2.3212522E-08   5.1707038E-05
     34     -163.5650336229  -4.9602534E-08   3.4795204E-05
     35     -163.5650336363  -1.3396175E-08   1.4647319E-05
------------------------------------------------------------

 total:                                  20.151 sec
3
{'bond-orders': array([[0.00000000e+00, 3.06827202e-01, 2.10625355e-02, ...,
        6.74819865e-05, 9.62724771e-05, 1.29962164e-03],
       [3.06827202e-01, 0.00000000e+00, 2.05159113e-02, ...,
        2.58490222e-05, 6.17562695e-05, 1.27280118e-03],
       [2.10625355e-02, 2.05159113e-02, 0.00000000e+00, ...,
        1.10023109e-04, 1.68978980e-04, 2.45736744e-03],
       ...,
       [6.74819865e-05, 2.58490222e-05, 1.10023109e-04, ...,
        0.00000000e+00, 3.75716248e-03, 2.24654474e-02],
       [9.62724771e-05, 6.17562695e-05, 1.68978980e-04, ...,
        3.75716248e-03, 0.00000000e+00, 2.13037697e-02],
       [1.29962164e-03, 1.27280118e-03, 2.45736744e-03, ...,
        2.24654474e-02, 2.13037697e-02, 0.00000000e+00]], shape=(45, 45))}
{'bond-orders': array([[0.00000000e+00, 3.06827202e-01, 2.10625355e-02, ...,
        6.74819865e-05, 9.62724771e-05, 1.29962164e-03],
       [3.06827202e-01, 0.00000000e+00, 2.05159113e-02, ...,
        2.58490222e-05, 6.17562695e-05, 1.27280118e-03],
       [2.10625355e-02, 2.05159113e-02, 0.00000000e+00, ...,
        1.10023109e-04, 1.68978980e-04, 2.45736744e-03],
       ...,
       [6.74819865e-05, 2.58490222e-05, 1.10023109e-04, ...,
        0.00000000e+00, 3.75716248e-03, 2.24654474e-02],
       [9.62724771e-05, 6.17562695e-05, 1.68978980e-04, ...,
        3.75716248e-03, 0.00000000e+00, 2.13037697e-02],
       [1.29962164e-03, 1.27280118e-03, 2.45736744e-03, ...,
        2.24654474e-02, 2.13037697e-02, 0.00000000e+00]], shape=(45, 45)), 'molecular-dipole': array([ 0.19680574,  1.85356598, -0.21732488])}
{'bond-orders': array([[0.00000000e+00, 3.06827202e-01, 2.10625355e-02, ...,
        6.74819865e-05, 9.62724771e-05, 1.29962164e-03],
       [3.06827202e-01, 0.00000000e+00, 2.05159113e-02, ...,
        2.58490222e-05, 6.17562695e-05, 1.27280118e-03],
       [2.10625355e-02, 2.05159113e-02, 0.00000000e+00, ...,
        1.10023109e-04, 1.68978980e-04, 2.45736744e-03],
       ...,
       [6.74819865e-05, 2.58490222e-05, 1.10023109e-04, ...,
        0.00000000e+00, 3.75716248e-03, 2.24654474e-02],
       [9.62724771e-05, 6.17562695e-05, 1.68978980e-04, ...,
        3.75716248e-03, 0.00000000e+00, 2.13037697e-02],
       [1.29962164e-03, 1.27280118e-03, 2.45736744e-03, ...,
        2.24654474e-02, 2.13037697e-02, 0.00000000e+00]], shape=(45, 45)), 'molecular-dipole': array([ 0.19680574,  1.85356598, -0.21732488]), 'molecular-quadrupole': array([-15.0336413 , 119.30258518,   5.15182009,  38.20141232,
       220.17665436,   9.88182122])}
------------------------------------------------------------
  cycle        total energy    energy error   density error
------------------------------------------------------------
      1     -163.5657369321  -1.6332187E+02   8.9523961E-04
      2     -163.5642477690   1.4891630E-03   2.5604706E-03
      3     -163.5621532596   2.0945094E-03   3.4082797E-03
      4     -163.5656101916  -3.4569320E-03   1.0272839E-03
      5     -163.5657350946  -1.2490299E-04   5.2285364E-04
      6     -163.5657629155  -2.7820808E-05   2.1849875E-04
      7     -163.5657654888  -2.5733535E-06   9.4453317E-05
      8     -163.5657658968  -4.0802610E-07   7.0453134E-05
      9     -163.5657660855  -1.8868423E-07   3.5348962E-05
     10     -163.5657661034  -1.7851448E-08   1.8141824E-05
------------------------------------------------------------

 total:                                  12.499 sec
3
{'bond-orders': array([[0.00000000e+00, 3.06809962e-01, 2.10871724e-02, ...,
        6.79414798e-05, 8.38104850e-05, 1.26565792e-03],
       [3.06809962e-01, 0.00000000e+00, 2.05243106e-02, ...,
        2.53209886e-05, 5.36042362e-05, 1.24120653e-03],
       [2.10871724e-02, 2.05243106e-02, 0.00000000e+00, ...,
        1.08527166e-04, 1.49867113e-04, 2.40988130e-03],
       ...,
       [6.79414798e-05, 2.53209886e-05, 1.08527166e-04, ...,
        0.00000000e+00, 3.73488916e-03, 2.25132823e-02],
       [8.38104850e-05, 5.36042362e-05, 1.49867113e-04, ...,
        3.73488916e-03, 0.00000000e+00, 2.06797700e-02],
       [1.26565792e-03, 1.24120653e-03, 2.40988130e-03, ...,
        2.25132823e-02, 2.06797700e-02, 0.00000000e+00]], shape=(45, 45))}
{'bond-orders': array([[0.00000000e+00, 3.06809962e-01, 2.10871724e-02, ...,
        6.79414798e-05, 8.38104850e-05, 1.26565792e-03],
       [3.06809962e-01, 0.00000000e+00, 2.05243106e-02, ...,
        2.53209886e-05, 5.36042362e-05, 1.24120653e-03],
       [2.10871724e-02, 2.05243106e-02, 0.00000000e+00, ...,
        1.08527166e-04, 1.49867113e-04, 2.40988130e-03],
       ...,
       [6.79414798e-05, 2.53209886e-05, 1.08527166e-04, ...,
        0.00000000e+00, 3.73488916e-03, 2.25132823e-02],
       [8.38104850e-05, 5.36042362e-05, 1.49867113e-04, ...,
        3.73488916e-03, 0.00000000e+00, 2.06797700e-02],
       [1.26565792e-03, 1.24120653e-03, 2.40988130e-03, ...,
        2.25132823e-02, 2.06797700e-02, 0.00000000e+00]], shape=(45, 45)), 'molecular-dipole': array([ 0.19285001,  1.82292682, -0.18011295])}
{'bond-orders': array([[0.00000000e+00, 3.06809962e-01, 2.10871724e-02, ...,
        6.79414798e-05, 8.38104850e-05, 1.26565792e-03],
       [3.06809962e-01, 0.00000000e+00, 2.05243106e-02, ...,
        2.53209886e-05, 5.36042362e-05, 1.24120653e-03],
       [2.10871724e-02, 2.05243106e-02, 0.00000000e+00, ...,
        1.08527166e-04, 1.49867113e-04, 2.40988130e-03],
       ...,
       [6.79414798e-05, 2.53209886e-05, 1.08527166e-04, ...,
        0.00000000e+00, 3.73488916e-03, 2.25132823e-02],
       [8.38104850e-05, 5.36042362e-05, 1.49867113e-04, ...,
        3.73488916e-03, 0.00000000e+00, 2.06797700e-02],
       [1.26565792e-03, 1.24120653e-03, 2.40988130e-03, ...,
        2.25132823e-02, 2.06797700e-02, 0.00000000e+00]], shape=(45, 45)), 'molecular-dipole': array([ 0.19285001,  1.82292682, -0.18011295]), 'molecular-quadrupole': array([-16.59202682, 117.74058848,   3.48786912,  39.28776076,
       217.01768227,  13.10415769])}
------------------------------------------------------------
  cycle        total energy    energy error   density error
------------------------------------------------------------
      1     -163.5662592665  -1.6332209E+02   1.0108399E-03
      2     -163.5626009642   3.6583023E-03   3.9051747E-03
      3     -163.5614222742   1.1786900E-03   3.9016621E-03
      4     -163.5661867402  -4.7644660E-03   9.7080986E-04
      5     -163.5662936555  -1.0691532E-04   4.5644536E-04
      6     -163.5663042962  -1.0640632E-05   2.5733554E-04
      7     -163.5663111560  -6.8598775E-06   1.5636841E-04
      8     -163.5663140506  -2.8945691E-06   7.1218617E-05
      9     -163.5663145335  -4.8288882E-07   2.7700190E-05
     10     -163.5663145993  -6.5775225E-08   1.2974494E-05
------------------------------------------------------------

 total:                                  12.545 sec
3
{'bond-orders': array([[0.00000000e+00, 3.06784533e-01, 2.11362251e-02, ...,
        6.90431187e-05, 7.56093920e-05, 1.23409599e-03],
       [3.06784533e-01, 0.00000000e+00, 2.05393800e-02, ...,
        2.50054992e-05, 4.84136343e-05, 1.20582342e-03],
       [2.11362251e-02, 2.05393800e-02, 0.00000000e+00, ...,
        1.07104950e-04, 1.37449043e-04, 2.34978509e-03],
       ...,
       [6.90431187e-05, 2.50054992e-05, 1.07104950e-04, ...,
        0.00000000e+00, 3.79929071e-03, 2.25599062e-02],
       [7.56093920e-05, 4.84136343e-05, 1.37449043e-04, ...,
        3.79929071e-03, 0.00000000e+00, 2.06099021e-02],
       [1.23409599e-03, 1.20582342e-03, 2.34978509e-03, ...,
        2.25599062e-02, 2.06099021e-02, 0.00000000e+00]], shape=(45, 45))}
{'bond-orders': array([[0.00000000e+00, 3.06784533e-01, 2.11362251e-02, ...,
        6.90431187e-05, 7.56093920e-05, 1.23409599e-03],
       [3.06784533e-01, 0.00000000e+00, 2.05393800e-02, ...,
        2.50054992e-05, 4.84136343e-05, 1.20582342e-03],
       [2.11362251e-02, 2.05393800e-02, 0.00000000e+00, ...,
        1.07104950e-04, 1.37449043e-04, 2.34978509e-03],
       ...,
       [6.90431187e-05, 2.50054992e-05, 1.07104950e-04, ...,
        0.00000000e+00, 3.79929071e-03, 2.25599062e-02],
       [7.56093920e-05, 4.84136343e-05, 1.37449043e-04, ...,
        3.79929071e-03, 0.00000000e+00, 2.06099021e-02],
       [1.23409599e-03, 1.20582342e-03, 2.34978509e-03, ...,
        2.25599062e-02, 2.06099021e-02, 0.00000000e+00]], shape=(45, 45)), 'molecular-dipole': array([ 0.19000241,  1.79798995, -0.15779627])}
{'bond-orders': array([[0.00000000e+00, 3.06784533e-01, 2.11362251e-02, ...,
        6.90431187e-05, 7.56093920e-05, 1.23409599e-03],
       [3.06784533e-01, 0.00000000e+00, 2.05393800e-02, ...,
        2.50054992e-05, 4.84136343e-05, 1.20582342e-03],
       [2.11362251e-02, 2.05393800e-02, 0.00000000e+00, ...,
        1.07104950e-04, 1.37449043e-04, 2.34978509e-03],
       ...,
       [6.90431187e-05, 2.50054992e-05, 1.07104950e-04, ...,
        0.00000000e+00, 3.79929071e-03, 2.25599062e-02],
       [7.56093920e-05, 4.84136343e-05, 1.37449043e-04, ...,
        3.79929071e-03, 0.00000000e+00, 2.06099021e-02],
       [1.23409599e-03, 1.20582342e-03, 2.34978509e-03, ...,
        2.25599062e-02, 2.06099021e-02, 0.00000000e+00]], shape=(45, 45)), 'molecular-dipole': array([ 0.19000241,  1.79798995, -0.15779627]), 'molecular-quadrupole': array([-17.65427343, 116.55108089,   2.39546757,  39.89603848,
       214.14720813,  15.25880586])}
------------------------------------------------------------
  cycle        total energy    energy error   density error
------------------------------------------------------------
      1     -163.5666224196  -1.6332235E+02   9.6444019E-04
      2     -163.5613728605   5.2495591E-03   4.1948964E-03
      3     -163.5638539333  -2.4810728E-03   3.1199818E-03
      4     -163.5666382537  -2.7843205E-03   7.6556986E-04
      5     -163.5666513602  -1.3106409E-05   5.3090456E-04
      6     -163.5666752062  -2.3846022E-05   2.3523756E-04
      7     -163.5666810391  -5.8328972E-06   1.4495606E-04
      8     -163.5666838091  -2.7699927E-06   6.0629527E-05
      9     -163.5666838823  -7.3211538E-08   2.6697076E-05
     10     -163.5666839452  -6.2935811E-08   1.7854107E-05
------------------------------------------------------------

 total:                                  12.456 sec
3
{'bond-orders': array([[0.00000000e+00, 3.06774086e-01, 2.11790609e-02, ...,
        7.05786446e-05, 7.19616228e-05, 1.21390152e-03],
       [3.06774086e-01, 0.00000000e+00, 2.05544252e-02, ...,
        2.49828199e-05, 4.62606876e-05, 1.17645965e-03],
       [2.11790609e-02, 2.05544252e-02, 0.00000000e+00, ...,
        1.06685374e-04, 1.32771939e-04, 2.30024447e-03],
       ...,
       [7.05786446e-05, 2.49828199e-05, 1.06685374e-04, ...,
        0.00000000e+00, 3.93107014e-03, 2.25967301e-02],
       [7.19616228e-05, 4.62606876e-05, 1.32771939e-04, ...,
        3.93107014e-03, 0.00000000e+00, 2.10100704e-02],
       [1.21390152e-03, 1.17645965e-03, 2.30024447e-03, ...,
        2.25967301e-02, 2.10100704e-02, 0.00000000e+00]], shape=(45, 45))}
{'bond-orders': array([[0.00000000e+00, 3.06774086e-01, 2.11790609e-02, ...,
        7.05786446e-05, 7.19616228e-05, 1.21390152e-03],
       [3.06774086e-01, 0.00000000e+00, 2.05544252e-02, ...,
        2.49828199e-05, 4.62606876e-05, 1.17645965e-03],
       [2.11790609e-02, 2.05544252e-02, 0.00000000e+00, ...,
        1.06685374e-04, 1.32771939e-04, 2.30024447e-03],
       ...,
       [7.05786446e-05, 2.49828199e-05, 1.06685374e-04, ...,
        0.00000000e+00, 3.93107014e-03, 2.25967301e-02],
       [7.19616228e-05, 4.62606876e-05, 1.32771939e-04, ...,
        3.93107014e-03, 0.00000000e+00, 2.10100704e-02],
       [1.21390152e-03, 1.17645965e-03, 2.30024447e-03, ...,
        2.25967301e-02, 2.10100704e-02, 0.00000000e+00]], shape=(45, 45)), 'molecular-dipole': array([ 0.19390306,  1.7848919 , -0.13124382])}
{'bond-orders': array([[0.00000000e+00, 3.06774086e-01, 2.11790609e-02, ...,
        7.05786446e-05, 7.19616228e-05, 1.21390152e-03],
       [3.06774086e-01, 0.00000000e+00, 2.05544252e-02, ...,
        2.49828199e-05, 4.62606876e-05, 1.17645965e-03],
       [2.11790609e-02, 2.05544252e-02, 0.00000000e+00, ...,
        1.06685374e-04, 1.32771939e-04, 2.30024447e-03],
       ...,
       [7.05786446e-05, 2.49828199e-05, 1.06685374e-04, ...,
        0.00000000e+00, 3.93107014e-03, 2.25967301e-02],
       [7.19616228e-05, 4.62606876e-05, 1.32771939e-04, ...,
        3.93107014e-03, 0.00000000e+00, 2.10100704e-02],
       [1.21390152e-03, 1.17645965e-03, 2.30024447e-03, ...,
        2.25967301e-02, 2.10100704e-02, 0.00000000e+00]], shape=(45, 45)), 'molecular-dipole': array([ 0.19390306,  1.7848919 , -0.13124382]), 'molecular-quadrupole': array([-18.6681598 , 116.06612678,   1.23800359,  41.50330942,
       212.94338401,  17.43015621])}
------------------------------------------------------------
  cycle        total energy    energy error   density error
------------------------------------------------------------
      1     -163.5668309286  -1.6332303E+02   5.3810406E-04
      2     -163.5640805797   2.7503488E-03   2.9667554E-03
      3     -163.5665356351  -2.4550554E-03   1.1082690E-03
      4     -163.5668459782  -3.1034307E-04   3.6971435E-04
      5     -163.5668452337   7.4442593E-07   3.3822744E-04
      6     -163.5668526131  -7.3793560E-06   1.5328528E-04
      7     -163.5668542699  -1.6567842E-06   1.0073377E-04
      8     -163.5668547752  -5.0536477E-07   4.4141051E-05
      9     -163.5668548016  -2.6355991E-08   1.9641349E-05
------------------------------------------------------------

 total:                                  12.009 sec
3
{'bond-orders': array([[0.00000000e+00, 3.06761096e-01, 2.12038764e-02, ...,
        7.15915761e-05, 7.20836034e-05, 1.21024627e-03],
       [3.06761096e-01, 0.00000000e+00, 2.05652375e-02, ...,
        2.50500217e-05, 4.63671380e-05, 1.16549310e-03],
       [2.12038764e-02, 2.05652375e-02, 0.00000000e+00, ...,
        1.06905982e-04, 1.33645861e-04, 2.28238731e-03],
       ...,
       [7.15915761e-05, 2.50500217e-05, 1.06905982e-04, ...,
        0.00000000e+00, 4.01560133e-03, 2.25451439e-02],
       [7.20836034e-05, 4.63671380e-05, 1.33645861e-04, ...,
        4.01560133e-03, 0.00000000e+00, 2.13919474e-02],
       [1.21024627e-03, 1.16549310e-03, 2.28238731e-03, ...,
        2.25451439e-02, 2.13919474e-02, 0.00000000e+00]], shape=(45, 45))}
{'bond-orders': array([[0.00000000e+00, 3.06761096e-01, 2.12038764e-02, ...,
        7.15915761e-05, 7.20836034e-05, 1.21024627e-03],
       [3.06761096e-01, 0.00000000e+00, 2.05652375e-02, ...,
        2.50500217e-05, 4.63671380e-05, 1.16549310e-03],
       [2.12038764e-02, 2.05652375e-02, 0.00000000e+00, ...,
        1.06905982e-04, 1.33645861e-04, 2.28238731e-03],
       ...,
       [7.15915761e-05, 2.50500217e-05, 1.06905982e-04, ...,
        0.00000000e+00, 4.01560133e-03, 2.25451439e-02],
       [7.20836034e-05, 4.63671380e-05, 1.33645861e-04, ...,
        4.01560133e-03, 0.00000000e+00, 2.13919474e-02],
       [1.21024627e-03, 1.16549310e-03, 2.28238731e-03, ...,
        2.25451439e-02, 2.13919474e-02, 0.00000000e+00]], shape=(45, 45)), 'molecular-dipole': array([ 0.20021875,  1.78450324, -0.12339199])}
{'bond-orders': array([[0.00000000e+00, 3.06761096e-01, 2.12038764e-02, ...,
        7.15915761e-05, 7.20836034e-05, 1.21024627e-03],
       [3.06761096e-01, 0.00000000e+00, 2.05652375e-02, ...,
        2.50500217e-05, 4.63671380e-05, 1.16549310e-03],
       [2.12038764e-02, 2.05652375e-02, 0.00000000e+00, ...,
        1.06905982e-04, 1.33645861e-04, 2.28238731e-03],
       ...,
       [7.15915761e-05, 2.50500217e-05, 1.06905982e-04, ...,
        0.00000000e+00, 4.01560133e-03, 2.25451439e-02],
       [7.20836034e-05, 4.63671380e-05, 1.33645861e-04, ...,
        4.01560133e-03, 0.00000000e+00, 2.13919474e-02],
       [1.21024627e-03, 1.16549310e-03, 2.28238731e-03, ...,
        2.25451439e-02, 2.13919474e-02, 0.00000000e+00]], shape=(45, 45)), 'molecular-dipole': array([ 0.20021875,  1.78450324, -0.12339199]), 'molecular-quadrupole': array([-18.86933134, 116.25261055,   0.86401681,  42.63838623,
       212.98116897,  18.00531453])}
------------------------------------------------------------
  cycle        total energy    energy error   density error
------------------------------------------------------------
      1     -163.5669830952  -1.6332411E+02   6.6832955E-04
      2     -163.5596675892   7.3155060E-03   4.8515668E-03
      3     -163.5667189969  -7.0514077E-03   1.2312975E-03
      4     -163.5670298904  -3.1089349E-04   3.4644014E-04
      5     -163.5670370130  -7.1225812E-06   2.4035201E-04
      6     -163.5670338879   3.1251075E-06   2.9244342E-04
      7     -163.5670389489  -5.0610713E-06   1.3430222E-04
      8     -163.5670399069  -9.5800766E-07   5.2870348E-05
      9     -163.5670400471  -1.4012733E-07   2.1893390E-05
     10     -163.5670400591  -1.2001976E-08   1.3405288E-05
------------------------------------------------------------

 total:                                  12.411 sec
3
{'bond-orders': array([[0.00000000e+00, 3.06759288e-01, 2.12078518e-02, ...,
        7.26508129e-05, 7.36975752e-05, 1.21369089e-03],
       [3.06759288e-01, 0.00000000e+00, 2.05794093e-02, ...,
        2.51303295e-05, 4.68350649e-05, 1.15859924e-03],
       [2.12078518e-02, 2.05794093e-02, 0.00000000e+00, ...,
        1.07418978e-04, 1.36310339e-04, 2.27736670e-03],
       ...,
       [7.26508129e-05, 2.51303295e-05, 1.07418978e-04, ...,
        0.00000000e+00, 4.08108426e-03, 2.24341718e-02],
       [7.36975752e-05, 4.68350649e-05, 1.36310339e-04, ...,
        4.08108426e-03, 0.00000000e+00, 2.17370973e-02],
       [1.21369089e-03, 1.15859924e-03, 2.27736670e-03, ...,
        2.24341718e-02, 2.17370973e-02, 0.00000000e+00]], shape=(45, 45))}
{'bond-orders': array([[0.00000000e+00, 3.06759288e-01, 2.12078518e-02, ...,
        7.26508129e-05, 7.36975752e-05, 1.21369089e-03],
       [3.06759288e-01, 0.00000000e+00, 2.05794093e-02, ...,
        2.51303295e-05, 4.68350649e-05, 1.15859924e-03],
       [2.12078518e-02, 2.05794093e-02, 0.00000000e+00, ...,
        1.07418978e-04, 1.36310339e-04, 2.27736670e-03],
       ...,
       [7.26508129e-05, 2.51303295e-05, 1.07418978e-04, ...,
        0.00000000e+00, 4.08108426e-03, 2.24341718e-02],
       [7.36975752e-05, 4.68350649e-05, 1.36310339e-04, ...,
        4.08108426e-03, 0.00000000e+00, 2.17370973e-02],
       [1.21369089e-03, 1.15859924e-03, 2.27736670e-03, ...,
        2.24341718e-02, 2.17370973e-02, 0.00000000e+00]], shape=(45, 45)), 'molecular-dipole': array([ 0.21352611,  1.78988662, -0.11032089])}
{'bond-orders': array([[0.00000000e+00, 3.06759288e-01, 2.12078518e-02, ...,
        7.26508129e-05, 7.36975752e-05, 1.21369089e-03],
       [3.06759288e-01, 0.00000000e+00, 2.05794093e-02, ...,
        2.51303295e-05, 4.68350649e-05, 1.15859924e-03],
       [2.12078518e-02, 2.05794093e-02, 0.00000000e+00, ...,
        1.07418978e-04, 1.36310339e-04, 2.27736670e-03],
       ...,
       [7.26508129e-05, 2.51303295e-05, 1.07418978e-04, ...,
        0.00000000e+00, 4.08108426e-03, 2.24341718e-02],
       [7.36975752e-05, 4.68350649e-05, 1.36310339e-04, ...,
        4.08108426e-03, 0.00000000e+00, 2.17370973e-02],
       [1.21369089e-03, 1.15859924e-03, 2.27736670e-03, ...,
        2.24341718e-02, 2.17370973e-02, 0.00000000e+00]], shape=(45, 45)), 'molecular-dipole': array([ 0.21352611,  1.78988662, -0.11032089]), 'molecular-quadrupole': array([-19.03429214, 116.90095962,   0.28535803,  44.78990256,
       213.89677091,  18.74893411])}
------------------------------------------------------------
  cycle        total energy    energy error   density error
------------------------------------------------------------
      1     -163.5673088410  -1.6332582E+02   9.4851293E-04
      2     -163.5655618929   1.7469481E-03   2.8646465E-03
      3     -163.5624669718   3.0949211E-03   3.9719547E-03
      4     -163.5672643210  -4.7973492E-03   7.1549686E-04
      5     -163.5673456804  -8.1359348E-05   3.6603096E-04
      6     -163.5673413269   4.3534361E-06   4.2498454E-04
      7     -163.5673508354  -9.5085098E-06   1.8321678E-04
      8     -163.5673522515  -1.4161117E-06   7.7481892E-05
      9     -163.5673528062  -5.5461396E-07   2.9466013E-05
     10     -163.5673528566  -5.0476274E-08   1.3935344E-05
------------------------------------------------------------

 total:                                  12.409 sec
3
{'bond-orders': array([[0.00000000e+00, 3.06736983e-01, 2.12033435e-02, ...,
        7.42093946e-05, 7.71972041e-05, 1.22472583e-03],
       [3.06736983e-01, 0.00000000e+00, 2.06088092e-02, ...,
        2.51906434e-05, 4.69682842e-05, 1.14881409e-03],
       [2.12033435e-02, 2.06088092e-02, 0.00000000e+00, ...,
        1.07938054e-04, 1.39593342e-04, 2.27467533e-03],
       ...,
       [7.42093946e-05, 2.51906434e-05, 1.07938054e-04, ...,
        0.00000000e+00, 4.13994897e-03, 2.22478067e-02],
       [7.71972041e-05, 4.69682842e-05, 1.39593342e-04, ...,
        4.13994897e-03, 0.00000000e+00, 2.20612601e-02],
       [1.22472583e-03, 1.14881409e-03, 2.27467533e-03, ...,
        2.22478067e-02, 2.20612601e-02, 0.00000000e+00]], shape=(45, 45))}
{'bond-orders': array([[0.00000000e+00, 3.06736983e-01, 2.12033435e-02, ...,
        7.42093946e-05, 7.71972041e-05, 1.22472583e-03],
       [3.06736983e-01, 0.00000000e+00, 2.06088092e-02, ...,
        2.51906434e-05, 4.69682842e-05, 1.14881409e-03],
       [2.12033435e-02, 2.06088092e-02, 0.00000000e+00, ...,
        1.07938054e-04, 1.39593342e-04, 2.27467533e-03],
       ...,
       [7.42093946e-05, 2.51906434e-05, 1.07938054e-04, ...,
        0.00000000e+00, 4.13994897e-03, 2.22478067e-02],
       [7.71972041e-05, 4.69682842e-05, 1.39593342e-04, ...,
        4.13994897e-03, 0.00000000e+00, 2.20612601e-02],
       [1.22472583e-03, 1.14881409e-03, 2.27467533e-03, ...,
        2.22478067e-02, 2.20612601e-02, 0.00000000e+00]], shape=(45, 45)), 'molecular-dipole': array([ 0.24236364,  1.80072313, -0.08804243])}
{'bond-orders': array([[0.00000000e+00, 3.06736983e-01, 2.12033435e-02, ...,
        7.42093946e-05, 7.71972041e-05, 1.22472583e-03],
       [3.06736983e-01, 0.00000000e+00, 2.06088092e-02, ...,
        2.51906434e-05, 4.69682842e-05, 1.14881409e-03],
       [2.12033435e-02, 2.06088092e-02, 0.00000000e+00, ...,
        1.07938054e-04, 1.39593342e-04, 2.27467533e-03],
       ...,
       [7.42093946e-05, 2.51906434e-05, 1.07938054e-04, ...,
        0.00000000e+00, 4.13994897e-03, 2.22478067e-02],
       [7.71972041e-05, 4.69682842e-05, 1.39593342e-04, ...,
        4.13994897e-03, 0.00000000e+00, 2.20612601e-02],
       [1.22472583e-03, 1.14881409e-03, 2.27467533e-03, ...,
        2.22478067e-02, 2.20612601e-02, 0.00000000e+00]], shape=(45, 45)), 'molecular-dipole': array([ 0.24236364,  1.80072313, -0.08804243]), 'molecular-quadrupole': array([-19.16514232, 118.21469908,  -0.77746962,  49.23323407,
       215.63753857,  19.94261193])}
------------------------------------------------------------
  cycle        total energy    energy error   density error
------------------------------------------------------------
      1     -163.5677885862  -1.6332797E+02   2.0735902E-03
      2     -163.5669448369   8.4374930E-04   4.4291035E-03
      3     -163.5673924283  -4.4759138E-04   1.8448908E-03
      4     -163.5646574647   2.7349636E-03   3.2667701E-03
      5     -163.5677269941  -3.0695294E-03   1.0730803E-03
      6     -163.5679355791  -2.0858501E-04   7.1905212E-04
      7     -163.5679607012  -2.5122116E-05   3.5093488E-04
      8     -163.5679647555  -4.0542776E-06   1.6260581E-04
      9     -163.5679678876  -3.1320975E-06   6.4465531E-05
     10     -163.5679684637  -5.7613227E-07   2.7079051E-05
     11     -163.5679685650  -1.0122864E-07   1.2338581E-05
------------------------------------------------------------

 total:                                  12.721 sec
3
{'bond-orders': array([[0.00000000e+00, 3.06669369e-01, 2.11849678e-02, ...,
        7.69012891e-05, 8.43525866e-05, 1.24889291e-03],
       [3.06669369e-01, 0.00000000e+00, 2.06854306e-02, ...,
        2.51964691e-05, 4.53794305e-05, 1.12708081e-03],
       [2.11849678e-02, 2.06854306e-02, 0.00000000e+00, ...,
        1.07529524e-04, 1.41727431e-04, 2.26658416e-03],
       ...,
       [7.69012891e-05, 2.51964691e-05, 1.07529524e-04, ...,
        0.00000000e+00, 4.18121752e-03, 2.18859491e-02],
       [8.43525866e-05, 4.53794305e-05, 1.41727431e-04, ...,
        4.18121752e-03, 0.00000000e+00, 2.22993416e-02],
       [1.24889291e-03, 1.12708081e-03, 2.26658416e-03, ...,
        2.18859491e-02, 2.22993416e-02, 0.00000000e+00]], shape=(45, 45))}
{'bond-orders': array([[0.00000000e+00, 3.06669369e-01, 2.11849678e-02, ...,
        7.69012891e-05, 8.43525866e-05, 1.24889291e-03],
       [3.06669369e-01, 0.00000000e+00, 2.06854306e-02, ...,
        2.51964691e-05, 4.53794305e-05, 1.12708081e-03],
       [2.11849678e-02, 2.06854306e-02, 0.00000000e+00, ...,
        1.07529524e-04, 1.41727431e-04, 2.26658416e-03],
       ...,
       [7.69012891e-05, 2.51964691e-05, 1.07529524e-04, ...,
        0.00000000e+00, 4.18121752e-03, 2.18859491e-02],
       [8.43525866e-05, 4.53794305e-05, 1.41727431e-04, ...,
        4.18121752e-03, 0.00000000e+00, 2.22993416e-02],
       [1.24889291e-03, 1.12708081e-03, 2.26658416e-03, ...,
        2.18859491e-02, 2.22993416e-02, 0.00000000e+00]], shape=(45, 45)), 'molecular-dipole': array([ 0.30385438,  1.81903822, -0.03752171])}
{'bond-orders': array([[0.00000000e+00, 3.06669369e-01, 2.11849678e-02, ...,
        7.69012891e-05, 8.43525866e-05, 1.24889291e-03],
       [3.06669369e-01, 0.00000000e+00, 2.06854306e-02, ...,
        2.51964691e-05, 4.53794305e-05, 1.12708081e-03],
       [2.11849678e-02, 2.06854306e-02, 0.00000000e+00, ...,
        1.07529524e-04, 1.41727431e-04, 2.26658416e-03],
       ...,
       [7.69012891e-05, 2.51964691e-05, 1.07529524e-04, ...,
        0.00000000e+00, 4.18121752e-03, 2.18859491e-02],
       [8.43525866e-05, 4.53794305e-05, 1.41727431e-04, ...,
        4.18121752e-03, 0.00000000e+00, 2.22993416e-02],
       [1.24889291e-03, 1.12708081e-03, 2.26658416e-03, ...,
        2.18859491e-02, 2.22993416e-02, 0.00000000e+00]], shape=(45, 45)), 'molecular-dipole': array([ 0.30385438,  1.81903822, -0.03752171]), 'molecular-quadrupole': array([-19.5281853 , 120.81819059,  -3.23444688,  58.90137924,
       218.88102761,  22.76263219])}
------------------------------------------------------------
  cycle        total energy    energy error   density error
------------------------------------------------------------
      1     -163.5682460612  -1.6332887E+02   3.8818344E-03
      2     -163.5613165924   6.9294688E-03   9.2649345E-03
      3     -163.5398862981   2.1430294E-02   9.6965810E-03
      4     -163.5658320642  -2.5945766E-02   3.5887018E-03
      5     -163.5687252646  -2.8932004E-03   1.4628342E-03
      6     -163.5688193873  -9.4122690E-05   1.2449462E-03
      7     -163.5688759410  -5.6553721E-05   6.2504920E-04
      8     -163.5688902384  -1.4297393E-05   3.2288735E-04
      9     -163.5689037962  -1.3557765E-05   1.3242196E-04
     10     -163.5689067749  -2.9787408E-06   5.3147490E-05
     11     -163.5689071858  -4.1084445E-07   2.2443609E-05
     12     -163.5689072613  -7.5566135E-08   9.2441709E-06
------------------------------------------------------------

 total:                                  13.186 sec
3
{'bond-orders': array([[0.00000000e+00, 3.06564141e-01, 2.11710438e-02, ...,
        8.12091595e-05, 9.50149188e-05, 1.28835452e-03],
       [3.06564141e-01, 0.00000000e+00, 2.08621616e-02, ...,
        2.54634955e-05, 4.04213623e-05, 1.08937714e-03],
       [2.11710438e-02, 2.08621616e-02, 0.00000000e+00, ...,
        1.04077504e-04, 1.37288497e-04, 2.23988224e-03],
       ...,
       [8.12091595e-05, 2.54634955e-05, 1.04077504e-04, ...,
        0.00000000e+00, 4.14528541e-03, 2.12609283e-02],
       [9.50149188e-05, 4.04213623e-05, 1.37288497e-04, ...,
        4.14528541e-03, 0.00000000e+00, 2.21578696e-02],
       [1.28835452e-03, 1.08937714e-03, 2.23988224e-03, ...,
        2.12609283e-02, 2.21578696e-02, 0.00000000e+00]], shape=(45, 45))}
{'bond-orders': array([[0.00000000e+00, 3.06564141e-01, 2.11710438e-02, ...,
        8.12091595e-05, 9.50149188e-05, 1.28835452e-03],
       [3.06564141e-01, 0.00000000e+00, 2.08621616e-02, ...,
        2.54634955e-05, 4.04213623e-05, 1.08937714e-03],
       [2.11710438e-02, 2.08621616e-02, 0.00000000e+00, ...,
        1.04077504e-04, 1.37288497e-04, 2.23988224e-03],
       ...,
       [8.12091595e-05, 2.54634955e-05, 1.04077504e-04, ...,
        0.00000000e+00, 4.14528541e-03, 2.12609283e-02],
       [9.50149188e-05, 4.04213623e-05, 1.37288497e-04, ...,
        4.14528541e-03, 0.00000000e+00, 2.21578696e-02],
       [1.28835452e-03, 1.08937714e-03, 2.23988224e-03, ...,
        2.12609283e-02, 2.21578696e-02, 0.00000000e+00]], shape=(45, 45)), 'molecular-dipole': array([0.40979864, 1.85807563, 0.04951285])}
{'bond-orders': array([[0.00000000e+00, 3.06564141e-01, 2.11710438e-02, ...,
        8.12091595e-05, 9.50149188e-05, 1.28835452e-03],
       [3.06564141e-01, 0.00000000e+00, 2.08621616e-02, ...,
        2.54634955e-05, 4.04213623e-05, 1.08937714e-03],
       [2.11710438e-02, 2.08621616e-02, 0.00000000e+00, ...,
        1.04077504e-04, 1.37288497e-04, 2.23988224e-03],
       ...,
       [8.12091595e-05, 2.54634955e-05, 1.04077504e-04, ...,
        0.00000000e+00, 4.14528541e-03, 2.12609283e-02],
       [9.50149188e-05, 4.04213623e-05, 1.37288497e-04, ...,
        4.14528541e-03, 0.00000000e+00, 2.21578696e-02],
       [1.28835452e-03, 1.08937714e-03, 2.23988224e-03, ...,
        2.12609283e-02, 2.21578696e-02, 0.00000000e+00]], shape=(45, 45)), 'molecular-dipole': array([0.40979864, 1.85807563, 0.04951285]), 'molecular-quadrupole': array([-20.17942508, 125.94594345,  -7.3039973 ,  75.63195282,
       225.16656108,  27.48342238])}
------------------------------------------------------------
  cycle        total energy    energy error   density error
------------------------------------------------------------
      1     -163.5690046914  -1.6332776E+02   3.7824014E-03
      2     -163.5651922230   3.8124684E-03   8.6270712E-03
      3     -163.5630123996   2.1798234E-03   5.0140144E-03
      4     -163.5594842808   3.5281188E-03   5.7835255E-03
      5     -163.5693028217  -9.8185410E-03   1.6045056E-03
      6     -163.5694817320  -1.7891027E-04   1.3146597E-03
      7     -163.5695719058  -9.0173792E-05   6.0053369E-04
      8     -163.5695866390  -1.4733212E-05   2.8250429E-04
      9     -163.5695963664  -9.7273539E-06   1.1891831E-04
     10     -163.5695985970  -2.2306502E-06   5.2040400E-05
     11     -163.5695988913  -2.9426616E-07   1.9802515E-05
------------------------------------------------------------

 total:                                  12.787 sec
3
{'bond-orders': array([[0.00000000e+00, 3.06497342e-01, 2.11640260e-02, ...,
        8.51418355e-05, 1.02770784e-04, 1.32679152e-03],
       [3.06497342e-01, 0.00000000e+00, 2.10564200e-02, ...,
        2.64140419e-05, 3.54151220e-05, 1.06213278e-03],
       [2.11640260e-02, 2.10564200e-02, 0.00000000e+00, ...,
        9.91178987e-05, 1.27951002e-04, 2.20644894e-03],
       ...,
       [8.51418355e-05, 2.64140419e-05, 9.91178987e-05, ...,
        0.00000000e+00, 4.03929227e-03, 2.08091000e-02],
       [1.02770784e-04, 3.54151220e-05, 1.27951002e-04, ...,
        4.03929227e-03, 0.00000000e+00, 2.15729936e-02],
       [1.32679152e-03, 1.06213278e-03, 2.20644894e-03, ...,
        2.08091000e-02, 2.15729936e-02, 0.00000000e+00]], shape=(45, 45))}
{'bond-orders': array([[0.00000000e+00, 3.06497342e-01, 2.11640260e-02, ...,
        8.51418355e-05, 1.02770784e-04, 1.32679152e-03],
       [3.06497342e-01, 0.00000000e+00, 2.10564200e-02, ...,
        2.64140419e-05, 3.54151220e-05, 1.06213278e-03],
       [2.11640260e-02, 2.10564200e-02, 0.00000000e+00, ...,
        9.91178987e-05, 1.27951002e-04, 2.20644894e-03],
       ...,
       [8.51418355e-05, 2.64140419e-05, 9.91178987e-05, ...,
        0.00000000e+00, 4.03929227e-03, 2.08091000e-02],
       [1.02770784e-04, 3.54151220e-05, 1.27951002e-04, ...,
        4.03929227e-03, 0.00000000e+00, 2.15729936e-02],
       [1.32679152e-03, 1.06213278e-03, 2.20644894e-03, ...,
        2.08091000e-02, 2.15729936e-02, 0.00000000e+00]], shape=(45, 45)), 'molecular-dipole': array([0.4997203 , 1.89232099, 0.13446511])}
{'bond-orders': array([[0.00000000e+00, 3.06497342e-01, 2.11640260e-02, ...,
        8.51418355e-05, 1.02770784e-04, 1.32679152e-03],
       [3.06497342e-01, 0.00000000e+00, 2.10564200e-02, ...,
        2.64140419e-05, 3.54151220e-05, 1.06213278e-03],
       [2.11640260e-02, 2.10564200e-02, 0.00000000e+00, ...,
        9.91178987e-05, 1.27951002e-04, 2.20644894e-03],
       ...,
       [8.51418355e-05, 2.64140419e-05, 9.91178987e-05, ...,
        0.00000000e+00, 4.03929227e-03, 2.08091000e-02],
       [1.02770784e-04, 3.54151220e-05, 1.27951002e-04, ...,
        4.03929227e-03, 0.00000000e+00, 2.15729936e-02],
       [1.32679152e-03, 1.06213278e-03, 2.20644894e-03, ...,
        2.08091000e-02, 2.15729936e-02, 0.00000000e+00]], shape=(45, 45)), 'molecular-dipole': array([0.4997203 , 1.89232099, 0.13446511]), 'molecular-quadrupole': array([-21.01791739, 130.55257287, -11.13005258,  90.51673056,
       231.15865051,  32.14796997])}
------------------------------------------------------------
  cycle        total energy    energy error   density error
------------------------------------------------------------
      1     -163.5697749715  -1.6332713E+02   1.2597459E-03
      2     -163.5671414959   2.6334755E-03   3.9314558E-03
      3     -163.5620705343   5.0709616E-03   4.9505844E-03
      4     -163.5697697732  -7.6992389E-03   7.6770244E-04
      5     -163.5698286150  -5.8841806E-05   5.5540878E-04
      6     -163.5698342476  -5.6326143E-06   4.5696423E-04
      7     -163.5698454000  -1.1152386E-05   1.7370210E-04
      8     -163.5698473254  -1.9253688E-06   8.7869266E-05
      9     -163.5698481325  -8.0712834E-07   3.4081594E-05
     10     -163.5698482122  -7.9693251E-08   1.8062020E-05
------------------------------------------------------------

 total:                                  12.450 sec
3
{'bond-orders': array([[0.00000000e+00, 3.06486691e-01, 2.11374984e-02, ...,
        8.53864845e-05, 1.05885064e-04, 1.34344046e-03],
       [3.06486691e-01, 0.00000000e+00, 2.11084197e-02, ...,
        2.69566750e-05, 3.40607316e-05, 1.06003099e-03],
       [2.11374984e-02, 2.11084197e-02, 0.00000000e+00, ...,
        9.70988289e-05, 1.23937877e-04, 2.19174384e-03],
       ...,
       [8.53864845e-05, 2.69566750e-05, 9.70988289e-05, ...,
        0.00000000e+00, 3.99542244e-03, 2.09437772e-02],
       [1.05885064e-04, 3.40607316e-05, 1.23937877e-04, ...,
        3.99542244e-03, 0.00000000e+00, 2.11900423e-02],
       [1.34344046e-03, 1.06003099e-03, 2.19174384e-03, ...,
        2.09437772e-02, 2.11900423e-02, 0.00000000e+00]], shape=(45, 45))}
{'bond-orders': array([[0.00000000e+00, 3.06486691e-01, 2.11374984e-02, ...,
        8.53864845e-05, 1.05885064e-04, 1.34344046e-03],
       [3.06486691e-01, 0.00000000e+00, 2.11084197e-02, ...,
        2.69566750e-05, 3.40607316e-05, 1.06003099e-03],
       [2.11374984e-02, 2.11084197e-02, 0.00000000e+00, ...,
        9.70988289e-05, 1.23937877e-04, 2.19174384e-03],
       ...,
       [8.53864845e-05, 2.69566750e-05, 9.70988289e-05, ...,
        0.00000000e+00, 3.99542244e-03, 2.09437772e-02],
       [1.05885064e-04, 3.40607316e-05, 1.23937877e-04, ...,
        3.99542244e-03, 0.00000000e+00, 2.11900423e-02],
       [1.34344046e-03, 1.06003099e-03, 2.19174384e-03, ...,
        2.09437772e-02, 2.11900423e-02, 0.00000000e+00]], shape=(45, 45)), 'molecular-dipole': array([0.53413665, 1.92287828, 0.15194616])}
{'bond-orders': array([[0.00000000e+00, 3.06486691e-01, 2.11374984e-02, ...,
        8.53864845e-05, 1.05885064e-04, 1.34344046e-03],
       [3.06486691e-01, 0.00000000e+00, 2.11084197e-02, ...,
        2.69566750e-05, 3.40607316e-05, 1.06003099e-03],
       [2.11374984e-02, 2.11084197e-02, 0.00000000e+00, ...,
        9.70988289e-05, 1.23937877e-04, 2.19174384e-03],
       ...,
       [8.53864845e-05, 2.69566750e-05, 9.70988289e-05, ...,
        0.00000000e+00, 3.99542244e-03, 2.09437772e-02],
       [1.05885064e-04, 3.40607316e-05, 1.23937877e-04, ...,
        3.99542244e-03, 0.00000000e+00, 2.11900423e-02],
       [1.34344046e-03, 1.06003099e-03, 2.19174384e-03, ...,
        2.09437772e-02, 2.11900423e-02, 0.00000000e+00]], shape=(45, 45)), 'molecular-dipole': array([0.53413665, 1.92287828, 0.15194616]), 'molecular-quadrupole': array([-20.82543293, 133.19204282, -11.78060026,  95.41369547,
       234.97921317,  32.60603319])}
------------------------------------------------------------
  cycle        total energy    energy error   density error
------------------------------------------------------------
      1     -163.5699840123  -1.6332646E+02   6.5357335E-04
      2     -163.5699253467   5.8665584E-05   1.1689445E-03
      3     -163.5698710274   5.4319322E-05   6.9681468E-04
      4     -163.5695737237   2.9730366E-04   1.1666759E-03
      5     -163.5699912258  -4.1750210E-04   2.5920111E-04
      6     -163.5699968577  -5.6318850E-06   1.7037026E-04
      7     -163.5699979002  -1.0425419E-06   1.1347438E-04
      8     -163.5699989042  -1.0039608E-06   4.2452472E-05
      9     -163.5699991089  -2.0470557E-07   1.6121968E-05
------------------------------------------------------------

 total:                                  12.146 sec
3
{'bond-orders': array([[0.00000000e+00, 3.06457720e-01, 2.10955139e-02, ...,
        8.41688373e-05, 1.07982198e-04, 1.34870475e-03],
       [3.06457720e-01, 0.00000000e+00, 2.11065854e-02, ...,
        2.71419147e-05, 3.35536434e-05, 1.06284845e-03],
       [2.10955139e-02, 2.11065854e-02, 0.00000000e+00, ...,
        9.53845216e-05, 1.21586154e-04, 2.18032377e-03],
       ...,
       [8.41688373e-05, 2.71419147e-05, 9.53845216e-05, ...,
        0.00000000e+00, 3.99079762e-03, 2.12025495e-02],
       [1.07982198e-04, 3.35536434e-05, 1.21586154e-04, ...,
        3.99079762e-03, 0.00000000e+00, 2.09680623e-02],
       [1.34870475e-03, 1.06284845e-03, 2.18032377e-03, ...,
        2.12025495e-02, 2.09680623e-02, 0.00000000e+00]], shape=(45, 45))}
{'bond-orders': array([[0.00000000e+00, 3.06457720e-01, 2.10955139e-02, ...,
        8.41688373e-05, 1.07982198e-04, 1.34870475e-03],
       [3.06457720e-01, 0.00000000e+00, 2.11065854e-02, ...,
        2.71419147e-05, 3.35536434e-05, 1.06284845e-03],
       [2.10955139e-02, 2.11065854e-02, 0.00000000e+00, ...,
        9.53845216e-05, 1.21586154e-04, 2.18032377e-03],
       ...,
       [8.41688373e-05, 2.71419147e-05, 9.53845216e-05, ...,
        0.00000000e+00, 3.99079762e-03, 2.12025495e-02],
       [1.07982198e-04, 3.35536434e-05, 1.21586154e-04, ...,
        3.99079762e-03, 0.00000000e+00, 2.09680623e-02],
       [1.34870475e-03, 1.06284845e-03, 2.18032377e-03, ...,
        2.12025495e-02, 2.09680623e-02, 0.00000000e+00]], shape=(45, 45)), 'molecular-dipole': array([0.54402805, 1.93821684, 0.15592043])}
{'bond-orders': array([[0.00000000e+00, 3.06457720e-01, 2.10955139e-02, ...,
        8.41688373e-05, 1.07982198e-04, 1.34870475e-03],
       [3.06457720e-01, 0.00000000e+00, 2.11065854e-02, ...,
        2.71419147e-05, 3.35536434e-05, 1.06284845e-03],
       [2.10955139e-02, 2.11065854e-02, 0.00000000e+00, ...,
        9.53845216e-05, 1.21586154e-04, 2.18032377e-03],
       ...,
       [8.41688373e-05, 2.71419147e-05, 9.53845216e-05, ...,
        0.00000000e+00, 3.99079762e-03, 2.12025495e-02],
       [1.07982198e-04, 3.35536434e-05, 1.21586154e-04, ...,
        3.99079762e-03, 0.00000000e+00, 2.09680623e-02],
       [1.34870475e-03, 1.06284845e-03, 2.18032377e-03, ...,
        2.12025495e-02, 2.09680623e-02, 0.00000000e+00]], shape=(45, 45)), 'molecular-dipole': array([0.54402805, 1.93821684, 0.15592043]), 'molecular-quadrupole': array([-20.70722848, 134.34624385, -11.8789543 ,  96.83680967,
       237.00502547,  32.58618278])}
------------------------------------------------------------
  cycle        total energy    energy error   density error
------------------------------------------------------------
      1     -163.5700980754  -1.6332606E+02   7.0903803E-04
      2     -163.5698997953   1.9828010E-04   1.4037447E-03
      3     -163.5686627895   1.2370058E-03   2.1493039E-03
      4     -163.5700401762  -1.3773868E-03   5.6685355E-04
      5     -163.5701172925  -7.7116274E-05   2.0597077E-04
      6     -163.5701165624   7.3009139E-07   2.0223670E-04
      7     -163.5701185759  -2.0134491E-06   1.1098848E-04
      8     -163.5701195141  -9.3825670E-07   4.8694836E-05
      9     -163.5701197628  -2.4865275E-07   1.7157835E-05
------------------------------------------------------------

 total:                                  12.205 sec
3
{'bond-orders': array([[0.00000000e+00, 3.06428373e-01, 2.10516199e-02, ...,
        8.30468545e-05, 1.10571144e-04, 1.35115903e-03],
       [3.06428373e-01, 0.00000000e+00, 2.11034787e-02, ...,
        2.74004539e-05, 3.32009290e-05, 1.06602213e-03],
       [2.10516199e-02, 2.11034787e-02, 0.00000000e+00, ...,
        9.34326521e-05, 1.19584204e-04, 2.16696815e-03],
       ...,
       [8.30468545e-05, 2.74004539e-05, 9.34326521e-05, ...,
        0.00000000e+00, 4.00670993e-03, 2.13996192e-02],
       [1.10571144e-04, 3.32009290e-05, 1.19584204e-04, ...,
        4.00670993e-03, 0.00000000e+00, 2.08558452e-02],
       [1.35115903e-03, 1.06602213e-03, 2.16696815e-03, ...,
        2.13996192e-02, 2.08558452e-02, 0.00000000e+00]], shape=(45, 45))}
{'bond-orders': array([[0.00000000e+00, 3.06428373e-01, 2.10516199e-02, ...,
        8.30468545e-05, 1.10571144e-04, 1.35115903e-03],
       [3.06428373e-01, 0.00000000e+00, 2.11034787e-02, ...,
        2.74004539e-05, 3.32009290e-05, 1.06602213e-03],
       [2.10516199e-02, 2.11034787e-02, 0.00000000e+00, ...,
        9.34326521e-05, 1.19584204e-04, 2.16696815e-03],
       ...,
       [8.30468545e-05, 2.74004539e-05, 9.34326521e-05, ...,
        0.00000000e+00, 4.00670993e-03, 2.13996192e-02],
       [1.10571144e-04, 3.32009290e-05, 1.19584204e-04, ...,
        4.00670993e-03, 0.00000000e+00, 2.08558452e-02],
       [1.35115903e-03, 1.06602213e-03, 2.16696815e-03, ...,
        2.13996192e-02, 2.08558452e-02, 0.00000000e+00]], shape=(45, 45)), 'molecular-dipole': array([0.5551109 , 1.96142453, 0.16098582])}
{'bond-orders': array([[0.00000000e+00, 3.06428373e-01, 2.10516199e-02, ...,
        8.30468545e-05, 1.10571144e-04, 1.35115903e-03],
       [3.06428373e-01, 0.00000000e+00, 2.11034787e-02, ...,
        2.74004539e-05, 3.32009290e-05, 1.06602213e-03],
       [2.10516199e-02, 2.11034787e-02, 0.00000000e+00, ...,
        9.34326521e-05, 1.19584204e-04, 2.16696815e-03],
       ...,
       [8.30468545e-05, 2.74004539e-05, 9.34326521e-05, ...,
        0.00000000e+00, 4.00670993e-03, 2.13996192e-02],
       [1.10571144e-04, 3.32009290e-05, 1.19584204e-04, ...,
        4.00670993e-03, 0.00000000e+00, 2.08558452e-02],
       [1.35115903e-03, 1.06602213e-03, 2.16696815e-03, ...,
        2.13996192e-02, 2.08558452e-02, 0.00000000e+00]], shape=(45, 45)), 'molecular-dipole': array([0.5551109 , 1.96142453, 0.16098582]), 'molecular-quadrupole': array([-20.62686937, 136.00362492, -11.90872495,  98.35157392,
       239.90650317,  32.53559432])}
------------------------------------------------------------
  cycle        total energy    energy error   density error
------------------------------------------------------------
      1     -163.5702088480  -1.6332608E+02   9.7552174E-04
      2     -163.5695456744   6.6317356E-04   2.2605567E-03
      3     -163.5661742563   3.3714181E-03   3.5917088E-03
      4     -163.5701475173  -3.9732609E-03   6.8427680E-04
      5     -163.5702515089  -1.0399164E-04   1.9555596E-04
      6     -163.5702509835   5.2539880E-07   1.7650050E-04
      7     -163.5702516815  -6.9793526E-07   1.3243136E-04
      8     -163.5702527282  -1.0467847E-06   7.1182250E-05
      9     -163.5702532594  -5.3119339E-07   2.3722263E-05
     10     -163.5702532846  -2.5132351E-08   6.9174431E-06
------------------------------------------------------------

 total:                                  12.494 sec
3
{'bond-orders': array([[0.00000000e+00, 3.06386927e-01, 2.09939190e-02, ...,
        8.28405332e-05, 1.14872765e-04, 1.35891639e-03],
       [3.06386927e-01, 0.00000000e+00, 2.11116347e-02, ...,
        2.81353203e-05, 3.29466732e-05, 1.07131059e-03],
       [2.09939190e-02, 2.11116347e-02, 0.00000000e+00, ...,
        9.14179851e-05, 1.17859289e-04, 2.15338458e-03],
       ...,
       [8.28405332e-05, 2.81353203e-05, 9.14179851e-05, ...,
        0.00000000e+00, 4.03314889e-03, 2.14979855e-02],
       [1.14872765e-04, 3.29466732e-05, 1.17859289e-04, ...,
        4.03314889e-03, 0.00000000e+00, 2.08018403e-02],
       [1.35891639e-03, 1.07131059e-03, 2.15338458e-03, ...,
        2.14979855e-02, 2.08018403e-02, 0.00000000e+00]], shape=(45, 45))}
{'bond-orders': array([[0.00000000e+00, 3.06386927e-01, 2.09939190e-02, ...,
        8.28405332e-05, 1.14872765e-04, 1.35891639e-03],
       [3.06386927e-01, 0.00000000e+00, 2.11116347e-02, ...,
        2.81353203e-05, 3.29466732e-05, 1.07131059e-03],
       [2.09939190e-02, 2.11116347e-02, 0.00000000e+00, ...,
        9.14179851e-05, 1.17859289e-04, 2.15338458e-03],
       ...,
       [8.28405332e-05, 2.81353203e-05, 9.14179851e-05, ...,
        0.00000000e+00, 4.03314889e-03, 2.14979855e-02],
       [1.14872765e-04, 3.29466732e-05, 1.17859289e-04, ...,
        4.03314889e-03, 0.00000000e+00, 2.08018403e-02],
       [1.35891639e-03, 1.07131059e-03, 2.15338458e-03, ...,
        2.14979855e-02, 2.08018403e-02, 0.00000000e+00]], shape=(45, 45)), 'molecular-dipole': array([0.57402953, 1.99906098, 0.17112155])}
{'bond-orders': array([[0.00000000e+00, 3.06386927e-01, 2.09939190e-02, ...,
        8.28405332e-05, 1.14872765e-04, 1.35891639e-03],
       [3.06386927e-01, 0.00000000e+00, 2.11116347e-02, ...,
        2.81353203e-05, 3.29466732e-05, 1.07131059e-03],
       [2.09939190e-02, 2.11116347e-02, 0.00000000e+00, ...,
        9.14179851e-05, 1.17859289e-04, 2.15338458e-03],
       ...,
       [8.28405332e-05, 2.81353203e-05, 9.14179851e-05, ...,
        0.00000000e+00, 4.03314889e-03, 2.14979855e-02],
       [1.14872765e-04, 3.29466732e-05, 1.17859289e-04, ...,
        4.03314889e-03, 0.00000000e+00, 2.08018403e-02],
       [1.35891639e-03, 1.07131059e-03, 2.15338458e-03, ...,
        2.14979855e-02, 2.08018403e-02, 0.00000000e+00]], shape=(45, 45)), 'molecular-dipole': array([0.57402953, 1.99906098, 0.17112155]), 'molecular-quadrupole': array([-20.53857319, 138.74595747, -12.02905313, 101.04924525,
       244.62074904,  32.56762633])}
------------------------------------------------------------
  cycle        total energy    energy error   density error
------------------------------------------------------------
      1     -163.5703160909  -1.6332662E+02   1.7393991E-03
      2     -163.5686423097   1.6737812E-03   4.1752617E-03
      3     -163.5617238664   6.9184433E-03   5.2639536E-03
      4     -163.5699715622  -8.2476958E-03   1.3742389E-03
      5     -163.5704478388  -4.7627660E-04   3.0319315E-04
      6     -163.5704481100  -2.7117022E-07   2.4535902E-04
      7     -163.5704474681   6.4185926E-07   2.2061402E-04
      8     -163.5704497196  -2.2515406E-06   1.4895919E-04
      9     -163.5704517473  -2.0276649E-06   4.2933961E-05
     10     -163.5704518441  -9.6797663E-08   1.1833993E-05
------------------------------------------------------------

 total:                                  12.502 sec
3
{'bond-orders': array([[0.00000000e+00, 3.06322745e-01, 2.08795243e-02, ...,
        8.47417500e-05, 1.22330291e-04, 1.38118772e-03],
       [3.06322745e-01, 0.00000000e+00, 2.11334084e-02, ...,
        3.00925877e-05, 3.27180888e-05, 1.08393600e-03],
       [2.08795243e-02, 2.11334084e-02, 0.00000000e+00, ...,
        8.92421327e-05, 1.16110889e-04, 2.14325417e-03],
       ...,
       [8.47417500e-05, 3.00925877e-05, 8.92421327e-05, ...,
        0.00000000e+00, 4.06450057e-03, 2.14419532e-02],
       [1.22330291e-04, 3.27180888e-05, 1.16110889e-04, ...,
        4.06450057e-03, 0.00000000e+00, 2.07409453e-02],
       [1.38118772e-03, 1.08393600e-03, 2.14325417e-03, ...,
        2.14419532e-02, 2.07409453e-02, 0.00000000e+00]], shape=(45, 45))}
{'bond-orders': array([[0.00000000e+00, 3.06322745e-01, 2.08795243e-02, ...,
        8.47417500e-05, 1.22330291e-04, 1.38118772e-03],
       [3.06322745e-01, 0.00000000e+00, 2.11334084e-02, ...,
        3.00925877e-05, 3.27180888e-05, 1.08393600e-03],
       [2.08795243e-02, 2.11334084e-02, 0.00000000e+00, ...,
        8.92421327e-05, 1.16110889e-04, 2.14325417e-03],
       ...,
       [8.47417500e-05, 3.00925877e-05, 8.92421327e-05, ...,
        0.00000000e+00, 4.06450057e-03, 2.14419532e-02],
       [1.22330291e-04, 3.27180888e-05, 1.16110889e-04, ...,
        4.06450057e-03, 0.00000000e+00, 2.07409453e-02],
       [1.38118772e-03, 1.08393600e-03, 2.14325417e-03, ...,
        2.14419532e-02, 2.07409453e-02, 0.00000000e+00]], shape=(45, 45)), 'molecular-dipole': array([0.61755695, 2.06764739, 0.19248345])}
{'bond-orders': array([[0.00000000e+00, 3.06322745e-01, 2.08795243e-02, ...,
        8.47417500e-05, 1.22330291e-04, 1.38118772e-03],
       [3.06322745e-01, 0.00000000e+00, 2.11334084e-02, ...,
        3.00925877e-05, 3.27180888e-05, 1.08393600e-03],
       [2.08795243e-02, 2.11334084e-02, 0.00000000e+00, ...,
        8.92421327e-05, 1.16110889e-04, 2.14325417e-03],
       ...,
       [8.47417500e-05, 3.00925877e-05, 8.92421327e-05, ...,
        0.00000000e+00, 4.06450057e-03, 2.14419532e-02],
       [1.22330291e-04, 3.27180888e-05, 1.16110889e-04, ...,
        4.06450057e-03, 0.00000000e+00, 2.07409453e-02],
       [1.38118772e-03, 1.08393600e-03, 2.14325417e-03, ...,
        2.14419532e-02, 2.07409453e-02, 0.00000000e+00]], shape=(45, 45)), 'molecular-dipole': array([0.61755695, 2.06764739, 0.19248345]), 'molecular-quadrupole': array([-20.21823164, 143.81851214, -12.49829282, 107.22550899,
       253.40403453,  32.71652446])}
------------------------------------------------------------
  cycle        total energy    energy error   density error
------------------------------------------------------------
      1     -163.5703713395  -1.6332769E+02   3.0753169E-03
      2     -163.5684778396   1.8934999E-03   6.9300561E-03
      3     -163.5706904199  -2.2125804E-03   1.3769614E-03
      4     -163.5705507659   1.3965405E-04   1.0012668E-03
      5     -163.5690215315   1.5292344E-03   2.3668609E-03
      6     -163.5707185413  -1.6970097E-03   6.6243940E-04
      7     -163.5707499257  -3.1384483E-05   5.0055354E-04
      8     -163.5707682757  -1.8349913E-05   2.1896130E-04
      9     -163.5707737977  -5.5220539E-06   7.4436454E-05
     10     -163.5707742163  -4.1856615E-07   2.7488373E-05
     11     -163.5707743040  -8.7754216E-08   1.4993346E-05
------------------------------------------------------------

 total:                                  12.826 sec
3
{'bond-orders': array([[0.00000000e+00, 3.06215141e-01, 2.06486873e-02, ...,
        9.13445080e-05, 1.33370899e-04, 1.42965889e-03],
       [3.06215141e-01, 0.00000000e+00, 2.11606857e-02, ...,
        3.47324162e-05, 3.26459788e-05, 1.11478159e-03],
       [2.06486873e-02, 2.11606857e-02, 0.00000000e+00, ...,
        8.72646347e-05, 1.13730388e-04, 2.14434081e-03],
       ...,
       [9.13445080e-05, 3.47324162e-05, 8.72646347e-05, ...,
        0.00000000e+00, 4.08676498e-03, 2.11021717e-02],
       [1.33370899e-04, 3.26459788e-05, 1.13730388e-04, ...,
        4.08676498e-03, 0.00000000e+00, 2.05811877e-02],
       [1.42965889e-03, 1.11478159e-03, 2.14434081e-03, ...,
        2.11021717e-02, 2.05811877e-02, 0.00000000e+00]], shape=(45, 45))}
{'bond-orders': array([[0.00000000e+00, 3.06215141e-01, 2.06486873e-02, ...,
        9.13445080e-05, 1.33370899e-04, 1.42965889e-03],
       [3.06215141e-01, 0.00000000e+00, 2.11606857e-02, ...,
        3.47324162e-05, 3.26459788e-05, 1.11478159e-03],
       [2.06486873e-02, 2.11606857e-02, 0.00000000e+00, ...,
        8.72646347e-05, 1.13730388e-04, 2.14434081e-03],
       ...,
       [9.13445080e-05, 3.47324162e-05, 8.72646347e-05, ...,
        0.00000000e+00, 4.08676498e-03, 2.11021717e-02],
       [1.33370899e-04, 3.26459788e-05, 1.13730388e-04, ...,
        4.08676498e-03, 0.00000000e+00, 2.05811877e-02],
       [1.42965889e-03, 1.11478159e-03, 2.14434081e-03, ...,
        2.11021717e-02, 2.05811877e-02, 0.00000000e+00]], shape=(45, 45)), 'molecular-dipole': array([0.69729719, 2.18762992, 0.22650453])}
{'bond-orders': array([[0.00000000e+00, 3.06215141e-01, 2.06486873e-02, ...,
        9.13445080e-05, 1.33370899e-04, 1.42965889e-03],
       [3.06215141e-01, 0.00000000e+00, 2.11606857e-02, ...,
        3.47324162e-05, 3.26459788e-05, 1.11478159e-03],
       [2.06486873e-02, 2.11606857e-02, 0.00000000e+00, ...,
        8.72646347e-05, 1.13730388e-04, 2.14434081e-03],
       ...,
       [9.13445080e-05, 3.47324162e-05, 8.72646347e-05, ...,
        0.00000000e+00, 4.08676498e-03, 2.11021717e-02],
       [1.33370899e-04, 3.26459788e-05, 1.13730388e-04, ...,
        4.08676498e-03, 0.00000000e+00, 2.05811877e-02],
       [1.42965889e-03, 1.11478159e-03, 2.14434081e-03, ...,
        2.11021717e-02, 2.05811877e-02, 0.00000000e+00]], shape=(45, 45)), 'molecular-dipole': array([0.69729719, 2.18762992, 0.22650453]), 'molecular-quadrupole': array([-19.3814551 , 152.77806029, -13.26764927, 118.45292709,
       268.85398723,  32.64910437])}
------------------------------------------------------------
  cycle        total energy    energy error   density error
------------------------------------------------------------
      1     -163.5699702996  -1.6332855E+02   5.5997333E-03
      2     -163.5603090575   9.6612422E-03   1.3124174E-02
      3     -163.5430208769   1.7288181E-02   9.6521879E-03
      4     -163.5637264924  -2.0705615E-02   5.2010311E-03
      5     -163.5712053473  -7.4788549E-03   1.1610999E-03
      6     -163.5712075699  -2.2225301E-06   1.3489782E-03
      7     -163.5712616982  -5.4128375E-05   9.3400165E-04
      8     -163.5713091399  -4.7441648E-05   4.0070179E-04
      9     -163.5713306021  -2.1462236E-05   1.5705095E-04
     10     -163.5713336436  -3.0414699E-06   6.1040341E-05
     11     -163.5713341094  -4.6584640E-07   2.5911006E-05
     12     -163.5713341902  -8.0764323E-08   1.2345273E-05
------------------------------------------------------------

 total:                                  13.106 sec
3
{'bond-orders': array([[0.00000000e+00, 3.06043182e-01, 2.01573009e-02, ...,
        1.07524538e-04, 1.45089063e-04, 1.51518466e-03],
       [3.06043182e-01, 0.00000000e+00, 2.11106279e-02, ...,
        4.51700842e-05, 3.31500827e-05, 1.19068012e-03],
       [2.01573009e-02, 2.11106279e-02, 0.00000000e+00, ...,
        8.68215886e-05, 1.09468760e-04, 2.17947845e-03],
       ...,
       [1.07524538e-04, 4.51700842e-05, 8.68215886e-05, ...,
        0.00000000e+00, 4.07117402e-03, 2.02780770e-02],
       [1.45089063e-04, 3.31500827e-05, 1.09468760e-04, ...,
        4.07117402e-03, 0.00000000e+00, 2.01650928e-02],
       [1.51518466e-03, 1.19068012e-03, 2.17947845e-03, ...,
        2.02780770e-02, 2.01650928e-02, 0.00000000e+00]], shape=(45, 45))}
{'bond-orders': array([[0.00000000e+00, 3.06043182e-01, 2.01573009e-02, ...,
        1.07524538e-04, 1.45089063e-04, 1.51518466e-03],
       [3.06043182e-01, 0.00000000e+00, 2.11106279e-02, ...,
        4.51700842e-05, 3.31500827e-05, 1.19068012e-03],
       [2.01573009e-02, 2.11106279e-02, 0.00000000e+00, ...,
        8.68215886e-05, 1.09468760e-04, 2.17947845e-03],
       ...,
       [1.07524538e-04, 4.51700842e-05, 8.68215886e-05, ...,
        0.00000000e+00, 4.07117402e-03, 2.02780770e-02],
       [1.45089063e-04, 3.31500827e-05, 1.09468760e-04, ...,
        4.07117402e-03, 0.00000000e+00, 2.01650928e-02],
       [1.51518466e-03, 1.19068012e-03, 2.17947845e-03, ...,
        2.02780770e-02, 2.01650928e-02, 0.00000000e+00]], shape=(45, 45)), 'molecular-dipole': array([0.8578014 , 2.43061976, 0.26695467])}
{'bond-orders': array([[0.00000000e+00, 3.06043182e-01, 2.01573009e-02, ...,
        1.07524538e-04, 1.45089063e-04, 1.51518466e-03],
       [3.06043182e-01, 0.00000000e+00, 2.11106279e-02, ...,
        4.51700842e-05, 3.31500827e-05, 1.19068012e-03],
       [2.01573009e-02, 2.11106279e-02, 0.00000000e+00, ...,
        8.68215886e-05, 1.09468760e-04, 2.17947845e-03],
       ...,
       [1.07524538e-04, 4.51700842e-05, 8.68215886e-05, ...,
        0.00000000e+00, 4.07117402e-03, 2.02780770e-02],
       [1.45089063e-04, 3.31500827e-05, 1.09468760e-04, ...,
        4.07117402e-03, 0.00000000e+00, 2.01650928e-02],
       [1.51518466e-03, 1.19068012e-03, 2.17947845e-03, ...,
        2.02780770e-02, 2.01650928e-02, 0.00000000e+00]], shape=(45, 45)), 'molecular-dipole': array([0.8578014 , 2.43061976, 0.26695467]), 'molecular-quadrupole': array([-16.64700935, 170.86871286, -13.75376634, 139.76794455,
       299.33050517,  30.40077568])}
------------------------------------------------------------
  cycle        total energy    energy error   density error
------------------------------------------------------------
      1     -163.5704897342  -1.6332993E+02   6.0579952E-03
      2     -163.5622932446   8.1964896E-03   1.3749897E-02
      3     -163.5618490219   4.4422274E-04   6.2100002E-03
      4     -163.5484791246   1.3369897E-02   8.7333092E-03
      5     -163.5719030823  -2.3423958E-02   1.2843939E-03
      6     -163.5719884923  -8.5410000E-05   1.1378008E-03
      7     -163.5720206723  -3.2179963E-05   6.4527155E-04
      8     -163.5720448547  -2.4182358E-05   4.5551443E-04
      9     -163.5720603732  -1.5518582E-05   1.5122931E-04
     10     -163.5720632934  -2.9201350E-06   6.6309904E-05
     11     -163.5720637299  -4.3649052E-07   1.7807949E-05
------------------------------------------------------------

 total:                                  12.770 sec
3
{'bond-orders': array([[0.00000000e+00, 3.05826512e-01, 1.95427273e-02, ...,
        1.27792307e-04, 1.48380045e-04, 1.58793009e-03],
       [3.05826512e-01, 0.00000000e+00, 2.08173387e-02, ...,
        5.82461170e-05, 3.41803453e-05, 1.29627430e-03],
       [1.95427273e-02, 2.08173387e-02, 0.00000000e+00, ...,
        9.24872235e-05, 1.06828165e-04, 2.26107077e-03],
       ...,
       [1.27792307e-04, 5.82461170e-05, 9.24872235e-05, ...,
        0.00000000e+00, 4.00901795e-03, 1.95718892e-02],
       [1.48380045e-04, 3.41803453e-05, 1.06828165e-04, ...,
        4.00901795e-03, 0.00000000e+00, 1.97995188e-02],
       [1.58793009e-03, 1.29627430e-03, 2.26107077e-03, ...,
        1.95718892e-02, 1.97995188e-02, 0.00000000e+00]], shape=(45, 45))}
{'bond-orders': array([[0.00000000e+00, 3.05826512e-01, 1.95427273e-02, ...,
        1.27792307e-04, 1.48380045e-04, 1.58793009e-03],
       [3.05826512e-01, 0.00000000e+00, 2.08173387e-02, ...,
        5.82461170e-05, 3.41803453e-05, 1.29627430e-03],
       [1.95427273e-02, 2.08173387e-02, 0.00000000e+00, ...,
        9.24872235e-05, 1.06828165e-04, 2.26107077e-03],
       ...,
       [1.27792307e-04, 5.82461170e-05, 9.24872235e-05, ...,
        0.00000000e+00, 4.00901795e-03, 1.95718892e-02],
       [1.48380045e-04, 3.41803453e-05, 1.06828165e-04, ...,
        4.00901795e-03, 0.00000000e+00, 1.97995188e-02],
       [1.58793009e-03, 1.29627430e-03, 2.26107077e-03, ...,
        1.95718892e-02, 1.97995188e-02, 0.00000000e+00]], shape=(45, 45)), 'molecular-dipole': array([1.0376927 , 2.73071464, 0.28148099])}
{'bond-orders': array([[0.00000000e+00, 3.05826512e-01, 1.95427273e-02, ...,
        1.27792307e-04, 1.48380045e-04, 1.58793009e-03],
       [3.05826512e-01, 0.00000000e+00, 2.08173387e-02, ...,
        5.82461170e-05, 3.41803453e-05, 1.29627430e-03],
       [1.95427273e-02, 2.08173387e-02, 0.00000000e+00, ...,
        9.24872235e-05, 1.06828165e-04, 2.26107077e-03],
       ...,
       [1.27792307e-04, 5.82461170e-05, 9.24872235e-05, ...,
        0.00000000e+00, 4.00901795e-03, 1.95718892e-02],
       [1.48380045e-04, 3.41803453e-05, 1.06828165e-04, ...,
        4.00901795e-03, 0.00000000e+00, 1.97995188e-02],
       [1.58793009e-03, 1.29627430e-03, 2.26107077e-03, ...,
        1.95718892e-02, 1.97995188e-02, 0.00000000e+00]], shape=(45, 45)), 'molecular-dipole': array([1.0376927 , 2.73071464, 0.28148099]), 'molecular-quadrupole': array([-12.34080806, 192.54397155, -12.85233507, 162.45931148,
       336.52559622,  25.19314313])}
------------------------------------------------------------
  cycle        total energy    energy error   density error
------------------------------------------------------------
      1     -163.5729157834  -1.6333440E+02   2.7631411E-03
      2     -163.5679024842   5.0132992E-03   6.3559912E-03
      3     -163.5476965759   2.0205908E-02   9.1031511E-03
      4     -163.5707519215  -2.3055346E-02   3.1642489E-03
      5     -163.5730638897  -2.3119682E-03   1.3678194E-03
      6     -163.5731608113  -9.6921631E-05   9.7529210E-04
      7     -163.5732096922  -4.8880878E-05   4.2661588E-04
      8     -163.5732160007  -6.3085280E-06   2.0194026E-04
      9     -163.5732178756  -1.8748714E-06   1.1470549E-04
     10     -163.5732185796  -7.0396399E-07   4.1099620E-05
     11     -163.5732186669  -8.7325560E-08   1.6714106E-05
------------------------------------------------------------

 total:                                  12.784 sec
3
{'bond-orders': array([[0.00000000e+00, 3.05683611e-01, 1.92529667e-02, ...,
        1.41195429e-04, 1.57780443e-04, 1.62957367e-03],
       [3.05683611e-01, 0.00000000e+00, 2.05575310e-02, ...,
        6.78350036e-05, 3.52158825e-05, 1.35560117e-03],
       [1.92529667e-02, 2.05575310e-02, 0.00000000e+00, ...,
        1.07056753e-04, 1.15542064e-04, 2.33275459e-03],
       ...,
       [1.41195429e-04, 6.78350036e-05, 1.07056753e-04, ...,
        0.00000000e+00, 3.97109234e-03, 2.00879679e-02],
       [1.57780443e-04, 3.52158825e-05, 1.15542064e-04, ...,
        3.97109234e-03, 0.00000000e+00, 2.01200101e-02],
       [1.62957367e-03, 1.35560117e-03, 2.33275459e-03, ...,
        2.00879679e-02, 2.01200101e-02, 0.00000000e+00]], shape=(45, 45))}
{'bond-orders': array([[0.00000000e+00, 3.05683611e-01, 1.92529667e-02, ...,
        1.41195429e-04, 1.57780443e-04, 1.62957367e-03],
       [3.05683611e-01, 0.00000000e+00, 2.05575310e-02, ...,
        6.78350036e-05, 3.52158825e-05, 1.35560117e-03],
       [1.92529667e-02, 2.05575310e-02, 0.00000000e+00, ...,
        1.07056753e-04, 1.15542064e-04, 2.33275459e-03],
       ...,
       [1.41195429e-04, 6.78350036e-05, 1.07056753e-04, ...,
        0.00000000e+00, 3.97109234e-03, 2.00879679e-02],
       [1.57780443e-04, 3.52158825e-05, 1.15542064e-04, ...,
        3.97109234e-03, 0.00000000e+00, 2.01200101e-02],
       [1.62957367e-03, 1.35560117e-03, 2.33275459e-03, ...,
        2.00879679e-02, 2.01200101e-02, 0.00000000e+00]], shape=(45, 45)), 'molecular-dipole': array([1.07532431, 2.86096067, 0.20102356])}
{'bond-orders': array([[0.00000000e+00, 3.05683611e-01, 1.92529667e-02, ...,
        1.41195429e-04, 1.57780443e-04, 1.62957367e-03],
       [3.05683611e-01, 0.00000000e+00, 2.05575310e-02, ...,
        6.78350036e-05, 3.52158825e-05, 1.35560117e-03],
       [1.92529667e-02, 2.05575310e-02, 0.00000000e+00, ...,
        1.07056753e-04, 1.15542064e-04, 2.33275459e-03],
       ...,
       [1.41195429e-04, 6.78350036e-05, 1.07056753e-04, ...,
        0.00000000e+00, 3.97109234e-03, 2.00879679e-02],
       [1.57780443e-04, 3.52158825e-05, 1.15542064e-04, ...,
        3.97109234e-03, 0.00000000e+00, 2.01200101e-02],
       [1.62957367e-03, 1.35560117e-03, 2.33275459e-03, ...,
        2.00879679e-02, 2.01200101e-02, 0.00000000e+00]], shape=(45, 45)), 'molecular-dipole': array([1.07532431, 2.86096067, 0.20102356]), 'molecular-quadrupole': array([ -8.03008543, 200.10869125,  -9.05061075, 163.56024083,
       351.02700948,  17.08069618])}
------------------------------------------------------------
  cycle        total energy    energy error   density error
------------------------------------------------------------
      1     -163.5732566776  -1.6333185E+02   4.1388692E-03
      2     -163.5605371734   1.2719504E-02   1.0665022E-02
      3     -163.5152203192   4.5316854E-02   1.3673445E-02
      4     -163.5721870071  -5.6966688E-02   2.9407168E-03
      5     -163.5739045292  -1.7175221E-03   1.3860298E-03
      6     -163.5737652380   1.3929121E-04   1.7758750E-03
      7     -163.5739628297  -1.9759172E-04   7.3039980E-04
      8     -163.5739921383  -2.9308513E-05   2.5212661E-04
      9     -163.5739961023  -3.9640570E-06   9.0791678E-05
     10     -163.5739964768  -3.7444511E-07   4.5382912E-05
     11     -163.5739966214  -1.4463993E-07   1.4843966E-05
------------------------------------------------------------

 total:                                  12.856 sec
3
{'bond-orders': array([[0.00000000e+00, 3.05566383e-01, 1.88984952e-02, ...,
        1.55095713e-04, 1.44357855e-04, 1.64475069e-03],
       [3.05566383e-01, 0.00000000e+00, 2.02235929e-02, ...,
        7.43621530e-05, 3.09456368e-05, 1.42293942e-03],
       [1.88984952e-02, 2.02235929e-02, 0.00000000e+00, ...,
        1.14976571e-04, 1.07549084e-04, 2.40123216e-03],
       ...,
       [1.55095713e-04, 7.43621530e-05, 1.14976571e-04, ...,
        0.00000000e+00, 3.73881615e-03, 1.96257370e-02],
       [1.44357855e-04, 3.09456368e-05, 1.07549084e-04, ...,
        3.73881615e-03, 0.00000000e+00, 1.96860674e-02],
       [1.64475069e-03, 1.42293942e-03, 2.40123216e-03, ...,
        1.96257370e-02, 1.96860674e-02, 0.00000000e+00]], shape=(45, 45))}
{'bond-orders': array([[0.00000000e+00, 3.05566383e-01, 1.88984952e-02, ...,
        1.55095713e-04, 1.44357855e-04, 1.64475069e-03],
       [3.05566383e-01, 0.00000000e+00, 2.02235929e-02, ...,
        7.43621530e-05, 3.09456368e-05, 1.42293942e-03],
       [1.88984952e-02, 2.02235929e-02, 0.00000000e+00, ...,
        1.14976571e-04, 1.07549084e-04, 2.40123216e-03],
       ...,
       [1.55095713e-04, 7.43621530e-05, 1.14976571e-04, ...,
        0.00000000e+00, 3.73881615e-03, 1.96257370e-02],
       [1.44357855e-04, 3.09456368e-05, 1.07549084e-04, ...,
        3.73881615e-03, 0.00000000e+00, 1.96860674e-02],
       [1.64475069e-03, 1.42293942e-03, 2.40123216e-03, ...,
        1.96257370e-02, 1.96860674e-02, 0.00000000e+00]], shape=(45, 45)), 'molecular-dipole': array([1.19602862, 3.07178036, 0.19779375])}
{'bond-orders': array([[0.00000000e+00, 3.05566383e-01, 1.88984952e-02, ...,
        1.55095713e-04, 1.44357855e-04, 1.64475069e-03],
       [3.05566383e-01, 0.00000000e+00, 2.02235929e-02, ...,
        7.43621530e-05, 3.09456368e-05, 1.42293942e-03],
       [1.88984952e-02, 2.02235929e-02, 0.00000000e+00, ...,
        1.14976571e-04, 1.07549084e-04, 2.40123216e-03],
       ...,
       [1.55095713e-04, 7.43621530e-05, 1.14976571e-04, ...,
        0.00000000e+00, 3.73881615e-03, 1.96257370e-02],
       [1.44357855e-04, 3.09456368e-05, 1.07549084e-04, ...,
        3.73881615e-03, 0.00000000e+00, 1.96860674e-02],
       [1.64475069e-03, 1.42293942e-03, 2.40123216e-03, ...,
        1.96257370e-02, 1.96860674e-02, 0.00000000e+00]], shape=(45, 45)), 'molecular-dipole': array([1.19602862, 3.07178036, 0.19779375]), 'molecular-quadrupole': array([ -4.48063392, 214.78294506,  -8.08520922, 178.20477374,
       376.85472749,  12.56584314])}
------------------------------------------------------------
  cycle        total energy    energy error   density error
------------------------------------------------------------
      1     -163.5737909855  -1.6333264E+02   3.5865058E-03
      2     -163.5680389486   5.7520368E-03   8.6752589E-03
      3     -163.5499166281   1.8122321E-02   8.8797277E-03
      4     -163.5717755305  -2.1858902E-02   3.1110119E-03
      5     -163.5742965587  -2.5210283E-03   8.8813274E-04
      6     -163.5742363477   6.0211002E-05   1.2366018E-03
      7     -163.5743081684  -7.1820643E-05   7.1620082E-04
      8     -163.5743407267  -3.2558272E-05   2.0846259E-04
      9     -163.5743431188  -2.3921715E-06   7.1830912E-05
     10     -163.5743433433  -2.2442168E-07   3.5492500E-05
     11     -163.5743434174  -7.4140672E-08   8.9716100E-06
------------------------------------------------------------

 total:                                  12.789 sec
3
{'bond-orders': array([[0.00000000e+00, 3.05565800e-01, 1.90834374e-02, ...,
        1.50036199e-04, 1.48009453e-04, 1.62181897e-03],
       [3.05565800e-01, 0.00000000e+00, 2.03709821e-02, ...,
        6.87409622e-05, 2.97845236e-05, 1.37724829e-03],
       [1.90834374e-02, 2.03709821e-02, 0.00000000e+00, ...,
        1.15300020e-04, 1.12436004e-04, 2.39562580e-03],
       ...,
       [1.50036199e-04, 6.87409622e-05, 1.15300020e-04, ...,
        0.00000000e+00, 3.72530202e-03, 1.94884320e-02],
       [1.48009453e-04, 2.97845236e-05, 1.12436004e-04, ...,
        3.72530202e-03, 0.00000000e+00, 1.96481895e-02],
       [1.62181897e-03, 1.37724829e-03, 2.39562580e-03, ...,
        1.94884320e-02, 1.96481895e-02, 0.00000000e+00]], shape=(45, 45))}
{'bond-orders': array([[0.00000000e+00, 3.05565800e-01, 1.90834374e-02, ...,
        1.50036199e-04, 1.48009453e-04, 1.62181897e-03],
       [3.05565800e-01, 0.00000000e+00, 2.03709821e-02, ...,
        6.87409622e-05, 2.97845236e-05, 1.37724829e-03],
       [1.90834374e-02, 2.03709821e-02, 0.00000000e+00, ...,
        1.15300020e-04, 1.12436004e-04, 2.39562580e-03],
       ...,
       [1.50036199e-04, 6.87409622e-05, 1.15300020e-04, ...,
        0.00000000e+00, 3.72530202e-03, 1.94884320e-02],
       [1.48009453e-04, 2.97845236e-05, 1.12436004e-04, ...,
        3.72530202e-03, 0.00000000e+00, 1.96481895e-02],
       [1.62181897e-03, 1.37724829e-03, 2.39562580e-03, ...,
        1.94884320e-02, 1.96481895e-02, 0.00000000e+00]], shape=(45, 45)), 'molecular-dipole': array([1.08179832, 2.92398043, 0.15564068])}
{'bond-orders': array([[0.00000000e+00, 3.05565800e-01, 1.90834374e-02, ...,
        1.50036199e-04, 1.48009453e-04, 1.62181897e-03],
       [3.05565800e-01, 0.00000000e+00, 2.03709821e-02, ...,
        6.87409622e-05, 2.97845236e-05, 1.37724829e-03],
       [1.90834374e-02, 2.03709821e-02, 0.00000000e+00, ...,
        1.15300020e-04, 1.12436004e-04, 2.39562580e-03],
       ...,
       [1.50036199e-04, 6.87409622e-05, 1.15300020e-04, ...,
        0.00000000e+00, 3.72530202e-03, 1.94884320e-02],
       [1.48009453e-04, 2.97845236e-05, 1.12436004e-04, ...,
        3.72530202e-03, 0.00000000e+00, 1.96481895e-02],
       [1.62181897e-03, 1.37724829e-03, 2.39562580e-03, ...,
        1.94884320e-02, 1.96481895e-02, 0.00000000e+00]], shape=(45, 45)), 'molecular-dipole': array([1.08179832, 2.92398043, 0.15564068]), 'molecular-quadrupole': array([ -5.78890485, 203.13777884,  -7.07124586, 161.89977432,
       357.60054   ,  12.86015071])}
------------------------------------------------------------
  cycle        total energy    energy error   density error
------------------------------------------------------------
      1     -163.5745535013  -1.6333197E+02   7.0374315E-04
      2     -163.5744092883   1.4421299E-04   1.1759768E-03
      3     -163.5730874408   1.3218475E-03   2.1709730E-03
      4     -163.5744901204  -1.4026796E-03   5.7378234E-04
      5     -163.5745636720  -7.3551623E-05   3.2114828E-04
      6     -163.5745618668   1.8052293E-06   3.4958219E-04
      7     -163.5745692401  -7.3733137E-06   1.0782734E-04
      8     -163.5745698503  -6.1014552E-07   5.0280206E-05
      9     -163.5745699135  -6.3261126E-08   2.9753659E-05
     10     -163.5745699647  -5.1150437E-08   7.7073866E-06
------------------------------------------------------------

 total:                                  12.478 sec
3
{'bond-orders': array([[0.00000000e+00, 3.05533045e-01, 1.90915356e-02, ...,
        1.48343552e-04, 1.45160688e-04, 1.61098724e-03],
       [3.05533045e-01, 0.00000000e+00, 2.03560761e-02, ...,
        6.67068555e-05, 2.94415745e-05, 1.38126863e-03],
       [1.90915356e-02, 2.03560761e-02, 0.00000000e+00, ...,
        1.09617754e-04, 1.09548390e-04, 2.38134040e-03],
       ...,
       [1.48343552e-04, 6.67068555e-05, 1.09617754e-04, ...,
        0.00000000e+00, 3.73554063e-03, 1.93467678e-02],
       [1.45160688e-04, 2.94415745e-05, 1.09548390e-04, ...,
        3.73554063e-03, 0.00000000e+00, 1.95216939e-02],
       [1.61098724e-03, 1.38126863e-03, 2.38134040e-03, ...,
        1.93467678e-02, 1.95216939e-02, 0.00000000e+00]], shape=(45, 45))}
{'bond-orders': array([[0.00000000e+00, 3.05533045e-01, 1.90915356e-02, ...,
        1.48343552e-04, 1.45160688e-04, 1.61098724e-03],
       [3.05533045e-01, 0.00000000e+00, 2.03560761e-02, ...,
        6.67068555e-05, 2.94415745e-05, 1.38126863e-03],
       [1.90915356e-02, 2.03560761e-02, 0.00000000e+00, ...,
        1.09617754e-04, 1.09548390e-04, 2.38134040e-03],
       ...,
       [1.48343552e-04, 6.67068555e-05, 1.09617754e-04, ...,
        0.00000000e+00, 3.73554063e-03, 1.93467678e-02],
       [1.45160688e-04, 2.94415745e-05, 1.09548390e-04, ...,
        3.73554063e-03, 0.00000000e+00, 1.95216939e-02],
       [1.61098724e-03, 1.38126863e-03, 2.38134040e-03, ...,
        1.93467678e-02, 1.95216939e-02, 0.00000000e+00]], shape=(45, 45)), 'molecular-dipole': array([1.08231647, 2.93987395, 0.15987132])}
{'bond-orders': array([[0.00000000e+00, 3.05533045e-01, 1.90915356e-02, ...,
        1.48343552e-04, 1.45160688e-04, 1.61098724e-03],
       [3.05533045e-01, 0.00000000e+00, 2.03560761e-02, ...,
        6.67068555e-05, 2.94415745e-05, 1.38126863e-03],
       [1.90915356e-02, 2.03560761e-02, 0.00000000e+00, ...,
        1.09617754e-04, 1.09548390e-04, 2.38134040e-03],
       ...,
       [1.48343552e-04, 6.67068555e-05, 1.09617754e-04, ...,
        0.00000000e+00, 3.73554063e-03, 1.93467678e-02],
       [1.45160688e-04, 2.94415745e-05, 1.09548390e-04, ...,
        3.73554063e-03, 0.00000000e+00, 1.95216939e-02],
       [1.61098724e-03, 1.38126863e-03, 2.38134040e-03, ...,
        1.93467678e-02, 1.95216939e-02, 0.00000000e+00]], shape=(45, 45)), 'molecular-dipole': array([1.08231647, 2.93987395, 0.15987132]), 'molecular-quadrupole': array([ -5.97119868, 204.18420525,  -7.05405764, 162.06579765,
       359.58061565,  13.02525632])}
Using Materials Project MACE for MACECalculator with /home/ans819/.cache/mace/20231203mace128L1_epoch199model
Using float32 for MACECalculator, which is faster but less accurate. Recommended for MD. Use float64 for geometry optimization.
Using head Default out of ['Default']
Default dtype float32 does not match model dtype float64, converting models to float32.
CHGNet v0.3.0 initialized with 412,525 parameters
CHGNet will run on cpu
   30  Ag     12    4.39   0.01         0    2    0   0.009   17.160688   10.330618   32.227583
   31  Ag      7    3.92   0.18         0    2    0   0.016   25.886461   13.892900   33.820684
   32  Ag      9    4.27   0.07         0    2    0   0.014   22.396152    9.618162   33.820684
   33  Ag      8    4.14   0.12         0    2    0   0.016   13.670379   13.180444   35.413785
   34  Ag      9    4.27   0.07         0    2    0   0.012   10.180069    8.905705   35.413785
   35  Ag      9    4.27   0.07         0    2    0   0.014   18.905843   12.467987   37.006886
   36  Ag      5    3.15   0.34         0    2    0   0.018   22.396152   16.742726   37.006886
   37  Ag      6    3.59   0.26         0    2    0   0.023   24.141307   11.755531   38.599987
   38  Ag      3    2.00   0.41         2    2    0   0.013   27.631616   16.030269   38.599987
   39  Ag      5    3.15   0.32         0    2    0   0.023   11.925224   11.043075   40.193088
   40  Ag      3    2.00   0.39         2    2    0   0.008   15.415533   15.317813   40.193088
   41  C       4    3.48   0.00         3    0    0   0.064   13.697799    4.277415   44.109610
   42  H       1    0.97   0.01         0    0    0  -0.095   15.474312    3.949382   45.174512
   43  H       1    0.97   0.01         0    0    0  -0.095   12.923201    6.144228   44.617042
   44  H       1    0.97   0.01         0    0    0  -0.095   12.353294    2.779722   44.720114
   45  O       2    1.68   0.00         3    0    0  -0.514   14.044062    3.984424   41.525957

          #atoms :   45
          #bonds :   138
          #angl  :   199
          #tors  :   3
          #nmol  :   1
          #optfrag :   1
