/home/ans819/.conda/envs/autoflow/lib/python3.13/site-packages/e3nn/o3/_wigner.py:10: UserWarning: Environment variable TORCH_FORCE_NO_WEIGHTS_ONLY_LOAD detected, since the`weights_only` argument was not explicitly passed to `torch.load`, forcing weights_only=False.
  _Jd, _W3j_flat, _W3j_indices = torch.load(os.path.join(os.path.dirname(__file__), 'constants.pt'))

          ==================== Thresholds ====================
          CN  :   150.00000
          rep :   500.00000
          disp:  2500.00000
          HB1 :   250.00000
          HB2 :   450.00000

          Pauling EN used:
          Z : 1  EN :  2.20
          Z : 6  EN :  2.55
          Z : 8  EN :  3.44
          Z :47  EN :  1.93
          electric field strengths (au): 0.000

           ------------------------------------------------- 
          |           Force Field Initialization            |
           ------------------------------------------------- 

          distances ...
          ----------------------------------------
          generating topology and atomic info file ...
          pair mat ...
          computing topology distances matrix with Floyd-Warshall algo ...
          making topology EEQ charges ...
          #fragments for EEQ constrain: 1
          ----------------------------------------
          generating topology and atomic info file ...
          pair mat ...
          computing topology distances matrix with Floyd-Warshall algo ...
          making topology EEQ charges ...
          #fragments for EEQ constrain: 1
          rings ...
          # BATM   2954
          # H in HB   0

  atom   neighbors  erfCN metchar sp-hybrid imet pi  qest     coordinates
    1  Ag      2    1.35   0.37         2    2    0   0.006    3.601667    0.848841   24.617380
    2  Ag      5    3.15   0.31         0    2    0   0.020    7.091977    5.123580   24.617380
    3  Ag      9    4.27   0.07         0    2    0   0.009   15.817750    8.685862   26.210481
    4  Ag      7    3.92   0.19         0    2    0   0.015   12.327441    4.411123   26.210481
    5  Ag      7    3.92   0.19         0    2    0   0.014   21.053214    7.973405   27.803582
    6  Ag      6    3.59   0.27         0    2    0   0.014   17.562905    3.698667   27.803582
    7  Ag      9    4.27   0.07         0    2    0   0.016    8.837131    7.260949   29.396683
    8  Ag      6    3.59   0.23         0    2    0   0.023    5.346822    2.986210   29.396683
    9  Ag     12    4.39   0.01         0    2    0   0.005   14.072595    6.548492   30.989784
   10  Ag      7    3.92   0.19         0    2    0   0.020   10.582286    2.273754   30.989784
   11  Ag      9    4.27   0.07         0    2    0   0.009   19.308059    5.836036   32.582885
   12  Ag      6    3.59   0.27         0    2    0   0.016   15.817750    1.561298   32.582885
   13  Ag      8    4.14   0.11         0    2    0   0.029    7.091977    5.123580   34.175985
   14  Ag      3    2.00   0.37         2    2    0   0.032    3.601667    0.848841   34.175985
   15  Ag      8    4.14   0.12         0    2    0   0.016   12.327441    4.411123   35.769086
   16  Ag     10    4.34   0.04         0    2    0   0.008   15.817750    8.685862   35.769086
   17  Ag      5    3.15   0.34         0    2    0   0.018   17.562905    3.698667   37.362187
   18  Ag      6    3.59   0.26         0    2    0   0.014   21.053214    7.973405   37.362187
   19  Ag      4    2.82   0.26         3    2    0   0.120    5.346822    2.986210   38.955288
   20  Ag      5    3.15   0.32         0    2    0   0.036    8.837131    7.260949   38.955288
   21  Ag      6    3.59   0.26         0    2    0   0.017   10.582286    9.398318   24.617380
   22  Ag      5    3.15   0.34         0    2    0   0.016   14.072595   13.673056   24.617380
   23  Ag      4    2.61   0.38         3    2    0   0.019   22.798369   17.235338   26.210481
   24  Ag      8    4.14   0.12         0    2    0   0.013   19.308059   12.960600   26.210481
   25  Ag      3    2.00   0.39         2    2    0   0.014   28.033833   16.522882   27.803582
   26  Ag      7    3.92   0.19         0    2    0   0.016   24.543523   12.248144   27.803582
   27  Ag      6    3.59   0.27         0    2    0   0.013   15.817750   15.810426   29.396683
   28  Ag      9    4.27   0.07         0    2    0   0.010   12.327441   11.535687   29.396683
   29  Ag      9    4.27   0.07         0    2    0   0.011   21.053214   15.097969   30.989784
/home/ans819/.conda/envs/autoflow/lib/python3.13/site-packages/mace/calculators/mace.py:197: UserWarning: Environment variable TORCH_FORCE_NO_WEIGHTS_ONLY_LOAD detected, since the`weights_only` argument was not explicitly passed to `torch.load`, forcing weights_only=False.
  torch.load(f=model_path, map_location=device)
/home/ans819/.conda/envs/autoflow/lib/python3.13/site-packages/chgnet/model/model.py:898: UserWarning: Converting a tensor with requires_grad=True to a scalar may lead to unexpected behavior.
Consider using tensor.detach() first. (Triggered internally at /pytorch/torch/csrc/autograd/generated/python_variable_methods.cpp:836.)
  volumes = torch.tensor(volumes, dtype=TORCH_DTYPE, device=atomic_numbers.device)
cuequivariance or cuequivariance_torch is not available. Cuequivariance acceleration will be disabled.
------------------------------------------------------------
  cycle        total energy    energy error   density error
------------------------------------------------------------
      1     -163.2207307071  -1.6298212E+02   9.9738469E-01
      2     -160.7404074353   2.4803233E+00   6.2269805E-01
      3      664.8216693058   8.2556208E+02   1.9267903E+00
      4     -117.2364556628  -7.8205812E+02   8.7799471E-01
      5     -25.00215952126   9.2234296E+01   8.4194841E-01
      6     -138.9345275817  -1.1393237E+02   3.4867332E-01
      7     -160.5403044749  -2.1605777E+01   1.3897867E-01
      8     -160.3944086613   1.4589581E-01   1.1267475E-01
      9     -162.2241013756  -1.8296927E+00   7.2905738E-02
     10     -163.4757946762  -1.2516933E+00   4.0251181E-02
     11     -163.5354116982  -5.9617022E-02   3.2242368E-02
     12     -163.5387340438  -3.3223456E-03   2.8186302E-02
     13     -163.5270902325   1.1643811E-02   2.5345517E-02
     14     -163.5153301005   1.1760132E-02   2.4653481E-02
     15     -163.5308667769  -1.5536676E-02   2.1265117E-02
     16     -163.5331135295  -2.2467527E-03   1.9264530E-02
     17     -163.5336977080  -5.8417843E-04   1.6407954E-02
     18     -163.5367780687  -3.0803607E-03   1.3701399E-02
     19     -163.5382833343  -1.5052656E-03   1.2730998E-02
     20     -163.5403543579  -2.0710236E-03   9.6842800E-03
     21     -163.5412679936  -9.1363564E-04   8.5683601E-03
     22     -163.5418859583  -6.1796477E-04   7.9393274E-03
     23     -163.5424782332  -5.9227484E-04   7.0760223E-03
     24     -163.5433227722  -8.4453902E-04   5.0578135E-03
     25     -163.5434552848  -1.3251258E-04   4.1112067E-03
     26     -163.5438103336  -3.5504880E-04   2.7662290E-03
     27     -163.5440062716  -1.9593798E-04   1.6431589E-03
     28     -163.5440199797  -1.3708133E-05   1.4840157E-03
     29     -163.5440320479  -1.2068254E-05   1.3647424E-03
     30     -163.5440676015  -3.5553532E-05   1.2733523E-03
     31     -163.5440783347  -1.0733223E-05   9.6288005E-04
     32     -163.5440847724  -6.4377242E-06   6.5834906E-04
     33     -163.5440894290  -4.6566030E-06   4.2710089E-04
     34     -163.5440921910  -2.7619540E-06   1.2305242E-04
     35     -163.5440922292  -3.8219952E-08   7.8469585E-05
     36     -163.5440924423  -2.1305925E-07   2.3547678E-05
     37     -163.5440924488  -6.4978281E-09   9.6850775E-06
------------------------------------------------------------

 total:                                  19.067 sec
3
{'bond-orders': array([[0.00000000e+00, 3.04243439e-01, 1.89000788e-02, ...,
        1.19220403e-04, 9.68433990e-05, 1.95673209e-03],
       [3.04243439e-01, 0.00000000e+00, 1.88976081e-02, ...,
        8.64150729e-05, 1.05874980e-04, 2.00876846e-03],
       [1.89000788e-02, 1.88976081e-02, 0.00000000e+00, ...,
        1.12965028e-04, 4.50846679e-05, 1.34570454e-03],
       ...,
       [1.19220403e-04, 8.64150729e-05, 1.12965028e-04, ...,
        0.00000000e+00, 3.57830691e-03, 2.02054893e-02],
       [9.68433990e-05, 1.05874980e-04, 4.50846679e-05, ...,
        3.57830691e-03, 0.00000000e+00, 1.85802399e-02],
       [1.95673209e-03, 2.00876846e-03, 1.34570454e-03, ...,
        2.02054893e-02, 1.85802399e-02, 0.00000000e+00]], shape=(45, 45))}
{'bond-orders': array([[0.00000000e+00, 3.04243439e-01, 1.89000788e-02, ...,
        1.19220403e-04, 9.68433990e-05, 1.95673209e-03],
       [3.04243439e-01, 0.00000000e+00, 1.88976081e-02, ...,
        8.64150729e-05, 1.05874980e-04, 2.00876846e-03],
       [1.89000788e-02, 1.88976081e-02, 0.00000000e+00, ...,
        1.12965028e-04, 4.50846679e-05, 1.34570454e-03],
       ...,
       [1.19220403e-04, 8.64150729e-05, 1.12965028e-04, ...,
        0.00000000e+00, 3.57830691e-03, 2.02054893e-02],
       [9.68433990e-05, 1.05874980e-04, 4.50846679e-05, ...,
        3.57830691e-03, 0.00000000e+00, 1.85802399e-02],
       [1.95673209e-03, 2.00876846e-03, 1.34570454e-03, ...,
        2.02054893e-02, 1.85802399e-02, 0.00000000e+00]], shape=(45, 45)), 'molecular-dipole': array([ 1.911114  ,  2.01716964, -1.13287811])}
{'bond-orders': array([[0.00000000e+00, 3.04243439e-01, 1.89000788e-02, ...,
        1.19220403e-04, 9.68433990e-05, 1.95673209e-03],
       [3.04243439e-01, 0.00000000e+00, 1.88976081e-02, ...,
        8.64150729e-05, 1.05874980e-04, 2.00876846e-03],
       [1.89000788e-02, 1.88976081e-02, 0.00000000e+00, ...,
        1.12965028e-04, 4.50846679e-05, 1.34570454e-03],
       ...,
       [1.19220403e-04, 8.64150729e-05, 1.12965028e-04, ...,
        0.00000000e+00, 3.57830691e-03, 2.02054893e-02],
       [9.68433990e-05, 1.05874980e-04, 4.50846679e-05, ...,
        3.57830691e-03, 0.00000000e+00, 1.85802399e-02],
       [1.95673209e-03, 2.00876846e-03, 1.34570454e-03, ...,
        2.02054893e-02, 1.85802399e-02, 0.00000000e+00]], shape=(45, 45)), 'molecular-dipole': array([ 1.911114  ,  2.01716964, -1.13287811]), 'molecular-quadrupole': array([ 45.28037523, 107.22641283,  20.89137302, 248.31890999,
       240.26727287, -66.17174825])}
------------------------------------------------------------
  cycle        total energy    energy error   density error
------------------------------------------------------------
      1     -163.5445260472  -1.6330693E+02   1.0776880E-03
      2     -163.5400653819   4.4606653E-03   3.7873192E-03
      3     -163.5425058128  -2.4404309E-03   2.6361775E-03
      4     -163.5445487356  -2.0429228E-03   6.3712140E-04
      5     -163.5445646766  -1.5940997E-05   3.2210633E-04
      6     -163.5445674947  -2.8181057E-06   2.4532674E-04
      7     -163.5445692571  -1.7623789E-06   1.4254709E-04
      8     -163.5445683410   9.1615530E-07   1.3114680E-04
      9     -163.5445698740  -1.5330798E-06   5.6400288E-05
     10     -163.5445703199  -4.4585707E-07   2.7045047E-05
     11     -163.5445704335  -1.1358847E-07   1.3762773E-05
------------------------------------------------------------

 total:                                  11.860 sec
3
{'bond-orders': array([[0.00000000e+00, 3.04232984e-01, 1.88670960e-02, ...,
        1.36429091e-04, 1.01061519e-04, 2.00966318e-03],
       [3.04232984e-01, 0.00000000e+00, 1.88681032e-02, ...,
        9.90342305e-05, 1.02742547e-04, 2.00787062e-03],
       [1.88670960e-02, 1.88681032e-02, 0.00000000e+00, ...,
        1.35833658e-04, 4.67768654e-05, 1.40450407e-03],
       ...,
       [1.36429091e-04, 9.90342305e-05, 1.35833658e-04, ...,
        0.00000000e+00, 3.75115794e-03, 2.12827975e-02],
       [1.01061519e-04, 1.02742547e-04, 4.67768654e-05, ...,
        3.75115794e-03, 0.00000000e+00, 1.89874959e-02],
       [2.00966318e-03, 2.00787062e-03, 1.40450407e-03, ...,
        2.12827975e-02, 1.89874959e-02, 0.00000000e+00]], shape=(45, 45))}
{'bond-orders': array([[0.00000000e+00, 3.04232984e-01, 1.88670960e-02, ...,
        1.36429091e-04, 1.01061519e-04, 2.00966318e-03],
       [3.04232984e-01, 0.00000000e+00, 1.88681032e-02, ...,
        9.90342305e-05, 1.02742547e-04, 2.00787062e-03],
       [1.88670960e-02, 1.88681032e-02, 0.00000000e+00, ...,
        1.35833658e-04, 4.67768654e-05, 1.40450407e-03],
       ...,
       [1.36429091e-04, 9.90342305e-05, 1.35833658e-04, ...,
        0.00000000e+00, 3.75115794e-03, 2.12827975e-02],
       [1.01061519e-04, 1.02742547e-04, 4.67768654e-05, ...,
        3.75115794e-03, 0.00000000e+00, 1.89874959e-02],
       [2.00966318e-03, 2.00787062e-03, 1.40450407e-03, ...,
        2.12827975e-02, 1.89874959e-02, 0.00000000e+00]], shape=(45, 45)), 'molecular-dipole': array([ 1.91782082,  2.01080113, -1.17606834])}
{'bond-orders': array([[0.00000000e+00, 3.04232984e-01, 1.88670960e-02, ...,
        1.36429091e-04, 1.01061519e-04, 2.00966318e-03],
       [3.04232984e-01, 0.00000000e+00, 1.88681032e-02, ...,
        9.90342305e-05, 1.02742547e-04, 2.00787062e-03],
       [1.88670960e-02, 1.88681032e-02, 0.00000000e+00, ...,
        1.35833658e-04, 4.67768654e-05, 1.40450407e-03],
       ...,
       [1.36429091e-04, 9.90342305e-05, 1.35833658e-04, ...,
        0.00000000e+00, 3.75115794e-03, 2.12827975e-02],
       [1.01061519e-04, 1.02742547e-04, 4.67768654e-05, ...,
        3.75115794e-03, 0.00000000e+00, 1.89874959e-02],
       [2.00966318e-03, 2.00787062e-03, 1.40450407e-03, ...,
        2.12827975e-02, 1.89874959e-02, 0.00000000e+00]], shape=(45, 45)), 'molecular-dipole': array([ 1.91782082,  2.01080113, -1.17606834]), 'molecular-quadrupole': array([ 47.113864  , 107.3174931 ,  22.51151416, 247.85738904,
       238.83367817, -69.62537816])}
------------------------------------------------------------
  cycle        total energy    energy error   density error
------------------------------------------------------------
      1     -163.5447926087  -1.6330812E+02   5.1109105E-04
      2     -163.5420098597   2.7827490E-03   3.0261439E-03
      3     -163.5445532728  -2.5434131E-03   9.4494937E-04
      4     -163.5448081689  -2.5489608E-04   3.0543093E-04
      5     -163.5448086803  -5.1141294E-07   2.6108999E-04
      6     -163.5448128297  -4.1494795E-06   1.9234569E-04
      7     -163.5448152255  -2.3957666E-06   6.5226300E-05
      8     -163.5448153812  -1.5566536E-07   3.7845943E-05
      9     -163.5448154383  -5.7119649E-08   1.6558933E-05
------------------------------------------------------------

 total:                                  11.287 sec
3
{'bond-orders': array([[0.00000000e+00, 3.04249089e-01, 1.88476777e-02, ...,
        1.45027961e-04, 1.02048252e-04, 2.05744934e-03],
       [3.04249089e-01, 0.00000000e+00, 1.88545378e-02, ...,
        1.05967820e-04, 9.61556509e-05, 1.99657703e-03],
       [1.88476777e-02, 1.88545378e-02, 0.00000000e+00, ...,
        1.49940500e-04, 4.71591822e-05, 1.45014112e-03],
       ...,
       [1.45027961e-04, 1.05967820e-04, 1.49940500e-04, ...,
        0.00000000e+00, 3.85082775e-03, 2.14769255e-02],
       [1.02048252e-04, 9.61556509e-05, 4.71591822e-05, ...,
        3.85082775e-03, 0.00000000e+00, 1.92517215e-02],
       [2.05744934e-03, 1.99657703e-03, 1.45014112e-03, ...,
        2.14769255e-02, 1.92517215e-02, 0.00000000e+00]], shape=(45, 45))}
{'bond-orders': array([[0.00000000e+00, 3.04249089e-01, 1.88476777e-02, ...,
        1.45027961e-04, 1.02048252e-04, 2.05744934e-03],
       [3.04249089e-01, 0.00000000e+00, 1.88545378e-02, ...,
        1.05967820e-04, 9.61556509e-05, 1.99657703e-03],
       [1.88476777e-02, 1.88545378e-02, 0.00000000e+00, ...,
        1.49940500e-04, 4.71591822e-05, 1.45014112e-03],
       ...,
       [1.45027961e-04, 1.05967820e-04, 1.49940500e-04, ...,
        0.00000000e+00, 3.85082775e-03, 2.14769255e-02],
       [1.02048252e-04, 9.61556509e-05, 4.71591822e-05, ...,
        3.85082775e-03, 0.00000000e+00, 1.92517215e-02],
       [2.05744934e-03, 1.99657703e-03, 1.45014112e-03, ...,
        2.14769255e-02, 1.92517215e-02, 0.00000000e+00]], shape=(45, 45)), 'molecular-dipole': array([ 1.91191569,  1.99705178, -1.18840964])}
{'bond-orders': array([[0.00000000e+00, 3.04249089e-01, 1.88476777e-02, ...,
        1.45027961e-04, 1.02048252e-04, 2.05744934e-03],
       [3.04249089e-01, 0.00000000e+00, 1.88545378e-02, ...,
        1.05967820e-04, 9.61556509e-05, 1.99657703e-03],
       [1.88476777e-02, 1.88545378e-02, 0.00000000e+00, ...,
        1.49940500e-04, 4.71591822e-05, 1.45014112e-03],
       ...,
       [1.45027961e-04, 1.05967820e-04, 1.49940500e-04, ...,
        0.00000000e+00, 3.85082775e-03, 2.14769255e-02],
       [1.02048252e-04, 9.61556509e-05, 4.71591822e-05, ...,
        3.85082775e-03, 0.00000000e+00, 1.92517215e-02],
       [2.05744934e-03, 1.99657703e-03, 1.45014112e-03, ...,
        2.14769255e-02, 1.92517215e-02, 0.00000000e+00]], shape=(45, 45)), 'molecular-dipole': array([ 1.91191569,  1.99705178, -1.18840964]), 'molecular-quadrupole': array([ 47.54223633, 106.78671831,  22.92193432, 246.74751904,
       236.90623721, -70.46417064])}
------------------------------------------------------------
  cycle        total energy    energy error   density error
------------------------------------------------------------
      1     -163.5450363992  -1.6330920E+02   6.3727076E-04
      2     -163.5424920043   2.5443949E-03   2.9407195E-03
      3     -163.5442670407  -1.7750364E-03   1.6158343E-03
      4     -163.5450498094  -7.8276876E-04   4.0291719E-04
      5     -163.5450511767  -1.3672977E-06   3.4339099E-04
      6     -163.5450569601  -5.7834058E-06   2.3239967E-04
      7     -163.5450603058  -3.3456441E-06   9.5616231E-05
      8     -163.5450608929  -5.8707158E-07   2.6368643E-05
      9     -163.5450609064  -1.3580035E-08   2.0777738E-05
     10     -163.5450609236  -1.7204115E-08   1.2182474E-05
------------------------------------------------------------

 total:                                  11.606 sec
3
{'bond-orders': array([[0.00000000e+00, 3.04262652e-01, 1.88284757e-02, ...,
        1.52173627e-04, 1.02912331e-04, 2.13080373e-03],
       [3.04262652e-01, 0.00000000e+00, 1.88429047e-02, ...,
        1.12558527e-04, 8.56962755e-05, 1.97572659e-03],
       [1.88284757e-02, 1.88429047e-02, 0.00000000e+00, ...,
        1.64698689e-04, 4.80526668e-05, 1.51174073e-03],
       ...,
       [1.52173627e-04, 1.12558527e-04, 1.64698689e-04, ...,
        0.00000000e+00, 3.99174010e-03, 2.12933082e-02],
       [1.02912331e-04, 8.56962755e-05, 4.80526668e-05, ...,
        3.99174010e-03, 0.00000000e+00, 1.96811958e-02],
       [2.13080373e-03, 1.97572659e-03, 1.51174073e-03, ...,
        2.12933082e-02, 1.96811958e-02, 0.00000000e+00]], shape=(45, 45))}
{'bond-orders': array([[0.00000000e+00, 3.04262652e-01, 1.88284757e-02, ...,
        1.52173627e-04, 1.02912331e-04, 2.13080373e-03],
       [3.04262652e-01, 0.00000000e+00, 1.88429047e-02, ...,
        1.12558527e-04, 8.56962755e-05, 1.97572659e-03],
       [1.88284757e-02, 1.88429047e-02, 0.00000000e+00, ...,
        1.64698689e-04, 4.80526668e-05, 1.51174073e-03],
       ...,
       [1.52173627e-04, 1.12558527e-04, 1.64698689e-04, ...,
        0.00000000e+00, 3.99174010e-03, 2.12933082e-02],
       [1.02912331e-04, 8.56962755e-05, 4.80526668e-05, ...,
        3.99174010e-03, 0.00000000e+00, 1.96811958e-02],
       [2.13080373e-03, 1.97572659e-03, 1.51174073e-03, ...,
        2.12933082e-02, 1.96811958e-02, 0.00000000e+00]], shape=(45, 45)), 'molecular-dipole': array([ 1.88586811,  1.96212969, -1.19172102])}
{'bond-orders': array([[0.00000000e+00, 3.04262652e-01, 1.88284757e-02, ...,
        1.52173627e-04, 1.02912331e-04, 2.13080373e-03],
       [3.04262652e-01, 0.00000000e+00, 1.88429047e-02, ...,
        1.12558527e-04, 8.56962755e-05, 1.97572659e-03],
       [1.88284757e-02, 1.88429047e-02, 0.00000000e+00, ...,
        1.64698689e-04, 4.80526668e-05, 1.51174073e-03],
       ...,
       [1.52173627e-04, 1.12558527e-04, 1.64698689e-04, ...,
        0.00000000e+00, 3.99174010e-03, 2.12933082e-02],
       [1.02912331e-04, 8.56962755e-05, 4.80526668e-05, ...,
        3.99174010e-03, 0.00000000e+00, 1.96811958e-02],
       [2.13080373e-03, 1.97572659e-03, 1.51174073e-03, ...,
        2.12933082e-02, 1.96811958e-02, 0.00000000e+00]], shape=(45, 45)), 'molecular-dipole': array([ 1.88586811,  1.96212969, -1.19172102]), 'molecular-quadrupole': array([ 47.29043749, 104.85251002,  22.84593909, 243.51324206,
       232.62679025, -70.13637659])}
------------------------------------------------------------
  cycle        total energy    energy error   density error
------------------------------------------------------------
      1     -163.5451210792  -1.6330908E+02   2.8025608E-04
      2     -163.5450051168   1.1596244E-04   6.9641035E-04
      3     -163.5447777292   2.2738761E-04   1.0492126E-03
      4     -163.5451196766  -3.4194740E-04   2.0605376E-04
      5     -163.5451224568  -2.7802888E-06   1.4232808E-04
      6     -163.5451227381  -2.8126766E-07   1.1318647E-04
      7     -163.5451234395  -7.0142144E-07   6.0909085E-05
      8     -163.5451236499  -2.1034836E-07   1.7601735E-05
------------------------------------------------------------

 total:                                  11.012 sec
3
{'bond-orders': array([[0.00000000e+00, 3.04265215e-01, 1.88233338e-02, ...,
        1.51018903e-04, 1.02731200e-04, 2.15236458e-03],
       [3.04265215e-01, 0.00000000e+00, 1.88395877e-02, ...,
        1.12182538e-04, 8.19877757e-05, 1.96283326e-03],
       [1.88233338e-02, 1.88395877e-02, 0.00000000e+00, ...,
        1.64610703e-04, 4.82109607e-05, 1.51978995e-03],
       ...,
       [1.51018903e-04, 1.12182538e-04, 1.64610703e-04, ...,
        0.00000000e+00, 4.04580529e-03, 2.10615771e-02],
       [1.02731200e-04, 8.19877757e-05, 4.82109607e-05, ...,
        4.04580529e-03, 0.00000000e+00, 1.98588871e-02],
       [2.15236458e-03, 1.96283326e-03, 1.51978995e-03, ...,
        2.10615771e-02, 1.98588871e-02, 0.00000000e+00]], shape=(45, 45))}
{'bond-orders': array([[0.00000000e+00, 3.04265215e-01, 1.88233338e-02, ...,
        1.51018903e-04, 1.02731200e-04, 2.15236458e-03],
       [3.04265215e-01, 0.00000000e+00, 1.88395877e-02, ...,
        1.12182538e-04, 8.19877757e-05, 1.96283326e-03],
       [1.88233338e-02, 1.88395877e-02, 0.00000000e+00, ...,
        1.64610703e-04, 4.82109607e-05, 1.51978995e-03],
       ...,
       [1.51018903e-04, 1.12182538e-04, 1.64610703e-04, ...,
        0.00000000e+00, 4.04580529e-03, 2.10615771e-02],
       [1.02731200e-04, 8.19877757e-05, 4.82109607e-05, ...,
        4.04580529e-03, 0.00000000e+00, 1.98588871e-02],
       [2.15236458e-03, 1.96283326e-03, 1.51978995e-03, ...,
        2.10615771e-02, 1.98588871e-02, 0.00000000e+00]], shape=(45, 45)), 'molecular-dipole': array([ 1.87463025,  1.95055451, -1.18551151])}
{'bond-orders': array([[0.00000000e+00, 3.04265215e-01, 1.88233338e-02, ...,
        1.51018903e-04, 1.02731200e-04, 2.15236458e-03],
       [3.04265215e-01, 0.00000000e+00, 1.88395877e-02, ...,
        1.12182538e-04, 8.19877757e-05, 1.96283326e-03],
       [1.88233338e-02, 1.88395877e-02, 0.00000000e+00, ...,
        1.64610703e-04, 4.82109607e-05, 1.51978995e-03],
       ...,
       [1.51018903e-04, 1.12182538e-04, 1.64610703e-04, ...,
        0.00000000e+00, 4.04580529e-03, 2.10615771e-02],
       [1.02731200e-04, 8.19877757e-05, 4.82109607e-05, ...,
        4.04580529e-03, 0.00000000e+00, 1.98588871e-02],
       [2.15236458e-03, 1.96283326e-03, 1.51978995e-03, ...,
        2.10615771e-02, 1.98588871e-02, 0.00000000e+00]], shape=(45, 45)), 'molecular-dipole': array([ 1.87463025,  1.95055451, -1.18551151]), 'molecular-quadrupole': array([ 46.96358365, 104.22850729,  22.53057713, 242.22456258,
       231.19187455, -69.49416077])}
Using Materials Project MACE for MACECalculator with /home/ans819/.cache/mace/20231203mace128L1_epoch199model
Using float32 for MACECalculator, which is faster but less accurate. Recommended for MD. Use float64 for geometry optimization.
Using head Default out of ['Default']
Default dtype float32 does not match model dtype float64, converting models to float32.
CHGNet v0.3.0 initialized with 412,525 parameters
CHGNet will run on cpu
   30  Ag     12    4.39   0.01         0    2    0   0.005   17.562905   10.823231   30.989784
   31  Ag      7    3.92   0.18         0    2    0   0.018   26.288678   14.385513   32.582885
   32  Ag      9    4.27   0.07         0    2    0   0.011   22.798369   10.110774   32.582885
   33  Ag      8    4.14   0.12         0    2    0   0.012   14.072595   13.673056   34.175985
   34  Ag      9    4.27   0.07         0    2    0   0.013   10.582286    9.398318   34.175985
   35  Ag      9    4.27   0.07         0    2    0   0.010   19.308059   12.960600   35.769086
   36  Ag      5    3.15   0.34         0    2    0   0.019   22.798369   17.235338   35.769086
   37  Ag      6    3.59   0.26         0    2    0   0.018   24.543523   12.248144   37.362187
   38  Ag      3    2.00   0.41         2    2    0   0.014   28.033833   16.522882   37.362187
   39  Ag      5    3.15   0.32         0    2    0   0.025   12.327441   11.535687   38.955288
   40  Ag      3    2.00   0.39         2    2    0   0.011   15.817750   15.810426   38.955288
   41  C       4    3.48   0.00         3    0    0   0.065    6.681345    1.856998   45.114627
   42  H       1    0.97   0.01         0    0    0  -0.094    8.737587    1.994363   45.502728
   43  H       1    0.97   0.01         0    0    0  -0.094    5.647923    3.118160   46.412312
   44  H       1    0.97   0.01         0    0    0  -0.094    6.134656   -0.136384   45.503277
   45  O       2    1.88   0.00         3    0    0  -0.508    6.134588    2.319639   42.591133

          #atoms :   45
          #bonds :   138
          #angl  :   197
          #tors  :   2
          #nmol  :   1
          #optfrag :   1
