/home/ans819/.conda/envs/autoflow/lib/python3.13/site-packages/e3nn/o3/_wigner.py:10: UserWarning: Environment variable TORCH_FORCE_NO_WEIGHTS_ONLY_LOAD detected, since the`weights_only` argument was not explicitly passed to `torch.load`, forcing weights_only=False.
  _Jd, _W3j_flat, _W3j_indices = torch.load(os.path.join(os.path.dirname(__file__), 'constants.pt'))

          ==================== Thresholds ====================
          CN  :   150.00000
          rep :   500.00000
          disp:  2500.00000
          HB1 :   250.00000
          HB2 :   450.00000

          Pauling EN used:
          Z : 1  EN :  2.20
          Z : 6  EN :  2.55
          Z : 8  EN :  3.44
          Z :47  EN :  1.93
          electric field strengths (au): 0.000

           ------------------------------------------------- 
          |           Force Field Initialization            |
           ------------------------------------------------- 

          distances ...
          ----------------------------------------
          generating topology and atomic info file ...
          pair mat ...
          computing topology distances matrix with Floyd-Warshall algo ...
          making topology EEQ charges ...
          #fragments for EEQ constrain: 1
          ----------------------------------------
          generating topology and atomic info file ...
          pair mat ...
          computing topology distances matrix with Floyd-Warshall algo ...
          making topology EEQ charges ...
          #fragments for EEQ constrain: 1
          rings ...
          # BATM   6247
          # H in HB   1

  atom   neighbors  erfCN metchar sp-hybrid imet pi  qest     coordinates
    1  Ag      3    2.00   0.39         2    2    0   0.003   -0.000000    1.951142   26.987034
    2  Ag     11    4.37   0.02         0    2    0   0.007    8.277995    5.853427   29.746366
    3  Ag     10    4.34   0.04         0    2    0   0.007    2.759332    5.853427   29.746366
    4  Ag      5    3.15   0.32         0    2    0   0.013    5.518664    1.951142   26.987034
    5  Ag      8    4.14   0.12         0    2    0   0.011    5.518664    1.951142   32.505698
    6  Ag      9    4.27   0.07         0    2    0   0.009    2.759332    5.853427   35.265030
    7  Ag     12    4.39   0.01         0    2    0   0.014    8.277995    5.853427   35.265030
    8  Ag      4    2.61   0.38         3    2    0   0.013   -0.000000    1.951142   32.505698
    9  Ag     10    4.31   0.06         0    2    0   0.127   11.037327    1.951142   38.024361
   10  Ag     10    4.36   0.03         0    2    0   0.092    8.277995    5.853427   40.783693
   11  Ag      4    2.61   0.39         3    2    0   0.026    2.759332    5.853427   40.783693
   12  Ag      6    3.59   0.27         0    2    0   0.028    5.518664    1.951142   38.024361
   13  Ag      4    2.61   0.39         3    2    0   0.009   -0.000000    9.755711   26.987034
   14  Ag      7    3.92   0.19         0    2    0   0.009    8.277995   13.657996   29.746366
   15  Ag      6    3.59   0.27         0    2    0   0.013    2.759332   13.657996   29.746366
   16  Ag      7    3.92   0.19         0    2    0   0.010    5.518664    9.755711   26.987034
   17  Ag     12    4.39   0.01         0    2    0   0.007    5.518664    9.755711   32.505698
   18  Ag      6    3.59   0.26         0    2    0   0.016    2.759332   13.657996   35.265030
   19  Ag      8    4.14   0.12         0    2    0   0.009    8.277995   13.657996   35.265030
   20  Ag      6    3.59   0.27         0    2    0   0.012   -0.000000    9.755711   32.505698
   21  Ag     11    4.37   0.02         0    2    0   0.011   11.037327    9.755711   38.024361
   22  Ag      5    3.15   0.32         0    2    0   0.015    8.277995   13.657996   40.783693
   23  Ag      3    2.00   0.39         2    2    0   0.009    2.759332   13.657996   40.783693
   24  Ag     10    4.34   0.04         0    2    0   0.018    5.518664    9.755711   38.024361
   25  Ag      5    3.15   0.32         0    2    0   0.019   11.037327    1.951142   26.987034
   26  Ag      6    3.59   0.27         0    2    0   0.010   19.315323    5.853427   29.746366
   27  Ag     11    4.37   0.02         0    2    0   0.008   13.796659    5.853427   29.746366
   28  Ag      4    2.61   0.38         3    2    0   0.011   16.555991    1.951142   26.987034
   29  Ag      7    3.92   0.19         0    2    0   0.012   16.555991    1.951142   32.505698
/home/ans819/.conda/envs/autoflow/lib/python3.13/site-packages/mace/calculators/mace.py:197: UserWarning: Environment variable TORCH_FORCE_NO_WEIGHTS_ONLY_LOAD detected, since the`weights_only` argument was not explicitly passed to `torch.load`, forcing weights_only=False.
  torch.load(f=model_path, map_location=device)
/home/ans819/.conda/envs/autoflow/lib/python3.13/site-packages/chgnet/model/model.py:898: UserWarning: Converting a tensor with requires_grad=True to a scalar may lead to unexpected behavior.
Consider using tensor.detach() first. (Triggered internally at /pytorch/torch/csrc/autograd/generated/python_variable_methods.cpp:836.)
  volumes = torch.tensor(volumes, dtype=TORCH_DTYPE, device=atomic_numbers.device)
cuequivariance or cuequivariance_torch is not available. Cuequivariance acceleration will be disabled.
Using Materials Project MACE for MACECalculator with /home/ans819/.cache/mace/20231203mace128L1_epoch199model
Using float32 for MACECalculator, which is faster but less accurate. Recommended for MD. Use float64 for geometry optimization.
Using head Default out of ['Default']
Default dtype float32 does not match model dtype float64, converting models to float32.
CHGNet v0.3.0 initialized with 412,525 parameters
CHGNet will run on cpu
   30  Ag     12    4.39   0.01         0    2    0   0.014   13.796659    5.853427   35.265030
   31  Ag      9    4.27   0.07         0    2    0   0.009   19.315323    5.853427   35.265030
   32  Ag      8    4.14   0.12         0    2    0   0.026   11.037327    1.951142   32.505698
   33  Ag      3    2.00   0.41         2    2    0   0.011   22.074654    1.951142   38.024361
   34  Ag      6    3.59   0.27         0    2    0   0.027   19.315323    5.853427   40.783693
   35  Ag     10    4.38   0.02         0    2    0   0.091   13.796659    5.853427   40.783693
   36  Ag      7    3.92   0.19         0    2    0   0.027   16.555991    1.951142   38.024361
   37  Ag      7    3.92   0.19         0    2    0   0.008   11.037327    9.755711   26.987034
   38  Ag      4    2.61   0.38         3    2    0   0.012   19.315323   13.657996   29.746366
   39  Ag      7    3.92   0.19         0    2    0   0.009   13.796659   13.657996   29.746366
   40  Ag      6    3.59   0.27         0    2    0   0.012   16.555991    9.755711   26.987034
   41  Ag     11    4.37   0.02         0    2    0   0.008   16.555991    9.755711   32.505698
   42  Ag      8    4.14   0.12         0    2    0   0.009   13.796659   13.657996   35.265030
   43  Ag      6    3.59   0.26         0    2    0   0.016   19.315323   13.657996   35.265030
   44  Ag     12    4.39   0.01         0    2    0   0.004   11.037327    9.755711   32.505698
   45  Ag      5    3.15   0.34         0    2    0   0.016   22.074654    9.755711   38.024361
   46  Ag      4    2.61   0.38         3    2    0   0.016   19.315323   13.657996   40.783693
   47  Ag      5    3.15   0.32         0    2    0   0.014   13.796659   13.657996   40.783693
   48  Ag     11    4.37   0.02         0    2    0   0.017   16.555991    9.755711   38.024361
   49  C       7    4.31   0.00         3    0    0   0.066   11.037327    4.574309   41.803814
   50  H       2    1.92   0.00         1    0    0  -0.134    9.100268    5.352027   41.602376
   51  H       2    1.79   0.03         1    0    0  -0.134   11.933797    5.384857   43.501409
   52  H       4    2.32   0.05         3    0    0  -0.172   12.104101    5.185810   40.097487
   53  O       2    2.19   0.00         3    0    0  -0.524   11.037327    1.951142   41.803814

          #atoms :   53
          #bonds :   184
          #angl  :   224
          #tors  :   20
          #nmol  :   1
          #optfrag :   1
