17-Feb-26 14:27:14-INFO: DockOnSurf started on /home/ans819/WF/v_0_7.
17-Feb-26 14:27:14-INFO: To kill DockOnSurf execution type: `$ kill 1792925`.
17-Feb-26 14:27:14-INFO: Using 'dockonsurf.inp' as input.
17-Feb-26 14:27:16-WARNING: POTCAR data with symbol Ag is not known to pymatgen. Your POTCAR may be corrupted or pymatgen's POTCAR database is incomplete.
17-Feb-26 14:27:16-WARNING: Collisions are deactivated: Overlapping of adsorbate and surface is possible
17-Feb-26 14:27:16-INFO: Correctly read dockonsurf.inp parameters: 

	isolated: False
	screening: True
	refinement: False
	code: vasp
	batch_q_sys: False
	potcar_dir: False
	pbc_cell: Cell([[9.234961, 0.0, 0.0], [7.387969, 9.048377, 0.0], [0.0, 0.0, 37.587294]])
	project_name: Ag_enum
	special_atoms: []
	screen_inp_file: ['slab/INCAR', 'slab/KPOINTS', 'POTCAR']
	surf_file: slab/POSCAR
	sites: [14, 16, 18, [14, 15], [14, 16], [14, 19], [16, 17], [18, 19]]
	molec_ctrs: [4]
	select_magns: ['moi']
	confs_per_magn: 2
	surf_norm_vect: auto
	adsorption_height: 2.0
	set_angles: euler
	sample_points_per_angle: 2
	collision_threshold: False
	min_coll_height: False
	exclude_ads_ctr: False
	h_donor: False
	max_structures: inf
	use_molec_file: gas/POSCAR
	h_acceptor: False

17-Feb-26 14:27:16-INFO: Carrying out procedures for the screening of adsorbate-surface structures.
17-Feb-26 14:27:16-INFO: Using 'gas/POSCAR' as only conformer.
17-Feb-26 14:27:16-INFO: The perpendicular vector to the surface at site '14' is [-0. -0.  1.]
17-Feb-26 14:27:16-INFO: The perpendicular vector to the surface at site '16' is [-0.26342775  0.21325103  0.94081338]
17-Feb-26 14:27:16-INFO: The perpendicular vector to the surface at site '18' is [ 0.20843399 -0.17636723  0.96200305]
17-Feb-26 14:27:16-INFO: The perpendicular vector to the surface at site '[14, 15]' is [0. 0. 1.]
17-Feb-26 14:27:16-INFO: The perpendicular vector to the surface at site '[14, 16]' is [-0.13200181  0.11169384  0.98493655]
17-Feb-26 14:27:16-INFO: The perpendicular vector to the surface at site '[14, 19]' is [ 0.10109265 -0.09098339  0.99070798]
17-Feb-26 14:27:16-INFO: The perpendicular vector to the surface at site '[16, 17]' is [-0.26061316  0.21049525  0.94221682]
17-Feb-26 14:27:16-INFO: The perpendicular vector to the surface at site '[18, 19]' is [ 0.21019978 -0.18017124  0.9609133 ]
17-Feb-26 14:27:16-INFO: Generated 48 adsorbate-surface atomic configurations to carry out a calculation of.
17-Feb-26 14:27:16-INFO: Doing a dry run of screening.
17-Feb-26 14:27:16-INFO: Finished the procedures for the screening of adsorbate-surface structures section.
17-Feb-26 14:27:16-INFO: DockOnSurf finished.
