/home/ans819/.conda/envs/autoflow/lib/python3.13/site-packages/e3nn/o3/_wigner.py:10: UserWarning: Environment variable TORCH_FORCE_NO_WEIGHTS_ONLY_LOAD detected, since the`weights_only` argument was not explicitly passed to `torch.load`, forcing weights_only=False.
  _Jd, _W3j_flat, _W3j_indices = torch.load(os.path.join(os.path.dirname(__file__), 'constants.pt'))

          ==================== Thresholds ====================
          CN  :   150.00000
          rep :   500.00000
          disp:  2500.00000
          HB1 :   250.00000
          HB2 :   450.00000

          Pauling EN used:
          Z : 1  EN :  2.20
          Z : 6  EN :  2.55
          Z : 8  EN :  3.44
          Z :47  EN :  1.93
          electric field strengths (au): 0.000

           ------------------------------------------------- 
          |           Force Field Initialization            |
           ------------------------------------------------- 

          distances ...
          ----------------------------------------
          generating topology and atomic info file ...
          pair mat ...
          computing topology distances matrix with Floyd-Warshall algo ...
          making topology EEQ charges ...
          #fragments for EEQ constrain: 1
          ----------------------------------------
          generating topology and atomic info file ...
          pair mat ...
          computing topology distances matrix with Floyd-Warshall algo ...
          making topology EEQ charges ...
          #fragments for EEQ constrain: 1
          rings ...
          # BATM   6201
          # H in HB   0

  atom   neighbors  erfCN metchar sp-hybrid imet pi  qest     coordinates
    1  Ag      3    2.00   0.39         2    2    0   0.001   -0.000000    1.951142   26.982669
    2  Ag     11    4.37   0.02         0    2    0   0.005    8.277995    5.853427   29.742000
    3  Ag     10    4.34   0.04         0    2    0   0.008    2.759332    5.853427   29.742000
    4  Ag      5    3.15   0.32         0    2    0   0.015    5.518664    1.951142   26.982669
    5  Ag      8    4.14   0.12         0    2    0   0.017    5.518664    1.951142   32.501332
    6  Ag      9    4.27   0.07         0    2    0   0.014    2.759332    5.853427   35.260664
    7  Ag     12    4.39   0.01         0    2    0   0.007    8.277995    5.853427   35.260664
    8  Ag      4    2.61   0.38         3    2    0   0.012   -0.000000    1.951142   32.501332
    9  Ag      8    4.06   0.17         0    2    0   0.067   11.037327    1.951142   38.019996
   10  Ag     12    4.41   0.00         0    2    0   0.146    8.277995    5.853427   40.779328
   11  Ag      4    2.62   0.40         3    2    0   0.023    2.759332    5.853427   40.779328
   12  Ag      7    3.82   0.28         0    2    0   0.074    5.518664    1.951142   38.019996
   13  Ag      4    2.61   0.39         3    2    0   0.008   -0.000000    9.755711   26.982669
   14  Ag      7    3.92   0.19         0    2    0   0.006    8.277995   13.657996   29.742000
   15  Ag      6    3.59   0.27         0    2    0   0.010    2.759332   13.657996   29.742000
   16  Ag      7    3.92   0.19         0    2    0   0.008    5.518664    9.755711   26.982669
   17  Ag     12    4.39   0.01         0    2    0   0.003    5.518664    9.755711   32.501332
   18  Ag      6    3.59   0.26         0    2    0   0.016    2.759332   13.657996   35.260664
   19  Ag      8    4.14   0.12         0    2    0   0.009    8.277995   13.657996   35.260664
   20  Ag      6    3.59   0.27         0    2    0   0.012   -0.000000    9.755711   32.501332
   21  Ag     11    4.37   0.02         0    2    0   0.016   11.037327    9.755711   38.019996
   22  Ag      5    3.15   0.32         0    2    0   0.014    8.277995   13.657996   40.779328
   23  Ag      3    2.00   0.39         2    2    0   0.008    2.759332   13.657996   40.779328
   24  Ag     10    4.34   0.04         0    2    0   0.022    5.518664    9.755711   38.019996
   25  Ag      5    3.15   0.32         0    2    0   0.013   11.037327    1.951142   26.982669
   26  Ag      6    3.59   0.27         0    2    0   0.008   19.315323    5.853427   29.742000
   27  Ag     11    4.37   0.02         0    2    0   0.007   13.796659    5.853427   29.742000
   28  Ag      4    2.61   0.38         3    2    0   0.008   16.555991    1.951142   26.982669
   29  Ag      7    3.92   0.19         0    2    0   0.010   16.555991    1.951142   32.501332
/home/ans819/.conda/envs/autoflow/lib/python3.13/site-packages/mace/calculators/mace.py:197: UserWarning: Environment variable TORCH_FORCE_NO_WEIGHTS_ONLY_LOAD detected, since the`weights_only` argument was not explicitly passed to `torch.load`, forcing weights_only=False.
  torch.load(f=model_path, map_location=device)
/home/ans819/.conda/envs/autoflow/lib/python3.13/site-packages/chgnet/model/model.py:898: UserWarning: Converting a tensor with requires_grad=True to a scalar may lead to unexpected behavior.
Consider using tensor.detach() first. (Triggered internally at /pytorch/torch/csrc/autograd/generated/python_variable_methods.cpp:836.)
  volumes = torch.tensor(volumes, dtype=TORCH_DTYPE, device=atomic_numbers.device)
cuequivariance or cuequivariance_torch is not available. Cuequivariance acceleration will be disabled.
Using Materials Project MACE for MACECalculator with /home/ans819/.cache/mace/20231203mace128L1_epoch199model
Using float32 for MACECalculator, which is faster but less accurate. Recommended for MD. Use float64 for geometry optimization.
Using head Default out of ['Default']
Default dtype float32 does not match model dtype float64, converting models to float32.
CHGNet v0.3.0 initialized with 412,525 parameters
CHGNet will run on cpu
   30  Ag     12    4.39   0.01         0    2    0   0.013   13.796659    5.853427   35.260664
   31  Ag      9    4.27   0.07         0    2    0   0.008   19.315323    5.853427   35.260664
   32  Ag      8    4.14   0.12         0    2    0   0.014   11.037327    1.951142   32.501332
   33  Ag      3    2.00   0.41         2    2    0   0.007   22.074654    1.951142   38.019996
   34  Ag      6    3.59   0.27         0    2    0   0.019   19.315323    5.853427   40.779328
   35  Ag      8    4.05   0.17         0    2    0   0.053   13.796659    5.853427   40.779328
   36  Ag      7    3.92   0.19         0    2    0   0.023   16.555991    1.951142   38.019996
   37  Ag      7    3.92   0.19         0    2    0   0.006   11.037327    9.755711   26.982669
   38  Ag      4    2.61   0.38         3    2    0   0.009   19.315323   13.657996   29.742000
   39  Ag      7    3.92   0.19         0    2    0   0.007   13.796659   13.657996   29.742000
   40  Ag      6    3.59   0.27         0    2    0   0.010   16.555991    9.755711   26.982669
   41  Ag     11    4.37   0.02         0    2    0   0.007   16.555991    9.755711   32.501332
   42  Ag      8    4.14   0.12         0    2    0   0.010   13.796659   13.657996   35.260664
   43  Ag      6    3.59   0.26         0    2    0   0.011   19.315323   13.657996   35.260664
   44  Ag     12    4.39   0.01         0    2    0   0.001   11.037327    9.755711   32.501332
   45  Ag      5    3.15   0.34         0    2    0   0.012   22.074654    9.755711   38.019996
   46  Ag      4    2.61   0.38         3    2    0   0.011   19.315323   13.657996   40.779328
   47  Ag      5    3.15   0.32         0    2    0   0.015   13.796659   13.657996   40.779328
   48  Ag     11    4.37   0.02         0    2    0   0.010   16.555991    9.755711   38.019996
   49  C       5    4.04   0.00         3    0    0   0.040    8.277995    4.574309   41.799448
   50  H       3    2.25   0.04         3    0    0  -0.159   10.215055    5.352027   42.000886
   51  H       2    1.94   0.01         1    0    0  -0.147    7.381526    5.384857   40.101852
   52  H       2    1.90   0.01         1    0    0  -0.147    7.211222    5.185810   43.505775
   53  O       4    2.37   0.00         3    0    0  -0.401    8.277995    1.951142   41.799448

          #atoms :   53
          #bonds :   183
          #angl  :   221
          #tors  :   18
          #nmol  :   1
          #optfrag :   1
