/home/ans819/.conda/envs/autoflow/lib/python3.13/site-packages/e3nn/o3/_wigner.py:10: UserWarning: Environment variable TORCH_FORCE_NO_WEIGHTS_ONLY_LOAD detected, since the`weights_only` argument was not explicitly passed to `torch.load`, forcing weights_only=False.
  _Jd, _W3j_flat, _W3j_indices = torch.load(os.path.join(os.path.dirname(__file__), 'constants.pt'))

          ==================== Thresholds ====================
          CN  :   150.00000
          rep :   500.00000
          disp:  2500.00000
          HB1 :   250.00000
          HB2 :   450.00000

          Pauling EN used:
          Z : 1  EN :  2.20
          Z : 6  EN :  2.55
          Z : 8  EN :  3.44
          Z :47  EN :  1.93
          electric field strengths (au): 0.000

           ------------------------------------------------- 
          |           Force Field Initialization            |
           ------------------------------------------------- 

          distances ...
          ----------------------------------------
          generating topology and atomic info file ...
          pair mat ...
          computing topology distances matrix with Floyd-Warshall algo ...
          making topology EEQ charges ...
          #fragments for EEQ constrain: 1
          ----------------------------------------
          generating topology and atomic info file ...
          pair mat ...
          computing topology distances matrix with Floyd-Warshall algo ...
          making topology EEQ charges ...
          #fragments for EEQ constrain: 1
          rings ...
          # BATM   6009
          # H in HB   0

  atom   neighbors  erfCN metchar sp-hybrid imet pi  qest     coordinates
    1  Ag      3    2.00   0.39         2    2    0   0.005   -0.000000    1.951142   26.292836
    2  Ag     11    4.37   0.02         0    2    0   0.010    8.277995    5.853427   29.052168
    3  Ag     10    4.34   0.04         0    2    0   0.007    2.759332    5.853427   29.052168
    4  Ag      5    3.15   0.32         0    2    0   0.015    5.518664    1.951142   26.292836
    5  Ag      8    4.14   0.12         0    2    0   0.013    5.518664    1.951142   31.811499
    6  Ag      9    4.27   0.07         0    2    0   0.009    2.759332    5.853427   34.570831
    7  Ag     12    4.39   0.01         0    2    0   0.018    8.277995    5.853427   34.570831
    8  Ag      4    2.61   0.38         3    2    0   0.014   -0.000000    1.951142   31.811499
    9  Ag      7    3.92   0.19         0    2    0   0.025   11.037327    1.951142   37.330163
   10  Ag     10    4.38   0.01         0    2    0   0.128    8.277995    5.853427   40.089495
   11  Ag      4    2.61   0.39         3    2    0   0.032    2.759332    5.853427   40.089495
   12  Ag      6    3.59   0.27         0    2    0   0.030    5.518664    1.951142   37.330163
   13  Ag      4    2.61   0.39         3    2    0   0.011   -0.000000    9.755711   26.292836
   14  Ag      7    3.92   0.19         0    2    0   0.009    8.277995   13.657996   29.052168
   15  Ag      6    3.59   0.27         0    2    0   0.014    2.759332   13.657996   29.052168
   16  Ag      7    3.92   0.19         0    2    0   0.011    5.518664    9.755711   26.292836
   17  Ag     12    4.39   0.01         0    2    0   0.007    5.518664    9.755711   31.811499
   18  Ag      6    3.59   0.26         0    2    0   0.019    2.759332   13.657996   34.570831
   19  Ag      8    4.14   0.12         0    2    0   0.011    8.277995   13.657996   34.570831
   20  Ag      6    3.59   0.27         0    2    0   0.012   -0.000000    9.755711   31.811499
   21  Ag     11    4.37   0.02         0    2    0   0.018   11.037327    9.755711   37.330163
   22  Ag      5    3.15   0.32         0    2    0   0.017    8.277995   13.657996   40.089495
   23  Ag      3    2.00   0.39         2    2    0   0.012    2.759332   13.657996   40.089495
   24  Ag     10    4.34   0.04         0    2    0   0.023    5.518664    9.755711   37.330163
   25  Ag      5    3.15   0.32         0    2    0   0.013   11.037327    1.951142   26.292836
   26  Ag      6    3.59   0.27         0    2    0   0.010   19.315323    5.853427   29.052168
   27  Ag     11    4.37   0.02         0    2    0   0.008   13.796659    5.853427   29.052168
   28  Ag      4    2.61   0.38         3    2    0   0.012   16.555991    1.951142   26.292836
   29  Ag      7    3.92   0.19         0    2    0   0.013   16.555991    1.951142   31.811499
/home/ans819/.conda/envs/autoflow/lib/python3.13/site-packages/mace/calculators/mace.py:197: UserWarning: Environment variable TORCH_FORCE_NO_WEIGHTS_ONLY_LOAD detected, since the`weights_only` argument was not explicitly passed to `torch.load`, forcing weights_only=False.
  torch.load(f=model_path, map_location=device)
/home/ans819/.conda/envs/autoflow/lib/python3.13/site-packages/chgnet/model/model.py:898: UserWarning: Converting a tensor with requires_grad=True to a scalar may lead to unexpected behavior.
Consider using tensor.detach() first. (Triggered internally at /pytorch/torch/csrc/autograd/generated/python_variable_methods.cpp:836.)
  volumes = torch.tensor(volumes, dtype=TORCH_DTYPE, device=atomic_numbers.device)
cuequivariance or cuequivariance_torch is not available. Cuequivariance acceleration will be disabled.
Using Materials Project MACE for MACECalculator with /home/ans819/.cache/mace/20231203mace128L1_epoch199model
Using float32 for MACECalculator, which is faster but less accurate. Recommended for MD. Use float64 for geometry optimization.
Using head Default out of ['Default']
Default dtype float32 does not match model dtype float64, converting models to float32.
CHGNet v0.3.0 initialized with 412,525 parameters
CHGNet will run on cpu
   30  Ag     12    4.39   0.01         0    2    0   0.011   13.796659    5.853427   34.570831
   31  Ag      9    4.27   0.07         0    2    0   0.008   19.315323    5.853427   34.570831
   32  Ag      8    4.14   0.12         0    2    0   0.010   11.037327    1.951142   31.811499
   33  Ag      3    2.00   0.41         2    2    0   0.010   22.074654    1.951142   37.330163
   34  Ag      6    3.59   0.27         0    2    0   0.027   19.315323    5.853427   40.089495
   35  Ag      9    4.21   0.12         0    2    0   0.073   13.796659    5.853427   40.089495
   36  Ag      7    3.92   0.19         0    2    0   0.024   16.555991    1.951142   37.330163
   37  Ag      7    3.92   0.19         0    2    0   0.010   11.037327    9.755711   26.292836
   38  Ag      4    2.61   0.38         3    2    0   0.011   19.315323   13.657996   29.052168
   39  Ag      7    3.92   0.19         0    2    0   0.010   13.796659   13.657996   29.052168
   40  Ag      6    3.59   0.27         0    2    0   0.012   16.555991    9.755711   26.292836
   41  Ag     11    4.37   0.02         0    2    0   0.006   16.555991    9.755711   31.811499
   42  Ag      8    4.14   0.12         0    2    0   0.012   13.796659   13.657996   34.570831
   43  Ag      6    3.59   0.26         0    2    0   0.016   19.315323   13.657996   34.570831
   44  Ag     12    4.39   0.01         0    2    0   0.005   11.037327    9.755711   31.811499
   45  Ag      5    3.15   0.34         0    2    0   0.017   22.074654    9.755711   37.330163
   46  Ag      4    2.61   0.38         3    2    0   0.017   19.315323   13.657996   40.089495
   47  Ag      5    3.15   0.32         0    2    0   0.017   13.796659   13.657996   40.089495
   48  Ag     11    4.37   0.02         0    2    0   0.016   16.555991    9.755711   37.330163
   49  C       6    4.11   0.00         3    0    0   0.060    9.657661    6.525451   42.489281
   50  H       2    1.46   0.06         1    0    0  -0.127   11.594721    7.303169   42.690719
   51  H       2    1.92   0.00         1    0    0  -0.138    8.761192    7.335999   40.791685
   52  H       1    1.01   0.02         0    0    0  -0.111    8.590888    7.136952   44.195608
   53  O       2    1.97   0.00         3    0    0  -0.521    9.657661    3.902284   42.489281

          #atoms :   53
          #bonds :   180
          #angl  :   233
          #tors  :   4
          #nmol  :   1
          #optfrag :   1
