/home/ans819/.conda/envs/autoflow/lib/python3.13/site-packages/e3nn/o3/_wigner.py:10: UserWarning: Environment variable TORCH_FORCE_NO_WEIGHTS_ONLY_LOAD detected, since the`weights_only` argument was not explicitly passed to `torch.load`, forcing weights_only=False.
  _Jd, _W3j_flat, _W3j_indices = torch.load(os.path.join(os.path.dirname(__file__), 'constants.pt'))

          ==================== Thresholds ====================
          CN  :   150.00000
          rep :   500.00000
          disp:  2500.00000
          HB1 :   250.00000
          HB2 :   450.00000

          Pauling EN used:
          Z : 1  EN :  2.20
          Z : 6  EN :  2.55
          Z : 8  EN :  3.44
          Z :47  EN :  1.93
          electric field strengths (au): 0.000

           ------------------------------------------------- 
          |           Force Field Initialization            |
           ------------------------------------------------- 

          distances ...
          ----------------------------------------
          generating topology and atomic info file ...
          pair mat ...
          computing topology distances matrix with Floyd-Warshall algo ...
          making topology EEQ charges ...
          #fragments for EEQ constrain: 1
          ----------------------------------------
          generating topology and atomic info file ...
          pair mat ...
          computing topology distances matrix with Floyd-Warshall algo ...
          making topology EEQ charges ...
          #fragments for EEQ constrain: 1
          rings ...
          # BATM   6068
          # H in HB   0

  atom   neighbors  erfCN metchar sp-hybrid imet pi  qest     coordinates
    1  Ag      3    2.00   0.39         2    2    0   0.004   -0.000000    1.951142   26.297201
    2  Ag     11    4.37   0.02         0    2    0   0.011    8.277995    5.853427   29.056533
    3  Ag     10    4.34   0.04         0    2    0   0.007    2.759332    5.853427   29.056533
    4  Ag      5    3.15   0.32         0    2    0   0.015    5.518664    1.951142   26.297201
    5  Ag      8    4.14   0.12         0    2    0   0.013    5.518664    1.951142   31.815865
    6  Ag      9    4.27   0.07         0    2    0   0.009    2.759332    5.853427   34.575197
    7  Ag     12    4.39   0.01         0    2    0   0.020    8.277995    5.853427   34.575197
    8  Ag      4    2.61   0.38         3    2    0   0.014   -0.000000    1.951142   31.815865
    9  Ag      7    3.92   0.19         0    2    0   0.023   11.037327    1.951142   37.334529
   10  Ag     11    4.40   0.01         0    2    0   0.149    8.277995    5.853427   40.093860
   11  Ag      4    2.61   0.39         3    2    0   0.034    2.759332    5.853427   40.093860
   12  Ag      6    3.59   0.27         0    2    0   0.032    5.518664    1.951142   37.334529
   13  Ag      4    2.61   0.39         3    2    0   0.010   -0.000000    9.755711   26.297201
   14  Ag      7    3.92   0.19         0    2    0   0.009    8.277995   13.657996   29.056533
   15  Ag      6    3.59   0.27         0    2    0   0.014    2.759332   13.657996   29.056533
   16  Ag      7    3.92   0.19         0    2    0   0.011    5.518664    9.755711   26.297201
   17  Ag     12    4.39   0.01         0    2    0   0.007    5.518664    9.755711   31.815865
   18  Ag      6    3.59   0.26         0    2    0   0.019    2.759332   13.657996   34.575197
   19  Ag      8    4.14   0.12         0    2    0   0.010    8.277995   13.657996   34.575197
   20  Ag      6    3.59   0.27         0    2    0   0.012   -0.000000    9.755711   31.815865
   21  Ag     11    4.37   0.02         0    2    0   0.016   11.037327    9.755711   37.334529
   22  Ag      5    3.15   0.32         0    2    0   0.016    8.277995   13.657996   40.093860
   23  Ag      3    2.00   0.39         2    2    0   0.013    2.759332   13.657996   40.093860
   24  Ag     10    4.34   0.04         0    2    0   0.025    5.518664    9.755711   37.334529
   25  Ag      5    3.15   0.32         0    2    0   0.013   11.037327    1.951142   26.297201
   26  Ag      6    3.59   0.27         0    2    0   0.010   19.315323    5.853427   29.056533
   27  Ag     11    4.37   0.02         0    2    0   0.008   13.796659    5.853427   29.056533
   28  Ag      4    2.61   0.38         3    2    0   0.012   16.555991    1.951142   26.297201
   29  Ag      7    3.92   0.19         0    2    0   0.013   16.555991    1.951142   31.815865
/home/ans819/.conda/envs/autoflow/lib/python3.13/site-packages/mace/calculators/mace.py:197: UserWarning: Environment variable TORCH_FORCE_NO_WEIGHTS_ONLY_LOAD detected, since the`weights_only` argument was not explicitly passed to `torch.load`, forcing weights_only=False.
  torch.load(f=model_path, map_location=device)
/home/ans819/.conda/envs/autoflow/lib/python3.13/site-packages/chgnet/model/model.py:898: UserWarning: Converting a tensor with requires_grad=True to a scalar may lead to unexpected behavior.
Consider using tensor.detach() first. (Triggered internally at /pytorch/torch/csrc/autograd/generated/python_variable_methods.cpp:836.)
  volumes = torch.tensor(volumes, dtype=TORCH_DTYPE, device=atomic_numbers.device)
cuequivariance or cuequivariance_torch is not available. Cuequivariance acceleration will be disabled.
Using Materials Project MACE for MACECalculator with /home/ans819/.cache/mace/20231203mace128L1_epoch199model
Using float32 for MACECalculator, which is faster but less accurate. Recommended for MD. Use float64 for geometry optimization.
Using head Default out of ['Default']
Default dtype float32 does not match model dtype float64, converting models to float32.
CHGNet v0.3.0 initialized with 412,525 parameters
CHGNet will run on cpu
   30  Ag     12    4.39   0.01         0    2    0   0.012   13.796659    5.853427   34.575197
   31  Ag      9    4.27   0.07         0    2    0   0.008   19.315323    5.853427   34.575197
   32  Ag      8    4.14   0.12         0    2    0   0.010   11.037327    1.951142   31.815865
   33  Ag      3    2.00   0.41         2    2    0   0.010   22.074654    1.951142   37.334529
   34  Ag      6    3.59   0.27         0    2    0   0.028   19.315323    5.853427   40.093860
   35  Ag      9    4.26   0.09         0    2    0   0.076   13.796659    5.853427   40.093860
   36  Ag      7    3.92   0.19         0    2    0   0.024   16.555991    1.951142   37.334529
   37  Ag      7    3.92   0.19         0    2    0   0.009   11.037327    9.755711   26.297201
   38  Ag      4    2.61   0.38         3    2    0   0.011   19.315323   13.657996   29.056533
   39  Ag      7    3.92   0.19         0    2    0   0.010   13.796659   13.657996   29.056533
   40  Ag      6    3.59   0.27         0    2    0   0.012   16.555991    9.755711   26.297201
   41  Ag     11    4.37   0.02         0    2    0   0.006   16.555991    9.755711   31.815865
   42  Ag      8    4.14   0.12         0    2    0   0.012   13.796659   13.657996   34.575197
   43  Ag      6    3.59   0.26         0    2    0   0.016   19.315323   13.657996   34.575197
   44  Ag     12    4.39   0.01         0    2    0   0.004   11.037327    9.755711   31.815865
   45  Ag      5    3.15   0.34         0    2    0   0.017   22.074654    9.755711   37.334529
   46  Ag      4    2.61   0.38         3    2    0   0.017   19.315323   13.657996   40.093860
   47  Ag      5    3.15   0.32         0    2    0   0.017   13.796659   13.657996   40.093860
   48  Ag     11    4.37   0.02         0    2    0   0.016   16.555991    9.755711   37.334529
   49  C       6    4.11   0.00         3    0    0   0.073    9.657661    6.525451   42.493647
   50  H       2    1.92   0.00         1    0    0  -0.143    7.720602    7.303169   42.292209
   51  H       1    0.97   0.01         0    0    0  -0.112   10.554131    7.335999   44.191242
   52  H       3    2.65   0.03         3    0    0  -0.157   10.724435    7.136952   40.787320
   53  O       2    1.97   0.00         3    0    0  -0.524    9.657661    3.902284   42.493647

          #atoms :   53
          #bonds :   181
          #angl  :   235
          #tors  :   12
          #nmol  :   1
          #optfrag :   1
