/home/ans819/.conda/envs/autoflow/lib/python3.13/site-packages/e3nn/o3/_wigner.py:10: UserWarning: Environment variable TORCH_FORCE_NO_WEIGHTS_ONLY_LOAD detected, since the`weights_only` argument was not explicitly passed to `torch.load`, forcing weights_only=False.
  _Jd, _W3j_flat, _W3j_indices = torch.load(os.path.join(os.path.dirname(__file__), 'constants.pt'))

          ==================== Thresholds ====================
          CN  :   150.00000
          rep :   500.00000
          disp:  2500.00000
          HB1 :   250.00000
          HB2 :   450.00000

          Pauling EN used:
          Z : 1  EN :  2.20
          Z : 6  EN :  2.55
          Z : 8  EN :  3.44
          Z :47  EN :  1.93
          electric field strengths (au): 0.000

           ------------------------------------------------- 
          |           Force Field Initialization            |
           ------------------------------------------------- 

          distances ...
          ----------------------------------------
          generating topology and atomic info file ...
          pair mat ...
          computing topology distances matrix with Floyd-Warshall algo ...
          making topology EEQ charges ...
          #fragments for EEQ constrain: 1
          ----------------------------------------
          generating topology and atomic info file ...
          pair mat ...
          computing topology distances matrix with Floyd-Warshall algo ...
          making topology EEQ charges ...
          #fragments for EEQ constrain: 1
          rings ...
          # BATM   3495
          # H in HB   0

  atom   neighbors  erfCN metchar sp-hybrid imet pi  qest     coordinates
    1  Ag      2    1.35   0.37         2    2    0   0.005    3.849930    0.356229   26.637344
    2  Ag      5    3.15   0.31         0    2    0   0.018    7.340239    4.630967   26.637344
    3  Ag      9    4.27   0.07         0    2    0   0.009   16.066012    8.193249   28.230445
    4  Ag      7    3.92   0.19         0    2    0   0.012   12.575703    3.918511   28.230445
    5  Ag      7    3.92   0.19         0    2    0   0.012   21.301476    7.480793   29.823546
    6  Ag      6    3.59   0.27         0    2    0   0.013   17.811167    3.206054   29.823546
    7  Ag      9    4.27   0.07         0    2    0   0.012    9.085394    6.768336   31.416647
    8  Ag      6    3.59   0.23         0    2    0   0.024    5.595084    2.493598   31.416647
    9  Ag     12    4.39   0.01         0    2    0   0.007   14.320858    6.055880   33.009748
   10  Ag      7    3.92   0.19         0    2    0   0.017   10.830548    1.781141   33.009748
   11  Ag      9    4.27   0.07         0    2    0   0.012   19.556322    5.343423   34.602849
   12  Ag      6    3.59   0.27         0    2    0   0.021   16.066012    1.068685   34.602849
   13  Ag      8    4.14   0.11         0    2    0   0.031    7.340239    4.630967   36.195950
   14  Ag      3    2.00   0.37         2    2    0   0.017    3.849930    0.356229   36.195950
   15  Ag      8    4.14   0.12         0    2    0   0.031   12.575703    3.918511   37.789051
   16  Ag     10    4.34   0.04         0    2    0   0.018   16.066012    8.193249   37.789051
   17  Ag      5    3.15   0.34         0    2    0   0.019   17.811167    3.206054   39.382152
   18  Ag      6    3.59   0.26         0    2    0   0.017   21.301476    7.480793   39.382152
   19  Ag      3    2.00   0.37         2    2    0   0.035    5.595084    2.493598   40.975253
   20  Ag      9    4.37   0.02         0    2    0   0.156    9.085394    6.768336   40.975253
   21  Ag      6    3.59   0.26         0    2    0   0.014   10.830548    8.905705   26.637344
   22  Ag      5    3.15   0.34         0    2    0   0.017   14.320858   13.180444   26.637344
   23  Ag      4    2.61   0.38         3    2    0   0.016   23.046631   16.742726   28.230445
   24  Ag      8    4.14   0.12         0    2    0   0.011   19.556322   12.467987   28.230445
   25  Ag      3    2.00   0.39         2    2    0   0.012   28.282095   16.030269   29.823546
   26  Ag      7    3.92   0.19         0    2    0   0.013   24.791786   11.755531   29.823546
   27  Ag      6    3.59   0.27         0    2    0   0.017   16.066012   15.317813   31.416647
   28  Ag      9    4.27   0.07         0    2    0   0.012   12.575703   11.043075   31.416647
   29  Ag      9    4.27   0.07         0    2    0   0.009   21.301476   14.605357   33.009748
/home/ans819/.conda/envs/autoflow/lib/python3.13/site-packages/mace/calculators/mace.py:197: UserWarning: Environment variable TORCH_FORCE_NO_WEIGHTS_ONLY_LOAD detected, since the`weights_only` argument was not explicitly passed to `torch.load`, forcing weights_only=False.
  torch.load(f=model_path, map_location=device)
/home/ans819/.conda/envs/autoflow/lib/python3.13/site-packages/chgnet/model/model.py:898: UserWarning: Converting a tensor with requires_grad=True to a scalar may lead to unexpected behavior.
Consider using tensor.detach() first. (Triggered internally at /pytorch/torch/csrc/autograd/generated/python_variable_methods.cpp:836.)
  volumes = torch.tensor(volumes, dtype=TORCH_DTYPE, device=atomic_numbers.device)
cuequivariance or cuequivariance_torch is not available. Cuequivariance acceleration will be disabled.
------------------------------------------------------------
  cycle        total energy    energy error   density error
------------------------------------------------------------
      1     -162.8316892888  -1.6269105E+02   1.0050964E+00
      2     -162.4311982054   4.0049108E-01   6.1715421E-01
      3     -73.97720263595   8.8453996E+01   1.3262030E+00
      4     -133.0937287748  -5.9116526E+01   4.5487621E-01
      5      136.3801905115   2.6947392E+02   1.3622432E+00
      6     -102.0201704247  -2.3840036E+02   4.8453786E-01
      7     -160.2218673320  -5.8201697E+01   1.3428589E-01
      8     -158.3190885048   1.9027788E+00   1.5243684E-01
      9     -162.7743209796  -4.4552325E+00   6.9261894E-02
     10     -163.1455977588  -3.7127678E-01   4.7103139E-02
     11     -163.1590166134  -1.3418855E-02   4.4803069E-02
     12     -163.1169316149   4.2084998E-02   4.0740799E-02
     13     -163.2253109734  -1.0837936E-01   3.0117508E-02
     14     -163.2335972718  -8.2862985E-03   2.5858321E-02
     15     -163.2347796417  -1.1823699E-03   2.4567226E-02
     16     -163.2355086325  -7.2899080E-04   2.4041544E-02
     17     -163.2371977398  -1.6891073E-03   2.0134031E-02
     18     -163.2378842185  -6.8647868E-04   1.6345179E-02
     19     -163.2391998395  -1.3156209E-03   1.3186220E-02
     20     -163.2389351263   2.6471312E-04   1.0789095E-02
     21     -163.2411153629  -2.1802366E-03   6.3278003E-03
     22     -163.2423425441  -1.2271812E-03   2.4555918E-03
     23     -163.2422394705   1.0307364E-04   2.1691729E-03
     24     -163.2424365158  -1.9704530E-04   1.5485956E-03
     25     -163.2425913851  -1.5486927E-04   6.4918746E-04
     26     -163.2426017756  -1.0390580E-05   4.9953677E-04
     27     -163.2426016364   1.3925424E-07   4.4510154E-04
     28     -163.2426019406  -3.0420389E-07   4.5251866E-04
     29     -163.2426037399  -1.7993165E-06   4.1960565E-04
     30     -163.2426041286  -3.8868629E-07   4.0035501E-04
     31     -163.2426043642  -2.3563305E-07   3.8698951E-04
     32     -163.2426047053  -3.4108402E-07   3.7571553E-04
     33     -163.2426051914  -4.8611091E-07   3.4124922E-04
     34     -163.2426059190  -7.2757916E-07   2.5694554E-04
     35     -163.2426065417  -6.2272812E-07   1.3987432E-04
     36     -163.2426067469  -2.0522012E-07   4.9162435E-05
     37     -163.2426067740  -2.7035213E-08   1.2776526E-05
------------------------------------------------------------

 total:                                  20.253 sec
3
{'bond-orders': array([[0.00000000e+00, 3.07555057e-01, 2.02110074e-02, ...,
        1.73235964e-04, 6.50697514e-05, 8.76559611e-04],
       [3.07555057e-01, 0.00000000e+00, 2.36262031e-02, ...,
        2.76814316e-04, 2.21208973e-04, 1.72549123e-03],
       [2.02110074e-02, 2.36262031e-02, 0.00000000e+00, ...,
        1.01008210e-04, 3.17872629e-04, 1.62159891e-03],
       ...,
       [1.73235964e-04, 2.76814316e-04, 1.01008210e-04, ...,
        0.00000000e+00, 3.61767696e-03, 1.50790646e-02],
       [6.50697514e-05, 2.21208973e-04, 3.17872629e-04, ...,
        3.61767696e-03, 0.00000000e+00, 2.54399049e-02],
       [8.76559611e-04, 1.72549123e-03, 1.62159891e-03, ...,
        1.50790646e-02, 2.54399049e-02, 0.00000000e+00]], shape=(45, 45))}
{'bond-orders': array([[0.00000000e+00, 3.07555057e-01, 2.02110074e-02, ...,
        1.73235964e-04, 6.50697514e-05, 8.76559611e-04],
       [3.07555057e-01, 0.00000000e+00, 2.36262031e-02, ...,
        2.76814316e-04, 2.21208973e-04, 1.72549123e-03],
       [2.02110074e-02, 2.36262031e-02, 0.00000000e+00, ...,
        1.01008210e-04, 3.17872629e-04, 1.62159891e-03],
       ...,
       [1.73235964e-04, 2.76814316e-04, 1.01008210e-04, ...,
        0.00000000e+00, 3.61767696e-03, 1.50790646e-02],
       [6.50697514e-05, 2.21208973e-04, 3.17872629e-04, ...,
        3.61767696e-03, 0.00000000e+00, 2.54399049e-02],
       [8.76559611e-04, 1.72549123e-03, 1.62159891e-03, ...,
        1.50790646e-02, 2.54399049e-02, 0.00000000e+00]], shape=(45, 45)), 'molecular-dipole': array([-0.23098331,  1.30792352,  0.66304865])}
{'bond-orders': array([[0.00000000e+00, 3.07555057e-01, 2.02110074e-02, ...,
        1.73235964e-04, 6.50697514e-05, 8.76559611e-04],
       [3.07555057e-01, 0.00000000e+00, 2.36262031e-02, ...,
        2.76814316e-04, 2.21208973e-04, 1.72549123e-03],
       [2.02110074e-02, 2.36262031e-02, 0.00000000e+00, ...,
        1.01008210e-04, 3.17872629e-04, 1.62159891e-03],
       ...,
       [1.73235964e-04, 2.76814316e-04, 1.01008210e-04, ...,
        0.00000000e+00, 3.61767696e-03, 1.50790646e-02],
       [6.50697514e-05, 2.21208973e-04, 3.17872629e-04, ...,
        3.61767696e-03, 0.00000000e+00, 2.54399049e-02],
       [8.76559611e-04, 1.72549123e-03, 1.62159891e-03, ...,
        1.50790646e-02, 2.54399049e-02, 0.00000000e+00]], shape=(45, 45)), 'molecular-dipole': array([-0.23098331,  1.30792352,  0.66304865]), 'molecular-quadrupole': array([-72.51602614,  38.08898608, -36.31322498,  41.14638771,
       206.46145441, 108.82925112])}
------------------------------------------------------------
  cycle        total energy    energy error   density error
------------------------------------------------------------
      1     -163.2994458990  -1.6312036E+02   1.2271624E-02
      2     -163.1180441552   1.8140174E-01   2.6074576E-02
      3     -162.4655802987   6.5246386E-01   5.2347465E-02
      4     -163.2955371981  -8.2995690E-01   1.0722652E-02
      5     -163.2895793503   5.9578478E-03   8.1304314E-03
      6     -163.3019744337  -1.2395083E-02   4.7260103E-03
      7     -163.3026277226  -6.5328881E-04   2.4548442E-03
      8     -163.3030835217  -4.5579917E-04   1.5321426E-03
      9     -163.3032021071  -1.1858534E-04   7.2638568E-04
     10     -163.3032863366  -8.4229581E-05   3.0517241E-04
     11     -163.3032938565  -7.5198594E-06   1.3559364E-04
     12     -163.3032949549  -1.0983615E-06   6.3839500E-05
     13     -163.3032952878  -3.3289734E-07   4.4473037E-05
     14     -163.3032952121   7.5665184E-08   3.3374031E-05
     15     -163.3032953360  -1.2388938E-07   1.5993626E-05
------------------------------------------------------------

 total:                                  13.874 sec
3
{'bond-orders': array([[0.00000000e+00, 3.07285898e-01, 1.99096394e-02, ...,
        1.37452135e-04, 3.50124272e-05, 1.02651394e-03],
       [3.07285898e-01, 0.00000000e+00, 2.33625619e-02, ...,
        2.31073974e-04, 2.19490551e-04, 1.46082353e-03],
       [1.99096394e-02, 2.33625619e-02, 0.00000000e+00, ...,
        7.55022934e-05, 2.29105013e-04, 1.82237368e-03],
       ...,
       [1.37452135e-04, 2.31073974e-04, 7.55022934e-05, ...,
        0.00000000e+00, 2.73602144e-03, 1.27301588e-02],
       [3.50124272e-05, 2.19490551e-04, 2.29105013e-04, ...,
        2.73602144e-03, 0.00000000e+00, 2.54770487e-02],
       [1.02651394e-03, 1.46082353e-03, 1.82237368e-03, ...,
        1.27301588e-02, 2.54770487e-02, 0.00000000e+00]], shape=(45, 45))}
{'bond-orders': array([[0.00000000e+00, 3.07285898e-01, 1.99096394e-02, ...,
        1.37452135e-04, 3.50124272e-05, 1.02651394e-03],
       [3.07285898e-01, 0.00000000e+00, 2.33625619e-02, ...,
        2.31073974e-04, 2.19490551e-04, 1.46082353e-03],
       [1.99096394e-02, 2.33625619e-02, 0.00000000e+00, ...,
        7.55022934e-05, 2.29105013e-04, 1.82237368e-03],
       ...,
       [1.37452135e-04, 2.31073974e-04, 7.55022934e-05, ...,
        0.00000000e+00, 2.73602144e-03, 1.27301588e-02],
       [3.50124272e-05, 2.19490551e-04, 2.29105013e-04, ...,
        2.73602144e-03, 0.00000000e+00, 2.54770487e-02],
       [1.02651394e-03, 1.46082353e-03, 1.82237368e-03, ...,
        1.27301588e-02, 2.54770487e-02, 0.00000000e+00]], shape=(45, 45)), 'molecular-dipole': array([-0.08154494,  1.24668223,  0.4913393 ])}
{'bond-orders': array([[0.00000000e+00, 3.07285898e-01, 1.99096394e-02, ...,
        1.37452135e-04, 3.50124272e-05, 1.02651394e-03],
       [3.07285898e-01, 0.00000000e+00, 2.33625619e-02, ...,
        2.31073974e-04, 2.19490551e-04, 1.46082353e-03],
       [1.99096394e-02, 2.33625619e-02, 0.00000000e+00, ...,
        7.55022934e-05, 2.29105013e-04, 1.82237368e-03],
       ...,
       [1.37452135e-04, 2.31073974e-04, 7.55022934e-05, ...,
        0.00000000e+00, 2.73602144e-03, 1.27301588e-02],
       [3.50124272e-05, 2.19490551e-04, 2.29105013e-04, ...,
        2.73602144e-03, 0.00000000e+00, 2.54770487e-02],
       [1.02651394e-03, 1.46082353e-03, 1.82237368e-03, ...,
        1.27301588e-02, 2.54770487e-02, 0.00000000e+00]], shape=(45, 45)), 'molecular-dipole': array([-0.08154494,  1.24668223,  0.4913393 ]), 'molecular-quadrupole': array([-61.06418716,  44.56617965, -30.40397838,  53.55791404,
       194.23075715,  91.46816554])}
------------------------------------------------------------
  cycle        total energy    energy error   density error
------------------------------------------------------------
      1     -163.3329816971  -1.6312000E+02   2.6737511E-02
      2     -163.0939621281   2.3901957E-01   3.9807081E-02
      3     -159.8423760441   3.2515861E+00   1.0547863E-01
      4     -163.2432526000  -3.4008766E+00   3.0678356E-02
      5     -163.3504424425  -1.0718984E-01   6.8575410E-03
      6     -163.3528742798  -2.4318374E-03   5.1653012E-03
      7     -163.3505617326   2.3125473E-03   5.4814388E-03
      8     -163.3519745682  -1.4128356E-03   3.4483306E-03
      9     -163.3531550676  -1.1804994E-03   1.6363129E-03
     10     -163.3535427943  -3.8772670E-04   8.4419168E-04
     11     -163.3536409386  -9.8144372E-05   4.0681318E-04
     12     -163.3536466158  -5.6771759E-06   2.8771229E-04
     13     -163.3536461894   4.2636063E-07   2.3421976E-04
     14     -163.3536492410  -3.0515393E-06   1.4020504E-04
     15     -163.3536511858  -1.9448381E-06   4.6642688E-05
     16     -163.3536512834  -9.7556153E-08   1.7297058E-05
------------------------------------------------------------

 total:                                  14.358 sec
3
{'bond-orders': array([[0.00000000e+00, 3.07003782e-01, 1.94136149e-02, ...,
        1.59585993e-04, 8.04999315e-05, 1.12775554e-03],
       [3.07003782e-01, 0.00000000e+00, 2.31578457e-02, ...,
        2.69221168e-04, 2.16581325e-04, 9.87893290e-04],
       [1.94136149e-02, 2.31578457e-02, 0.00000000e+00, ...,
        9.87426216e-05, 2.91017099e-04, 2.22327008e-03],
       ...,
       [1.59585993e-04, 2.69221168e-04, 9.87426216e-05, ...,
        0.00000000e+00, 4.81992411e-03, 1.55904647e-02],
       [8.04999315e-05, 2.16581325e-04, 2.91017099e-04, ...,
        4.81992411e-03, 0.00000000e+00, 3.20862041e-02],
       [1.12775554e-03, 9.87893290e-04, 2.22327008e-03, ...,
        1.55904647e-02, 3.20862041e-02, 0.00000000e+00]], shape=(45, 45))}
{'bond-orders': array([[0.00000000e+00, 3.07003782e-01, 1.94136149e-02, ...,
        1.59585993e-04, 8.04999315e-05, 1.12775554e-03],
       [3.07003782e-01, 0.00000000e+00, 2.31578457e-02, ...,
        2.69221168e-04, 2.16581325e-04, 9.87893290e-04],
       [1.94136149e-02, 2.31578457e-02, 0.00000000e+00, ...,
        9.87426216e-05, 2.91017099e-04, 2.22327008e-03],
       ...,
       [1.59585993e-04, 2.69221168e-04, 9.87426216e-05, ...,
        0.00000000e+00, 4.81992411e-03, 1.55904647e-02],
       [8.04999315e-05, 2.16581325e-04, 2.91017099e-04, ...,
        4.81992411e-03, 0.00000000e+00, 3.20862041e-02],
       [1.12775554e-03, 9.87893290e-04, 2.22327008e-03, ...,
        1.55904647e-02, 3.20862041e-02, 0.00000000e+00]], shape=(45, 45)), 'molecular-dipole': array([0.07562173, 0.96463607, 0.5884325 ])}
{'bond-orders': array([[0.00000000e+00, 3.07003782e-01, 1.94136149e-02, ...,
        1.59585993e-04, 8.04999315e-05, 1.12775554e-03],
       [3.07003782e-01, 0.00000000e+00, 2.31578457e-02, ...,
        2.69221168e-04, 2.16581325e-04, 9.87893290e-04],
       [1.94136149e-02, 2.31578457e-02, 0.00000000e+00, ...,
        9.87426216e-05, 2.91017099e-04, 2.22327008e-03],
       ...,
       [1.59585993e-04, 2.69221168e-04, 9.87426216e-05, ...,
        0.00000000e+00, 4.81992411e-03, 1.55904647e-02],
       [8.04999315e-05, 2.16581325e-04, 2.91017099e-04, ...,
        4.81992411e-03, 0.00000000e+00, 3.20862041e-02],
       [1.12775554e-03, 9.87893290e-04, 2.22327008e-03, ...,
        1.55904647e-02, 3.20862041e-02, 0.00000000e+00]], shape=(45, 45)), 'molecular-dipole': array([0.07562173, 0.96463607, 0.5884325 ]), 'molecular-quadrupole': array([-61.35527085,  36.06499634, -41.49140991,  79.44697732,
       161.92001411, 102.84668076])}
------------------------------------------------------------
  cycle        total energy    energy error   density error
------------------------------------------------------------
      1     -163.3552229500  -1.6314564E+02   3.3433092E-02
      2     -163.3058600600   4.9362890E-02   3.1391414E-02
      3     -162.2082635657   1.0975965E+00   6.4374055E-02
      4     -162.8344015644  -6.2613800E-01   4.4945065E-02
      5     -163.3802927536  -5.4589119E-01   7.9708649E-03
      6     -163.3832981495  -3.0053959E-03   5.7635353E-03
      7     -163.3827603241   5.3782542E-04   4.5488260E-03
      8     -163.3835964458  -8.3612172E-04   3.0130762E-03
      9     -163.3840763982  -4.7995242E-04   1.7069591E-03
     10     -163.3843100294  -2.3363116E-04   1.0087604E-03
     11     -163.3845046201  -1.9459070E-04   3.4962376E-04
     12     -163.3845212226  -1.6602518E-05   1.5300159E-04
     13     -163.3845223814  -1.1588401E-06   9.8523774E-05
     14     -163.3845224435  -6.2131562E-08   7.9775751E-05
     15     -163.3845225903  -1.4673964E-07   4.6003047E-05
     16     -163.3845226697  -7.9432823E-08   1.5947582E-05
------------------------------------------------------------

 total:                                  14.412 sec
3
{'bond-orders': array([[0.00000000e+00, 3.06984077e-01, 1.87119333e-02, ...,
        1.56985600e-04, 1.23774588e-04, 9.58690720e-04],
       [3.06984077e-01, 0.00000000e+00, 2.32045582e-02, ...,
        3.24067953e-04, 1.76406049e-04, 5.30635174e-04],
       [1.87119333e-02, 2.32045582e-02, 0.00000000e+00, ...,
        1.13175606e-04, 3.60054895e-04, 2.21190792e-03],
       ...,
       [1.56985600e-04, 3.24067953e-04, 1.13175606e-04, ...,
        0.00000000e+00, 9.67018651e-03, 2.72957003e-02],
       [1.23774588e-04, 1.76406049e-04, 3.60054895e-04, ...,
        9.67018651e-03, 0.00000000e+00, 3.99798459e-02],
       [9.58690720e-04, 5.30635174e-04, 2.21190792e-03, ...,
        2.72957003e-02, 3.99798459e-02, 0.00000000e+00]], shape=(45, 45))}
{'bond-orders': array([[0.00000000e+00, 3.06984077e-01, 1.87119333e-02, ...,
        1.56985600e-04, 1.23774588e-04, 9.58690720e-04],
       [3.06984077e-01, 0.00000000e+00, 2.32045582e-02, ...,
        3.24067953e-04, 1.76406049e-04, 5.30635174e-04],
       [1.87119333e-02, 2.32045582e-02, 0.00000000e+00, ...,
        1.13175606e-04, 3.60054895e-04, 2.21190792e-03],
       ...,
       [1.56985600e-04, 3.24067953e-04, 1.13175606e-04, ...,
        0.00000000e+00, 9.67018651e-03, 2.72957003e-02],
       [1.23774588e-04, 1.76406049e-04, 3.60054895e-04, ...,
        9.67018651e-03, 0.00000000e+00, 3.99798459e-02],
       [9.58690720e-04, 5.30635174e-04, 2.21190792e-03, ...,
        2.72957003e-02, 3.99798459e-02, 0.00000000e+00]], shape=(45, 45)), 'molecular-dipole': array([0.3412264 , 0.57437823, 0.52700738])}
{'bond-orders': array([[0.00000000e+00, 3.06984077e-01, 1.87119333e-02, ...,
        1.56985600e-04, 1.23774588e-04, 9.58690720e-04],
       [3.06984077e-01, 0.00000000e+00, 2.32045582e-02, ...,
        3.24067953e-04, 1.76406049e-04, 5.30635174e-04],
       [1.87119333e-02, 2.32045582e-02, 0.00000000e+00, ...,
        1.13175606e-04, 3.60054895e-04, 2.21190792e-03],
       ...,
       [1.56985600e-04, 3.24067953e-04, 1.13175606e-04, ...,
        0.00000000e+00, 9.67018651e-03, 2.72957003e-02],
       [1.23774588e-04, 1.76406049e-04, 3.60054895e-04, ...,
        9.67018651e-03, 0.00000000e+00, 3.99798459e-02],
       [9.58690720e-04, 5.30635174e-04, 2.21190792e-03, ...,
        2.72957003e-02, 3.99798459e-02, 0.00000000e+00]], shape=(45, 45)), 'molecular-dipole': array([0.3412264 , 0.57437823, 0.52700738]), 'molecular-quadrupole': array([-50.09941658,  27.60785403, -49.3655183 , 115.42227672,
       112.16578133,  99.46493489])}
------------------------------------------------------------
  cycle        total energy    energy error   density error
------------------------------------------------------------
      1     -163.4010552443  -1.6316660E+02   1.6516301E-02
      2     -162.7944057517   6.0664949E-01   4.5474034E-02
      3     -162.2422093769   5.5219637E-01   6.2660389E-02
      4     -163.4057140070  -1.1635046E+00   8.9159036E-03
      5     -163.4126381719  -6.9241649E-03   6.7450445E-03
      6     -163.4111319960   1.5061759E-03   6.7495538E-03
      7     -163.4141785674  -3.0465713E-03   2.7788664E-03
      8     -163.4144853940  -3.0682659E-04   1.7452188E-03
      9     -163.4146106379  -1.2524389E-04   8.0138580E-04
     10     -163.4146338177  -2.3179858E-05   3.3326351E-04
     11     -163.4146386180  -4.8003132E-06   2.0843999E-04
     12     -163.4146400220  -1.4040116E-06   1.1274476E-04
     13     -163.4146401832  -1.6111346E-07   6.2607004E-05
     14     -163.4146401939  -1.0770407E-08   4.3565615E-05
     15     -163.4146401786   1.5342977E-08   2.3651651E-05
     16     -163.4146402662  -8.7666251E-08   1.3683247E-05
------------------------------------------------------------

 total:                                  14.588 sec
3
{'bond-orders': array([[0.00000000e+00, 3.07376331e-01, 1.83977791e-02, ...,
        1.24310255e-04, 7.50260052e-05, 7.74857509e-04],
       [3.07376331e-01, 0.00000000e+00, 2.35220161e-02, ...,
        2.83552492e-04, 1.03044910e-04, 4.34330152e-04],
       [1.83977791e-02, 2.35220161e-02, 0.00000000e+00, ...,
        9.76986590e-05, 2.57305839e-04, 2.16708722e-03],
       ...,
       [1.24310255e-04, 2.83552492e-04, 9.76986590e-05, ...,
        0.00000000e+00, 1.23717513e-02, 3.66190846e-02],
       [7.50260052e-05, 1.03044910e-04, 2.57305839e-04, ...,
        1.23717513e-02, 0.00000000e+00, 3.68452675e-02],
       [7.74857509e-04, 4.34330152e-04, 2.16708722e-03, ...,
        3.66190846e-02, 3.68452675e-02, 0.00000000e+00]], shape=(45, 45))}
{'bond-orders': array([[0.00000000e+00, 3.07376331e-01, 1.83977791e-02, ...,
        1.24310255e-04, 7.50260052e-05, 7.74857509e-04],
       [3.07376331e-01, 0.00000000e+00, 2.35220161e-02, ...,
        2.83552492e-04, 1.03044910e-04, 4.34330152e-04],
       [1.83977791e-02, 2.35220161e-02, 0.00000000e+00, ...,
        9.76986590e-05, 2.57305839e-04, 2.16708722e-03],
       ...,
       [1.24310255e-04, 2.83552492e-04, 9.76986590e-05, ...,
        0.00000000e+00, 1.23717513e-02, 3.66190846e-02],
       [7.50260052e-05, 1.03044910e-04, 2.57305839e-04, ...,
        1.23717513e-02, 0.00000000e+00, 3.68452675e-02],
       [7.74857509e-04, 4.34330152e-04, 2.16708722e-03, ...,
        3.66190846e-02, 3.68452675e-02, 0.00000000e+00]], shape=(45, 45)), 'molecular-dipole': array([ 0.57520223,  0.77146375, -0.14762254])}
{'bond-orders': array([[0.00000000e+00, 3.07376331e-01, 1.83977791e-02, ...,
        1.24310255e-04, 7.50260052e-05, 7.74857509e-04],
       [3.07376331e-01, 0.00000000e+00, 2.35220161e-02, ...,
        2.83552492e-04, 1.03044910e-04, 4.34330152e-04],
       [1.83977791e-02, 2.35220161e-02, 0.00000000e+00, ...,
        9.76986590e-05, 2.57305839e-04, 2.16708722e-03],
       ...,
       [1.24310255e-04, 2.83552492e-04, 9.76986590e-05, ...,
        0.00000000e+00, 1.23717513e-02, 3.66190846e-02],
       [7.50260052e-05, 1.03044910e-04, 2.57305839e-04, ...,
        1.23717513e-02, 0.00000000e+00, 3.68452675e-02],
       [7.74857509e-04, 4.34330152e-04, 2.16708722e-03, ...,
        3.66190846e-02, 3.68452675e-02, 0.00000000e+00]], shape=(45, 45)), 'molecular-dipole': array([ 0.57520223,  0.77146375, -0.14762254]), 'molecular-quadrupole': array([-12.52241659,  47.7437097 , -23.36621671, 121.20345493,
       123.02232422,  35.8886333 ])}
------------------------------------------------------------
  cycle        total energy    energy error   density error
------------------------------------------------------------
      1     -163.4268912652  -1.6318648E+02   1.3961114E-02
      2     -163.2321028673   1.9478840E-01   2.8417057E-02
      3     -162.3488125502   8.8329032E-01   5.8852199E-02
      4     -163.4142619851  -1.0654494E+00   1.0044402E-02
      5     -163.4308981937  -1.6636209E-02   6.2147175E-03
      6     -163.4294499619   1.4482318E-03   6.8525739E-03
      7     -163.4331084188  -3.6584569E-03   1.8068147E-03
      8     -163.4333142234  -2.0580464E-04   1.7066288E-03
      9     -163.4334612099  -1.4698645E-04   6.3029664E-04
     10     -163.4334554987   5.7112208E-06   3.9700091E-04
     11     -163.4334685191  -1.3020409E-05   2.7749140E-04
     12     -163.4334767651  -8.2459858E-06   1.1530094E-04
     13     -163.4334776452  -8.8015668E-07   4.2257304E-05
     14     -163.4334773009   3.4428027E-07   4.3559367E-05
     15     -163.4334775279  -2.2693825E-07   2.6399349E-05
     16     -163.4334777095  -1.8167299E-07   8.5508919E-06
------------------------------------------------------------

 total:                                  14.899 sec
3
{'bond-orders': array([[0.00000000e+00, 3.07418139e-01, 1.82083788e-02, ...,
        1.03339462e-04, 5.02920767e-05, 5.94936122e-04],
       [3.07418139e-01, 0.00000000e+00, 2.38579137e-02, ...,
        2.64514880e-04, 7.03243203e-05, 3.33707572e-04],
       [1.82083788e-02, 2.38579137e-02, 0.00000000e+00, ...,
        9.07147820e-05, 1.92697773e-04, 1.91280705e-03],
       ...,
       [1.03339462e-04, 2.64514880e-04, 9.07147820e-05, ...,
        0.00000000e+00, 1.54406312e-02, 4.88351549e-02],
       [5.02920767e-05, 7.03243203e-05, 1.92697773e-04, ...,
        1.54406312e-02, 0.00000000e+00, 3.43770021e-02],
       [5.94936122e-04, 3.33707572e-04, 1.91280705e-03, ...,
        4.88351549e-02, 3.43770021e-02, 0.00000000e+00]], shape=(45, 45))}
{'bond-orders': array([[0.00000000e+00, 3.07418139e-01, 1.82083788e-02, ...,
        1.03339462e-04, 5.02920767e-05, 5.94936122e-04],
       [3.07418139e-01, 0.00000000e+00, 2.38579137e-02, ...,
        2.64514880e-04, 7.03243203e-05, 3.33707572e-04],
       [1.82083788e-02, 2.38579137e-02, 0.00000000e+00, ...,
        9.07147820e-05, 1.92697773e-04, 1.91280705e-03],
       ...,
       [1.03339462e-04, 2.64514880e-04, 9.07147820e-05, ...,
        0.00000000e+00, 1.54406312e-02, 4.88351549e-02],
       [5.02920767e-05, 7.03243203e-05, 1.92697773e-04, ...,
        1.54406312e-02, 0.00000000e+00, 3.43770021e-02],
       [5.94936122e-04, 3.33707572e-04, 1.91280705e-03, ...,
        4.88351549e-02, 3.43770021e-02, 0.00000000e+00]], shape=(45, 45)), 'molecular-dipole': array([ 0.79623354,  0.8179884 , -0.68613027])}
{'bond-orders': array([[0.00000000e+00, 3.07418139e-01, 1.82083788e-02, ...,
        1.03339462e-04, 5.02920767e-05, 5.94936122e-04],
       [3.07418139e-01, 0.00000000e+00, 2.38579137e-02, ...,
        2.64514880e-04, 7.03243203e-05, 3.33707572e-04],
       [1.82083788e-02, 2.38579137e-02, 0.00000000e+00, ...,
        9.07147820e-05, 1.92697773e-04, 1.91280705e-03],
       ...,
       [1.03339462e-04, 2.64514880e-04, 9.07147820e-05, ...,
        0.00000000e+00, 1.54406312e-02, 4.88351549e-02],
       [5.02920767e-05, 7.03243203e-05, 1.92697773e-04, ...,
        1.54406312e-02, 0.00000000e+00, 3.43770021e-02],
       [5.94936122e-04, 3.33707572e-04, 1.91280705e-03, ...,
        4.88351549e-02, 3.43770021e-02, 0.00000000e+00]], shape=(45, 45)), 'molecular-dipole': array([ 0.79623354,  0.8179884 , -0.68613027]), 'molecular-quadrupole': array([ 19.30606315,  60.97922953,  -4.2877233 , 130.01451662,
       116.90478011, -15.01833985])}
------------------------------------------------------------
  cycle        total energy    energy error   density error
------------------------------------------------------------
      1     -163.4422930864  -1.6320711E+02   9.9866077E-03
      2     -163.3168385981   1.2545449E-01   2.2182715E-02
      3     -162.8664735302   4.5036507E-01   4.2968788E-02
      4     -163.4404093453  -5.7393582E-01   6.0915768E-03
      5     -163.4440660266  -3.6566813E-03   4.0919721E-03
      6     -163.4419451296   2.1208970E-03   5.3811972E-03
      7     -163.4450408091  -3.0956795E-03   2.0105793E-03
      8     -163.4456585529  -6.1774371E-04   1.2796018E-03
      9     -163.4457680778  -1.0952494E-04   3.6348877E-04
     10     -163.4457763083  -8.2304613E-06   1.9365885E-04
     11     -163.4457766177  -3.0945716E-07   1.3596605E-04
     12     -163.4457771798  -5.6204556E-07   8.4452368E-05
     13     -163.4457781477  -9.6796970E-07   3.9666817E-05
     14     -163.4457782418  -9.4116814E-08   1.9031357E-05
------------------------------------------------------------

 total:                                  14.339 sec
3
{'bond-orders': array([[0.00000000e+00, 3.07258045e-01, 1.80746603e-02, ...,
        9.03325283e-05, 4.00199700e-05, 4.79562146e-04],
       [3.07258045e-01, 0.00000000e+00, 2.40234677e-02, ...,
        2.49461496e-04, 6.41665969e-05, 2.86897207e-04],
       [1.80746603e-02, 2.40234677e-02, 0.00000000e+00, ...,
        8.55874108e-05, 1.64719983e-04, 1.65975806e-03],
       ...,
       [9.03325283e-05, 2.49461496e-04, 8.55874108e-05, ...,
        0.00000000e+00, 1.63796363e-02, 5.46857782e-02],
       [4.00199700e-05, 6.41665969e-05, 1.64719983e-04, ...,
        1.63796363e-02, 0.00000000e+00, 3.40037631e-02],
       [4.79562146e-04, 2.86897207e-04, 1.65975806e-03, ...,
        5.46857782e-02, 3.40037631e-02, 0.00000000e+00]], shape=(45, 45))}
{'bond-orders': array([[0.00000000e+00, 3.07258045e-01, 1.80746603e-02, ...,
        9.03325283e-05, 4.00199700e-05, 4.79562146e-04],
       [3.07258045e-01, 0.00000000e+00, 2.40234677e-02, ...,
        2.49461496e-04, 6.41665969e-05, 2.86897207e-04],
       [1.80746603e-02, 2.40234677e-02, 0.00000000e+00, ...,
        8.55874108e-05, 1.64719983e-04, 1.65975806e-03],
       ...,
       [9.03325283e-05, 2.49461496e-04, 8.55874108e-05, ...,
        0.00000000e+00, 1.63796363e-02, 5.46857782e-02],
       [4.00199700e-05, 6.41665969e-05, 1.64719983e-04, ...,
        1.63796363e-02, 0.00000000e+00, 3.40037631e-02],
       [4.79562146e-04, 2.86897207e-04, 1.65975806e-03, ...,
        5.46857782e-02, 3.40037631e-02, 0.00000000e+00]], shape=(45, 45)), 'molecular-dipole': array([ 0.89849927,  0.82158293, -1.00805381])}
{'bond-orders': array([[0.00000000e+00, 3.07258045e-01, 1.80746603e-02, ...,
        9.03325283e-05, 4.00199700e-05, 4.79562146e-04],
       [3.07258045e-01, 0.00000000e+00, 2.40234677e-02, ...,
        2.49461496e-04, 6.41665969e-05, 2.86897207e-04],
       [1.80746603e-02, 2.40234677e-02, 0.00000000e+00, ...,
        8.55874108e-05, 1.64719983e-04, 1.65975806e-03],
       ...,
       [9.03325283e-05, 2.49461496e-04, 8.55874108e-05, ...,
        0.00000000e+00, 1.63796363e-02, 5.46857782e-02],
       [4.00199700e-05, 6.41665969e-05, 1.64719983e-04, ...,
        1.63796363e-02, 0.00000000e+00, 3.40037631e-02],
       [4.79562146e-04, 2.86897207e-04, 1.65975806e-03, ...,
        5.46857782e-02, 3.40037631e-02, 0.00000000e+00]], shape=(45, 45)), 'molecular-dipole': array([ 0.89849927,  0.82158293, -1.00805381]), 'molecular-quadrupole': array([ 37.63210811,  68.03804128,   7.40976482, 131.26526108,
       109.86760816, -45.04187294])}
------------------------------------------------------------
  cycle        total energy    energy error   density error
------------------------------------------------------------
      1     -163.4574205527  -1.6323274E+02   8.7507069E-03
      2     -163.4189148663   3.8505686E-02   1.4194005E-02
      3     -162.9838945055   4.3502036E-01   3.8661493E-02
      4     -163.4578564149  -4.7396191E-01   4.7227305E-03
      5     -163.4595440522  -1.6876373E-03   2.8832194E-03
      6     -163.4574296701   2.1143821E-03   3.6769579E-03
      7     -163.4591907491  -1.7610790E-03   2.0431574E-03
      8     -163.4600081756  -8.1742652E-04   5.0582655E-04
      9     -163.4600181581  -9.9825189E-06   3.7536929E-04
     10     -163.4600246729  -6.5147607E-06   2.1943014E-04
     11     -163.4600283268  -3.6539194E-06   9.1949793E-05
     12     -163.4600283462  -1.9393298E-08   6.4242731E-05
     13     -163.4600287946  -4.4841224E-07   3.6929128E-05
     14     -163.4600288271  -3.2510343E-08   1.8149357E-05
------------------------------------------------------------

 total:                                  14.431 sec
3
{'bond-orders': array([[0.00000000e+00, 3.06933570e-01, 1.79049886e-02, ...,
        7.65004223e-05, 3.73800190e-05, 3.84363098e-04],
       [3.06933570e-01, 0.00000000e+00, 2.40464280e-02, ...,
        2.27068529e-04, 6.47185727e-05, 2.62826092e-04],
       [1.79049886e-02, 2.40464280e-02, 0.00000000e+00, ...,
        8.47862281e-05, 1.64647947e-04, 1.40910762e-03],
       ...,
       [7.65004223e-05, 2.27068529e-04, 8.47862281e-05, ...,
        0.00000000e+00, 1.59607240e-02, 5.22586086e-02],
       [3.73800190e-05, 6.47185727e-05, 1.64647947e-04, ...,
        1.59607240e-02, 0.00000000e+00, 3.78436004e-02],
       [3.84363098e-04, 2.62826092e-04, 1.40910762e-03, ...,
        5.22586086e-02, 3.78436004e-02, 0.00000000e+00]], shape=(45, 45))}
{'bond-orders': array([[0.00000000e+00, 3.06933570e-01, 1.79049886e-02, ...,
        7.65004223e-05, 3.73800190e-05, 3.84363098e-04],
       [3.06933570e-01, 0.00000000e+00, 2.40464280e-02, ...,
        2.27068529e-04, 6.47185727e-05, 2.62826092e-04],
       [1.79049886e-02, 2.40464280e-02, 0.00000000e+00, ...,
        8.47862281e-05, 1.64647947e-04, 1.40910762e-03],
       ...,
       [7.65004223e-05, 2.27068529e-04, 8.47862281e-05, ...,
        0.00000000e+00, 1.59607240e-02, 5.22586086e-02],
       [3.73800190e-05, 6.47185727e-05, 1.64647947e-04, ...,
        1.59607240e-02, 0.00000000e+00, 3.78436004e-02],
       [3.84363098e-04, 2.62826092e-04, 1.40910762e-03, ...,
        5.22586086e-02, 3.78436004e-02, 0.00000000e+00]], shape=(45, 45)), 'molecular-dipole': array([ 0.91839098,  0.81830914, -1.15957136])}
{'bond-orders': array([[0.00000000e+00, 3.06933570e-01, 1.79049886e-02, ...,
        7.65004223e-05, 3.73800190e-05, 3.84363098e-04],
       [3.06933570e-01, 0.00000000e+00, 2.40464280e-02, ...,
        2.27068529e-04, 6.47185727e-05, 2.62826092e-04],
       [1.79049886e-02, 2.40464280e-02, 0.00000000e+00, ...,
        8.47862281e-05, 1.64647947e-04, 1.40910762e-03],
       ...,
       [7.65004223e-05, 2.27068529e-04, 8.47862281e-05, ...,
        0.00000000e+00, 1.59607240e-02, 5.22586086e-02],
       [3.73800190e-05, 6.47185727e-05, 1.64647947e-04, ...,
        1.59607240e-02, 0.00000000e+00, 3.78436004e-02],
       [3.84363098e-04, 2.62826092e-04, 1.40910762e-03, ...,
        5.22586086e-02, 3.78436004e-02, 0.00000000e+00]], shape=(45, 45)), 'molecular-dipole': array([ 0.91839098,  0.81830914, -1.15957136]), 'molecular-quadrupole': array([ 45.6645233 ,  71.53561054,  13.38509995, 128.44700109,
       105.72320629, -59.04962326])}
------------------------------------------------------------
  cycle        total energy    energy error   density error
------------------------------------------------------------
      1     -163.4685839522  -1.6325189E+02   6.9801847E-03
      2     -163.4469210734   2.1662879E-02   1.1230763E-02
      3     -163.1816210303   2.6530004E-01   3.0143151E-02
      4     -163.4699191082  -2.8829808E-01   3.3553723E-03
      5     -163.4701271355  -2.0802732E-04   2.2003278E-03
      6     -163.4697941562   3.3297938E-04   2.4211953E-03
      7     -163.4691377776   6.5637857E-04   2.5101540E-03
      8     -163.4702412841  -1.1035065E-03   1.0738410E-03
      9     -163.4703645031  -1.2321902E-04   2.6099891E-04
     10     -163.4703703336  -5.8304416E-06   1.4991737E-04
     11     -163.4703719520  -1.6183961E-06   7.5492338E-05
     12     -163.4703720634  -1.1138397E-07   4.0218529E-05
     13     -163.4703722815  -2.1812357E-07   2.1871325E-05
     14     -163.4703723285  -4.7030056E-08   7.6130797E-06
------------------------------------------------------------

 total:                                  14.384 sec
3
{'bond-orders': array([[0.00000000e+00, 3.06409801e-01, 1.77165905e-02, ...,
        6.10272848e-05, 3.64270124e-05, 3.26784253e-04],
       [3.06409801e-01, 0.00000000e+00, 2.39933260e-02, ...,
        1.92296887e-04, 6.20725628e-05, 2.61061107e-04],
       [1.77165905e-02, 2.39933260e-02, 0.00000000e+00, ...,
        8.29037597e-05, 1.76256737e-04, 1.35756612e-03],
       ...,
       [6.10272848e-05, 1.92296887e-04, 8.29037597e-05, ...,
        0.00000000e+00, 1.41317284e-02, 4.16754757e-02],
       [3.64270124e-05, 6.20725628e-05, 1.76256737e-04, ...,
        1.41317284e-02, 0.00000000e+00, 4.39146677e-02],
       [3.26784253e-04, 2.61061107e-04, 1.35756612e-03, ...,
        4.16754757e-02, 4.39146677e-02, 0.00000000e+00]], shape=(45, 45))}
{'bond-orders': array([[0.00000000e+00, 3.06409801e-01, 1.77165905e-02, ...,
        6.10272848e-05, 3.64270124e-05, 3.26784253e-04],
       [3.06409801e-01, 0.00000000e+00, 2.39933260e-02, ...,
        1.92296887e-04, 6.20725628e-05, 2.61061107e-04],
       [1.77165905e-02, 2.39933260e-02, 0.00000000e+00, ...,
        8.29037597e-05, 1.76256737e-04, 1.35756612e-03],
       ...,
       [6.10272848e-05, 1.92296887e-04, 8.29037597e-05, ...,
        0.00000000e+00, 1.41317284e-02, 4.16754757e-02],
       [3.64270124e-05, 6.20725628e-05, 1.76256737e-04, ...,
        1.41317284e-02, 0.00000000e+00, 4.39146677e-02],
       [3.26784253e-04, 2.61061107e-04, 1.35756612e-03, ...,
        4.16754757e-02, 4.39146677e-02, 0.00000000e+00]], shape=(45, 45)), 'molecular-dipole': array([ 0.87841907,  0.88833522, -1.23855596])}
{'bond-orders': array([[0.00000000e+00, 3.06409801e-01, 1.77165905e-02, ...,
        6.10272848e-05, 3.64270124e-05, 3.26784253e-04],
       [3.06409801e-01, 0.00000000e+00, 2.39933260e-02, ...,
        1.92296887e-04, 6.20725628e-05, 2.61061107e-04],
       [1.77165905e-02, 2.39933260e-02, 0.00000000e+00, ...,
        8.29037597e-05, 1.76256737e-04, 1.35756612e-03],
       ...,
       [6.10272848e-05, 1.92296887e-04, 8.29037597e-05, ...,
        0.00000000e+00, 1.41317284e-02, 4.16754757e-02],
       [3.64270124e-05, 6.20725628e-05, 1.76256737e-04, ...,
        1.41317284e-02, 0.00000000e+00, 4.39146677e-02],
       [3.26784253e-04, 2.61061107e-04, 1.35756612e-03, ...,
        4.16754757e-02, 4.39146677e-02, 0.00000000e+00]], shape=(45, 45)), 'molecular-dipole': array([ 0.87841907,  0.88833522, -1.23855596]), 'molecular-quadrupole': array([ 48.29848497,  75.88415473,  18.2680682 , 120.53759799,
       112.73538348, -66.56655317])}
------------------------------------------------------------
  cycle        total energy    energy error   density error
------------------------------------------------------------
      1     -163.4738883516  -1.6325642E+02   3.6421222E-03
      2     -163.4668146842   7.0736674E-03   5.6927438E-03
      3     -163.3748782457   9.1936438E-02   1.7635368E-02
      4     -163.4741479571  -9.9269711E-02   1.8129067E-03
      5     -163.4742417344  -9.3777222E-05   1.0199495E-03
      6     -163.4742285166   1.3217807E-05   8.6361169E-04
      7     -163.4742642914  -3.5774846E-05   6.0152049E-04
      8     -163.4743051535  -4.0862124E-05   4.2582310E-04
      9     -163.4743286733  -2.3519723E-05   1.0106902E-04
     10     -163.4743292264  -5.5313811E-07   6.6121423E-05
     11     -163.4743295676  -3.4117437E-07   4.1867126E-05
     12     -163.4743297106  -1.4307375E-07   2.1830060E-05
     13     -163.4743297943  -8.3630681E-08   1.1341349E-05
------------------------------------------------------------

 total:                                  14.018 sec
3
{'bond-orders': array([[0.00000000e+00, 3.06142832e-01, 1.76643697e-02, ...,
        5.54702251e-05, 3.48727130e-05, 2.87689873e-04],
       [3.06142832e-01, 0.00000000e+00, 2.39875786e-02, ...,
        1.80303156e-04, 6.49834147e-05, 2.54208858e-04],
       [1.76643697e-02, 2.39875786e-02, 0.00000000e+00, ...,
        8.29911503e-05, 1.71890693e-04, 1.26786670e-03],
       ...,
       [5.54702251e-05, 1.80303156e-04, 8.29911503e-05, ...,
        0.00000000e+00, 1.48261720e-02, 4.23603679e-02],
       [3.48727130e-05, 6.49834147e-05, 1.71890693e-04, ...,
        1.48261720e-02, 0.00000000e+00, 4.63674203e-02],
       [2.87689873e-04, 2.54208858e-04, 1.26786670e-03, ...,
        4.23603679e-02, 4.63674203e-02, 0.00000000e+00]], shape=(45, 45))}
{'bond-orders': array([[0.00000000e+00, 3.06142832e-01, 1.76643697e-02, ...,
        5.54702251e-05, 3.48727130e-05, 2.87689873e-04],
       [3.06142832e-01, 0.00000000e+00, 2.39875786e-02, ...,
        1.80303156e-04, 6.49834147e-05, 2.54208858e-04],
       [1.76643697e-02, 2.39875786e-02, 0.00000000e+00, ...,
        8.29911503e-05, 1.71890693e-04, 1.26786670e-03],
       ...,
       [5.54702251e-05, 1.80303156e-04, 8.29911503e-05, ...,
        0.00000000e+00, 1.48261720e-02, 4.23603679e-02],
       [3.48727130e-05, 6.49834147e-05, 1.71890693e-04, ...,
        1.48261720e-02, 0.00000000e+00, 4.63674203e-02],
       [2.87689873e-04, 2.54208858e-04, 1.26786670e-03, ...,
        4.23603679e-02, 4.63674203e-02, 0.00000000e+00]], shape=(45, 45)), 'molecular-dipole': array([ 0.86490187,  0.90011284, -1.28855806])}
{'bond-orders': array([[0.00000000e+00, 3.06142832e-01, 1.76643697e-02, ...,
        5.54702251e-05, 3.48727130e-05, 2.87689873e-04],
       [3.06142832e-01, 0.00000000e+00, 2.39875786e-02, ...,
        1.80303156e-04, 6.49834147e-05, 2.54208858e-04],
       [1.76643697e-02, 2.39875786e-02, 0.00000000e+00, ...,
        8.29911503e-05, 1.71890693e-04, 1.26786670e-03],
       ...,
       [5.54702251e-05, 1.80303156e-04, 8.29911503e-05, ...,
        0.00000000e+00, 1.48261720e-02, 4.23603679e-02],
       [3.48727130e-05, 6.49834147e-05, 1.71890693e-04, ...,
        1.48261720e-02, 0.00000000e+00, 4.63674203e-02],
       [2.87689873e-04, 2.54208858e-04, 1.26786670e-03, ...,
        4.23603679e-02, 4.63674203e-02, 0.00000000e+00]], shape=(45, 45)), 'molecular-dipole': array([ 0.86490187,  0.90011284, -1.28855806]), 'molecular-quadrupole': array([ 50.41992826,  77.1359245 ,  20.86964832, 117.2664664 ,
       112.8535766 , -71.28957658])}
------------------------------------------------------------
  cycle        total energy    energy error   density error
------------------------------------------------------------
      1     -163.4794767944  -1.6325874E+02   5.2362533E-03
      2     -163.4235136120   5.5963182E-02   1.3967760E-02
      3     -163.3036749345   1.1983868E-01   2.3715168E-02
      4     -163.4798827988  -1.7620786E-01   2.9004034E-03
      5     -163.4803878288  -5.0503003E-04   1.3614540E-03
      6     -163.4805033950  -1.1556615E-04   8.8036920E-04
      7     -163.4804975686   5.8264005E-06   7.1551728E-04
      8     -163.4805767517  -7.9183088E-05   4.0621384E-04
      9     -163.4805818473  -5.0956287E-06   2.4706814E-04
     10     -163.4805877579  -5.9105850E-06   1.3645209E-04
     11     -163.4805885091  -7.5119766E-07   7.9726373E-05
     12     -163.4805891252  -6.1607074E-07   3.8810521E-05
     13     -163.4805893911  -2.6590007E-07   2.0941186E-05
     14     -163.4805895029  -1.1179839E-07   3.8372915E-06
------------------------------------------------------------

 total:                                  14.359 sec
3
{'bond-orders': array([[0.00000000e+00, 3.05651615e-01, 1.75909948e-02, ...,
        4.71803759e-05, 3.14265406e-05, 2.30060165e-04],
       [3.05651615e-01, 0.00000000e+00, 2.39085911e-02, ...,
        1.57299561e-04, 6.91369445e-05, 2.39529648e-04],
       [1.75909948e-02, 2.39085911e-02, 0.00000000e+00, ...,
        8.05401357e-05, 1.58577525e-04, 1.09623532e-03],
       ...,
       [4.71803759e-05, 1.57299561e-04, 8.05401357e-05, ...,
        0.00000000e+00, 1.61043144e-02, 4.47100360e-02],
       [3.14265406e-05, 6.91369445e-05, 1.58577525e-04, ...,
        1.61043144e-02, 0.00000000e+00, 4.92184811e-02],
       [2.30060165e-04, 2.39529648e-04, 1.09623532e-03, ...,
        4.47100360e-02, 4.92184811e-02, 0.00000000e+00]], shape=(45, 45))}
{'bond-orders': array([[0.00000000e+00, 3.05651615e-01, 1.75909948e-02, ...,
        4.71803759e-05, 3.14265406e-05, 2.30060165e-04],
       [3.05651615e-01, 0.00000000e+00, 2.39085911e-02, ...,
        1.57299561e-04, 6.91369445e-05, 2.39529648e-04],
       [1.75909948e-02, 2.39085911e-02, 0.00000000e+00, ...,
        8.05401357e-05, 1.58577525e-04, 1.09623532e-03],
       ...,
       [4.71803759e-05, 1.57299561e-04, 8.05401357e-05, ...,
        0.00000000e+00, 1.61043144e-02, 4.47100360e-02],
       [3.14265406e-05, 6.91369445e-05, 1.58577525e-04, ...,
        1.61043144e-02, 0.00000000e+00, 4.92184811e-02],
       [2.30060165e-04, 2.39529648e-04, 1.09623532e-03, ...,
        4.47100360e-02, 4.92184811e-02, 0.00000000e+00]], shape=(45, 45)), 'molecular-dipole': array([ 0.82979722,  0.93267575, -1.39593489])}
{'bond-orders': array([[0.00000000e+00, 3.05651615e-01, 1.75909948e-02, ...,
        4.71803759e-05, 3.14265406e-05, 2.30060165e-04],
       [3.05651615e-01, 0.00000000e+00, 2.39085911e-02, ...,
        1.57299561e-04, 6.91369445e-05, 2.39529648e-04],
       [1.75909948e-02, 2.39085911e-02, 0.00000000e+00, ...,
        8.05401357e-05, 1.58577525e-04, 1.09623532e-03],
       ...,
       [4.71803759e-05, 1.57299561e-04, 8.05401357e-05, ...,
        0.00000000e+00, 1.61043144e-02, 4.47100360e-02],
       [3.14265406e-05, 6.91369445e-05, 1.58577525e-04, ...,
        1.61043144e-02, 0.00000000e+00, 4.92184811e-02],
       [2.30060165e-04, 2.39529648e-04, 1.09623532e-03, ...,
        4.47100360e-02, 4.92184811e-02, 0.00000000e+00]], shape=(45, 45)), 'molecular-dipole': array([ 0.82979722,  0.93267575, -1.39593489]), 'molecular-quadrupole': array([ 54.53213211,  79.27432899,  26.51843419, 109.11723114,
       114.35260282, -81.0505663 ])}
------------------------------------------------------------
  cycle        total energy    energy error   density error
------------------------------------------------------------
      1     -163.4848350025  -1.6326094E+02   3.8527178E-03
      2     -163.4636277764   2.1207226E-02   8.8139538E-03
      3     -163.3807717393   8.2856037E-02   1.8189740E-02
      4     -163.4847144515  -1.0394271E-01   2.7603663E-03
      5     -163.4850212121  -3.0676059E-04   1.4694228E-03
      6     -163.4852813068  -2.6009468E-04   8.9952841E-04
      7     -163.4852511722   3.0134590E-05   7.5636169E-04
      8     -163.4853155176  -6.4345434E-05   4.2151512E-04
      9     -163.4853299333  -1.4415678E-05   1.4693192E-04
     10     -163.4853315867  -1.6534459E-06   1.0472901E-04
     11     -163.4853325968  -1.0100654E-06   6.0179094E-05
     12     -163.4853330265  -4.2973721E-07   3.1638070E-05
     13     -163.4853332216  -1.9510657E-07   1.4625463E-05
------------------------------------------------------------

 total:                                  14.031 sec
3
{'bond-orders': array([[0.00000000e+00, 3.05147079e-01, 1.75206963e-02, ...,
        4.10012214e-05, 2.75379858e-05, 1.86158177e-04],
       [3.05147079e-01, 0.00000000e+00, 2.37275884e-02, ...,
        1.34225556e-04, 6.94202710e-05, 2.20185600e-04],
       [1.75206963e-02, 2.37275884e-02, 0.00000000e+00, ...,
        7.57618954e-05, 1.44136879e-04, 9.14451305e-04],
       ...,
       [4.10012214e-05, 1.34225556e-04, 7.57618954e-05, ...,
        0.00000000e+00, 1.71479692e-02, 4.69225673e-02],
       [2.75379858e-05, 6.94202710e-05, 1.44136879e-04, ...,
        1.71479692e-02, 0.00000000e+00, 5.12697928e-02],
       [1.86158177e-04, 2.20185600e-04, 9.14451305e-04, ...,
        4.69225673e-02, 5.12697928e-02, 0.00000000e+00]], shape=(45, 45))}
{'bond-orders': array([[0.00000000e+00, 3.05147079e-01, 1.75206963e-02, ...,
        4.10012214e-05, 2.75379858e-05, 1.86158177e-04],
       [3.05147079e-01, 0.00000000e+00, 2.37275884e-02, ...,
        1.34225556e-04, 6.94202710e-05, 2.20185600e-04],
       [1.75206963e-02, 2.37275884e-02, 0.00000000e+00, ...,
        7.57618954e-05, 1.44136879e-04, 9.14451305e-04],
       ...,
       [4.10012214e-05, 1.34225556e-04, 7.57618954e-05, ...,
        0.00000000e+00, 1.71479692e-02, 4.69225673e-02],
       [2.75379858e-05, 6.94202710e-05, 1.44136879e-04, ...,
        1.71479692e-02, 0.00000000e+00, 5.12697928e-02],
       [1.86158177e-04, 2.20185600e-04, 9.14451305e-04, ...,
        4.69225673e-02, 5.12697928e-02, 0.00000000e+00]], shape=(45, 45)), 'molecular-dipole': array([ 0.76624961,  0.96646013, -1.46361708])}
{'bond-orders': array([[0.00000000e+00, 3.05147079e-01, 1.75206963e-02, ...,
        4.10012214e-05, 2.75379858e-05, 1.86158177e-04],
       [3.05147079e-01, 0.00000000e+00, 2.37275884e-02, ...,
        1.34225556e-04, 6.94202710e-05, 2.20185600e-04],
       [1.75206963e-02, 2.37275884e-02, 0.00000000e+00, ...,
        7.57618954e-05, 1.44136879e-04, 9.14451305e-04],
       ...,
       [4.10012214e-05, 1.34225556e-04, 7.57618954e-05, ...,
        0.00000000e+00, 1.71479692e-02, 4.69225673e-02],
       [2.75379858e-05, 6.94202710e-05, 1.44136879e-04, ...,
        1.71479692e-02, 0.00000000e+00, 5.12697928e-02],
       [1.86158177e-04, 2.20185600e-04, 9.14451305e-04, ...,
        4.69225673e-02, 5.12697928e-02, 0.00000000e+00]], shape=(45, 45)), 'molecular-dipole': array([ 0.76624961,  0.96646013, -1.46361708]), 'molecular-quadrupole': array([ 56.08667913,  80.08244695,  31.07129661,  98.8963346 ,
       117.19284464, -87.15797574])}
------------------------------------------------------------
  cycle        total energy    energy error   density error
------------------------------------------------------------
      1     -163.4888209157  -1.6326253E+02   3.2674378E-03
      2     -163.4546320873   3.4188828E-02   1.0735423E-02
      3     -163.4374829483   1.7149139E-02   1.2888957E-02
      4     -163.4883660444  -5.0883096E-02   2.8222789E-03
      5     -163.4889470433  -5.8099886E-04   1.4295070E-03
      6     -163.4891611120  -2.1406874E-04   1.0352167E-03
      7     -163.4892061412  -4.5029170E-05   6.6669306E-04
      8     -163.4892344981  -2.8356933E-05   3.2241606E-04
      9     -163.4892408952  -6.3971031E-06   1.5865336E-04
     10     -163.4892432201  -2.3248671E-06   9.7326671E-05
     11     -163.4892439697  -7.4959601E-07   4.5655353E-05
     12     -163.4892442033  -2.3360548E-07   2.4383591E-05
     13     -163.4892443136  -1.1029468E-07   8.5493308E-06
------------------------------------------------------------

 total:                                  14.037 sec
3
{'bond-orders': array([[0.00000000e+00, 3.04667717e-01, 1.74747932e-02, ...,
        3.63273425e-05, 2.32234376e-05, 1.50994504e-04],
       [3.04667717e-01, 0.00000000e+00, 2.35017058e-02, ...,
        1.12023320e-04, 6.62579515e-05, 1.95522796e-04],
       [1.74747932e-02, 2.35017058e-02, 0.00000000e+00, ...,
        6.92772051e-05, 1.29920858e-04, 7.23472906e-04],
       ...,
       [3.63273425e-05, 1.12023320e-04, 6.92772051e-05, ...,
        0.00000000e+00, 1.79803359e-02, 4.86992241e-02],
       [2.32234376e-05, 6.62579515e-05, 1.29920858e-04, ...,
        1.79803359e-02, 0.00000000e+00, 5.29729350e-02],
       [1.50994504e-04, 1.95522796e-04, 7.23472906e-04, ...,
        4.86992241e-02, 5.29729350e-02, 0.00000000e+00]], shape=(45, 45))}
{'bond-orders': array([[0.00000000e+00, 3.04667717e-01, 1.74747932e-02, ...,
        3.63273425e-05, 2.32234376e-05, 1.50994504e-04],
       [3.04667717e-01, 0.00000000e+00, 2.35017058e-02, ...,
        1.12023320e-04, 6.62579515e-05, 1.95522796e-04],
       [1.74747932e-02, 2.35017058e-02, 0.00000000e+00, ...,
        6.92772051e-05, 1.29920858e-04, 7.23472906e-04],
       ...,
       [3.63273425e-05, 1.12023320e-04, 6.92772051e-05, ...,
        0.00000000e+00, 1.79803359e-02, 4.86992241e-02],
       [2.32234376e-05, 6.62579515e-05, 1.29920858e-04, ...,
        1.79803359e-02, 0.00000000e+00, 5.29729350e-02],
       [1.50994504e-04, 1.95522796e-04, 7.23472906e-04, ...,
        4.86992241e-02, 5.29729350e-02, 0.00000000e+00]], shape=(45, 45)), 'molecular-dipole': array([ 0.67618207,  0.99221019, -1.50525374])}
{'bond-orders': array([[0.00000000e+00, 3.04667717e-01, 1.74747932e-02, ...,
        3.63273425e-05, 2.32234376e-05, 1.50994504e-04],
       [3.04667717e-01, 0.00000000e+00, 2.35017058e-02, ...,
        1.12023320e-04, 6.62579515e-05, 1.95522796e-04],
       [1.74747932e-02, 2.35017058e-02, 0.00000000e+00, ...,
        6.92772051e-05, 1.29920858e-04, 7.23472906e-04],
       ...,
       [3.63273425e-05, 1.12023320e-04, 6.92772051e-05, ...,
        0.00000000e+00, 1.79803359e-02, 4.86992241e-02],
       [2.32234376e-05, 6.62579515e-05, 1.29920858e-04, ...,
        1.79803359e-02, 0.00000000e+00, 5.29729350e-02],
       [1.50994504e-04, 1.95522796e-04, 7.23472906e-04, ...,
        4.86992241e-02, 5.29729350e-02, 0.00000000e+00]], shape=(45, 45)), 'molecular-dipole': array([ 0.67618207,  0.99221019, -1.50525374]), 'molecular-quadrupole': array([ 55.66340704,  79.38516343,  34.77598586,  86.25908646,
       119.85438351, -90.4393929 ])}
------------------------------------------------------------
  cycle        total energy    energy error   density error
------------------------------------------------------------
      1     -163.4925219862  -1.6326476E+02   2.8948311E-03
      2     -163.4868073114   5.7146748E-03   5.3133707E-03
      3     -163.4448787757   4.1928536E-02   1.2347397E-02
      4     -163.4924081422  -4.7529367E-02   2.2132686E-03
      5     -163.4924531070  -4.4964848E-05   1.5132243E-03
      6     -163.4925884373  -1.3533030E-04   1.3598350E-03
      7     -163.4926915896  -1.0315224E-04   6.2236443E-04
      8     -163.4927151475  -2.3557941E-05   3.0070973E-04
      9     -163.4927182457  -3.0981735E-06   1.8985287E-04
     10     -163.4927222398  -3.9941237E-06   1.0713917E-04
     11     -163.4927241616  -1.9218315E-06   5.3842107E-05
     12     -163.4927246959  -5.3422016E-07   1.8562412E-05
------------------------------------------------------------

 total:                                  12.724 sec
3
{'bond-orders': array([[0.00000000e+00, 3.04339593e-01, 1.75079392e-02, ...,
        3.24749038e-05, 1.88697436e-05, 1.24261598e-04],
       [3.04339593e-01, 0.00000000e+00, 2.33014087e-02, ...,
        9.09862155e-05, 6.14065177e-05, 1.68470299e-04],
       [1.75079392e-02, 2.33014087e-02, 0.00000000e+00, ...,
        6.12140798e-05, 1.17417561e-04, 5.47261638e-04],
       ...,
       [3.24749038e-05, 9.09862155e-05, 6.12140798e-05, ...,
        0.00000000e+00, 1.85554351e-02, 4.97133395e-02],
       [1.88697436e-05, 6.14065177e-05, 1.17417561e-04, ...,
        1.85554351e-02, 0.00000000e+00, 5.42439051e-02],
       [1.24261598e-04, 1.68470299e-04, 5.47261638e-04, ...,
        4.97133395e-02, 5.42439051e-02, 0.00000000e+00]], shape=(45, 45))}
{'bond-orders': array([[0.00000000e+00, 3.04339593e-01, 1.75079392e-02, ...,
        3.24749038e-05, 1.88697436e-05, 1.24261598e-04],
       [3.04339593e-01, 0.00000000e+00, 2.33014087e-02, ...,
        9.09862155e-05, 6.14065177e-05, 1.68470299e-04],
       [1.75079392e-02, 2.33014087e-02, 0.00000000e+00, ...,
        6.12140798e-05, 1.17417561e-04, 5.47261638e-04],
       ...,
       [3.24749038e-05, 9.09862155e-05, 6.12140798e-05, ...,
        0.00000000e+00, 1.85554351e-02, 4.97133395e-02],
       [1.88697436e-05, 6.14065177e-05, 1.17417561e-04, ...,
        1.85554351e-02, 0.00000000e+00, 5.42439051e-02],
       [1.24261598e-04, 1.68470299e-04, 5.47261638e-04, ...,
        4.97133395e-02, 5.42439051e-02, 0.00000000e+00]], shape=(45, 45)), 'molecular-dipole': array([ 0.58702287,  1.02232363, -1.51275617])}
{'bond-orders': array([[0.00000000e+00, 3.04339593e-01, 1.75079392e-02, ...,
        3.24749038e-05, 1.88697436e-05, 1.24261598e-04],
       [3.04339593e-01, 0.00000000e+00, 2.33014087e-02, ...,
        9.09862155e-05, 6.14065177e-05, 1.68470299e-04],
       [1.75079392e-02, 2.33014087e-02, 0.00000000e+00, ...,
        6.12140798e-05, 1.17417561e-04, 5.47261638e-04],
       ...,
       [3.24749038e-05, 9.09862155e-05, 6.12140798e-05, ...,
        0.00000000e+00, 1.85554351e-02, 4.97133395e-02],
       [1.88697436e-05, 6.14065177e-05, 1.17417561e-04, ...,
        1.85554351e-02, 0.00000000e+00, 5.42439051e-02],
       [1.24261598e-04, 1.68470299e-04, 5.47261638e-04, ...,
        4.97133395e-02, 5.42439051e-02, 0.00000000e+00]], shape=(45, 45)), 'molecular-dipole': array([ 0.58702287,  1.02232363, -1.51275617]), 'molecular-quadrupole': array([ 53.90091737,  78.43020926,  37.14863387,  75.00105355,
       124.1111009 , -91.04955124])}
------------------------------------------------------------
  cycle        total energy    energy error   density error
------------------------------------------------------------
      1     -163.4958081979  -1.6326830E+02   3.4254782E-03
      2     -163.4934219642   2.3862337E-03   5.1453548E-03
      3     -163.4717237964   2.1698168E-02   9.0526371E-03
      4     -163.4954819677  -2.3758171E-02   2.4821485E-03
      5     -163.4951202832   3.6168450E-04   2.6540984E-03
      6     -163.4958694633  -7.4918011E-04   1.7731037E-03
      7     -163.4960231575  -1.5369417E-04   6.9770680E-04
      8     -163.4960596055  -3.6447997E-05   3.4968341E-04
      9     -163.4960738955  -1.4290060E-05   1.9600298E-04
     10     -163.4960787678  -4.8722694E-06   1.0070850E-04
     11     -163.4960803879  -1.6201389E-06   5.2281474E-05
     12     -163.4960808835  -4.9554757E-07   1.9942448E-05
------------------------------------------------------------

 total:                                  10.293 sec
3
{'bond-orders': array([[0.00000000e+00, 3.04152128e-01, 1.76832013e-02, ...,
        2.89414509e-05, 1.49823738e-05, 1.04839211e-04],
       [3.04152128e-01, 0.00000000e+00, 2.31505469e-02, ...,
        7.15032485e-05, 5.60913019e-05, 1.41884789e-04],
       [1.76832013e-02, 2.31505469e-02, 0.00000000e+00, ...,
        5.18668686e-05, 1.08033856e-04, 3.93327562e-04],
       ...,
       [2.89414509e-05, 7.15032485e-05, 5.18668686e-05, ...,
        0.00000000e+00, 1.88461275e-02, 4.95713009e-02],
       [1.49823738e-05, 5.60913019e-05, 1.08033856e-04, ...,
        1.88461275e-02, 0.00000000e+00, 5.48246536e-02],
       [1.04839211e-04, 1.41884789e-04, 3.93327562e-04, ...,
        4.95713009e-02, 5.48246536e-02, 0.00000000e+00]], shape=(45, 45))}
{'bond-orders': array([[0.00000000e+00, 3.04152128e-01, 1.76832013e-02, ...,
        2.89414509e-05, 1.49823738e-05, 1.04839211e-04],
       [3.04152128e-01, 0.00000000e+00, 2.31505469e-02, ...,
        7.15032485e-05, 5.60913019e-05, 1.41884789e-04],
       [1.76832013e-02, 2.31505469e-02, 0.00000000e+00, ...,
        5.18668686e-05, 1.08033856e-04, 3.93327562e-04],
       ...,
       [2.89414509e-05, 7.15032485e-05, 5.18668686e-05, ...,
        0.00000000e+00, 1.88461275e-02, 4.95713009e-02],
       [1.49823738e-05, 5.60913019e-05, 1.08033856e-04, ...,
        1.88461275e-02, 0.00000000e+00, 5.48246536e-02],
       [1.04839211e-04, 1.41884789e-04, 3.93327562e-04, ...,
        4.95713009e-02, 5.48246536e-02, 0.00000000e+00]], shape=(45, 45)), 'molecular-dipole': array([ 0.47701541,  1.05345316, -1.49992305])}
{'bond-orders': array([[0.00000000e+00, 3.04152128e-01, 1.76832013e-02, ...,
        2.89414509e-05, 1.49823738e-05, 1.04839211e-04],
       [3.04152128e-01, 0.00000000e+00, 2.31505469e-02, ...,
        7.15032485e-05, 5.60913019e-05, 1.41884789e-04],
       [1.76832013e-02, 2.31505469e-02, 0.00000000e+00, ...,
        5.18668686e-05, 1.08033856e-04, 3.93327562e-04],
       ...,
       [2.89414509e-05, 7.15032485e-05, 5.18668686e-05, ...,
        0.00000000e+00, 1.88461275e-02, 4.95713009e-02],
       [1.49823738e-05, 5.60913019e-05, 1.08033856e-04, ...,
        1.88461275e-02, 0.00000000e+00, 5.48246536e-02],
       [1.04839211e-04, 1.41884789e-04, 3.93327562e-04, ...,
        4.95713009e-02, 5.48246536e-02, 0.00000000e+00]], shape=(45, 45)), 'molecular-dipole': array([ 0.47701541,  1.05345316, -1.49992305]), 'molecular-quadrupole': array([ 50.67864102,  76.49517117,  38.9997324 ,  62.01373961,
       129.12423488, -89.67837342])}
------------------------------------------------------------
  cycle        total energy    energy error   density error
------------------------------------------------------------
      1     -163.4980252454  -1.6327474E+02   4.0538378E-03
      2     -163.4894238104   8.6014349E-03   7.3476636E-03
      3     -163.4343876370   5.5036173E-02   1.4337975E-02
      4     -163.4931450251  -5.8757388E-02   4.6361078E-03
      5     -163.4977925774  -4.6475522E-03   3.0360592E-03
      6     -163.4981835391  -3.9096170E-04   2.1211940E-03
      7     -163.4984650636  -2.8152454E-04   6.5268475E-04
      8     -163.4984830305  -1.7966898E-05   2.9624725E-04
      9     -163.4984857324  -2.7018911E-06   1.8285324E-04
     10     -163.4984896205  -3.8881023E-06   8.4462660E-05
     11     -163.4984901639  -5.4340080E-07   4.6702333E-05
     12     -163.4984902315  -6.7565651E-08   2.8493201E-05
     13     -163.4984902682  -3.6767091E-08   9.2194611E-06
------------------------------------------------------------

 total:                                  10.520 sec
3
{'bond-orders': array([[0.00000000e+00, 3.04098245e-01, 1.79684278e-02, ...,
        2.61123991e-05, 1.28884975e-05, 9.27128191e-05],
       [3.04098245e-01, 0.00000000e+00, 2.30492121e-02, ...,
        5.69991606e-05, 5.22532107e-05, 1.22404832e-04],
       [1.79684278e-02, 2.30492121e-02, 0.00000000e+00, ...,
        4.35392978e-05, 1.04981842e-04, 2.86871761e-04],
       ...,
       [2.61123991e-05, 5.69991606e-05, 4.35392978e-05, ...,
        0.00000000e+00, 1.87319384e-02, 4.81178472e-02],
       [1.28884975e-05, 5.22532107e-05, 1.04981842e-04, ...,
        1.87319384e-02, 0.00000000e+00, 5.41267898e-02],
       [9.27128191e-05, 1.22404832e-04, 2.86871761e-04, ...,
        4.81178472e-02, 5.41267898e-02, 0.00000000e+00]], shape=(45, 45))}
{'bond-orders': array([[0.00000000e+00, 3.04098245e-01, 1.79684278e-02, ...,
        2.61123991e-05, 1.28884975e-05, 9.27128191e-05],
       [3.04098245e-01, 0.00000000e+00, 2.30492121e-02, ...,
        5.69991606e-05, 5.22532107e-05, 1.22404832e-04],
       [1.79684278e-02, 2.30492121e-02, 0.00000000e+00, ...,
        4.35392978e-05, 1.04981842e-04, 2.86871761e-04],
       ...,
       [2.61123991e-05, 5.69991606e-05, 4.35392978e-05, ...,
        0.00000000e+00, 1.87319384e-02, 4.81178472e-02],
       [1.28884975e-05, 5.22532107e-05, 1.04981842e-04, ...,
        1.87319384e-02, 0.00000000e+00, 5.41267898e-02],
       [9.27128191e-05, 1.22404832e-04, 2.86871761e-04, ...,
        4.81178472e-02, 5.41267898e-02, 0.00000000e+00]], shape=(45, 45)), 'molecular-dipole': array([ 0.35074854,  1.05670954, -1.46641003])}
{'bond-orders': array([[0.00000000e+00, 3.04098245e-01, 1.79684278e-02, ...,
        2.61123991e-05, 1.28884975e-05, 9.27128191e-05],
       [3.04098245e-01, 0.00000000e+00, 2.30492121e-02, ...,
        5.69991606e-05, 5.22532107e-05, 1.22404832e-04],
       [1.79684278e-02, 2.30492121e-02, 0.00000000e+00, ...,
        4.35392978e-05, 1.04981842e-04, 2.86871761e-04],
       ...,
       [2.61123991e-05, 5.69991606e-05, 4.35392978e-05, ...,
        0.00000000e+00, 1.87319384e-02, 4.81178472e-02],
       [1.28884975e-05, 5.22532107e-05, 1.04981842e-04, ...,
        1.87319384e-02, 0.00000000e+00, 5.41267898e-02],
       [9.27128191e-05, 1.22404832e-04, 2.86871761e-04, ...,
        4.81178472e-02, 5.41267898e-02, 0.00000000e+00]], shape=(45, 45)), 'molecular-dipole': array([ 0.35074854,  1.05670954, -1.46641003]), 'molecular-quadrupole': array([ 46.27272783,  72.36333023,  39.76315911,  48.13492071,
       131.19717973, -86.03588694])}
------------------------------------------------------------
  cycle        total energy    energy error   density error
------------------------------------------------------------
      1     -163.4991115534  -1.6327970E+02   1.1306719E-03
      2     -163.4959772275   3.1343259E-03   3.3800068E-03
      3     -163.4964760165  -4.9878902E-04   3.0315758E-03
      4     -163.4989753273  -2.4993108E-03   9.4449593E-04
      5     -163.4990795308  -1.0420356E-04   1.0582273E-03
      6     -163.4991415799  -6.2049105E-05   4.6882485E-04
      7     -163.4991537090  -1.2129087E-05   1.7163967E-04
      8     -163.4991549866  -1.2775519E-06   9.7623193E-05
      9     -163.4991552725  -2.8598546E-07   4.5674930E-05
     10     -163.4991554671  -1.9455587E-07   2.2813394E-05
     11     -163.4991555014  -3.4306908E-08   1.1135393E-05
------------------------------------------------------------

 total:                                  10.025 sec
3
{'bond-orders': array([[0.00000000e+00, 3.04113788e-01, 1.79894172e-02, ...,
        2.54666649e-05, 1.26147160e-05, 9.24970148e-05],
       [3.04113788e-01, 0.00000000e+00, 2.30853804e-02, ...,
        5.44718804e-05, 5.17933455e-05, 1.17935971e-04],
       [1.79894172e-02, 2.30853804e-02, 0.00000000e+00, ...,
        4.07989406e-05, 1.05402981e-04, 2.78267902e-04],
       ...,
       [2.54666649e-05, 5.44718804e-05, 4.07989406e-05, ...,
        0.00000000e+00, 1.83396104e-02, 4.74854971e-02],
       [1.26147160e-05, 5.17933455e-05, 1.05402981e-04, ...,
        1.83396104e-02, 0.00000000e+00, 5.27026115e-02],
       [9.24970148e-05, 1.17935971e-04, 2.78267902e-04, ...,
        4.74854971e-02, 5.27026115e-02, 0.00000000e+00]], shape=(45, 45))}
{'bond-orders': array([[0.00000000e+00, 3.04113788e-01, 1.79894172e-02, ...,
        2.54666649e-05, 1.26147160e-05, 9.24970148e-05],
       [3.04113788e-01, 0.00000000e+00, 2.30853804e-02, ...,
        5.44718804e-05, 5.17933455e-05, 1.17935971e-04],
       [1.79894172e-02, 2.30853804e-02, 0.00000000e+00, ...,
        4.07989406e-05, 1.05402981e-04, 2.78267902e-04],
       ...,
       [2.54666649e-05, 5.44718804e-05, 4.07989406e-05, ...,
        0.00000000e+00, 1.83396104e-02, 4.74854971e-02],
       [1.26147160e-05, 5.17933455e-05, 1.05402981e-04, ...,
        1.83396104e-02, 0.00000000e+00, 5.27026115e-02],
       [9.24970148e-05, 1.17935971e-04, 2.78267902e-04, ...,
        4.74854971e-02, 5.27026115e-02, 0.00000000e+00]], shape=(45, 45)), 'molecular-dipole': array([ 0.3278613 ,  1.04997588, -1.45661349])}
{'bond-orders': array([[0.00000000e+00, 3.04113788e-01, 1.79894172e-02, ...,
        2.54666649e-05, 1.26147160e-05, 9.24970148e-05],
       [3.04113788e-01, 0.00000000e+00, 2.30853804e-02, ...,
        5.44718804e-05, 5.17933455e-05, 1.17935971e-04],
       [1.79894172e-02, 2.30853804e-02, 0.00000000e+00, ...,
        4.07989406e-05, 1.05402981e-04, 2.78267902e-04],
       ...,
       [2.54666649e-05, 5.44718804e-05, 4.07989406e-05, ...,
        0.00000000e+00, 1.83396104e-02, 4.74854971e-02],
       [1.26147160e-05, 5.17933455e-05, 1.05402981e-04, ...,
        1.83396104e-02, 0.00000000e+00, 5.27026115e-02],
       [9.24970148e-05, 1.17935971e-04, 2.78267902e-04, ...,
        4.74854971e-02, 5.27026115e-02, 0.00000000e+00]], shape=(45, 45)), 'molecular-dipole': array([ 0.3278613 ,  1.04997588, -1.45661349]), 'molecular-quadrupole': array([ 45.37769675,  71.19257071,  39.69461804,  45.86539936,
       130.58146293, -85.07231479])}
------------------------------------------------------------
  cycle        total energy    energy error   density error
------------------------------------------------------------
      1     -163.4995201320  -1.6328308E+02   6.3346599E-04
      2     -163.4987986992   7.2143275E-04   1.6798160E-03
      3     -163.4985174160   2.8128321E-04   1.8232376E-03
      4     -163.4994456284  -9.2821242E-04   8.4005733E-04
      5     -163.4995155805  -6.9952101E-05   3.8932409E-04
      6     -163.4995253467  -9.7661099E-06   2.2182465E-04
      7     -163.4995279185  -2.5718366E-06   8.7770018E-05
      8     -163.4995282830  -3.6452747E-07   2.7289363E-05
      9     -163.4995282906  -7.5486071E-09   2.3646692E-05
     10     -163.4995283048  -1.4183456E-08   1.2159120E-05
------------------------------------------------------------

 total:                                   9.741 sec
3
{'bond-orders': array([[0.00000000e+00, 3.04156666e-01, 1.79255343e-02, ...,
        2.54271113e-05, 1.26815591e-05, 9.53937213e-05],
       [3.04156666e-01, 0.00000000e+00, 2.31592449e-02, ...,
        5.48140763e-05, 5.23555242e-05, 1.17180736e-04],
       [1.79255343e-02, 2.31592449e-02, 0.00000000e+00, ...,
        4.01718711e-05, 1.06807428e-04, 2.92569211e-04],
       ...,
       [2.54271113e-05, 5.48140763e-05, 4.01718711e-05, ...,
        0.00000000e+00, 1.80856903e-02, 4.77212794e-02],
       [1.26815591e-05, 5.23555242e-05, 1.06807428e-04, ...,
        1.80856903e-02, 0.00000000e+00, 5.12940835e-02],
       [9.53937213e-05, 1.17180736e-04, 2.92569211e-04, ...,
        4.77212794e-02, 5.12940835e-02, 0.00000000e+00]], shape=(45, 45))}
{'bond-orders': array([[0.00000000e+00, 3.04156666e-01, 1.79255343e-02, ...,
        2.54271113e-05, 1.26815591e-05, 9.53937213e-05],
       [3.04156666e-01, 0.00000000e+00, 2.31592449e-02, ...,
        5.48140763e-05, 5.23555242e-05, 1.17180736e-04],
       [1.79255343e-02, 2.31592449e-02, 0.00000000e+00, ...,
        4.01718711e-05, 1.06807428e-04, 2.92569211e-04],
       ...,
       [2.54271113e-05, 5.48140763e-05, 4.01718711e-05, ...,
        0.00000000e+00, 1.80856903e-02, 4.77212794e-02],
       [1.26815591e-05, 5.23555242e-05, 1.06807428e-04, ...,
        1.80856903e-02, 0.00000000e+00, 5.12940835e-02],
       [9.53937213e-05, 1.17180736e-04, 2.92569211e-04, ...,
        4.77212794e-02, 5.12940835e-02, 0.00000000e+00]], shape=(45, 45)), 'molecular-dipole': array([ 0.33213477,  1.03717454, -1.46247468])}
{'bond-orders': array([[0.00000000e+00, 3.04156666e-01, 1.79255343e-02, ...,
        2.54271113e-05, 1.26815591e-05, 9.53937213e-05],
       [3.04156666e-01, 0.00000000e+00, 2.31592449e-02, ...,
        5.48140763e-05, 5.23555242e-05, 1.17180736e-04],
       [1.79255343e-02, 2.31592449e-02, 0.00000000e+00, ...,
        4.01718711e-05, 1.06807428e-04, 2.92569211e-04],
       ...,
       [2.54271113e-05, 5.48140763e-05, 4.01718711e-05, ...,
        0.00000000e+00, 1.80856903e-02, 4.77212794e-02],
       [1.26815591e-05, 5.23555242e-05, 1.06807428e-04, ...,
        1.80856903e-02, 0.00000000e+00, 5.12940835e-02],
       [9.53937213e-05, 1.17180736e-04, 2.92569211e-04, ...,
        4.77212794e-02, 5.12940835e-02, 0.00000000e+00]], shape=(45, 45)), 'molecular-dipole': array([ 0.33213477,  1.03717454, -1.46247468]), 'molecular-quadrupole': array([ 45.79875969,  70.73070578,  39.71115192,  46.20272827,
       128.62005304, -85.5099116 ])}
------------------------------------------------------------
  cycle        total energy    energy error   density error
------------------------------------------------------------
      1     -163.4996737691  -1.6328342E+02   2.7913293E-04
      2     -163.4978820532   1.7917160E-03   2.4074709E-03
      3     -163.4996632806  -1.7812274E-03   3.8411821E-04
      4     -163.4996818943  -1.8613782E-05   1.8042577E-04
      5     -163.4996856384  -3.7440066E-06   1.1647733E-04
      6     -163.4996863859  -7.4752890E-07   8.2591720E-05
      7     -163.4996867267  -3.4086312E-07   2.4282043E-05
      8     -163.4996867484  -2.1694717E-08   1.6376782E-05
------------------------------------------------------------

 total:                                   9.296 sec
3
{'bond-orders': array([[0.00000000e+00, 3.04195493e-01, 1.78926047e-02, ...,
        2.56331532e-05, 1.28194000e-05, 9.85174914e-05],
       [3.04195493e-01, 0.00000000e+00, 2.31965209e-02, ...,
        5.53224169e-05, 5.28970646e-05, 1.18382909e-04],
       [1.78926047e-02, 2.31965209e-02, 0.00000000e+00, ...,
        4.07658853e-05, 1.08516759e-04, 3.09717688e-04],
       ...,
       [2.56331532e-05, 5.53224169e-05, 4.07658853e-05, ...,
        0.00000000e+00, 1.81038880e-02, 4.78895560e-02],
       [1.28194000e-05, 5.28970646e-05, 1.08516759e-04, ...,
        1.81038880e-02, 0.00000000e+00, 5.09784014e-02],
       [9.85174914e-05, 1.18382909e-04, 3.09717688e-04, ...,
        4.78895560e-02, 5.09784014e-02, 0.00000000e+00]], shape=(45, 45))}
{'bond-orders': array([[0.00000000e+00, 3.04195493e-01, 1.78926047e-02, ...,
        2.56331532e-05, 1.28194000e-05, 9.85174914e-05],
       [3.04195493e-01, 0.00000000e+00, 2.31965209e-02, ...,
        5.53224169e-05, 5.28970646e-05, 1.18382909e-04],
       [1.78926047e-02, 2.31965209e-02, 0.00000000e+00, ...,
        4.07658853e-05, 1.08516759e-04, 3.09717688e-04],
       ...,
       [2.56331532e-05, 5.53224169e-05, 4.07658853e-05, ...,
        0.00000000e+00, 1.81038880e-02, 4.78895560e-02],
       [1.28194000e-05, 5.28970646e-05, 1.08516759e-04, ...,
        1.81038880e-02, 0.00000000e+00, 5.09784014e-02],
       [9.85174914e-05, 1.18382909e-04, 3.09717688e-04, ...,
        4.78895560e-02, 5.09784014e-02, 0.00000000e+00]], shape=(45, 45)), 'molecular-dipole': array([ 0.33041443,  1.03041861, -1.47301169])}
{'bond-orders': array([[0.00000000e+00, 3.04195493e-01, 1.78926047e-02, ...,
        2.56331532e-05, 1.28194000e-05, 9.85174914e-05],
       [3.04195493e-01, 0.00000000e+00, 2.31965209e-02, ...,
        5.53224169e-05, 5.28970646e-05, 1.18382909e-04],
       [1.78926047e-02, 2.31965209e-02, 0.00000000e+00, ...,
        4.07658853e-05, 1.08516759e-04, 3.09717688e-04],
       ...,
       [2.56331532e-05, 5.53224169e-05, 4.07658853e-05, ...,
        0.00000000e+00, 1.81038880e-02, 4.78895560e-02],
       [1.28194000e-05, 5.28970646e-05, 1.08516759e-04, ...,
        1.81038880e-02, 0.00000000e+00, 5.09784014e-02],
       [9.85174914e-05, 1.18382909e-04, 3.09717688e-04, ...,
        4.78895560e-02, 5.09784014e-02, 0.00000000e+00]], shape=(45, 45)), 'molecular-dipole': array([ 0.33041443,  1.03041861, -1.47301169]), 'molecular-quadrupole': array([ 46.14038264,  70.38889482,  40.0628846 ,  45.50919328,
       127.46389949, -86.20326724])}
------------------------------------------------------------
  cycle        total energy    energy error   density error
------------------------------------------------------------
      1     -163.4998485387  -1.6328262E+02   3.2340967E-04
      2     -163.4993152476   5.3329105E-04   1.3585825E-03
      3     -163.4996225776  -3.0732999E-04   8.7975254E-04
      4     -163.4998495166  -2.2693901E-04   2.7014644E-04
      5     -163.4998490622   4.5438961E-07   2.4813542E-04
      6     -163.4998514508  -2.3885602E-06   1.4678072E-04
      7     -163.4998528169  -1.3661069E-06   4.5796336E-05
      8     -163.4998530395  -2.2261730E-07   2.5574093E-05
      9     -163.4998530992  -5.9711169E-08   1.2702124E-05
------------------------------------------------------------

 total:                                   9.534 sec
3
{'bond-orders': array([[0.00000000e+00, 3.04256293e-01, 1.78565414e-02, ...,
        2.60915011e-05, 1.30368255e-05, 1.03452205e-04],
       [3.04256293e-01, 0.00000000e+00, 2.32459704e-02, ...,
        5.57354474e-05, 5.36169698e-05, 1.20603387e-04],
       [1.78565414e-02, 2.32459704e-02, 0.00000000e+00, ...,
        4.24366259e-05, 1.11333383e-04, 3.39578683e-04],
       ...,
       [2.60915011e-05, 5.57354474e-05, 4.24366259e-05, ...,
        0.00000000e+00, 1.83234765e-02, 4.81396289e-02],
       [1.30368255e-05, 5.36169698e-05, 1.11333383e-04, ...,
        1.83234765e-02, 0.00000000e+00, 5.11428743e-02],
       [1.03452205e-04, 1.20603387e-04, 3.39578683e-04, ...,
        4.81396289e-02, 5.11428743e-02, 0.00000000e+00]], shape=(45, 45))}
{'bond-orders': array([[0.00000000e+00, 3.04256293e-01, 1.78565414e-02, ...,
        2.60915011e-05, 1.30368255e-05, 1.03452205e-04],
       [3.04256293e-01, 0.00000000e+00, 2.32459704e-02, ...,
        5.57354474e-05, 5.36169698e-05, 1.20603387e-04],
       [1.78565414e-02, 2.32459704e-02, 0.00000000e+00, ...,
        4.24366259e-05, 1.11333383e-04, 3.39578683e-04],
       ...,
       [2.60915011e-05, 5.57354474e-05, 4.24366259e-05, ...,
        0.00000000e+00, 1.83234765e-02, 4.81396289e-02],
       [1.30368255e-05, 5.36169698e-05, 1.11333383e-04, ...,
        1.83234765e-02, 0.00000000e+00, 5.11428743e-02],
       [1.03452205e-04, 1.20603387e-04, 3.39578683e-04, ...,
        4.81396289e-02, 5.11428743e-02, 0.00000000e+00]], shape=(45, 45)), 'molecular-dipole': array([ 0.32105338,  1.0285628 , -1.48314172])}
{'bond-orders': array([[0.00000000e+00, 3.04256293e-01, 1.78565414e-02, ...,
        2.60915011e-05, 1.30368255e-05, 1.03452205e-04],
       [3.04256293e-01, 0.00000000e+00, 2.32459704e-02, ...,
        5.57354474e-05, 5.36169698e-05, 1.20603387e-04],
       [1.78565414e-02, 2.32459704e-02, 0.00000000e+00, ...,
        4.24366259e-05, 1.11333383e-04, 3.39578683e-04],
       ...,
       [2.60915011e-05, 5.57354474e-05, 4.24366259e-05, ...,
        0.00000000e+00, 1.83234765e-02, 4.81396289e-02],
       [1.30368255e-05, 5.36169698e-05, 1.11333383e-04, ...,
        1.83234765e-02, 0.00000000e+00, 5.11428743e-02],
       [1.03452205e-04, 1.20603387e-04, 3.39578683e-04, ...,
        4.81396289e-02, 5.11428743e-02, 0.00000000e+00]], shape=(45, 45)), 'molecular-dipole': array([ 0.32105338,  1.0285628 , -1.48314172]), 'molecular-quadrupole': array([ 46.25109052,  70.21144489,  40.59817489,  43.85266496,
       126.87075333, -86.84926541])}
Using Materials Project MACE for MACECalculator with /home/ans819/.cache/mace/20231203mace128L1_epoch199model
Using float32 for MACECalculator, which is faster but less accurate. Recommended for MD. Use float64 for geometry optimization.
Using head Default out of ['Default']
Default dtype float32 does not match model dtype float64, converting models to float32.
CHGNet v0.3.0 initialized with 412,525 parameters
CHGNet will run on cpu
   30  Ag     12    4.39   0.01         0    2    0   0.007   17.811167   10.330618   33.009748
   31  Ag      7    3.92   0.18         0    2    0   0.015   26.536940   13.892900   34.602849
   32  Ag      9    4.27   0.07         0    2    0   0.008   23.046631    9.618162   34.602849
   33  Ag      8    4.14   0.12         0    2    0   0.022   14.320858   13.180444   36.195950
   34  Ag      9    4.27   0.07         0    2    0   0.021   10.830548    8.905705   36.195950
   35  Ag      9    4.27   0.07         0    2    0   0.012   19.556322   12.467987   37.789051
   36  Ag      5    3.15   0.34         0    2    0   0.017   23.046631   16.742726   37.789051
   37  Ag      6    3.59   0.26         0    2    0   0.016   24.791786   11.755531   39.382152
   38  Ag      3    2.00   0.41         2    2    0   0.010   28.282095   16.030269   39.382152
   39  Ag      7    4.10   0.12         0    2    0   0.084   12.575703   11.043075   40.975253
   40  Ag      3    2.00   0.39         2    2    0   0.024   16.066012   15.317813   40.975253
   41  C       6    4.20   0.00         3    0    0   0.072   10.947440    7.598348   42.887821
   42  H       2    1.92   0.00         1    0    0  -0.137    8.931291    8.172941   42.836753
   43  H       1    1.04   0.03         0    0    0  -0.107   11.928662    8.654794   44.392348
   44  H       3    2.74   0.01         3    0    0  -0.152   11.764086    8.127686   41.023315
   45  O       2    1.92   0.00         3    0    0  -0.518   11.212623    4.999556   43.126485

          #atoms :   45
          #bonds :   143
          #angl  :   187
          #tors  :   12
          #nmol  :   1
          #optfrag :   1
