/home/ans819/.conda/envs/autoflow/lib/python3.13/site-packages/e3nn/o3/_wigner.py:10: UserWarning: Environment variable TORCH_FORCE_NO_WEIGHTS_ONLY_LOAD detected, since the`weights_only` argument was not explicitly passed to `torch.load`, forcing weights_only=False.
  _Jd, _W3j_flat, _W3j_indices = torch.load(os.path.join(os.path.dirname(__file__), 'constants.pt'))

          ==================== Thresholds ====================
          CN  :   150.00000
          rep :   500.00000
          disp:  2500.00000
          HB1 :   250.00000
          HB2 :   450.00000

          Pauling EN used:
          Z : 1  EN :  2.20
          Z : 6  EN :  2.55
          Z : 8  EN :  3.44
          Z :47  EN :  1.93
          electric field strengths (au): 0.000

           ------------------------------------------------- 
          |           Force Field Initialization            |
           ------------------------------------------------- 

          distances ...
          ----------------------------------------
          generating topology and atomic info file ...
          pair mat ...
          computing topology distances matrix with Floyd-Warshall algo ...
          making topology EEQ charges ...
          #fragments for EEQ constrain: 1
          ----------------------------------------
          generating topology and atomic info file ...
          pair mat ...
          computing topology distances matrix with Floyd-Warshall algo ...
          making topology EEQ charges ...
          #fragments for EEQ constrain: 1
          rings ...
          # BATM   3068
          # H in HB   0

  atom   neighbors  erfCN metchar sp-hybrid imet pi  qest     coordinates
    1  Ag      2    1.35   0.37         2    2    0   0.004    3.199451    0.356229   25.455563
    2  Ag      5    3.15   0.31         0    2    0   0.018    6.689760    4.630967   25.455563
    3  Ag      9    4.27   0.07         0    2    0   0.009   15.415533    8.193249   27.048664
    4  Ag      7    3.92   0.19         0    2    0   0.013   11.925224    3.918511   27.048664
    5  Ag      7    3.92   0.19         0    2    0   0.018   20.650997    7.480793   28.641765
    6  Ag      6    3.59   0.27         0    2    0   0.019   17.160688    3.206054   28.641765
    7  Ag      9    4.27   0.07         0    2    0   0.008    8.434915    6.768336   30.234866
    8  Ag      6    3.59   0.23         0    2    0   0.019    4.944605    2.493598   30.234866
    9  Ag     12    4.39   0.01         0    2    0   0.006   13.670379    6.055880   31.827967
   10  Ag      7    3.92   0.19         0    2    0   0.018   10.180069    1.781141   31.827967
   11  Ag      9    4.27   0.07         0    2    0   0.024   18.905843    5.343423   33.421068
   12  Ag      6    3.59   0.27         0    2    0   0.032   15.415533    1.068685   33.421068
   13  Ag      8    4.14   0.11         0    2    0   0.019    6.689760    4.630967   35.014169
   14  Ag      3    2.00   0.37         2    2    0   0.014    3.199451    0.356229   35.014169
   15  Ag      8    4.14   0.12         0    2    0   0.028   11.925224    3.918511   36.607270
   16  Ag     10    4.34   0.04         0    2    0   0.022   15.415533    8.193249   36.607270
   17  Ag      6    3.73   0.21         0    2    0   0.112   17.160688    3.206054   38.200371
   18  Ag      6    3.59   0.26         0    2    0   0.031   20.650997    7.480793   38.200371
   19  Ag      3    2.00   0.37         2    2    0   0.013    4.944605    2.493598   39.793472
   20  Ag      5    3.15   0.32         0    2    0   0.024    8.434915    6.768336   39.793472
   21  Ag      6    3.59   0.26         0    2    0   0.014   10.180069    8.905705   25.455563
   22  Ag      5    3.15   0.34         0    2    0   0.015   13.670379   13.180444   25.455563
   23  Ag      4    2.61   0.38         3    2    0   0.017   22.396152   16.742726   27.048664
   24  Ag      8    4.14   0.12         0    2    0   0.012   18.905843   12.467987   27.048664
   25  Ag      3    2.00   0.39         2    2    0   0.011   27.631616   16.030269   28.641765
   26  Ag      7    3.92   0.19         0    2    0   0.015   24.141307   11.755531   28.641765
   27  Ag      6    3.59   0.27         0    2    0   0.014   15.415533   15.317813   30.234866
   28  Ag      9    4.27   0.07         0    2    0   0.008   11.925224   11.043075   30.234866
   29  Ag      9    4.27   0.07         0    2    0   0.010   20.650997   14.605357   31.827967
/home/ans819/.conda/envs/autoflow/lib/python3.13/site-packages/mace/calculators/mace.py:197: UserWarning: Environment variable TORCH_FORCE_NO_WEIGHTS_ONLY_LOAD detected, since the`weights_only` argument was not explicitly passed to `torch.load`, forcing weights_only=False.
  torch.load(f=model_path, map_location=device)
/home/ans819/.conda/envs/autoflow/lib/python3.13/site-packages/chgnet/model/model.py:898: UserWarning: Converting a tensor with requires_grad=True to a scalar may lead to unexpected behavior.
Consider using tensor.detach() first. (Triggered internally at /pytorch/torch/csrc/autograd/generated/python_variable_methods.cpp:836.)
  volumes = torch.tensor(volumes, dtype=TORCH_DTYPE, device=atomic_numbers.device)
cuequivariance or cuequivariance_torch is not available. Cuequivariance acceleration will be disabled.
------------------------------------------------------------
  cycle        total energy    energy error   density error
------------------------------------------------------------
      1     -163.2455704762  -1.6300417E+02   9.9700128E-01
      2     -161.3408567549   1.9047137E+00   6.2210412E-01
      3      463.6855474077   6.2502640E+02   1.8689860E+00
      4     -120.9324438900  -5.8461799E+02   8.6417481E-01
      5     -56.57217573219   6.4360268E+01   6.7097788E-01
      6     -153.4505957118  -9.6878420E+01   2.9845650E-01
      7     -152.3944129542   1.0561828E+00   2.2032126E-01
      8     -162.3912386763  -9.9968257E+00   9.7585787E-02
      9     -163.4487295549  -1.0574909E+00   4.8453805E-02
     10     -162.6704998494   7.7822971E-01   1.0031237E-01
     11     -163.1217437674  -4.5124392E-01   5.7968538E-02
     12     -163.3211980564  -1.9945429E-01   5.0642123E-02
     13     -163.4390152938  -1.1781724E-01   4.2768963E-02
     14     -163.4925306322  -5.3515338E-02   3.6678701E-02
     15     -163.5220871957  -2.9556563E-02   2.9902858E-02
     16     -163.5319641335  -9.8769377E-03   2.3894509E-02
     17     -163.5376976071  -5.7334736E-03   2.0336636E-02
     18     -163.5416659094  -3.9683024E-03   1.7805230E-02
     19     -163.5430481481  -1.3822387E-03   1.5953049E-02
     20     -163.5453603398  -2.3121917E-03   1.2660182E-02
     21     -163.5452470819   1.1325791E-04   1.2266798E-02
     22     -163.5453144996  -6.7417721E-05   1.1975896E-02
     23     -163.5454457132  -1.3121355E-04   1.1482215E-02
     24     -163.5458092478  -3.6353456E-04   1.0155117E-02
     25     -163.5464678573  -6.5860957E-04   7.9474070E-03
     26     -163.5469105002  -4.4264284E-04   6.4019822E-03
     27     -163.5473403124  -4.2981219E-04   3.6713775E-03
     28     -163.5474918329  -1.5152057E-04   2.9247872E-03
     29     -163.5475885495  -9.6716535E-05   2.4641825E-03
     30     -163.5476506718  -6.2122353E-05   2.0068654E-03
     31     -163.5477442944  -9.3622559E-05   1.1432780E-03
     32     -163.5477772800  -3.2985644E-05   6.7247017E-04
     33     -163.5477843956  -7.1156051E-06   4.9730360E-04
     34     -163.5477882791  -3.8834648E-06   3.7492383E-04
     35     -163.5477924066  -4.1274882E-06   2.2711986E-04
     36     -163.5477926288  -2.2220206E-07   1.8632376E-04
     37     -163.5477928517  -2.2293426E-07   1.6563562E-04
     38     -163.5477935304  -6.7865230E-07   9.9774051E-05
     39     -163.5477938089  -2.7855188E-07   3.9984731E-05
     40     -163.5477938152  -6.2499055E-09   3.4495590E-05
     41     -163.5477938227  -7.5505113E-09   3.0576972E-05
     42     -163.5477938559  -3.3216594E-08   1.1926093E-05
------------------------------------------------------------

 total:                                  23.146 sec
3
{'bond-orders': array([[0.00000000e+00, 3.06945622e-01, 2.27323942e-02, ...,
        3.87783707e-05, 2.32921570e-05, 1.06538852e-03],
       [3.06945622e-01, 0.00000000e+00, 2.15759105e-02, ...,
        6.74625502e-05, 8.57465607e-05, 1.44829213e-03],
       [2.27323942e-02, 2.15759105e-02, 0.00000000e+00, ...,
        9.22635598e-05, 7.77090802e-05, 1.72279636e-03],
       ...,
       [3.87783707e-05, 6.74625502e-05, 9.22635598e-05, ...,
        0.00000000e+00, 3.58660029e-03, 2.17746232e-02],
       [2.32921570e-05, 8.57465607e-05, 7.77090802e-05, ...,
        3.58660029e-03, 0.00000000e+00, 1.91765968e-02],
       [1.06538852e-03, 1.44829213e-03, 1.72279636e-03, ...,
        2.17746232e-02, 1.91765968e-02, 0.00000000e+00]], shape=(45, 45))}
{'bond-orders': array([[0.00000000e+00, 3.06945622e-01, 2.27323942e-02, ...,
        3.87783707e-05, 2.32921570e-05, 1.06538852e-03],
       [3.06945622e-01, 0.00000000e+00, 2.15759105e-02, ...,
        6.74625502e-05, 8.57465607e-05, 1.44829213e-03],
       [2.27323942e-02, 2.15759105e-02, 0.00000000e+00, ...,
        9.22635598e-05, 7.77090802e-05, 1.72279636e-03],
       ...,
       [3.87783707e-05, 6.74625502e-05, 9.22635598e-05, ...,
        0.00000000e+00, 3.58660029e-03, 2.17746232e-02],
       [2.32921570e-05, 8.57465607e-05, 7.77090802e-05, ...,
        3.58660029e-03, 0.00000000e+00, 1.91765968e-02],
       [1.06538852e-03, 1.44829213e-03, 1.72279636e-03, ...,
        2.17746232e-02, 1.91765968e-02, 0.00000000e+00]], shape=(45, 45)), 'molecular-dipole': array([-1.01962196,  1.6879258 , -0.34432091])}
{'bond-orders': array([[0.00000000e+00, 3.06945622e-01, 2.27323942e-02, ...,
        3.87783707e-05, 2.32921570e-05, 1.06538852e-03],
       [3.06945622e-01, 0.00000000e+00, 2.15759105e-02, ...,
        6.74625502e-05, 8.57465607e-05, 1.44829213e-03],
       [2.27323942e-02, 2.15759105e-02, 0.00000000e+00, ...,
        9.22635598e-05, 7.77090802e-05, 1.72279636e-03],
       ...,
       [3.87783707e-05, 6.74625502e-05, 9.22635598e-05, ...,
        0.00000000e+00, 3.58660029e-03, 2.17746232e-02],
       [2.32921570e-05, 8.57465607e-05, 7.77090802e-05, ...,
        3.58660029e-03, 0.00000000e+00, 1.91765968e-02],
       [1.06538852e-03, 1.44829213e-03, 1.72279636e-03, ...,
        2.17746232e-02, 1.91765968e-02, 0.00000000e+00]], shape=(45, 45)), 'molecular-dipole': array([-1.01962196,  1.6879258 , -0.34432091]), 'molecular-quadrupole': array([ -43.17017651,   80.21949374,   25.77521409, -109.42030972,
        199.24617539,   17.39496242])}
------------------------------------------------------------
  cycle        total energy    energy error   density error
------------------------------------------------------------
      1     -163.5484309363  -1.6330841E+02   1.6535132E-03
      2     -163.5463115597   2.1193766E-03   3.0786937E-03
      3     -163.5346310133   1.1680546E-02   6.6590792E-03
      4     -163.5480049003  -1.3373887E-02   1.9151363E-03
      5     -163.5483900169  -3.8511661E-04   1.0457923E-03
      6     -163.5484696663  -7.9649404E-05   5.5626662E-04
      7     -163.5484848201  -1.5153805E-05   2.5608119E-04
      8     -163.5484847956   2.4565395E-08   1.9830028E-04
      9     -163.5484863342  -1.5385868E-06   9.9969138E-05
     10     -163.5484871045  -7.7033454E-07   5.2421073E-05
     11     -163.5484875802  -4.7569222E-07   2.6385606E-05
     12     -163.5484877466  -1.6638515E-07   8.6096131E-06
------------------------------------------------------------

 total:                                  13.498 sec
3
{'bond-orders': array([[0.00000000e+00, 3.07013931e-01, 2.27296514e-02, ...,
        3.98551192e-05, 2.20910893e-05, 1.06484002e-03],
       [3.07013931e-01, 0.00000000e+00, 2.15399687e-02, ...,
        7.80663704e-05, 9.21180486e-05, 1.47079544e-03],
       [2.27296514e-02, 2.15399687e-02, 0.00000000e+00, ...,
        1.09700692e-04, 8.25201435e-05, 1.74040727e-03],
       ...,
       [3.98551192e-05, 7.80663704e-05, 1.09700692e-04, ...,
        0.00000000e+00, 3.80902128e-03, 2.34348150e-02],
       [2.20910893e-05, 9.21180486e-05, 8.25201435e-05, ...,
        3.80902128e-03, 0.00000000e+00, 1.98185055e-02],
       [1.06484002e-03, 1.47079544e-03, 1.74040727e-03, ...,
        2.34348150e-02, 1.98185055e-02, 0.00000000e+00]], shape=(45, 45))}
{'bond-orders': array([[0.00000000e+00, 3.07013931e-01, 2.27296514e-02, ...,
        3.98551192e-05, 2.20910893e-05, 1.06484002e-03],
       [3.07013931e-01, 0.00000000e+00, 2.15399687e-02, ...,
        7.80663704e-05, 9.21180486e-05, 1.47079544e-03],
       [2.27296514e-02, 2.15399687e-02, 0.00000000e+00, ...,
        1.09700692e-04, 8.25201435e-05, 1.74040727e-03],
       ...,
       [3.98551192e-05, 7.80663704e-05, 1.09700692e-04, ...,
        0.00000000e+00, 3.80902128e-03, 2.34348150e-02],
       [2.20910893e-05, 9.21180486e-05, 8.25201435e-05, ...,
        3.80902128e-03, 0.00000000e+00, 1.98185055e-02],
       [1.06484002e-03, 1.47079544e-03, 1.74040727e-03, ...,
        2.34348150e-02, 1.98185055e-02, 0.00000000e+00]], shape=(45, 45)), 'molecular-dipole': array([-1.03386801,  1.69211369, -0.39565111])}
{'bond-orders': array([[0.00000000e+00, 3.07013931e-01, 2.27296514e-02, ...,
        3.98551192e-05, 2.20910893e-05, 1.06484002e-03],
       [3.07013931e-01, 0.00000000e+00, 2.15399687e-02, ...,
        7.80663704e-05, 9.21180486e-05, 1.47079544e-03],
       [2.27296514e-02, 2.15399687e-02, 0.00000000e+00, ...,
        1.09700692e-04, 8.25201435e-05, 1.74040727e-03],
       ...,
       [3.98551192e-05, 7.80663704e-05, 1.09700692e-04, ...,
        0.00000000e+00, 3.80902128e-03, 2.34348150e-02],
       [2.20910893e-05, 9.21180486e-05, 8.25201435e-05, ...,
        3.80902128e-03, 0.00000000e+00, 1.98185055e-02],
       [1.06484002e-03, 1.47079544e-03, 1.74040727e-03, ...,
        2.34348150e-02, 1.98185055e-02, 0.00000000e+00]], shape=(45, 45)), 'molecular-dipole': array([-1.03386801,  1.69211369, -0.39565111]), 'molecular-quadrupole': array([ -41.49319276,   80.27634121,   27.99786471, -113.57056484,
        198.67688093,   13.49532805])}
------------------------------------------------------------
  cycle        total energy    energy error   density error
------------------------------------------------------------
      1     -163.5487782850  -1.6330975E+02   6.8470061E-04
      2     -163.5487251844   5.3100674E-05   1.1061375E-03
      3     -163.5487189683   6.2160371E-06   6.9687315E-04
      4     -163.5482472537   4.7171461E-04   1.3321029E-03
      5     -163.5486970315  -4.4977774E-04   6.2615414E-04
      6     -163.5487846961  -8.7664622E-05   3.1016157E-04
      7     -163.5487897634  -5.0672957E-06   1.3818078E-04
      8     -163.5487909158  -1.1524710E-06   5.0735578E-05
      9     -163.5487912431  -3.2721098E-07   2.1146091E-05
     10     -163.5487912723  -2.9275412E-08   1.0241477E-05
------------------------------------------------------------

 total:                                  12.891 sec
3
{'bond-orders': array([[0.00000000e+00, 3.07082416e-01, 2.27430016e-02, ...,
        3.99954630e-05, 2.03731066e-05, 1.06689153e-03],
       [3.07082416e-01, 0.00000000e+00, 2.15287766e-02, ...,
        8.18507580e-05, 9.21100121e-05, 1.48337063e-03],
       [2.27430016e-02, 2.15287766e-02, 0.00000000e+00, ...,
        1.15470151e-04, 8.14662859e-05, 1.75664405e-03],
       ...,
       [3.99954630e-05, 8.18507580e-05, 1.15470151e-04, ...,
        0.00000000e+00, 3.88720440e-03, 2.36091967e-02],
       [2.03731066e-05, 9.21100121e-05, 8.14662859e-05, ...,
        3.88720440e-03, 0.00000000e+00, 2.00280856e-02],
       [1.06689153e-03, 1.48337063e-03, 1.75664405e-03, ...,
        2.36091967e-02, 2.00280856e-02, 0.00000000e+00]], shape=(45, 45))}
{'bond-orders': array([[0.00000000e+00, 3.07082416e-01, 2.27430016e-02, ...,
        3.99954630e-05, 2.03731066e-05, 1.06689153e-03],
       [3.07082416e-01, 0.00000000e+00, 2.15287766e-02, ...,
        8.18507580e-05, 9.21100121e-05, 1.48337063e-03],
       [2.27430016e-02, 2.15287766e-02, 0.00000000e+00, ...,
        1.15470151e-04, 8.14662859e-05, 1.75664405e-03],
       ...,
       [3.99954630e-05, 8.18507580e-05, 1.15470151e-04, ...,
        0.00000000e+00, 3.88720440e-03, 2.36091967e-02],
       [2.03731066e-05, 9.21100121e-05, 8.14662859e-05, ...,
        3.88720440e-03, 0.00000000e+00, 2.00280856e-02],
       [1.06689153e-03, 1.48337063e-03, 1.75664405e-03, ...,
        2.36091967e-02, 2.00280856e-02, 0.00000000e+00]], shape=(45, 45)), 'molecular-dipole': array([-1.04218459,  1.68951123, -0.41316047])}
{'bond-orders': array([[0.00000000e+00, 3.07082416e-01, 2.27430016e-02, ...,
        3.99954630e-05, 2.03731066e-05, 1.06689153e-03],
       [3.07082416e-01, 0.00000000e+00, 2.15287766e-02, ...,
        8.18507580e-05, 9.21100121e-05, 1.48337063e-03],
       [2.27430016e-02, 2.15287766e-02, 0.00000000e+00, ...,
        1.15470151e-04, 8.14662859e-05, 1.75664405e-03],
       ...,
       [3.99954630e-05, 8.18507580e-05, 1.15470151e-04, ...,
        0.00000000e+00, 3.88720440e-03, 2.36091967e-02],
       [2.03731066e-05, 9.21100121e-05, 8.14662859e-05, ...,
        3.88720440e-03, 0.00000000e+00, 2.00280856e-02],
       [1.06689153e-03, 1.48337063e-03, 1.75664405e-03, ...,
        2.36091967e-02, 2.00280856e-02, 0.00000000e+00]], shape=(45, 45)), 'molecular-dipole': array([-1.04218459,  1.68951123, -0.41316047]), 'molecular-quadrupole': array([ -41.01808935,   80.0073982 ,   28.71242294, -115.51285123,
        197.94807079,   12.30566641])}
------------------------------------------------------------
  cycle        total energy    energy error   density error
------------------------------------------------------------
      1     -163.5491603725  -1.6331116E+02   1.2098600E-03
      2     -163.5487448677   4.1550480E-04   2.2065013E-03
      3     -163.5464581385   2.2867292E-03   3.0234686E-03
      4     -163.5484865907  -2.0284522E-03   1.6230690E-03
      5     -163.5491564127  -6.6982194E-04   6.0754283E-04
      6     -163.5491754966  -1.9083980E-05   5.9378170E-04
      7     -163.5492013530  -2.5856366E-05   2.4947048E-04
      8     -163.5492056660  -4.3129618E-06   8.1868604E-05
      9     -163.5492063414  -6.7542089E-07   3.3032373E-05
     10     -163.5492063828  -4.1366548E-08   2.0210878E-05
     11     -163.5492063991  -1.6322446E-08   8.9309153E-06
------------------------------------------------------------

 total:                                  13.199 sec
3
{'bond-orders': array([[0.00000000e+00, 3.07227573e-01, 2.27783282e-02, ...,
        3.98430767e-05, 1.75782063e-05, 1.08035972e-03],
       [3.07227573e-01, 0.00000000e+00, 2.15186035e-02, ...,
        8.55561083e-05, 8.97160908e-05, 1.50186453e-03],
       [2.27783282e-02, 2.15186035e-02, 0.00000000e+00, ...,
        1.20383268e-04, 7.70966579e-05, 1.78668036e-03],
       ...,
       [3.98430767e-05, 8.55561083e-05, 1.20383268e-04, ...,
        0.00000000e+00, 4.01262653e-03, 2.32337282e-02],
       [1.75782063e-05, 8.97160908e-05, 7.70966579e-05, ...,
        4.01262653e-03, 0.00000000e+00, 2.04180891e-02],
       [1.08035972e-03, 1.50186453e-03, 1.78668036e-03, ...,
        2.32337282e-02, 2.04180891e-02, 0.00000000e+00]], shape=(45, 45))}
{'bond-orders': array([[0.00000000e+00, 3.07227573e-01, 2.27783282e-02, ...,
        3.98430767e-05, 1.75782063e-05, 1.08035972e-03],
       [3.07227573e-01, 0.00000000e+00, 2.15186035e-02, ...,
        8.55561083e-05, 8.97160908e-05, 1.50186453e-03],
       [2.27783282e-02, 2.15186035e-02, 0.00000000e+00, ...,
        1.20383268e-04, 7.70966579e-05, 1.78668036e-03],
       ...,
       [3.98430767e-05, 8.55561083e-05, 1.20383268e-04, ...,
        0.00000000e+00, 4.01262653e-03, 2.32337282e-02],
       [1.75782063e-05, 8.97160908e-05, 7.70966579e-05, ...,
        4.01262653e-03, 0.00000000e+00, 2.04180891e-02],
       [1.08035972e-03, 1.50186453e-03, 1.78668036e-03, ...,
        2.32337282e-02, 2.04180891e-02, 0.00000000e+00]], shape=(45, 45)), 'molecular-dipole': array([-1.06055099,  1.67805593, -0.4338968 ])}
{'bond-orders': array([[0.00000000e+00, 3.07227573e-01, 2.27783282e-02, ...,
        3.98430767e-05, 1.75782063e-05, 1.08035972e-03],
       [3.07227573e-01, 0.00000000e+00, 2.15186035e-02, ...,
        8.55561083e-05, 8.97160908e-05, 1.50186453e-03],
       [2.27783282e-02, 2.15186035e-02, 0.00000000e+00, ...,
        1.20383268e-04, 7.70966579e-05, 1.78668036e-03],
       ...,
       [3.98430767e-05, 8.55561083e-05, 1.20383268e-04, ...,
        0.00000000e+00, 4.01262653e-03, 2.32337282e-02],
       [1.75782063e-05, 8.97160908e-05, 7.70966579e-05, ...,
        4.01262653e-03, 0.00000000e+00, 2.04180891e-02],
       [1.08035972e-03, 1.50186453e-03, 1.78668036e-03, ...,
        2.32337282e-02, 2.04180891e-02, 0.00000000e+00]], shape=(45, 45)), 'molecular-dipole': array([-1.06055099,  1.67805593, -0.4338968 ]), 'molecular-quadrupole': array([ -40.65707888,   79.10621864,   29.52659513, -118.92184824,
        196.13189804,   11.13048375])}
------------------------------------------------------------
  cycle        total energy    energy error   density error
------------------------------------------------------------
      1     -163.5493398713  -1.6331095E+02   5.4784538E-04
      2     -163.5491711451   1.6872622E-04   1.1434609E-03
      3     -163.5483899022   7.8124291E-04   1.7591816E-03
      4     -163.5492382805  -8.4837831E-04   6.5585354E-04
      5     -163.5493473992  -1.0911869E-04   1.8035681E-04
      6     -163.5493479250  -5.2588521E-07   1.8222786E-04
      7     -163.5493491238  -1.1987593E-06   1.2862594E-04
      8     -163.5493500263  -9.0249446E-07   5.6588355E-05
      9     -163.5493501855  -1.5922205E-07   2.1302573E-05
     10     -163.5493502061  -2.0598094E-08   1.2513730E-05
------------------------------------------------------------

 total:                                  12.937 sec
3
{'bond-orders': array([[0.00000000e+00, 3.07288110e-01, 2.27936605e-02, ...,
        3.94652068e-05, 1.66081790e-05, 1.08971720e-03],
       [3.07288110e-01, 0.00000000e+00, 2.15131583e-02, ...,
        8.51586945e-05, 8.80156420e-05, 1.50517392e-03],
       [2.27936605e-02, 2.15131583e-02, 0.00000000e+00, ...,
        1.19275187e-04, 7.46270554e-05, 1.79578820e-03],
       ...,
       [3.94652068e-05, 8.51586945e-05, 1.19275187e-04, ...,
        0.00000000e+00, 4.07398884e-03, 2.28754462e-02],
       [1.66081790e-05, 8.80156420e-05, 7.46270554e-05, ...,
        4.07398884e-03, 0.00000000e+00, 2.06393788e-02],
       [1.08971720e-03, 1.50517392e-03, 1.79578820e-03, ...,
        2.28754462e-02, 2.06393788e-02, 0.00000000e+00]], shape=(45, 45))}
{'bond-orders': array([[0.00000000e+00, 3.07288110e-01, 2.27936605e-02, ...,
        3.94652068e-05, 1.66081790e-05, 1.08971720e-03],
       [3.07288110e-01, 0.00000000e+00, 2.15131583e-02, ...,
        8.51586945e-05, 8.80156420e-05, 1.50517392e-03],
       [2.27936605e-02, 2.15131583e-02, 0.00000000e+00, ...,
        1.19275187e-04, 7.46270554e-05, 1.79578820e-03],
       ...,
       [3.94652068e-05, 8.51586945e-05, 1.19275187e-04, ...,
        0.00000000e+00, 4.07398884e-03, 2.28754462e-02],
       [1.66081790e-05, 8.80156420e-05, 7.46270554e-05, ...,
        4.07398884e-03, 0.00000000e+00, 2.06393788e-02],
       [1.08971720e-03, 1.50517392e-03, 1.79578820e-03, ...,
        2.28754462e-02, 2.06393788e-02, 0.00000000e+00]], shape=(45, 45)), 'molecular-dipole': array([-1.07081198,  1.67127968, -0.43854152])}
{'bond-orders': array([[0.00000000e+00, 3.07288110e-01, 2.27936605e-02, ...,
        3.94652068e-05, 1.66081790e-05, 1.08971720e-03],
       [3.07288110e-01, 0.00000000e+00, 2.15131583e-02, ...,
        8.51586945e-05, 8.80156420e-05, 1.50517392e-03],
       [2.27936605e-02, 2.15131583e-02, 0.00000000e+00, ...,
        1.19275187e-04, 7.46270554e-05, 1.79578820e-03],
       ...,
       [3.94652068e-05, 8.51586945e-05, 1.19275187e-04, ...,
        0.00000000e+00, 4.07398884e-03, 2.28754462e-02],
       [1.66081790e-05, 8.80156420e-05, 7.46270554e-05, ...,
        4.07398884e-03, 0.00000000e+00, 2.06393788e-02],
       [1.08971720e-03, 1.50517392e-03, 1.79578820e-03, ...,
        2.28754462e-02, 2.06393788e-02, 0.00000000e+00]], shape=(45, 45)), 'molecular-dipole': array([-1.07081198,  1.67127968, -0.43854152]), 'molecular-quadrupole': array([ -40.74051065,   78.49822201,   29.71002715, -120.46105905,
        195.28909324,   11.0304835 ])}
------------------------------------------------------------
  cycle        total energy    energy error   density error
------------------------------------------------------------
      1     -163.5494434141  -1.6331011E+02   4.4270205E-04
      2     -163.5473849656   2.0584485E-03   2.6292985E-03
      3     -163.5493240499  -1.9390844E-03   8.1379170E-04
      4     -163.5494309559  -1.0690596E-04   3.9837710E-04
      5     -163.5494585141  -2.7558223E-05   2.5318584E-04
      6     -163.5494597178  -1.2036935E-06   2.0032025E-04
      7     -163.5494615788  -1.8609925E-06   1.0864454E-04
      8     -163.5494621953  -6.1649334E-07   3.5423194E-05
      9     -163.5494622408  -4.5529788E-08   1.7916094E-05
------------------------------------------------------------

 total:                                  12.626 sec
3
{'bond-orders': array([[0.00000000e+00, 3.07338574e-01, 2.28043546e-02, ...,
        3.88814793e-05, 1.59868565e-05, 1.09570940e-03],
       [3.07338574e-01, 0.00000000e+00, 2.15098235e-02, ...,
        8.39915602e-05, 8.70009192e-05, 1.50440091e-03],
       [2.28043546e-02, 2.15098235e-02, 0.00000000e+00, ...,
        1.17252135e-04, 7.30337274e-05, 1.79858307e-03],
       ...,
       [3.88814793e-05, 8.39915602e-05, 1.17252135e-04, ...,
        0.00000000e+00, 4.13451333e-03, 2.26583493e-02],
       [1.59868565e-05, 8.70009192e-05, 7.30337274e-05, ...,
        4.13451333e-03, 0.00000000e+00, 2.08548538e-02],
       [1.09570940e-03, 1.50440091e-03, 1.79858307e-03, ...,
        2.26583493e-02, 2.08548538e-02, 0.00000000e+00]], shape=(45, 45))}
{'bond-orders': array([[0.00000000e+00, 3.07338574e-01, 2.28043546e-02, ...,
        3.88814793e-05, 1.59868565e-05, 1.09570940e-03],
       [3.07338574e-01, 0.00000000e+00, 2.15098235e-02, ...,
        8.39915602e-05, 8.70009192e-05, 1.50440091e-03],
       [2.28043546e-02, 2.15098235e-02, 0.00000000e+00, ...,
        1.17252135e-04, 7.30337274e-05, 1.79858307e-03],
       ...,
       [3.88814793e-05, 8.39915602e-05, 1.17252135e-04, ...,
        0.00000000e+00, 4.13451333e-03, 2.26583493e-02],
       [1.59868565e-05, 8.70009192e-05, 7.30337274e-05, ...,
        4.13451333e-03, 0.00000000e+00, 2.08548538e-02],
       [1.09570940e-03, 1.50440091e-03, 1.79858307e-03, ...,
        2.26583493e-02, 2.08548538e-02, 0.00000000e+00]], shape=(45, 45)), 'molecular-dipole': array([-1.078518  ,  1.66712689, -0.44696996])}
{'bond-orders': array([[0.00000000e+00, 3.07338574e-01, 2.28043546e-02, ...,
        3.88814793e-05, 1.59868565e-05, 1.09570940e-03],
       [3.07338574e-01, 0.00000000e+00, 2.15098235e-02, ...,
        8.39915602e-05, 8.70009192e-05, 1.50440091e-03],
       [2.28043546e-02, 2.15098235e-02, 0.00000000e+00, ...,
        1.17252135e-04, 7.30337274e-05, 1.79858307e-03],
       ...,
       [3.88814793e-05, 8.39915602e-05, 1.17252135e-04, ...,
        0.00000000e+00, 4.13451333e-03, 2.26583493e-02],
       [1.59868565e-05, 8.70009192e-05, 7.30337274e-05, ...,
        4.13451333e-03, 0.00000000e+00, 2.08548538e-02],
       [1.09570940e-03, 1.50440091e-03, 1.79858307e-03, ...,
        2.26583493e-02, 2.08548538e-02, 0.00000000e+00]], shape=(45, 45)), 'molecular-dipole': array([-1.078518  ,  1.66712689, -0.44696996]), 'molecular-quadrupole': array([ -40.60567234,   78.18943906,   30.05625304, -121.88150588,
        194.65268354,   10.5494193 ])}
------------------------------------------------------------
  cycle        total energy    energy error   density error
------------------------------------------------------------
      1     -163.5495611344  -1.6330911E+02   4.9357532E-04
      2     -163.5477923256   1.7688089E-03   2.4407418E-03
      3     -163.5492960300  -1.5037044E-03   1.0770638E-03
      4     -163.5495465085  -2.5047854E-04   4.0526055E-04
      5     -163.5495792428  -3.2734277E-05   1.9297971E-04
      6     -163.5495763684   2.8744230E-06   2.6455833E-04
      7     -163.5495797883  -3.4199192E-06   1.2355435E-04
      8     -163.5495805564  -7.6817224E-07   5.8607847E-05
      9     -163.5495808339  -2.7744338E-07   2.1184623E-05
     10     -163.5495808942  -6.0350402E-08   1.1930361E-05
------------------------------------------------------------

 total:                                  12.896 sec
3
{'bond-orders': array([[0.00000000e+00, 3.07380577e-01, 2.28045307e-02, ...,
        3.81956142e-05, 1.55661857e-05, 1.09965946e-03],
       [3.07380577e-01, 0.00000000e+00, 2.14972952e-02, ...,
        8.30942433e-05, 8.70679972e-05, 1.50581000e-03],
       [2.28045307e-02, 2.14972952e-02, 0.00000000e+00, ...,
        1.16071331e-04, 7.26505247e-05, 1.80401680e-03],
       ...,
       [3.81956142e-05, 8.30942433e-05, 1.16071331e-04, ...,
        0.00000000e+00, 4.20363766e-03, 2.26188307e-02],
       [1.55661857e-05, 8.70679972e-05, 7.26505247e-05, ...,
        4.20363766e-03, 0.00000000e+00, 2.10721810e-02],
       [1.09965946e-03, 1.50581000e-03, 1.80401680e-03, ...,
        2.26188307e-02, 2.10721810e-02, 0.00000000e+00]], shape=(45, 45))}
{'bond-orders': array([[0.00000000e+00, 3.07380577e-01, 2.28045307e-02, ...,
        3.81956142e-05, 1.55661857e-05, 1.09965946e-03],
       [3.07380577e-01, 0.00000000e+00, 2.14972952e-02, ...,
        8.30942433e-05, 8.70679972e-05, 1.50581000e-03],
       [2.28045307e-02, 2.14972952e-02, 0.00000000e+00, ...,
        1.16071331e-04, 7.26505247e-05, 1.80401680e-03],
       ...,
       [3.81956142e-05, 8.30942433e-05, 1.16071331e-04, ...,
        0.00000000e+00, 4.20363766e-03, 2.26188307e-02],
       [1.55661857e-05, 8.70679972e-05, 7.26505247e-05, ...,
        4.20363766e-03, 0.00000000e+00, 2.10721810e-02],
       [1.09965946e-03, 1.50581000e-03, 1.80401680e-03, ...,
        2.26188307e-02, 2.10721810e-02, 0.00000000e+00]], shape=(45, 45)), 'molecular-dipole': array([-1.0831619 ,  1.67214252, -0.46555782])}
{'bond-orders': array([[0.00000000e+00, 3.07380577e-01, 2.28045307e-02, ...,
        3.81956142e-05, 1.55661857e-05, 1.09965946e-03],
       [3.07380577e-01, 0.00000000e+00, 2.14972952e-02, ...,
        8.30942433e-05, 8.70679972e-05, 1.50581000e-03],
       [2.28045307e-02, 2.14972952e-02, 0.00000000e+00, ...,
        1.16071331e-04, 7.26505247e-05, 1.80401680e-03],
       ...,
       [3.81956142e-05, 8.30942433e-05, 1.16071331e-04, ...,
        0.00000000e+00, 4.20363766e-03, 2.26188307e-02],
       [1.55661857e-05, 8.70679972e-05, 7.26505247e-05, ...,
        4.20363766e-03, 0.00000000e+00, 2.10721810e-02],
       [1.09965946e-03, 1.50581000e-03, 1.80401680e-03, ...,
        2.26188307e-02, 2.10721810e-02, 0.00000000e+00]], shape=(45, 45)), 'molecular-dipole': array([-1.0831619 ,  1.67214252, -0.46555782]), 'molecular-quadrupole': array([ -40.07848501,   78.29630498,   30.84354053, -123.41501183,
        194.8365649 ,    9.23494448])}
------------------------------------------------------------
  cycle        total energy    energy error   density error
------------------------------------------------------------
      1     -163.5497263253  -1.6330805E+02   8.9379383E-04
      2     -163.5496637694   6.2555870E-05   1.2972537E-03
      3     -163.5495782224   8.5547041E-05   9.5749845E-04
      4     -163.5487992792   7.7894315E-04   1.7475833E-03
      5     -163.5496734944  -8.7421521E-04   6.3074151E-04
      6     -163.5497346932  -6.1198810E-05   4.6838202E-04
      7     -163.5497480257  -1.3332485E-05   2.2342113E-04
      8     -163.5497502020  -2.1762559E-06   9.0641334E-05
      9     -163.5497511802  -9.7822559E-07   3.9406552E-05
     10     -163.5497513866  -2.0637899E-07   2.2964110E-05
     11     -163.5497514918  -1.0521080E-07   8.1707765E-06
------------------------------------------------------------

 total:                                  13.078 sec
3
{'bond-orders': array([[0.00000000e+00, 3.07448329e-01, 2.27974823e-02, ...,
        3.72794571e-05, 1.53397044e-05, 1.10474119e-03],
       [3.07448329e-01, 0.00000000e+00, 2.14694196e-02, ...,
        8.29035499e-05, 8.87871373e-05, 1.51670593e-03],
       [2.27974823e-02, 2.14694196e-02, 0.00000000e+00, ...,
        1.16508124e-04, 7.36474826e-05, 1.82222706e-03],
       ...,
       [3.72794571e-05, 8.29035499e-05, 1.16508124e-04, ...,
        0.00000000e+00, 4.29883031e-03, 2.27510461e-02],
       [1.53397044e-05, 8.87871373e-05, 7.36474826e-05, ...,
        4.29883031e-03, 0.00000000e+00, 2.13061898e-02],
       [1.10474119e-03, 1.51670593e-03, 1.82222706e-03, ...,
        2.27510461e-02, 2.13061898e-02, 0.00000000e+00]], shape=(45, 45))}
{'bond-orders': array([[0.00000000e+00, 3.07448329e-01, 2.27974823e-02, ...,
        3.72794571e-05, 1.53397044e-05, 1.10474119e-03],
       [3.07448329e-01, 0.00000000e+00, 2.14694196e-02, ...,
        8.29035499e-05, 8.87871373e-05, 1.51670593e-03],
       [2.27974823e-02, 2.14694196e-02, 0.00000000e+00, ...,
        1.16508124e-04, 7.36474826e-05, 1.82222706e-03],
       ...,
       [3.72794571e-05, 8.29035499e-05, 1.16508124e-04, ...,
        0.00000000e+00, 4.29883031e-03, 2.27510461e-02],
       [1.53397044e-05, 8.87871373e-05, 7.36474826e-05, ...,
        4.29883031e-03, 0.00000000e+00, 2.13061898e-02],
       [1.10474119e-03, 1.51670593e-03, 1.82222706e-03, ...,
        2.27510461e-02, 2.13061898e-02, 0.00000000e+00]], shape=(45, 45)), 'molecular-dipole': array([-1.09139526,  1.67906344, -0.49393526])}
{'bond-orders': array([[0.00000000e+00, 3.07448329e-01, 2.27974823e-02, ...,
        3.72794571e-05, 1.53397044e-05, 1.10474119e-03],
       [3.07448329e-01, 0.00000000e+00, 2.14694196e-02, ...,
        8.29035499e-05, 8.87871373e-05, 1.51670593e-03],
       [2.27974823e-02, 2.14694196e-02, 0.00000000e+00, ...,
        1.16508124e-04, 7.36474826e-05, 1.82222706e-03],
       ...,
       [3.72794571e-05, 8.29035499e-05, 1.16508124e-04, ...,
        0.00000000e+00, 4.29883031e-03, 2.27510461e-02],
       [1.53397044e-05, 8.87871373e-05, 7.36474826e-05, ...,
        4.29883031e-03, 0.00000000e+00, 2.13061898e-02],
       [1.10474119e-03, 1.51670593e-03, 1.82222706e-03, ...,
        2.27510461e-02, 2.13061898e-02, 0.00000000e+00]], shape=(45, 45)), 'molecular-dipole': array([-1.09139526,  1.67906344, -0.49393526]), 'molecular-quadrupole': array([ -39.22283376,   78.5859693 ,   32.10038886, -125.90028521,
        195.17230037,    7.1224449 ])}
------------------------------------------------------------
  cycle        total energy    energy error   density error
------------------------------------------------------------
      1     -163.5498770819  -1.6330761E+02   1.2821932E-03
      2     -163.5490971396   7.7994226E-04   2.2018825E-03
      3     -163.5424665789   6.6305607E-03   4.8964934E-03
      4     -163.5496002122  -7.1336333E-03   1.2588493E-03
      5     -163.5498918241  -2.9161191E-04   7.1854146E-04
      6     -163.5499110933  -1.9269185E-05   5.6696371E-04
      7     -163.5499264395  -1.5346254E-05   2.6036973E-04
      8     -163.5499310469  -4.6073361E-06   1.1914561E-04
      9     -163.5499325533  -1.5063697E-06   4.8125652E-05
     10     -163.5499328537  -3.0043435E-07   2.6113403E-05
     11     -163.5499329620  -1.0831030E-07   1.2377013E-05
------------------------------------------------------------

 total:                                  13.129 sec
3
{'bond-orders': array([[0.00000000e+00, 3.07519016e-01, 2.27780955e-02, ...,
        3.64805686e-05, 1.55222218e-05, 1.11069695e-03],
       [3.07519016e-01, 0.00000000e+00, 2.14260379e-02, ...,
        8.40890985e-05, 9.23576664e-05, 1.54209996e-03],
       [2.27780955e-02, 2.14260379e-02, 0.00000000e+00, ...,
        1.19682485e-04, 7.64707497e-05, 1.85982977e-03],
       ...,
       [3.64805686e-05, 8.40890985e-05, 1.19682485e-04, ...,
        0.00000000e+00, 4.38080530e-03, 2.30254127e-02],
       [1.55222218e-05, 9.23576664e-05, 7.64707497e-05, ...,
        4.38080530e-03, 0.00000000e+00, 2.14043020e-02],
       [1.11069695e-03, 1.54209996e-03, 1.85982977e-03, ...,
        2.30254127e-02, 2.14043020e-02, 0.00000000e+00]], shape=(45, 45))}
{'bond-orders': array([[0.00000000e+00, 3.07519016e-01, 2.27780955e-02, ...,
        3.64805686e-05, 1.55222218e-05, 1.11069695e-03],
       [3.07519016e-01, 0.00000000e+00, 2.14260379e-02, ...,
        8.40890985e-05, 9.23576664e-05, 1.54209996e-03],
       [2.27780955e-02, 2.14260379e-02, 0.00000000e+00, ...,
        1.19682485e-04, 7.64707497e-05, 1.85982977e-03],
       ...,
       [3.64805686e-05, 8.40890985e-05, 1.19682485e-04, ...,
        0.00000000e+00, 4.38080530e-03, 2.30254127e-02],
       [1.55222218e-05, 9.23576664e-05, 7.64707497e-05, ...,
        4.38080530e-03, 0.00000000e+00, 2.14043020e-02],
       [1.11069695e-03, 1.54209996e-03, 1.85982977e-03, ...,
        2.30254127e-02, 2.14043020e-02, 0.00000000e+00]], shape=(45, 45)), 'molecular-dipole': array([-1.10006089,  1.69041036, -0.53642183])}
{'bond-orders': array([[0.00000000e+00, 3.07519016e-01, 2.27780955e-02, ...,
        3.64805686e-05, 1.55222218e-05, 1.11069695e-03],
       [3.07519016e-01, 0.00000000e+00, 2.14260379e-02, ...,
        8.40890985e-05, 9.23576664e-05, 1.54209996e-03],
       [2.27780955e-02, 2.14260379e-02, 0.00000000e+00, ...,
        1.19682485e-04, 7.64707497e-05, 1.85982977e-03],
       ...,
       [3.64805686e-05, 8.40890985e-05, 1.19682485e-04, ...,
        0.00000000e+00, 4.38080530e-03, 2.30254127e-02],
       [1.55222218e-05, 9.23576664e-05, 7.64707497e-05, ...,
        4.38080530e-03, 0.00000000e+00, 2.14043020e-02],
       [1.11069695e-03, 1.54209996e-03, 1.85982977e-03, ...,
        2.30254127e-02, 2.14043020e-02, 0.00000000e+00]], shape=(45, 45)), 'molecular-dipole': array([-1.10006089,  1.69041036, -0.53642183]), 'molecular-quadrupole': array([ -37.87652133,   79.11912847,   33.93566944, -129.16051344,
        195.72013642,    3.94085188])}
------------------------------------------------------------
  cycle        total energy    energy error   density error
------------------------------------------------------------
      1     -163.5500158016  -1.6330826E+02   1.2556481E-03
      2     -163.5498863407   1.2946090E-04   1.7594199E-03
      3     -163.5496226322   2.6370852E-04   1.5478891E-03
      4     -163.5483083646   1.3142676E-03   2.3758372E-03
      5     -163.5499403722  -1.6320076E-03   8.6313710E-04
      6     -163.5500367116  -9.6339382E-05   5.0915748E-04
      7     -163.5500591432  -2.2431621E-05   2.1015158E-04
      8     -163.5500627555  -3.6123084E-06   8.7317935E-05
      9     -163.5500634341  -6.7858537E-07   3.3125222E-05
     10     -163.5500635415  -1.0739714E-07   1.6959249E-05
------------------------------------------------------------

 total:                                  12.828 sec
3
{'bond-orders': array([[0.00000000e+00, 3.07574927e-01, 2.27540470e-02, ...,
        3.61580028e-05, 1.60427961e-05, 1.11545351e-03],
       [3.07574927e-01, 0.00000000e+00, 2.13832298e-02, ...,
        8.63559688e-05, 9.64253492e-05, 1.57505685e-03],
       [2.27540470e-02, 2.13832298e-02, 0.00000000e+00, ...,
        1.24667695e-04, 8.00317671e-05, 1.90698947e-03],
       ...,
       [3.61580028e-05, 8.63559688e-05, 1.24667695e-04, ...,
        0.00000000e+00, 4.40267078e-03, 2.32846843e-02],
       [1.60427961e-05, 9.64253492e-05, 8.00317671e-05, ...,
        4.40267078e-03, 0.00000000e+00, 2.12911287e-02],
       [1.11545351e-03, 1.57505685e-03, 1.90698947e-03, ...,
        2.32846843e-02, 2.12911287e-02, 0.00000000e+00]], shape=(45, 45))}
{'bond-orders': array([[0.00000000e+00, 3.07574927e-01, 2.27540470e-02, ...,
        3.61580028e-05, 1.60427961e-05, 1.11545351e-03],
       [3.07574927e-01, 0.00000000e+00, 2.13832298e-02, ...,
        8.63559688e-05, 9.64253492e-05, 1.57505685e-03],
       [2.27540470e-02, 2.13832298e-02, 0.00000000e+00, ...,
        1.24667695e-04, 8.00317671e-05, 1.90698947e-03],
       ...,
       [3.61580028e-05, 8.63559688e-05, 1.24667695e-04, ...,
        0.00000000e+00, 4.40267078e-03, 2.32846843e-02],
       [1.60427961e-05, 9.64253492e-05, 8.00317671e-05, ...,
        4.40267078e-03, 0.00000000e+00, 2.12911287e-02],
       [1.11545351e-03, 1.57505685e-03, 1.90698947e-03, ...,
        2.32846843e-02, 2.12911287e-02, 0.00000000e+00]], shape=(45, 45)), 'molecular-dipole': array([-1.10375157,  1.70235185, -0.57384088])}
{'bond-orders': array([[0.00000000e+00, 3.07574927e-01, 2.27540470e-02, ...,
        3.61580028e-05, 1.60427961e-05, 1.11545351e-03],
       [3.07574927e-01, 0.00000000e+00, 2.13832298e-02, ...,
        8.63559688e-05, 9.64253492e-05, 1.57505685e-03],
       [2.27540470e-02, 2.13832298e-02, 0.00000000e+00, ...,
        1.24667695e-04, 8.00317671e-05, 1.90698947e-03],
       ...,
       [3.61580028e-05, 8.63559688e-05, 1.24667695e-04, ...,
        0.00000000e+00, 4.40267078e-03, 2.32846843e-02],
       [1.60427961e-05, 9.64253492e-05, 8.00317671e-05, ...,
        4.40267078e-03, 0.00000000e+00, 2.12911287e-02],
       [1.11545351e-03, 1.57505685e-03, 1.90698947e-03, ...,
        2.32846843e-02, 2.12911287e-02, 0.00000000e+00]], shape=(45, 45)), 'molecular-dipole': array([-1.10375157,  1.70235185, -0.57384088]), 'molecular-quadrupole': array([ -36.61536606,   79.74044778,   35.52493558, -131.61161474,
        196.35987813,    1.09043047])}
Using Materials Project MACE for MACECalculator with /home/ans819/.cache/mace/20231203mace128L1_epoch199model
Using float32 for MACECalculator, which is faster but less accurate. Recommended for MD. Use float64 for geometry optimization.
Using head Default out of ['Default']
Default dtype float32 does not match model dtype float64, converting models to float32.
CHGNet v0.3.0 initialized with 412,525 parameters
CHGNet will run on cpu
   30  Ag     12    4.39   0.01         0    2    0   0.009   17.160688   10.330618   31.827967
   31  Ag      7    3.92   0.18         0    2    0   0.016   25.886461   13.892900   33.421068
   32  Ag      9    4.27   0.07         0    2    0   0.014   22.396152    9.618162   33.421068
   33  Ag      8    4.14   0.12         0    2    0   0.016   13.670379   13.180444   35.014169
   34  Ag      9    4.27   0.07         0    2    0   0.012   10.180069    8.905705   35.014169
   35  Ag      9    4.27   0.07         0    2    0   0.014   18.905843   12.467987   36.607270
   36  Ag      5    3.15   0.34         0    2    0   0.018   22.396152   16.742726   36.607270
   37  Ag      6    3.59   0.26         0    2    0   0.023   24.141307   11.755531   38.200371
   38  Ag      3    2.00   0.41         2    2    0   0.013   27.631616   16.030269   38.200371
   39  Ag      5    3.15   0.32         0    2    0   0.023   11.925224   11.043075   39.793472
   40  Ag      3    2.00   0.39         2    2    0   0.008   15.415533   15.317813   39.793472
   41  C       4    3.48   0.00         3    0    0   0.064   15.474061    4.571419   44.224041
   42  H       1    0.97   0.01         0    0    0  -0.095   17.031836    4.186423   45.574128
   43  H       1    0.97   0.01         0    0    0  -0.095   14.827293    6.538431   44.458630
   44  H       1    0.97   0.01         0    0    0  -0.095   13.908991    3.261704   44.732660
   45  O       2    1.88   0.00         3    0    0  -0.514   16.165076    4.012026   41.756130

          #atoms :   45
          #bonds :   138
          #angl  :   199
          #tors  :   0
          #nmol  :   1
          #optfrag :   1
