/home/ans819/.conda/envs/autoflow/lib/python3.13/site-packages/e3nn/o3/_wigner.py:10: UserWarning: Environment variable TORCH_FORCE_NO_WEIGHTS_ONLY_LOAD detected, since the`weights_only` argument was not explicitly passed to `torch.load`, forcing weights_only=False.
  _Jd, _W3j_flat, _W3j_indices = torch.load(os.path.join(os.path.dirname(__file__), 'constants.pt'))

          ==================== Thresholds ====================
          CN  :   150.00000
          rep :   500.00000
          disp:  2500.00000
          HB1 :   250.00000
          HB2 :   450.00000

          Pauling EN used:
          Z : 1  EN :  2.20
          Z : 6  EN :  2.55
          Z : 8  EN :  3.44
          Z :47  EN :  1.93
          electric field strengths (au): 0.000

           ------------------------------------------------- 
          |           Force Field Initialization            |
           ------------------------------------------------- 

          distances ...
          ----------------------------------------
          generating topology and atomic info file ...
          pair mat ...
          computing topology distances matrix with Floyd-Warshall algo ...
          making topology EEQ charges ...
          #fragments for EEQ constrain: 1
          ----------------------------------------
          generating topology and atomic info file ...
          pair mat ...
          computing topology distances matrix with Floyd-Warshall algo ...
          making topology EEQ charges ...
          #fragments for EEQ constrain: 1
          rings ...
          # BATM   3030
          # H in HB   0

  atom   neighbors  erfCN metchar sp-hybrid imet pi  qest     coordinates
    1  Ag      2    1.35   0.37         2    2    0   0.005    3.199451    0.356229   26.218690
    2  Ag      5    3.15   0.31         0    2    0   0.019    6.689760    4.630967   26.218690
    3  Ag      9    4.27   0.07         0    2    0   0.010   15.415533    8.193249   27.811791
    4  Ag      7    3.92   0.19         0    2    0   0.013   11.925224    3.918511   27.811791
    5  Ag      7    3.92   0.19         0    2    0   0.011   20.650997    7.480793   29.404892
    6  Ag      6    3.59   0.27         0    2    0   0.015   17.160688    3.206054   29.404892
    7  Ag      9    4.27   0.07         0    2    0   0.013    8.434915    6.768336   30.997993
    8  Ag      6    3.59   0.23         0    2    0   0.023    4.944605    2.493598   30.997993
    9  Ag     12    4.39   0.01         0    2    0   0.009   13.670379    6.055880   32.591094
   10  Ag      7    3.92   0.19         0    2    0   0.017   10.180069    1.781141   32.591094
   11  Ag      9    4.27   0.07         0    2    0   0.009   18.905843    5.343423   34.184195
   12  Ag      6    3.59   0.27         0    2    0   0.021   15.415533    1.068685   34.184195
   13  Ag      8    4.14   0.11         0    2    0   0.028    6.689760    4.630967   35.777296
   14  Ag      3    2.00   0.37         2    2    0   0.017    3.199451    0.356229   35.777296
   15  Ag      8    4.14   0.12         0    2    0   0.028   11.925224    3.918511   37.370397
   16  Ag     10    4.34   0.04         0    2    0   0.010   15.415533    8.193249   37.370397
   17  Ag      5    3.15   0.34         0    2    0   0.022   17.160688    3.206054   38.963498
   18  Ag      6    3.59   0.26         0    2    0   0.014   20.650997    7.480793   38.963498
   19  Ag      3    2.08   0.41         2    2    0   0.032    4.944605    2.493598   40.556598
   20  Ag      6    3.80   0.19         0    2    0   0.114    8.434915    6.768336   40.556598
   21  Ag      6    3.59   0.26         0    2    0   0.015   10.180069    8.905705   26.218690
   22  Ag      5    3.15   0.34         0    2    0   0.018   13.670379   13.180444   26.218690
   23  Ag      4    2.61   0.38         3    2    0   0.019   22.396152   16.742726   27.811791
   24  Ag      8    4.14   0.12         0    2    0   0.011   18.905843   12.467987   27.811791
   25  Ag      3    2.00   0.39         2    2    0   0.013   27.631616   16.030269   29.404892
   26  Ag      7    3.92   0.19         0    2    0   0.016   24.141307   11.755531   29.404892
   27  Ag      6    3.59   0.27         0    2    0   0.014   15.415533   15.317813   30.997993
   28  Ag      9    4.27   0.07         0    2    0   0.014   11.925224   11.043075   30.997993
   29  Ag      9    4.27   0.07         0    2    0   0.009   20.650997   14.605357   32.591094
/home/ans819/.conda/envs/autoflow/lib/python3.13/site-packages/mace/calculators/mace.py:197: UserWarning: Environment variable TORCH_FORCE_NO_WEIGHTS_ONLY_LOAD detected, since the`weights_only` argument was not explicitly passed to `torch.load`, forcing weights_only=False.
  torch.load(f=model_path, map_location=device)
/home/ans819/.conda/envs/autoflow/lib/python3.13/site-packages/chgnet/model/model.py:898: UserWarning: Converting a tensor with requires_grad=True to a scalar may lead to unexpected behavior.
Consider using tensor.detach() first. (Triggered internally at /pytorch/torch/csrc/autograd/generated/python_variable_methods.cpp:836.)
  volumes = torch.tensor(volumes, dtype=TORCH_DTYPE, device=atomic_numbers.device)
cuequivariance or cuequivariance_torch is not available. Cuequivariance acceleration will be disabled.
------------------------------------------------------------
  cycle        total energy    energy error   density error
------------------------------------------------------------
      1     -163.2105999453  -1.6296922E+02   9.9761863E-01
      2     -161.8819508882   1.3286491E+00   6.1699023E-01
      3      210.1251697803   3.7200712E+02   1.6948041E+00
      4     -120.1575069092  -3.3028268E+02   7.8248008E-01
      5     -45.47080184296   7.4686705E+01   7.3645799E-01
      6     -159.5056548062  -1.1403485E+02   2.1951248E-01
      7     -149.0620474992   1.0443607E+01   2.3805407E-01
      8     -162.0693139242  -1.3007266E+01   9.0104350E-02
      9     -162.8729990050  -8.0368508E-01   7.1845666E-02
     10     -163.3025358043  -4.2953680E-01   4.5993722E-02
     11     -163.4727088184  -1.7017301E-01   4.1483250E-02
     12     -163.5043159921  -3.1607174E-02   3.1874018E-02
     13     -163.5030184555   1.2975366E-03   2.6911408E-02
     14     -163.5152593196  -1.2240864E-02   2.2234607E-02
     15     -163.5188490677  -3.5897481E-03   2.0369835E-02
     16     -163.5205064340  -1.6573663E-03   1.7968332E-02
     17     -163.5212347262  -7.2829218E-04   1.5608127E-02
     18     -163.5213194964  -8.4770207E-05   1.3849849E-02
     19     -163.5217181635  -3.9866707E-04   1.2504818E-02
     20     -163.5219651451  -2.4698160E-04   1.1202972E-02
     21     -163.5221133016  -1.4815650E-04   9.6982019E-03
     22     -163.5222886158  -1.7531422E-04   8.7769067E-03
     23     -163.5227080619  -4.1944614E-04   7.7306075E-03
     24     -163.5232419201  -5.3385818E-04   6.1324899E-03
     25     -163.5236739571  -4.3203697E-04   3.3768222E-03
     26     -163.5238007396  -1.2678247E-04   1.6745714E-03
     27     -163.5238473623  -4.6622720E-05   4.6439628E-04
     28     -163.5238462987   1.0636373E-06   3.1356749E-04
     29     -163.5238482999  -2.0012014E-06   2.8569282E-04
     30     -163.5238484976  -1.9775536E-07   3.2776636E-04
     31     -163.5238493931  -8.9546938E-07   2.1613371E-04
     32     -163.5238494664  -7.3331080E-08   1.7409244E-04
     33     -163.5238495165  -5.0120718E-08   1.4241907E-04
     34     -163.5238499295  -4.1299666E-07   9.0461688E-05
     35     -163.5238500378  -1.0826389E-07   3.5600417E-05
     36     -163.5238500507  -1.2894702E-08   9.6098903E-06
------------------------------------------------------------

 total:                                  20.515 sec
3
{'bond-orders': array([[0.00000000e+00, 3.09480054e-01, 1.68492220e-02, ...,
        7.52801441e-05, 2.01036279e-04, 1.71771209e-03],
       [3.09480054e-01, 0.00000000e+00, 1.97965701e-02, ...,
        1.49013313e-05, 1.19296745e-04, 1.34656410e-03],
       [1.68492220e-02, 1.97965701e-02, 0.00000000e+00, ...,
        1.55297787e-04, 1.88212577e-04, 3.37039960e-03],
       ...,
       [7.52801441e-05, 1.49013313e-05, 1.55297787e-04, ...,
        0.00000000e+00, 4.01614417e-03, 2.10544961e-02],
       [2.01036279e-04, 1.19296745e-04, 1.88212577e-04, ...,
        4.01614417e-03, 0.00000000e+00, 1.99877364e-02],
       [1.71771209e-03, 1.34656410e-03, 3.37039960e-03, ...,
        2.10544961e-02, 1.99877364e-02, 0.00000000e+00]], shape=(45, 45))}
{'bond-orders': array([[0.00000000e+00, 3.09480054e-01, 1.68492220e-02, ...,
        7.52801441e-05, 2.01036279e-04, 1.71771209e-03],
       [3.09480054e-01, 0.00000000e+00, 1.97965701e-02, ...,
        1.49013313e-05, 1.19296745e-04, 1.34656410e-03],
       [1.68492220e-02, 1.97965701e-02, 0.00000000e+00, ...,
        1.55297787e-04, 1.88212577e-04, 3.37039960e-03],
       ...,
       [7.52801441e-05, 1.49013313e-05, 1.55297787e-04, ...,
        0.00000000e+00, 4.01614417e-03, 2.10544961e-02],
       [2.01036279e-04, 1.19296745e-04, 1.88212577e-04, ...,
        4.01614417e-03, 0.00000000e+00, 1.99877364e-02],
       [1.71771209e-03, 1.34656410e-03, 3.37039960e-03, ...,
        2.10544961e-02, 1.99877364e-02, 0.00000000e+00]], shape=(45, 45)), 'molecular-dipole': array([-0.39139694,  0.05938546, -0.20770686])}
{'bond-orders': array([[0.00000000e+00, 3.09480054e-01, 1.68492220e-02, ...,
        7.52801441e-05, 2.01036279e-04, 1.71771209e-03],
       [3.09480054e-01, 0.00000000e+00, 1.97965701e-02, ...,
        1.49013313e-05, 1.19296745e-04, 1.34656410e-03],
       [1.68492220e-02, 1.97965701e-02, 0.00000000e+00, ...,
        1.55297787e-04, 1.88212577e-04, 3.37039960e-03],
       ...,
       [7.52801441e-05, 1.49013313e-05, 1.55297787e-04, ...,
        0.00000000e+00, 4.01614417e-03, 2.10544961e-02],
       [2.01036279e-04, 1.19296745e-04, 1.88212577e-04, ...,
        4.01614417e-03, 0.00000000e+00, 1.99877364e-02],
       [1.71771209e-03, 1.34656410e-03, 3.37039960e-03, ...,
        2.10544961e-02, 1.99877364e-02, 0.00000000e+00]], shape=(45, 45)), 'molecular-dipole': array([-0.39139694,  0.05938546, -0.20770686]), 'molecular-quadrupole': array([-36.78343348,  21.19633848,   2.6334553 ,  -3.20500442,
        21.6546637 ,  34.14997818])}
------------------------------------------------------------
  cycle        total energy    energy error   density error
------------------------------------------------------------
      1     -163.5279536014  -1.6328892E+02   8.5191834E-03
      2     -163.3786380376   1.4931556E-01   2.3983642E-02
      3     -163.0486940292   3.2994401E-01   3.9049217E-02
      4     -163.5260870857  -4.7739306E-01   7.8414633E-03
      5     -163.5263290566  -2.4197089E-04   5.9975853E-03
      6     -163.5288674517  -2.5383951E-03   3.0422870E-03
      7     -163.5299759134  -1.1084617E-03   1.5243537E-03
      8     -163.5299772893  -1.3759852E-06   1.1301198E-03
      9     -163.5300640085  -8.6719127E-05   5.6680354E-04
     10     -163.5300995089  -3.5500405E-05   3.4383542E-04
     11     -163.5301235063  -2.3997413E-05   1.0271917E-04
     12     -163.5301242180  -7.1170166E-07   4.0118823E-05
     13     -163.5301241928   2.5233845E-08   3.0609859E-05
     14     -163.5301242180  -2.5230889E-08   1.7706604E-05
------------------------------------------------------------

 total:                                  13.647 sec
3
{'bond-orders': array([[0.00000000e+00, 3.09659420e-01, 1.65990689e-02, ...,
        4.68980099e-05, 2.30283608e-04, 1.49665038e-03],
       [3.09659420e-01, 0.00000000e+00, 1.94965921e-02, ...,
        3.02608828e-07, 1.19650796e-04, 1.23017460e-03],
       [1.65990689e-02, 1.94965921e-02, 0.00000000e+00, ...,
        2.18736211e-04, 2.40085963e-04, 3.50292474e-03],
       ...,
       [4.68980099e-05, 3.02608828e-07, 2.18736211e-04, ...,
        0.00000000e+00, 4.01991562e-03, 2.51644831e-02],
       [2.30283608e-04, 1.19650796e-04, 2.40085963e-04, ...,
        4.01991562e-03, 0.00000000e+00, 2.13569364e-02],
       [1.49665038e-03, 1.23017460e-03, 3.50292474e-03, ...,
        2.51644831e-02, 2.13569364e-02, 0.00000000e+00]], shape=(45, 45))}
{'bond-orders': array([[0.00000000e+00, 3.09659420e-01, 1.65990689e-02, ...,
        4.68980099e-05, 2.30283608e-04, 1.49665038e-03],
       [3.09659420e-01, 0.00000000e+00, 1.94965921e-02, ...,
        3.02608828e-07, 1.19650796e-04, 1.23017460e-03],
       [1.65990689e-02, 1.94965921e-02, 0.00000000e+00, ...,
        2.18736211e-04, 2.40085963e-04, 3.50292474e-03],
       ...,
       [4.68980099e-05, 3.02608828e-07, 2.18736211e-04, ...,
        0.00000000e+00, 4.01991562e-03, 2.51644831e-02],
       [2.30283608e-04, 1.19650796e-04, 2.40085963e-04, ...,
        4.01991562e-03, 0.00000000e+00, 2.13569364e-02],
       [1.49665038e-03, 1.23017460e-03, 3.50292474e-03, ...,
        2.51644831e-02, 2.13569364e-02, 0.00000000e+00]], shape=(45, 45)), 'molecular-dipole': array([-0.24484122,  0.19102578, -0.30567848])}
{'bond-orders': array([[0.00000000e+00, 3.09659420e-01, 1.65990689e-02, ...,
        4.68980099e-05, 2.30283608e-04, 1.49665038e-03],
       [3.09659420e-01, 0.00000000e+00, 1.94965921e-02, ...,
        3.02608828e-07, 1.19650796e-04, 1.23017460e-03],
       [1.65990689e-02, 1.94965921e-02, 0.00000000e+00, ...,
        2.18736211e-04, 2.40085963e-04, 3.50292474e-03],
       ...,
       [4.68980099e-05, 3.02608828e-07, 2.18736211e-04, ...,
        0.00000000e+00, 4.01991562e-03, 2.51644831e-02],
       [2.30283608e-04, 1.19650796e-04, 2.40085963e-04, ...,
        4.01991562e-03, 0.00000000e+00, 2.13569364e-02],
       [1.49665038e-03, 1.23017460e-03, 3.50292474e-03, ...,
        2.51644831e-02, 2.13569364e-02, 0.00000000e+00]], shape=(45, 45)), 'molecular-dipole': array([-0.24484122,  0.19102578, -0.30567848]), 'molecular-quadrupole': array([-28.6850808 ,  31.07782233,   5.21031887,   9.03443859,
        35.42768554,  23.47476192])}
------------------------------------------------------------
  cycle        total energy    energy error   density error
------------------------------------------------------------
      1     -163.5306534089  -1.6329345E+02   9.3076736E-03
      2     -163.1366493476   3.9400406E-01   3.7157288E-02
      3     -163.0929514662   4.3697881E-02   3.7741532E-02
      4     -163.5303174962  -4.3736603E-01   7.7200374E-03
      5     -163.5312127795  -8.9528327E-04   5.8781610E-03
      6     -163.5328578746  -1.6450951E-03   3.6438539E-03
      7     -163.5346806285  -1.8227539E-03   1.5391926E-03
      8     -163.5347284057  -4.7777145E-05   1.1009948E-03
      9     -163.5348097836  -8.1377900E-05   6.1956847E-04
     10     -163.5348436785  -3.3894976E-05   3.8559738E-04
     11     -163.5348693934  -2.5714858E-05   1.5665283E-04
     12     -163.5348721604  -2.7669717E-06   6.4249410E-05
     13     -163.5348722819  -1.2148206E-07   3.4065319E-05
     14     -163.5348723203  -3.8480977E-08   1.6723419E-05
------------------------------------------------------------

 total:                                  13.680 sec
3
{'bond-orders': array([[ 0.00000000e+00,  3.09982903e-01,  1.64517846e-02, ...,
         1.73970096e-05,  2.42501719e-04,  1.30627078e-03],
       [ 3.09982903e-01,  0.00000000e+00,  1.92587241e-02, ...,
        -1.41124283e-05,  1.14478463e-04,  1.18970613e-03],
       [ 1.64517846e-02,  1.92587241e-02,  0.00000000e+00, ...,
         2.84501384e-04,  2.62739839e-04,  3.67221259e-03],
       ...,
       [ 1.73970096e-05, -1.41124283e-05,  2.84501384e-04, ...,
         0.00000000e+00,  3.85362402e-03,  2.74762251e-02],
       [ 2.42501719e-04,  1.14478463e-04,  2.62739839e-04, ...,
         3.85362402e-03,  0.00000000e+00,  2.23427043e-02],
       [ 1.30627078e-03,  1.18970613e-03,  3.67221259e-03, ...,
         2.74762251e-02,  2.23427043e-02,  0.00000000e+00]],
      shape=(45, 45))}
{'bond-orders': array([[ 0.00000000e+00,  3.09982903e-01,  1.64517846e-02, ...,
         1.73970096e-05,  2.42501719e-04,  1.30627078e-03],
       [ 3.09982903e-01,  0.00000000e+00,  1.92587241e-02, ...,
        -1.41124283e-05,  1.14478463e-04,  1.18970613e-03],
       [ 1.64517846e-02,  1.92587241e-02,  0.00000000e+00, ...,
         2.84501384e-04,  2.62739839e-04,  3.67221259e-03],
       ...,
       [ 1.73970096e-05, -1.41124283e-05,  2.84501384e-04, ...,
         0.00000000e+00,  3.85362402e-03,  2.74762251e-02],
       [ 2.42501719e-04,  1.14478463e-04,  2.62739839e-04, ...,
         3.85362402e-03,  0.00000000e+00,  2.23427043e-02],
       [ 1.30627078e-03,  1.18970613e-03,  3.67221259e-03, ...,
         2.74762251e-02,  2.23427043e-02,  0.00000000e+00]],
      shape=(45, 45)), 'molecular-dipole': array([-0.1134431 ,  0.32242358, -0.46433945])}
{'bond-orders': array([[ 0.00000000e+00,  3.09982903e-01,  1.64517846e-02, ...,
         1.73970096e-05,  2.42501719e-04,  1.30627078e-03],
       [ 3.09982903e-01,  0.00000000e+00,  1.92587241e-02, ...,
        -1.41124283e-05,  1.14478463e-04,  1.18970613e-03],
       [ 1.64517846e-02,  1.92587241e-02,  0.00000000e+00, ...,
         2.84501384e-04,  2.62739839e-04,  3.67221259e-03],
       ...,
       [ 1.73970096e-05, -1.41124283e-05,  2.84501384e-04, ...,
         0.00000000e+00,  3.85362402e-03,  2.74762251e-02],
       [ 2.42501719e-04,  1.14478463e-04,  2.62739839e-04, ...,
         3.85362402e-03,  0.00000000e+00,  2.23427043e-02],
       [ 1.30627078e-03,  1.18970613e-03,  3.67221259e-03, ...,
         2.74762251e-02,  2.23427043e-02,  0.00000000e+00]],
      shape=(45, 45)), 'molecular-dipole': array([-0.1134431 ,  0.32242358, -0.46433945]), 'molecular-quadrupole': array([-18.23797764,  40.66250934,  10.39339642,  17.00366371,
        47.76818163,   7.84458121])}
------------------------------------------------------------
  cycle        total energy    energy error   density error
------------------------------------------------------------
      1     -163.5344778192  -1.6329531E+02   9.1711875E-03
      2     -163.1243484334   4.1012939E-01   3.7668645E-02
      3     -163.1703736266  -4.6025193E-02   3.4762783E-02
      4     -163.5363987413  -3.6602511E-01   6.9069037E-03
      5     -163.5374662089  -1.0674676E-03   4.9695870E-03
      6     -163.5375256190  -5.9410164E-05   3.5036398E-03
      7     -163.5390822162  -1.5565972E-03   1.4533329E-03
      8     -163.5391635384  -8.1322183E-05   9.5375939E-04
      9     -163.5392490666  -8.5528199E-05   5.3900190E-04
     10     -163.5392733465  -2.4279887E-05   2.7459075E-04
     11     -163.5392830147  -9.6681902E-06   1.4474239E-04
     12     -163.5392855643  -2.5496737E-06   7.6673552E-05
     13     -163.5392863138  -7.4950984E-07   2.6559506E-05
     14     -163.5392863471  -3.3247801E-08   1.0902406E-05
------------------------------------------------------------

 total:                                  13.719 sec
3
{'bond-orders': array([[ 0.00000000e+00,  3.10339648e-01,  1.63839738e-02, ...,
        -5.99958620e-06,  2.44427443e-04,  1.16854362e-03],
       [ 3.10339648e-01,  0.00000000e+00,  1.90638736e-02, ...,
        -2.78543719e-05,  1.06470995e-04,  1.19113084e-03],
       [ 1.63839738e-02,  1.90638736e-02,  0.00000000e+00, ...,
         3.32226676e-04,  2.58431132e-04,  3.84902165e-03],
       ...,
       [-5.99958620e-06, -2.78543719e-05,  3.32226676e-04, ...,
         0.00000000e+00,  3.62557549e-03,  2.79795022e-02],
       [ 2.44427443e-04,  1.06470995e-04,  2.58431132e-04, ...,
         3.62557549e-03,  0.00000000e+00,  2.30629428e-02],
       [ 1.16854362e-03,  1.19113084e-03,  3.84902165e-03, ...,
         2.79795022e-02,  2.30629428e-02,  0.00000000e+00]],
      shape=(45, 45))}
{'bond-orders': array([[ 0.00000000e+00,  3.10339648e-01,  1.63839738e-02, ...,
        -5.99958620e-06,  2.44427443e-04,  1.16854362e-03],
       [ 3.10339648e-01,  0.00000000e+00,  1.90638736e-02, ...,
        -2.78543719e-05,  1.06470995e-04,  1.19113084e-03],
       [ 1.63839738e-02,  1.90638736e-02,  0.00000000e+00, ...,
         3.32226676e-04,  2.58431132e-04,  3.84902165e-03],
       ...,
       [-5.99958620e-06, -2.78543719e-05,  3.32226676e-04, ...,
         0.00000000e+00,  3.62557549e-03,  2.79795022e-02],
       [ 2.44427443e-04,  1.06470995e-04,  2.58431132e-04, ...,
         3.62557549e-03,  0.00000000e+00,  2.30629428e-02],
       [ 1.16854362e-03,  1.19113084e-03,  3.84902165e-03, ...,
         2.79795022e-02,  2.30629428e-02,  0.00000000e+00]],
      shape=(45, 45)), 'molecular-dipole': array([-0.01132589,  0.45677207, -0.67467899])}
{'bond-orders': array([[ 0.00000000e+00,  3.10339648e-01,  1.63839738e-02, ...,
        -5.99958620e-06,  2.44427443e-04,  1.16854362e-03],
       [ 3.10339648e-01,  0.00000000e+00,  1.90638736e-02, ...,
        -2.78543719e-05,  1.06470995e-04,  1.19113084e-03],
       [ 1.63839738e-02,  1.90638736e-02,  0.00000000e+00, ...,
         3.32226676e-04,  2.58431132e-04,  3.84902165e-03],
       ...,
       [-5.99958620e-06, -2.78543719e-05,  3.32226676e-04, ...,
         0.00000000e+00,  3.62557549e-03,  2.79795022e-02],
       [ 2.44427443e-04,  1.06470995e-04,  2.58431132e-04, ...,
         3.62557549e-03,  0.00000000e+00,  2.30629428e-02],
       [ 1.16854362e-03,  1.19113084e-03,  3.84902165e-03, ...,
         2.79795022e-02,  2.30629428e-02,  0.00000000e+00]],
      shape=(45, 45)), 'molecular-dipole': array([-0.01132589,  0.45677207, -0.67467899]), 'molecular-quadrupole': array([ -6.21458882,  49.79549015,  18.19471929,  19.61545289,
        59.46988434, -11.98013046])}
------------------------------------------------------------
  cycle        total energy    energy error   density error
------------------------------------------------------------
      1     -163.5392733477  -1.6329586E+02   7.1997469E-03
      2     -163.3236018899   2.1567146E-01   2.7377709E-02
      3     -163.3427190428  -1.9117153E-02   2.5791860E-02
      4     -163.5393270768  -1.9660803E-01   5.6980803E-03
      5     -163.5415306927  -2.2036159E-03   3.8453869E-03
      6     -163.5415541644  -2.3471692E-05   2.6668808E-03
      7     -163.5421976153  -6.4345096E-04   1.2020432E-03
      8     -163.5422471210  -4.9505637E-05   6.5585041E-04
      9     -163.5422812902  -3.4169274E-05   3.6971446E-04
     10     -163.5422932251  -1.1934894E-05   1.5385404E-04
     11     -163.5422969886  -3.7634819E-06   7.3160059E-05
     12     -163.5422979111  -9.2246609E-07   3.6241978E-05
     13     -163.5422981094  -1.9833385E-07   1.4947624E-05
------------------------------------------------------------

 total:                                  13.440 sec
3
{'bond-orders': array([[ 0.00000000e+00,  3.10570503e-01,  1.63443232e-02, ...,
        -2.00210054e-05,  2.49922159e-04,  1.11268748e-03],
       [ 3.10570503e-01,  0.00000000e+00,  1.89008684e-02, ...,
        -3.93404985e-05,  1.01151319e-04,  1.16711367e-03],
       [ 1.63443232e-02,  1.89008684e-02,  0.00000000e+00, ...,
         3.68780705e-04,  2.57872259e-04,  4.02260608e-03],
       ...,
       [-2.00210054e-05, -3.93404985e-05,  3.68780705e-04, ...,
         0.00000000e+00,  3.55245349e-03,  2.79604432e-02],
       [ 2.49922159e-04,  1.01151319e-04,  2.57872259e-04, ...,
         3.55245349e-03,  0.00000000e+00,  2.37188089e-02],
       [ 1.11268748e-03,  1.16711367e-03,  4.02260608e-03, ...,
         2.79604432e-02,  2.37188089e-02,  0.00000000e+00]],
      shape=(45, 45))}
{'bond-orders': array([[ 0.00000000e+00,  3.10570503e-01,  1.63443232e-02, ...,
        -2.00210054e-05,  2.49922159e-04,  1.11268748e-03],
       [ 3.10570503e-01,  0.00000000e+00,  1.89008684e-02, ...,
        -3.93404985e-05,  1.01151319e-04,  1.16711367e-03],
       [ 1.63443232e-02,  1.89008684e-02,  0.00000000e+00, ...,
         3.68780705e-04,  2.57872259e-04,  4.02260608e-03],
       ...,
       [-2.00210054e-05, -3.93404985e-05,  3.68780705e-04, ...,
         0.00000000e+00,  3.55245349e-03,  2.79604432e-02],
       [ 2.49922159e-04,  1.01151319e-04,  2.57872259e-04, ...,
         3.55245349e-03,  0.00000000e+00,  2.37188089e-02],
       [ 1.11268748e-03,  1.16711367e-03,  4.02260608e-03, ...,
         2.79604432e-02,  2.37188089e-02,  0.00000000e+00]],
      shape=(45, 45)), 'molecular-dipole': array([ 0.0655242 ,  0.59085113, -0.88141832])}
{'bond-orders': array([[ 0.00000000e+00,  3.10570503e-01,  1.63443232e-02, ...,
        -2.00210054e-05,  2.49922159e-04,  1.11268748e-03],
       [ 3.10570503e-01,  0.00000000e+00,  1.89008684e-02, ...,
        -3.93404985e-05,  1.01151319e-04,  1.16711367e-03],
       [ 1.63443232e-02,  1.89008684e-02,  0.00000000e+00, ...,
         3.68780705e-04,  2.57872259e-04,  4.02260608e-03],
       ...,
       [-2.00210054e-05, -3.93404985e-05,  3.68780705e-04, ...,
         0.00000000e+00,  3.55245349e-03,  2.79604432e-02],
       [ 2.49922159e-04,  1.01151319e-04,  2.57872259e-04, ...,
         3.55245349e-03,  0.00000000e+00,  2.37188089e-02],
       [ 1.11268748e-03,  1.16711367e-03,  4.02260608e-03, ...,
         2.79604432e-02,  2.37188089e-02,  0.00000000e+00]],
      shape=(45, 45)), 'molecular-dipole': array([ 0.0655242 ,  0.59085113, -0.88141832]), 'molecular-quadrupole': array([  4.94175302,  58.25779286,  26.39847584,  19.68855886,
        71.32713813, -31.34022885])}
------------------------------------------------------------
  cycle        total energy    energy error   density error
------------------------------------------------------------
      1     -163.5432882732  -1.6329724E+02   3.4245026E-03
      2     -163.5179392152   2.5349058E-02   9.8776047E-03
      3     -163.4906835134   2.7255702E-02   1.3189950E-02
      4     -163.5417982733  -5.1114760E-02   3.4033724E-03
      5     -163.5436229795  -1.8247062E-03   2.0564267E-03
      6     -163.5437497205  -1.2674101E-04   1.2406860E-03
      7     -163.5438438644  -9.4143864E-05   6.1909282E-04
      8     -163.5438577202  -1.3855813E-05   2.7105756E-04
      9     -163.5438614909  -3.7706645E-06   1.5661897E-04
     10     -163.5438635497  -2.0588530E-06   7.9723413E-05
     11     -163.5438645804  -1.0306985E-06   3.2986281E-05
     12     -163.5438647579  -1.7745108E-07   1.4613400E-05
------------------------------------------------------------

 total:                                  13.262 sec
3
{'bond-orders': array([[ 0.00000000e+00,  3.10598716e-01,  1.63184042e-02, ...,
        -2.50594308e-05,  2.53252193e-04,  1.10545447e-03],
       [ 3.10598716e-01,  0.00000000e+00,  1.87997047e-02, ...,
        -4.46569322e-05,  9.87233378e-05,  1.13494791e-03],
       [ 1.63184042e-02,  1.87997047e-02,  0.00000000e+00, ...,
         3.93596190e-04,  2.61889535e-04,  4.13275009e-03],
       ...,
       [-2.50594308e-05, -4.46569322e-05,  3.93596190e-04, ...,
         0.00000000e+00,  3.66089430e-03,  2.80921828e-02],
       [ 2.53252193e-04,  9.87233378e-05,  2.61889535e-04, ...,
         3.66089430e-03,  0.00000000e+00,  2.42070303e-02],
       [ 1.10545447e-03,  1.13494791e-03,  4.13275009e-03, ...,
         2.80921828e-02,  2.42070303e-02,  0.00000000e+00]],
      shape=(45, 45))}
{'bond-orders': array([[ 0.00000000e+00,  3.10598716e-01,  1.63184042e-02, ...,
        -2.50594308e-05,  2.53252193e-04,  1.10545447e-03],
       [ 3.10598716e-01,  0.00000000e+00,  1.87997047e-02, ...,
        -4.46569322e-05,  9.87233378e-05,  1.13494791e-03],
       [ 1.63184042e-02,  1.87997047e-02,  0.00000000e+00, ...,
         3.93596190e-04,  2.61889535e-04,  4.13275009e-03],
       ...,
       [-2.50594308e-05, -4.46569322e-05,  3.93596190e-04, ...,
         0.00000000e+00,  3.66089430e-03,  2.80921828e-02],
       [ 2.53252193e-04,  9.87233378e-05,  2.61889535e-04, ...,
         3.66089430e-03,  0.00000000e+00,  2.42070303e-02],
       [ 1.10545447e-03,  1.13494791e-03,  4.13275009e-03, ...,
         2.80921828e-02,  2.42070303e-02,  0.00000000e+00]],
      shape=(45, 45)), 'molecular-dipole': array([ 0.10467453,  0.66663711, -0.99336794])}
{'bond-orders': array([[ 0.00000000e+00,  3.10598716e-01,  1.63184042e-02, ...,
        -2.50594308e-05,  2.53252193e-04,  1.10545447e-03],
       [ 3.10598716e-01,  0.00000000e+00,  1.87997047e-02, ...,
        -4.46569322e-05,  9.87233378e-05,  1.13494791e-03],
       [ 1.63184042e-02,  1.87997047e-02,  0.00000000e+00, ...,
         3.93596190e-04,  2.61889535e-04,  4.13275009e-03],
       ...,
       [-2.50594308e-05, -4.46569322e-05,  3.93596190e-04, ...,
         0.00000000e+00,  3.66089430e-03,  2.80921828e-02],
       [ 2.53252193e-04,  9.87233378e-05,  2.61889535e-04, ...,
         3.66089430e-03,  0.00000000e+00,  2.42070303e-02],
       [ 1.10545447e-03,  1.13494791e-03,  4.13275009e-03, ...,
         2.80921828e-02,  2.42070303e-02,  0.00000000e+00]],
      shape=(45, 45)), 'molecular-dipole': array([ 0.10467453,  0.66663711, -0.99336794]), 'molecular-quadrupole': array([ 10.9359772 ,  62.70243038,  30.86123152,  19.61433901,
        78.30663766, -41.79720872])}
------------------------------------------------------------
  cycle        total energy    energy error   density error
------------------------------------------------------------
      1     -163.5452869602  -1.6329728E+02   2.4679632E-03
      2     -163.5411090248   4.1779354E-03   4.6552644E-03
      3     -163.5164539066   2.4655118E-02   9.6179532E-03
      4     -163.5432104022  -2.6756496E-02   3.0999402E-03
      5     -163.5453224269  -2.1120246E-03   1.7230887E-03
      6     -163.5454516478  -1.2922094E-04   8.3681193E-04
      7     -163.5454939453  -4.2297437E-05   4.0818110E-04
      8     -163.5454994678  -5.5225782E-06   2.0430475E-04
      9     -163.5455006329  -1.1650845E-06   1.2471799E-04
     10     -163.5455016128  -9.7988126E-07   7.4892500E-05
     11     -163.5455023228  -7.0999991E-07   3.1963203E-05
     12     -163.5455024973  -1.7447184E-07   1.2956055E-05
------------------------------------------------------------

 total:                                  13.179 sec
3
{'bond-orders': array([[ 0.00000000e+00,  3.10539260e-01,  1.62854293e-02, ...,
        -2.70668379e-05,  2.57529820e-04,  1.10602790e-03],
       [ 3.10539260e-01,  0.00000000e+00,  1.86921328e-02, ...,
        -4.72250799e-05,  9.72498482e-05,  1.09964966e-03],
       [ 1.62854293e-02,  1.86921328e-02,  0.00000000e+00, ...,
         4.27069209e-04,  2.73077012e-04,  4.25215688e-03],
       ...,
       [-2.70668379e-05, -4.72250799e-05,  4.27069209e-04, ...,
         0.00000000e+00,  3.96856635e-03,  2.84646513e-02],
       [ 2.57529820e-04,  9.72498482e-05,  2.73077012e-04, ...,
         3.96856635e-03,  0.00000000e+00,  2.49118030e-02],
       [ 1.10602790e-03,  1.09964966e-03,  4.25215688e-03, ...,
         2.84646513e-02,  2.49118030e-02,  0.00000000e+00]],
      shape=(45, 45))}
{'bond-orders': array([[ 0.00000000e+00,  3.10539260e-01,  1.62854293e-02, ...,
        -2.70668379e-05,  2.57529820e-04,  1.10602790e-03],
       [ 3.10539260e-01,  0.00000000e+00,  1.86921328e-02, ...,
        -4.72250799e-05,  9.72498482e-05,  1.09964966e-03],
       [ 1.62854293e-02,  1.86921328e-02,  0.00000000e+00, ...,
         4.27069209e-04,  2.73077012e-04,  4.25215688e-03],
       ...,
       [-2.70668379e-05, -4.72250799e-05,  4.27069209e-04, ...,
         0.00000000e+00,  3.96856635e-03,  2.84646513e-02],
       [ 2.57529820e-04,  9.72498482e-05,  2.73077012e-04, ...,
         3.96856635e-03,  0.00000000e+00,  2.49118030e-02],
       [ 1.10602790e-03,  1.09964966e-03,  4.25215688e-03, ...,
         2.84646513e-02,  2.49118030e-02,  0.00000000e+00]],
      shape=(45, 45)), 'molecular-dipole': array([ 0.14181159,  0.73811291, -1.07609447])}
{'bond-orders': array([[ 0.00000000e+00,  3.10539260e-01,  1.62854293e-02, ...,
        -2.70668379e-05,  2.57529820e-04,  1.10602790e-03],
       [ 3.10539260e-01,  0.00000000e+00,  1.86921328e-02, ...,
        -4.72250799e-05,  9.72498482e-05,  1.09964966e-03],
       [ 1.62854293e-02,  1.86921328e-02,  0.00000000e+00, ...,
         4.27069209e-04,  2.73077012e-04,  4.25215688e-03],
       ...,
       [-2.70668379e-05, -4.72250799e-05,  4.27069209e-04, ...,
         0.00000000e+00,  3.96856635e-03,  2.84646513e-02],
       [ 2.57529820e-04,  9.72498482e-05,  2.73077012e-04, ...,
         3.96856635e-03,  0.00000000e+00,  2.49118030e-02],
       [ 1.10602790e-03,  1.09964966e-03,  4.25215688e-03, ...,
         2.84646513e-02,  2.49118030e-02,  0.00000000e+00]],
      shape=(45, 45)), 'molecular-dipole': array([ 0.14181159,  0.73811291, -1.07609447]), 'molecular-quadrupole': array([ 15.57385178,  66.78229645,  34.15176211,  20.51631604,
        85.24323561, -49.72561389])}
------------------------------------------------------------
  cycle        total energy    energy error   density error
------------------------------------------------------------
      1     -163.5467173327  -1.6329863E+02   1.1069210E-03
      2     -163.5444175314   2.2998013E-03   2.8881673E-03
      3     -163.5421989625   2.2185689E-03   3.7491184E-03
      4     -163.5464225704  -4.2236079E-03   1.4231467E-03
      5     -163.5467032320  -2.8066163E-04   7.2937415E-04
      6     -163.5467412099  -3.7977891E-05   2.1326307E-04
      7     -163.5467447599  -3.5500293E-06   1.1184082E-04
      8     -163.5467447381   2.1809825E-08   8.9718488E-05
      9     -163.5467449942  -2.5607497E-07   5.4300179E-05
     10     -163.5467453812  -3.8701680E-07   3.1022254E-05
     11     -163.5467455064  -1.2520428E-07   1.4881448E-05
------------------------------------------------------------

 total:                                  12.766 sec
3
{'bond-orders': array([[ 0.00000000e+00,  3.10419675e-01,  1.62604684e-02, ...,
        -2.58191207e-05,  2.58996064e-04,  1.10393702e-03],
       [ 3.10419675e-01,  0.00000000e+00,  1.86081301e-02, ...,
        -4.55202801e-05,  9.63977029e-05,  1.08996921e-03],
       [ 1.62604684e-02,  1.86081301e-02,  0.00000000e+00, ...,
         4.54360208e-04,  2.84527185e-04,  4.33800424e-03],
       ...,
       [-2.58191207e-05, -4.55202801e-05,  4.54360208e-04, ...,
         0.00000000e+00,  4.34167561e-03,  2.88042247e-02],
       [ 2.58996064e-04,  9.63977029e-05,  2.84527185e-04, ...,
         4.34167561e-03,  0.00000000e+00,  2.54803225e-02],
       [ 1.10393702e-03,  1.08996921e-03,  4.33800424e-03, ...,
         2.88042247e-02,  2.54803225e-02,  0.00000000e+00]],
      shape=(45, 45))}
{'bond-orders': array([[ 0.00000000e+00,  3.10419675e-01,  1.62604684e-02, ...,
        -2.58191207e-05,  2.58996064e-04,  1.10393702e-03],
       [ 3.10419675e-01,  0.00000000e+00,  1.86081301e-02, ...,
        -4.55202801e-05,  9.63977029e-05,  1.08996921e-03],
       [ 1.62604684e-02,  1.86081301e-02,  0.00000000e+00, ...,
         4.54360208e-04,  2.84527185e-04,  4.33800424e-03],
       ...,
       [-2.58191207e-05, -4.55202801e-05,  4.54360208e-04, ...,
         0.00000000e+00,  4.34167561e-03,  2.88042247e-02],
       [ 2.58996064e-04,  9.63977029e-05,  2.84527185e-04, ...,
         4.34167561e-03,  0.00000000e+00,  2.54803225e-02],
       [ 1.10393702e-03,  1.08996921e-03,  4.33800424e-03, ...,
         2.88042247e-02,  2.54803225e-02,  0.00000000e+00]],
      shape=(45, 45)), 'molecular-dipole': array([ 0.15992847,  0.77067815, -1.0975464 ])}
{'bond-orders': array([[ 0.00000000e+00,  3.10419675e-01,  1.62604684e-02, ...,
        -2.58191207e-05,  2.58996064e-04,  1.10393702e-03],
       [ 3.10419675e-01,  0.00000000e+00,  1.86081301e-02, ...,
        -4.55202801e-05,  9.63977029e-05,  1.08996921e-03],
       [ 1.62604684e-02,  1.86081301e-02,  0.00000000e+00, ...,
         4.54360208e-04,  2.84527185e-04,  4.33800424e-03],
       ...,
       [-2.58191207e-05, -4.55202801e-05,  4.54360208e-04, ...,
         0.00000000e+00,  4.34167561e-03,  2.88042247e-02],
       [ 2.58996064e-04,  9.63977029e-05,  2.84527185e-04, ...,
         4.34167561e-03,  0.00000000e+00,  2.54803225e-02],
       [ 1.10393702e-03,  1.08996921e-03,  4.33800424e-03, ...,
         2.88042247e-02,  2.54803225e-02,  0.00000000e+00]],
      shape=(45, 45)), 'molecular-dipole': array([ 0.15992847,  0.77067815, -1.0975464 ]), 'molecular-quadrupole': array([ 17.00874668,  68.51030276,  34.88234852,  21.72863745,
        88.69879475, -51.8910952 ])}
------------------------------------------------------------
  cycle        total energy    energy error   density error
------------------------------------------------------------
      1     -163.5473732814  -1.6330087E+02   1.0050042E-03
      2     -163.5338981908   1.3475091E-02   6.5249766E-03
      3     -163.5473637249  -1.3465534E-02   9.8484667E-04
      4     -163.5474126487  -4.8923776E-05   6.7082489E-04
      5     -163.5474482711  -3.5622431E-05   6.1044504E-04
      6     -163.5474580941  -9.8229911E-06   3.7401313E-04
      7     -163.5474666384  -8.5442565E-06   1.6646866E-04
      8     -163.5474684942  -1.8558020E-06   7.1221760E-05
      9     -163.5474686877  -1.9352495E-07   3.7252614E-05
     10     -163.5474687476  -5.9906938E-08   1.8125614E-05
------------------------------------------------------------

 total:                                  12.286 sec
3
{'bond-orders': array([[ 0.00000000e+00,  3.10282141e-01,  1.62488738e-02, ...,
        -2.33613214e-05,  2.56287031e-04,  1.10284885e-03],
       [ 3.10282141e-01,  0.00000000e+00,  1.85616787e-02, ...,
        -4.15931893e-05,  9.56669363e-05,  1.10895656e-03],
       [ 1.62488738e-02,  1.85616787e-02,  0.00000000e+00, ...,
         4.64018484e-04,  2.91101240e-04,  4.38218966e-03],
       ...,
       [-2.33613214e-05, -4.15931893e-05,  4.64018484e-04, ...,
         0.00000000e+00,  4.58972624e-03,  2.88625430e-02],
       [ 2.56287031e-04,  9.56669363e-05,  2.91101240e-04, ...,
         4.58972624e-03,  0.00000000e+00,  2.56005056e-02],
       [ 1.10284885e-03,  1.10895656e-03,  4.38218966e-03, ...,
         2.88625430e-02,  2.56005056e-02,  0.00000000e+00]],
      shape=(45, 45))}
{'bond-orders': array([[ 0.00000000e+00,  3.10282141e-01,  1.62488738e-02, ...,
        -2.33613214e-05,  2.56287031e-04,  1.10284885e-03],
       [ 3.10282141e-01,  0.00000000e+00,  1.85616787e-02, ...,
        -4.15931893e-05,  9.56669363e-05,  1.10895656e-03],
       [ 1.62488738e-02,  1.85616787e-02,  0.00000000e+00, ...,
         4.64018484e-04,  2.91101240e-04,  4.38218966e-03],
       ...,
       [-2.33613214e-05, -4.15931893e-05,  4.64018484e-04, ...,
         0.00000000e+00,  4.58972624e-03,  2.88625430e-02],
       [ 2.56287031e-04,  9.56669363e-05,  2.91101240e-04, ...,
         4.58972624e-03,  0.00000000e+00,  2.56005056e-02],
       [ 1.10284885e-03,  1.10895656e-03,  4.38218966e-03, ...,
         2.88625430e-02,  2.56005056e-02,  0.00000000e+00]],
      shape=(45, 45)), 'molecular-dipole': array([ 0.15886087,  0.76637615, -1.06979406])}
{'bond-orders': array([[ 0.00000000e+00,  3.10282141e-01,  1.62488738e-02, ...,
        -2.33613214e-05,  2.56287031e-04,  1.10284885e-03],
       [ 3.10282141e-01,  0.00000000e+00,  1.85616787e-02, ...,
        -4.15931893e-05,  9.56669363e-05,  1.10895656e-03],
       [ 1.62488738e-02,  1.85616787e-02,  0.00000000e+00, ...,
         4.64018484e-04,  2.91101240e-04,  4.38218966e-03],
       ...,
       [-2.33613214e-05, -4.15931893e-05,  4.64018484e-04, ...,
         0.00000000e+00,  4.58972624e-03,  2.88625430e-02],
       [ 2.56287031e-04,  9.56669363e-05,  2.91101240e-04, ...,
         4.58972624e-03,  0.00000000e+00,  2.56005056e-02],
       [ 1.10284885e-03,  1.10895656e-03,  4.38218966e-03, ...,
         2.88625430e-02,  2.56005056e-02,  0.00000000e+00]],
      shape=(45, 45)), 'molecular-dipole': array([ 0.15886087,  0.76637615, -1.06979406]), 'molecular-quadrupole': array([ 15.84855109,  68.1776722 ,  33.62496092,  22.71930018,
        88.76025998, -49.47351201])}
------------------------------------------------------------
  cycle        total energy    energy error   density error
------------------------------------------------------------
      1     -163.5478666453  -1.6330316E+02   7.3666507E-04
      2     -163.5465158039   1.3508413E-03   2.2394313E-03
      3     -163.5467091152  -1.9331124E-04   1.9994385E-03
      4     -163.5477564009  -1.0472857E-03   7.5900305E-04
      5     -163.5478731406  -1.1673972E-04   4.5955980E-04
      6     -163.5478805890  -7.4484172E-06   2.1461010E-04
      7     -163.5478831833  -2.5942509E-06   1.3317919E-04
      8     -163.5478839842  -8.0097047E-07   6.8293096E-05
      9     -163.5478844595  -4.7529085E-07   2.5115318E-05
     10     -163.5478844916  -3.2090639E-08   1.1373099E-05
------------------------------------------------------------

 total:                                  12.315 sec
3
{'bond-orders': array([[ 0.00000000e+00,  3.10192041e-01,  1.62397340e-02, ...,
        -2.16872917e-05,  2.54878502e-04,  1.11230047e-03],
       [ 3.10192041e-01,  0.00000000e+00,  1.85324728e-02, ...,
        -3.86980763e-05,  9.54654943e-05,  1.12706592e-03],
       [ 1.62397340e-02,  1.85324728e-02,  0.00000000e+00, ...,
         4.65694219e-04,  2.99010883e-04,  4.41561730e-03],
       ...,
       [-2.16872917e-05, -3.86980763e-05,  4.65694219e-04, ...,
         0.00000000e+00,  4.69316852e-03,  2.87787717e-02],
       [ 2.54878502e-04,  9.54654943e-05,  2.99010883e-04, ...,
         4.69316852e-03,  0.00000000e+00,  2.55197978e-02],
       [ 1.11230047e-03,  1.12706592e-03,  4.41561730e-03, ...,
         2.87787717e-02,  2.55197978e-02,  0.00000000e+00]],
      shape=(45, 45))}
{'bond-orders': array([[ 0.00000000e+00,  3.10192041e-01,  1.62397340e-02, ...,
        -2.16872917e-05,  2.54878502e-04,  1.11230047e-03],
       [ 3.10192041e-01,  0.00000000e+00,  1.85324728e-02, ...,
        -3.86980763e-05,  9.54654943e-05,  1.12706592e-03],
       [ 1.62397340e-02,  1.85324728e-02,  0.00000000e+00, ...,
         4.65694219e-04,  2.99010883e-04,  4.41561730e-03],
       ...,
       [-2.16872917e-05, -3.86980763e-05,  4.65694219e-04, ...,
         0.00000000e+00,  4.69316852e-03,  2.87787717e-02],
       [ 2.54878502e-04,  9.54654943e-05,  2.99010883e-04, ...,
         4.69316852e-03,  0.00000000e+00,  2.55197978e-02],
       [ 1.11230047e-03,  1.12706592e-03,  4.41561730e-03, ...,
         2.87787717e-02,  2.55197978e-02,  0.00000000e+00]],
      shape=(45, 45)), 'molecular-dipole': array([ 0.15546663,  0.76010411, -1.0433291 ])}
{'bond-orders': array([[ 0.00000000e+00,  3.10192041e-01,  1.62397340e-02, ...,
        -2.16872917e-05,  2.54878502e-04,  1.11230047e-03],
       [ 3.10192041e-01,  0.00000000e+00,  1.85324728e-02, ...,
        -3.86980763e-05,  9.54654943e-05,  1.12706592e-03],
       [ 1.62397340e-02,  1.85324728e-02,  0.00000000e+00, ...,
         4.65694219e-04,  2.99010883e-04,  4.41561730e-03],
       ...,
       [-2.16872917e-05, -3.86980763e-05,  4.65694219e-04, ...,
         0.00000000e+00,  4.69316852e-03,  2.87787717e-02],
       [ 2.54878502e-04,  9.54654943e-05,  2.99010883e-04, ...,
         4.69316852e-03,  0.00000000e+00,  2.55197978e-02],
       [ 1.11230047e-03,  1.12706592e-03,  4.41561730e-03, ...,
         2.87787717e-02,  2.55197978e-02,  0.00000000e+00]],
      shape=(45, 45)), 'molecular-dipole': array([ 0.15546663,  0.76010411, -1.0433291 ]), 'molecular-quadrupole': array([ 14.59693384,  67.70336574,  32.46722552,  23.37744739,
        88.61722695, -47.06415936])}
------------------------------------------------------------
  cycle        total energy    energy error   density error
------------------------------------------------------------
      1     -163.5483687877  -1.6330539E+02   5.6657502E-04
      2     -163.5483098114   5.8976283E-05   9.1309964E-04
      3     -163.5479995281   3.1028326E-04   1.1658515E-03
      4     -163.5482450802  -2.4555204E-04   7.1825684E-04
      5     -163.5483128680  -6.7787884E-05   5.9104710E-04
      6     -163.5483728427  -5.9974660E-05   2.2245168E-04
      7     -163.5483740467  -1.2039824E-06   1.0968923E-04
      8     -163.5483748973  -8.5058224E-07   6.0329973E-05
      9     -163.5483756540  -7.5670593E-07   2.3651001E-05
     10     -163.5483756610  -7.0047008E-09   1.1930855E-05
------------------------------------------------------------

 total:                                  12.410 sec
3
{'bond-orders': array([[ 0.00000000e+00,  3.10107012e-01,  1.62216512e-02, ...,
        -2.02511130e-05,  2.58507953e-04,  1.13963873e-03],
       [ 3.10107012e-01,  0.00000000e+00,  1.84834831e-02, ...,
        -3.63055134e-05,  9.60337492e-05,  1.13335975e-03],
       [ 1.62216512e-02,  1.84834831e-02,  0.00000000e+00, ...,
         4.71339748e-04,  3.19673813e-04,  4.47932417e-03],
       ...,
       [-2.02511130e-05, -3.63055134e-05,  4.71339748e-04, ...,
         0.00000000e+00,  4.78564512e-03,  2.87076394e-02],
       [ 2.58507953e-04,  9.60337492e-05,  3.19673813e-04, ...,
         4.78564512e-03,  0.00000000e+00,  2.55052375e-02],
       [ 1.13963873e-03,  1.13335975e-03,  4.47932417e-03, ...,
         2.87076394e-02,  2.55052375e-02,  0.00000000e+00]],
      shape=(45, 45))}
{'bond-orders': array([[ 0.00000000e+00,  3.10107012e-01,  1.62216512e-02, ...,
        -2.02511130e-05,  2.58507953e-04,  1.13963873e-03],
       [ 3.10107012e-01,  0.00000000e+00,  1.84834831e-02, ...,
        -3.63055134e-05,  9.60337492e-05,  1.13335975e-03],
       [ 1.62216512e-02,  1.84834831e-02,  0.00000000e+00, ...,
         4.71339748e-04,  3.19673813e-04,  4.47932417e-03],
       ...,
       [-2.02511130e-05, -3.63055134e-05,  4.71339748e-04, ...,
         0.00000000e+00,  4.78564512e-03,  2.87076394e-02],
       [ 2.58507953e-04,  9.60337492e-05,  3.19673813e-04, ...,
         4.78564512e-03,  0.00000000e+00,  2.55052375e-02],
       [ 1.13963873e-03,  1.13335975e-03,  4.47932417e-03, ...,
         2.87076394e-02,  2.55052375e-02,  0.00000000e+00]],
      shape=(45, 45)), 'molecular-dipole': array([ 0.15484872,  0.76600724, -1.02892657])}
{'bond-orders': array([[ 0.00000000e+00,  3.10107012e-01,  1.62216512e-02, ...,
        -2.02511130e-05,  2.58507953e-04,  1.13963873e-03],
       [ 3.10107012e-01,  0.00000000e+00,  1.84834831e-02, ...,
        -3.63055134e-05,  9.60337492e-05,  1.13335975e-03],
       [ 1.62216512e-02,  1.84834831e-02,  0.00000000e+00, ...,
         4.71339748e-04,  3.19673813e-04,  4.47932417e-03],
       ...,
       [-2.02511130e-05, -3.63055134e-05,  4.71339748e-04, ...,
         0.00000000e+00,  4.78564512e-03,  2.87076394e-02],
       [ 2.58507953e-04,  9.60337492e-05,  3.19673813e-04, ...,
         4.78564512e-03,  0.00000000e+00,  2.55052375e-02],
       [ 1.13963873e-03,  1.13335975e-03,  4.47932417e-03, ...,
         2.87076394e-02,  2.55052375e-02,  0.00000000e+00]],
      shape=(45, 45)), 'molecular-dipole': array([ 0.15484872,  0.76600724, -1.02892657]), 'molecular-quadrupole': array([ 13.8668303 ,  67.82810325,  31.80287882,  23.76170875,
        89.6986271 , -45.66970912])}
------------------------------------------------------------
  cycle        total energy    energy error   density error
------------------------------------------------------------
      1     -163.5490160292  -1.6330701E+02   1.0796074E-03
      2     -163.5476098749   1.4061544E-03   2.8393344E-03
      3     -163.5433804267   4.2294481E-03   4.2064566E-03
      4     -163.5487577418  -5.3773150E-03   1.1899837E-03
      5     -163.5490352843  -2.7754259E-04   5.8880514E-04
      6     -163.5490468866  -1.1602229E-05   3.8226709E-04
      7     -163.5490639397  -1.7053118E-05   1.6818397E-04
      8     -163.5490662348  -2.2950619E-06   7.5098262E-05
      9     -163.5490672016  -9.6688666E-07   3.7344233E-05
     10     -163.5490673533  -1.5167387E-07   2.2821739E-05
     11     -163.5490674267  -7.3379141E-08   1.0341392E-05
------------------------------------------------------------

 total:                                  12.707 sec
3
{'bond-orders': array([[ 0.00000000e+00,  3.10020798e-01,  1.61911248e-02, ...,
        -1.81926941e-05,  2.69708914e-04,  1.19432288e-03],
       [ 3.10020798e-01,  0.00000000e+00,  1.83855202e-02, ...,
        -3.36293326e-05,  9.76605417e-05,  1.12361511e-03],
       [ 1.61911248e-02,  1.83855202e-02,  0.00000000e+00, ...,
         4.83757165e-04,  3.63152425e-04,  4.59701431e-03],
       ...,
       [-1.81926941e-05, -3.36293326e-05,  4.83757165e-04, ...,
         0.00000000e+00,  4.91121909e-03,  2.86704526e-02],
       [ 2.69708914e-04,  9.76605417e-05,  3.63152425e-04, ...,
         4.91121909e-03,  0.00000000e+00,  2.56460750e-02],
       [ 1.19432288e-03,  1.12361511e-03,  4.59701431e-03, ...,
         2.86704526e-02,  2.56460750e-02,  0.00000000e+00]],
      shape=(45, 45))}
{'bond-orders': array([[ 0.00000000e+00,  3.10020798e-01,  1.61911248e-02, ...,
        -1.81926941e-05,  2.69708914e-04,  1.19432288e-03],
       [ 3.10020798e-01,  0.00000000e+00,  1.83855202e-02, ...,
        -3.36293326e-05,  9.76605417e-05,  1.12361511e-03],
       [ 1.61911248e-02,  1.83855202e-02,  0.00000000e+00, ...,
         4.83757165e-04,  3.63152425e-04,  4.59701431e-03],
       ...,
       [-1.81926941e-05, -3.36293326e-05,  4.83757165e-04, ...,
         0.00000000e+00,  4.91121909e-03,  2.86704526e-02],
       [ 2.69708914e-04,  9.76605417e-05,  3.63152425e-04, ...,
         4.91121909e-03,  0.00000000e+00,  2.56460750e-02],
       [ 1.19432288e-03,  1.12361511e-03,  4.59701431e-03, ...,
         2.86704526e-02,  2.56460750e-02,  0.00000000e+00]],
      shape=(45, 45)), 'molecular-dipole': array([ 0.16180808,  0.79185666, -1.01238498])}
{'bond-orders': array([[ 0.00000000e+00,  3.10020798e-01,  1.61911248e-02, ...,
        -1.81926941e-05,  2.69708914e-04,  1.19432288e-03],
       [ 3.10020798e-01,  0.00000000e+00,  1.83855202e-02, ...,
        -3.36293326e-05,  9.76605417e-05,  1.12361511e-03],
       [ 1.61911248e-02,  1.83855202e-02,  0.00000000e+00, ...,
         4.83757165e-04,  3.63152425e-04,  4.59701431e-03],
       ...,
       [-1.81926941e-05, -3.36293326e-05,  4.83757165e-04, ...,
         0.00000000e+00,  4.91121909e-03,  2.86704526e-02],
       [ 2.69708914e-04,  9.76605417e-05,  3.63152425e-04, ...,
         4.91121909e-03,  0.00000000e+00,  2.56460750e-02],
       [ 1.19432288e-03,  1.12361511e-03,  4.59701431e-03, ...,
         2.86704526e-02,  2.56460750e-02,  0.00000000e+00]],
      shape=(45, 45)), 'molecular-dipole': array([ 0.16180808,  0.79185666, -1.01238498]), 'molecular-quadrupole': array([ 13.3795505 ,  69.03244637,  31.07772171,  25.03774624,
        93.50790023, -44.45727221])}
------------------------------------------------------------
  cycle        total energy    energy error   density error
------------------------------------------------------------
      1     -163.5496719102  -1.6330677E+02   1.6436833E-03
      2     -163.5429115309   6.7603793E-03   5.3100317E-03
      3     -163.5368153770   6.0961538E-03   6.5440337E-03
      4     -163.5494625496  -1.2647173E-02   1.5049214E-03
      5     -163.5497783276  -3.1577797E-04   8.5686879E-04
      6     -163.5497938953  -1.5567740E-05   5.7971517E-04
      7     -163.5498180089  -2.4113594E-05   2.5435942E-04
      8     -163.5498226551  -4.6461946E-06   1.0068688E-04
      9     -163.5498234333  -7.7821454E-07   5.3091575E-05
     10     -163.5498236399  -2.0658251E-07   2.1690909E-05
     11     -163.5498236792  -3.9262972E-08   7.5366127E-06
------------------------------------------------------------

 total:                                  12.666 sec
3
{'bond-orders': array([[ 0.00000000e+00,  3.09910369e-01,  1.61726543e-02, ...,
        -1.48771535e-05,  2.82586302e-04,  1.26101198e-03],
       [ 3.09910369e-01,  0.00000000e+00,  1.82631838e-02, ...,
        -3.01582048e-05,  9.92677221e-05,  1.10753063e-03],
       [ 1.61726543e-02,  1.82631838e-02,  0.00000000e+00, ...,
         4.91065713e-04,  4.17270799e-04,  4.71745115e-03],
       ...,
       [-1.48771535e-05, -3.01582048e-05,  4.91065713e-04, ...,
         0.00000000e+00,  5.02091197e-03,  2.85880525e-02],
       [ 2.82586302e-04,  9.92677221e-05,  4.17270799e-04, ...,
         5.02091197e-03,  0.00000000e+00,  2.58671599e-02],
       [ 1.26101198e-03,  1.10753063e-03,  4.71745115e-03, ...,
         2.85880525e-02,  2.58671599e-02,  0.00000000e+00]],
      shape=(45, 45))}
{'bond-orders': array([[ 0.00000000e+00,  3.09910369e-01,  1.61726543e-02, ...,
        -1.48771535e-05,  2.82586302e-04,  1.26101198e-03],
       [ 3.09910369e-01,  0.00000000e+00,  1.82631838e-02, ...,
        -3.01582048e-05,  9.92677221e-05,  1.10753063e-03],
       [ 1.61726543e-02,  1.82631838e-02,  0.00000000e+00, ...,
         4.91065713e-04,  4.17270799e-04,  4.71745115e-03],
       ...,
       [-1.48771535e-05, -3.01582048e-05,  4.91065713e-04, ...,
         0.00000000e+00,  5.02091197e-03,  2.85880525e-02],
       [ 2.82586302e-04,  9.92677221e-05,  4.17270799e-04, ...,
         5.02091197e-03,  0.00000000e+00,  2.58671599e-02],
       [ 1.26101198e-03,  1.10753063e-03,  4.71745115e-03, ...,
         2.85880525e-02,  2.58671599e-02,  0.00000000e+00]],
      shape=(45, 45)), 'molecular-dipole': array([ 0.1747786 ,  0.8368306 , -1.00954277])}
{'bond-orders': array([[ 0.00000000e+00,  3.09910369e-01,  1.61726543e-02, ...,
        -1.48771535e-05,  2.82586302e-04,  1.26101198e-03],
       [ 3.09910369e-01,  0.00000000e+00,  1.82631838e-02, ...,
        -3.01582048e-05,  9.92677221e-05,  1.10753063e-03],
       [ 1.61726543e-02,  1.82631838e-02,  0.00000000e+00, ...,
         4.91065713e-04,  4.17270799e-04,  4.71745115e-03],
       ...,
       [-1.48771535e-05, -3.01582048e-05,  4.91065713e-04, ...,
         0.00000000e+00,  5.02091197e-03,  2.85880525e-02],
       [ 2.82586302e-04,  9.92677221e-05,  4.17270799e-04, ...,
         5.02091197e-03,  0.00000000e+00,  2.58671599e-02],
       [ 1.26101198e-03,  1.10753063e-03,  4.71745115e-03, ...,
         2.85880525e-02,  2.58671599e-02,  0.00000000e+00]],
      shape=(45, 45)), 'molecular-dipole': array([ 0.1747786 ,  0.8368306 , -1.00954277]), 'molecular-quadrupole': array([ 13.60217184,  71.38045417,  30.93523122,  26.34191382,
        99.34866236, -44.53740305])}
------------------------------------------------------------
  cycle        total energy    energy error   density error
------------------------------------------------------------
      1     -163.5504784309  -1.6330511E+02   1.8418033E-03
      2     -163.5456283510   4.8500799E-03   5.1736084E-03
      3     -163.5370205773   8.6077737E-03   6.6704327E-03
      4     -163.5492468875  -1.2226310E-02   2.4046367E-03
      5     -163.5506046246  -1.3577371E-03   9.6501735E-04
      6     -163.5506263050  -2.1680391E-05   6.5599654E-04
      7     -163.5506520927  -2.5787703E-05   2.5654957E-04
      8     -163.5506557327  -3.6399981E-06   1.0158873E-04
      9     -163.5506561174  -3.8474496E-07   5.4842479E-05
     10     -163.5506562407  -1.2329988E-07   2.2917127E-05
     11     -163.5506562683  -2.7565363E-08   6.7790232E-06
------------------------------------------------------------

 total:                                  12.901 sec
3
{'bond-orders': array([[ 0.00000000e+00,  3.09756802e-01,  1.61967166e-02, ...,
        -1.01051171e-05,  2.87898450e-04,  1.32453938e-03],
       [ 3.09756802e-01,  0.00000000e+00,  1.81423032e-02, ...,
        -2.50378766e-05,  9.94994114e-05,  1.10195801e-03],
       [ 1.61967166e-02,  1.81423032e-02,  0.00000000e+00, ...,
         4.76282473e-04,  4.60253507e-04,  4.75962677e-03],
       ...,
       [-1.01051171e-05, -2.50378766e-05,  4.76282473e-04, ...,
         0.00000000e+00,  5.05353402e-03,  2.83271889e-02],
       [ 2.87898450e-04,  9.94994114e-05,  4.60253507e-04, ...,
         5.05353402e-03,  0.00000000e+00,  2.60180597e-02],
       [ 1.32453938e-03,  1.10195801e-03,  4.75962677e-03, ...,
         2.83271889e-02,  2.60180597e-02,  0.00000000e+00]],
      shape=(45, 45))}
{'bond-orders': array([[ 0.00000000e+00,  3.09756802e-01,  1.61967166e-02, ...,
        -1.01051171e-05,  2.87898450e-04,  1.32453938e-03],
       [ 3.09756802e-01,  0.00000000e+00,  1.81423032e-02, ...,
        -2.50378766e-05,  9.94994114e-05,  1.10195801e-03],
       [ 1.61967166e-02,  1.81423032e-02,  0.00000000e+00, ...,
         4.76282473e-04,  4.60253507e-04,  4.75962677e-03],
       ...,
       [-1.01051171e-05, -2.50378766e-05,  4.76282473e-04, ...,
         0.00000000e+00,  5.05353402e-03,  2.83271889e-02],
       [ 2.87898450e-04,  9.94994114e-05,  4.60253507e-04, ...,
         5.05353402e-03,  0.00000000e+00,  2.60180597e-02],
       [ 1.32453938e-03,  1.10195801e-03,  4.75962677e-03, ...,
         2.83271889e-02,  2.60180597e-02,  0.00000000e+00]],
      shape=(45, 45)), 'molecular-dipole': array([ 0.18988701,  0.89198846, -1.00089828])}
{'bond-orders': array([[ 0.00000000e+00,  3.09756802e-01,  1.61967166e-02, ...,
        -1.01051171e-05,  2.87898450e-04,  1.32453938e-03],
       [ 3.09756802e-01,  0.00000000e+00,  1.81423032e-02, ...,
        -2.50378766e-05,  9.94994114e-05,  1.10195801e-03],
       [ 1.61967166e-02,  1.81423032e-02,  0.00000000e+00, ...,
         4.76282473e-04,  4.60253507e-04,  4.75962677e-03],
       ...,
       [-1.01051171e-05, -2.50378766e-05,  4.76282473e-04, ...,
         0.00000000e+00,  5.05353402e-03,  2.83271889e-02],
       [ 2.87898450e-04,  9.94994114e-05,  4.60253507e-04, ...,
         5.05353402e-03,  0.00000000e+00,  2.60180597e-02],
       [ 1.32453938e-03,  1.10195801e-03,  4.75962677e-03, ...,
         2.83271889e-02,  2.60180597e-02,  0.00000000e+00]],
      shape=(45, 45)), 'molecular-dipole': array([ 0.18988701,  0.89198846, -1.00089828]), 'molecular-quadrupole': array([ 13.5935915 ,  74.33716484,  30.63163583,  28.15952168,
       106.57195344, -44.22522733])}
------------------------------------------------------------
  cycle        total energy    energy error   density error
------------------------------------------------------------
      1     -163.5515764618  -1.6330222E+02   2.4795695E-03
      2     -163.5493760550   2.2004068E-03   6.0366908E-03
      3     -163.5510128423  -1.6367873E-03   2.5124159E-03
      4     -163.5453645736   5.6482687E-03   4.5557571E-03
      5     -163.5506391663  -5.2745926E-03   2.2342330E-03
      6     -163.5517985404  -1.1593742E-03   8.9997370E-04
      7     -163.5518606500  -6.2109583E-05   3.5708365E-04
      8     -163.5518656858  -5.0357602E-06   1.5819038E-04
      9     -163.5518668804  -1.1946328E-06   6.7160929E-05
     10     -163.5518670483  -1.6784443E-07   3.1113801E-05
     11     -163.5518671148  -6.6491310E-08   1.1520193E-05
------------------------------------------------------------

 total:                                  12.882 sec
3
{'bond-orders': array([[ 0.00000000e+00,  3.09469396e-01,  1.63105547e-02, ...,
        -2.49062353e-06,  2.77361564e-04,  1.38988755e-03],
       [ 3.09469396e-01,  0.00000000e+00,  1.80296281e-02, ...,
        -1.62325609e-05,  9.64439363e-05,  1.11220288e-03],
       [ 1.63105547e-02,  1.80296281e-02,  0.00000000e+00, ...,
         4.17566080e-04,  4.78050565e-04,  4.62429208e-03],
       ...,
       [-2.49062353e-06, -1.62325609e-05,  4.17566080e-04, ...,
         0.00000000e+00,  4.95963192e-03,  2.77104869e-02],
       [ 2.77361564e-04,  9.64439363e-05,  4.78050565e-04, ...,
         4.95963192e-03,  0.00000000e+00,  2.60547549e-02],
       [ 1.38988755e-03,  1.11220288e-03,  4.62429208e-03, ...,
         2.77104869e-02,  2.60547549e-02,  0.00000000e+00]],
      shape=(45, 45))}
{'bond-orders': array([[ 0.00000000e+00,  3.09469396e-01,  1.63105547e-02, ...,
        -2.49062353e-06,  2.77361564e-04,  1.38988755e-03],
       [ 3.09469396e-01,  0.00000000e+00,  1.80296281e-02, ...,
        -1.62325609e-05,  9.64439363e-05,  1.11220288e-03],
       [ 1.63105547e-02,  1.80296281e-02,  0.00000000e+00, ...,
         4.17566080e-04,  4.78050565e-04,  4.62429208e-03],
       ...,
       [-2.49062353e-06, -1.62325609e-05,  4.17566080e-04, ...,
         0.00000000e+00,  4.95963192e-03,  2.77104869e-02],
       [ 2.77361564e-04,  9.64439363e-05,  4.78050565e-04, ...,
         4.95963192e-03,  0.00000000e+00,  2.60547549e-02],
       [ 1.38988755e-03,  1.11220288e-03,  4.62429208e-03, ...,
         2.77104869e-02,  2.60547549e-02,  0.00000000e+00]],
      shape=(45, 45)), 'molecular-dipole': array([ 0.21427369,  0.97017424, -0.95941068])}
{'bond-orders': array([[ 0.00000000e+00,  3.09469396e-01,  1.63105547e-02, ...,
        -2.49062353e-06,  2.77361564e-04,  1.38988755e-03],
       [ 3.09469396e-01,  0.00000000e+00,  1.80296281e-02, ...,
        -1.62325609e-05,  9.64439363e-05,  1.11220288e-03],
       [ 1.63105547e-02,  1.80296281e-02,  0.00000000e+00, ...,
         4.17566080e-04,  4.78050565e-04,  4.62429208e-03],
       ...,
       [-2.49062353e-06, -1.62325609e-05,  4.17566080e-04, ...,
         0.00000000e+00,  4.95963192e-03,  2.77104869e-02],
       [ 2.77361564e-04,  9.64439363e-05,  4.78050565e-04, ...,
         4.95963192e-03,  0.00000000e+00,  2.60547549e-02],
       [ 1.38988755e-03,  1.11220288e-03,  4.62429208e-03, ...,
         2.77104869e-02,  2.60547549e-02,  0.00000000e+00]],
      shape=(45, 45)), 'molecular-dipole': array([ 0.21427369,  0.97017424, -0.95941068]), 'molecular-quadrupole': array([ 12.41254392,  78.76712302,  29.18595691,  32.4159422 ,
       117.29379024, -41.59850082])}
------------------------------------------------------------
  cycle        total energy    energy error   density error
------------------------------------------------------------
      1     -163.5529034760  -1.6329816E+02   3.7598721E-03
      2     -163.5439399485   8.9635275E-03   1.0296432E-02
      3     -163.5377441696   6.1957789E-03   7.4844687E-03
      4     -163.5442926267  -6.5484571E-03   5.6557802E-03
      5     -163.5525099022  -8.2172754E-03   2.3951329E-03
      6     -163.5534886988  -9.7879667E-04   1.3104086E-03
      7     -163.5535674773  -7.8778468E-05   5.5289971E-04
      8     -163.5535814449  -1.3967594E-05   2.9689805E-04
      9     -163.5535859177  -4.4727494E-06   1.1265184E-04
     10     -163.5535865265  -6.0883775E-07   3.9892679E-05
     11     -163.5535866522  -1.2568833E-07   2.0773507E-05
     12     -163.5535866701  -1.7954392E-08   1.0635003E-05
------------------------------------------------------------

 total:                                  13.053 sec
3
{'bond-orders': array([[ 0.00000000e+00,  3.08939737e-01,  1.65999839e-02, ...,
         7.94144618e-06,  2.38361886e-04,  1.44946579e-03],
       [ 3.08939737e-01,  0.00000000e+00,  1.79990907e-02, ...,
        -2.73471746e-06,  8.73961800e-05,  1.13108981e-03],
       [ 1.65999839e-02,  1.79990907e-02,  0.00000000e+00, ...,
         2.94284274e-04,  4.38418652e-04,  4.17002773e-03],
       ...,
       [ 7.94144618e-06, -2.73471746e-06,  2.94284274e-04, ...,
         0.00000000e+00,  4.65863877e-03,  2.64346109e-02],
       [ 2.38361886e-04,  8.73961800e-05,  4.38418652e-04, ...,
         4.65863877e-03,  0.00000000e+00,  2.59032055e-02],
       [ 1.44946579e-03,  1.13108981e-03,  4.17002773e-03, ...,
         2.64346109e-02,  2.59032055e-02,  0.00000000e+00]],
      shape=(45, 45))}
{'bond-orders': array([[ 0.00000000e+00,  3.08939737e-01,  1.65999839e-02, ...,
         7.94144618e-06,  2.38361886e-04,  1.44946579e-03],
       [ 3.08939737e-01,  0.00000000e+00,  1.79990907e-02, ...,
        -2.73471746e-06,  8.73961800e-05,  1.13108981e-03],
       [ 1.65999839e-02,  1.79990907e-02,  0.00000000e+00, ...,
         2.94284274e-04,  4.38418652e-04,  4.17002773e-03],
       ...,
       [ 7.94144618e-06, -2.73471746e-06,  2.94284274e-04, ...,
         0.00000000e+00,  4.65863877e-03,  2.64346109e-02],
       [ 2.38361886e-04,  8.73961800e-05,  4.38418652e-04, ...,
         4.65863877e-03,  0.00000000e+00,  2.59032055e-02],
       [ 1.44946579e-03,  1.13108981e-03,  4.17002773e-03, ...,
         2.64346109e-02,  2.59032055e-02,  0.00000000e+00]],
      shape=(45, 45)), 'molecular-dipole': array([ 0.25263989,  1.07772784, -0.86654487])}
{'bond-orders': array([[ 0.00000000e+00,  3.08939737e-01,  1.65999839e-02, ...,
         7.94144618e-06,  2.38361886e-04,  1.44946579e-03],
       [ 3.08939737e-01,  0.00000000e+00,  1.79990907e-02, ...,
        -2.73471746e-06,  8.73961800e-05,  1.13108981e-03],
       [ 1.65999839e-02,  1.79990907e-02,  0.00000000e+00, ...,
         2.94284274e-04,  4.38418652e-04,  4.17002773e-03],
       ...,
       [ 7.94144618e-06, -2.73471746e-06,  2.94284274e-04, ...,
         0.00000000e+00,  4.65863877e-03,  2.64346109e-02],
       [ 2.38361886e-04,  8.73961800e-05,  4.38418652e-04, ...,
         4.65863877e-03,  0.00000000e+00,  2.59032055e-02],
       [ 1.44946579e-03,  1.13108981e-03,  4.17002773e-03, ...,
         2.64346109e-02,  2.59032055e-02,  0.00000000e+00]],
      shape=(45, 45)), 'molecular-dipole': array([ 0.25263989,  1.07772784, -0.86654487]), 'molecular-quadrupole': array([  9.37679486,  85.27008879,  26.04324715,  40.48997088,
       132.34769737, -35.42004201])}
------------------------------------------------------------
  cycle        total energy    energy error   density error
------------------------------------------------------------
      1     -163.5551845821  -1.6329845E+02   3.1873949E-03
      2     -163.5383258379   1.6858744E-02   1.0375521E-02
      3     -163.5166368740   2.1688964E-02   1.1250910E-02
      4     -163.5542880134  -3.7651139E-02   2.8070528E-03
      5     -163.5552787143  -9.9070090E-04   1.5630154E-03
      6     -163.5556542027  -3.7548837E-04   9.7802470E-04
      7     -163.5556993732  -4.5170575E-05   4.0018665E-04
      8     -163.5557036404  -4.2671901E-06   2.3104608E-04
      9     -163.5557056767  -2.0363147E-06   1.0668707E-04
     10     -163.5557066098  -9.3304124E-07   2.8576961E-05
     11     -163.5557066177  -7.9192830E-09   1.7769332E-05
------------------------------------------------------------

 total:                                   9.996 sec
3
{'bond-orders': array([[0.00000000e+00, 3.08477098e-01, 1.68993294e-02, ...,
        1.34856558e-05, 1.95632418e-04, 1.46200074e-03],
       [3.08477098e-01, 0.00000000e+00, 1.81053285e-02, ...,
        5.81642759e-06, 7.95716790e-05, 1.12627553e-03],
       [1.68993294e-02, 1.81053285e-02, 0.00000000e+00, ...,
        2.02313204e-04, 3.68599020e-04, 3.73492924e-03],
       ...,
       [1.34856558e-05, 5.81642759e-06, 2.02313204e-04, ...,
        0.00000000e+00, 4.30448834e-03, 2.50244609e-02],
       [1.95632418e-04, 7.95716790e-05, 3.68599020e-04, ...,
        4.30448834e-03, 0.00000000e+00, 2.56044802e-02],
       [1.46200074e-03, 1.12627553e-03, 3.73492924e-03, ...,
        2.50244609e-02, 2.56044802e-02, 0.00000000e+00]], shape=(45, 45))}
{'bond-orders': array([[0.00000000e+00, 3.08477098e-01, 1.68993294e-02, ...,
        1.34856558e-05, 1.95632418e-04, 1.46200074e-03],
       [3.08477098e-01, 0.00000000e+00, 1.81053285e-02, ...,
        5.81642759e-06, 7.95716790e-05, 1.12627553e-03],
       [1.68993294e-02, 1.81053285e-02, 0.00000000e+00, ...,
        2.02313204e-04, 3.68599020e-04, 3.73492924e-03],
       ...,
       [1.34856558e-05, 5.81642759e-06, 2.02313204e-04, ...,
        0.00000000e+00, 4.30448834e-03, 2.50244609e-02],
       [1.95632418e-04, 7.95716790e-05, 3.68599020e-04, ...,
        4.30448834e-03, 0.00000000e+00, 2.56044802e-02],
       [1.46200074e-03, 1.12627553e-03, 3.73492924e-03, ...,
        2.50244609e-02, 2.56044802e-02, 0.00000000e+00]], shape=(45, 45)), 'molecular-dipole': array([ 0.28065098,  1.12866213, -0.75459708])}
{'bond-orders': array([[0.00000000e+00, 3.08477098e-01, 1.68993294e-02, ...,
        1.34856558e-05, 1.95632418e-04, 1.46200074e-03],
       [3.08477098e-01, 0.00000000e+00, 1.81053285e-02, ...,
        5.81642759e-06, 7.95716790e-05, 1.12627553e-03],
       [1.68993294e-02, 1.81053285e-02, 0.00000000e+00, ...,
        2.02313204e-04, 3.68599020e-04, 3.73492924e-03],
       ...,
       [1.34856558e-05, 5.81642759e-06, 2.02313204e-04, ...,
        0.00000000e+00, 4.30448834e-03, 2.50244609e-02],
       [1.95632418e-04, 7.95716790e-05, 3.68599020e-04, ...,
        4.30448834e-03, 0.00000000e+00, 2.56044802e-02],
       [1.46200074e-03, 1.12627553e-03, 3.73492924e-03, ...,
        2.50244609e-02, 2.56044802e-02, 0.00000000e+00]], shape=(45, 45)), 'molecular-dipole': array([ 0.28065098,  1.12866213, -0.75459708]), 'molecular-quadrupole': array([  5.34521444,  88.84704497,  22.05642902,  48.25965366,
       140.54132244, -27.40164346])}
------------------------------------------------------------
  cycle        total energy    energy error   density error
------------------------------------------------------------
      1     -163.5579875445  -1.6330394E+02   4.1608288E-03
      2     -163.5451482379   1.2839307E-02   1.0612775E-02
      3     -163.5136210143   3.1527224E-02   1.2321081E-02
      4     -163.5510081960  -3.7387182E-02   5.4676219E-03
      5     -163.5584059564  -7.3977605E-03   1.6299749E-03
      6     -163.5586385078  -2.3255141E-04   1.2297224E-03
      7     -163.5587167903  -7.8282491E-05   4.8690790E-04
      8     -163.5587255788  -8.7884832E-06   2.4103367E-04
      9     -163.5587273525  -1.7736731E-06   1.4551319E-04
     10     -163.5587283100  -9.5748555E-07   4.6873788E-05
     11     -163.5587283048   5.1400093E-09   2.6559423E-05
     12     -163.5587283842  -7.9385245E-08   1.6239499E-05
------------------------------------------------------------

 total:                                   9.722 sec
3
{'bond-orders': array([[0.00000000e+00, 3.07951757e-01, 1.72363963e-02, ...,
        1.93788982e-05, 1.45602343e-04, 1.43249714e-03],
       [3.07951757e-01, 0.00000000e+00, 1.83384761e-02, ...,
        1.44247981e-05, 7.13652896e-05, 1.09804207e-03],
       [1.72363963e-02, 1.83384761e-02, 0.00000000e+00, ...,
        1.46612443e-04, 2.85795523e-04, 3.37868262e-03],
       ...,
       [1.93788982e-05, 1.44247981e-05, 1.46612443e-04, ...,
        0.00000000e+00, 3.95565783e-03, 2.33545315e-02],
       [1.45602343e-04, 7.13652896e-05, 2.85795523e-04, ...,
        3.95565783e-03, 0.00000000e+00, 2.50071968e-02],
       [1.43249714e-03, 1.09804207e-03, 3.37868262e-03, ...,
        2.33545315e-02, 2.50071968e-02, 0.00000000e+00]], shape=(45, 45))}
{'bond-orders': array([[0.00000000e+00, 3.07951757e-01, 1.72363963e-02, ...,
        1.93788982e-05, 1.45602343e-04, 1.43249714e-03],
       [3.07951757e-01, 0.00000000e+00, 1.83384761e-02, ...,
        1.44247981e-05, 7.13652896e-05, 1.09804207e-03],
       [1.72363963e-02, 1.83384761e-02, 0.00000000e+00, ...,
        1.46612443e-04, 2.85795523e-04, 3.37868262e-03],
       ...,
       [1.93788982e-05, 1.44247981e-05, 1.46612443e-04, ...,
        0.00000000e+00, 3.95565783e-03, 2.33545315e-02],
       [1.45602343e-04, 7.13652896e-05, 2.85795523e-04, ...,
        3.95565783e-03, 0.00000000e+00, 2.50071968e-02],
       [1.43249714e-03, 1.09804207e-03, 3.37868262e-03, ...,
        2.33545315e-02, 2.50071968e-02, 0.00000000e+00]], shape=(45, 45)), 'molecular-dipole': array([ 0.29088135,  1.12689022, -0.6027917 ])}
{'bond-orders': array([[0.00000000e+00, 3.07951757e-01, 1.72363963e-02, ...,
        1.93788982e-05, 1.45602343e-04, 1.43249714e-03],
       [3.07951757e-01, 0.00000000e+00, 1.83384761e-02, ...,
        1.44247981e-05, 7.13652896e-05, 1.09804207e-03],
       [1.72363963e-02, 1.83384761e-02, 0.00000000e+00, ...,
        1.46612443e-04, 2.85795523e-04, 3.37868262e-03],
       ...,
       [1.93788982e-05, 1.44247981e-05, 1.46612443e-04, ...,
        0.00000000e+00, 3.95565783e-03, 2.33545315e-02],
       [1.45602343e-04, 7.13652896e-05, 2.85795523e-04, ...,
        3.95565783e-03, 0.00000000e+00, 2.50071968e-02],
       [1.43249714e-03, 1.09804207e-03, 3.37868262e-03, ...,
        2.33545315e-02, 2.50071968e-02, 0.00000000e+00]], shape=(45, 45)), 'molecular-dipole': array([ 0.29088135,  1.12689022, -0.6027917 ]), 'molecular-quadrupole': array([ -0.92193724,  89.76194952,  16.41182828,  55.49390502,
       142.43757878, -15.48989104])}
------------------------------------------------------------
  cycle        total energy    energy error   density error
------------------------------------------------------------
      1     -163.5602956825  -1.6330910E+02   3.0055655E-03
      2     -163.5572029186   3.0927639E-03   7.1803206E-03
      3     -163.5601106027  -2.9076841E-03   2.7446216E-03
      4     -163.5596015018   5.0910098E-04   2.0648997E-03
      5     -163.5531199726   6.4815291E-03   4.8794686E-03
      6     -163.5605702624  -7.4502897E-03   9.4545419E-04
      7     -163.5606470423  -7.6779856E-05   3.7695323E-04
      8     -163.5606530623  -6.0200263E-06   1.7008164E-04
      9     -163.5606544667  -1.4043737E-06   1.0746814E-04
     10     -163.5606548747  -4.0802291E-07   5.0960313E-05
     11     -163.5606550568  -1.8212108E-07   2.6425551E-05
     12     -163.5606551698  -1.1297513E-07   1.2105808E-05
------------------------------------------------------------

 total:                                   9.687 sec
3
{'bond-orders': array([[0.00000000e+00, 3.07626603e-01, 1.74064006e-02, ...,
        2.51530972e-05, 1.20154018e-04, 1.41502967e-03],
       [3.07626603e-01, 0.00000000e+00, 1.84530156e-02, ...,
        2.48435698e-05, 6.40097007e-05, 1.07965892e-03],
       [1.74064006e-02, 1.84530156e-02, 0.00000000e+00, ...,
        1.31954962e-04, 2.60213007e-04, 3.27502096e-03],
       ...,
       [2.51530972e-05, 2.48435698e-05, 1.31954962e-04, ...,
        0.00000000e+00, 3.92233328e-03, 2.28154604e-02],
       [1.20154018e-04, 6.40097007e-05, 2.60213007e-04, ...,
        3.92233328e-03, 0.00000000e+00, 2.47185099e-02],
       [1.41502967e-03, 1.07965892e-03, 3.27502096e-03, ...,
        2.28154604e-02, 2.47185099e-02, 0.00000000e+00]], shape=(45, 45))}
{'bond-orders': array([[0.00000000e+00, 3.07626603e-01, 1.74064006e-02, ...,
        2.51530972e-05, 1.20154018e-04, 1.41502967e-03],
       [3.07626603e-01, 0.00000000e+00, 1.84530156e-02, ...,
        2.48435698e-05, 6.40097007e-05, 1.07965892e-03],
       [1.74064006e-02, 1.84530156e-02, 0.00000000e+00, ...,
        1.31954962e-04, 2.60213007e-04, 3.27502096e-03],
       ...,
       [2.51530972e-05, 2.48435698e-05, 1.31954962e-04, ...,
        0.00000000e+00, 3.92233328e-03, 2.28154604e-02],
       [1.20154018e-04, 6.40097007e-05, 2.60213007e-04, ...,
        3.92233328e-03, 0.00000000e+00, 2.47185099e-02],
       [1.41502967e-03, 1.07965892e-03, 3.27502096e-03, ...,
        2.28154604e-02, 2.47185099e-02, 0.00000000e+00]], shape=(45, 45)), 'molecular-dipole': array([ 0.30740411,  1.14740202, -0.50262137])}
{'bond-orders': array([[0.00000000e+00, 3.07626603e-01, 1.74064006e-02, ...,
        2.51530972e-05, 1.20154018e-04, 1.41502967e-03],
       [3.07626603e-01, 0.00000000e+00, 1.84530156e-02, ...,
        2.48435698e-05, 6.40097007e-05, 1.07965892e-03],
       [1.74064006e-02, 1.84530156e-02, 0.00000000e+00, ...,
        1.31954962e-04, 2.60213007e-04, 3.27502096e-03],
       ...,
       [2.51530972e-05, 2.48435698e-05, 1.31954962e-04, ...,
        0.00000000e+00, 3.92233328e-03, 2.28154604e-02],
       [1.20154018e-04, 6.40097007e-05, 2.60213007e-04, ...,
        3.92233328e-03, 0.00000000e+00, 2.47185099e-02],
       [1.41502967e-03, 1.07965892e-03, 3.27502096e-03, ...,
        2.28154604e-02, 2.47185099e-02, 0.00000000e+00]], shape=(45, 45)), 'molecular-dipole': array([ 0.30740411,  1.14740202, -0.50262137]), 'molecular-quadrupole': array([ -4.53996778,  91.860822  ,  12.58861627,  60.82420599,
       145.94200187,  -8.04864849])}
------------------------------------------------------------
  cycle        total energy    energy error   density error
------------------------------------------------------------
      1     -163.5620560738  -1.6331602E+02   3.3580557E-03
      2     -163.5573903908   4.6656830E-03   8.2275267E-03
      3     -163.5559966339   1.3937569E-03   5.2809903E-03
      4     -163.5515980043   4.3986296E-03   5.9891114E-03
      5     -163.5622306714  -1.0632667E-02   1.4580074E-03
      6     -163.5624682898  -2.3761846E-04   1.0332787E-03
      7     -163.5625119540  -4.3664233E-05   4.4703561E-04
      8     -163.5625236060  -1.1651915E-05   1.8250128E-04
      9     -163.5625266903  -3.0842958E-06   9.6409985E-05
     10     -163.5625271075  -4.1719616E-07   5.5923229E-05
     11     -163.5625272930  -1.8554763E-07   2.2724353E-05
     12     -163.5625273315  -3.8480238E-08   1.1412629E-05
------------------------------------------------------------

 total:                                   9.622 sec
3
{'bond-orders': array([[0.00000000e+00, 3.07349134e-01, 1.75513169e-02, ...,
        3.21694578e-05, 1.06233662e-04, 1.41557579e-03],
       [3.07349134e-01, 0.00000000e+00, 1.85654845e-02, ...,
        3.75300554e-05, 5.86432021e-05, 1.04150184e-03],
       [1.75513169e-02, 1.85654845e-02, 0.00000000e+00, ...,
        1.25370149e-04, 2.62636829e-04, 3.22180712e-03],
       ...,
       [3.21694578e-05, 3.75300554e-05, 1.25370149e-04, ...,
        0.00000000e+00, 3.91408841e-03, 2.26695984e-02],
       [1.06233662e-04, 5.86432021e-05, 2.62636829e-04, ...,
        3.91408841e-03, 0.00000000e+00, 2.48635542e-02],
       [1.41557579e-03, 1.04150184e-03, 3.22180712e-03, ...,
        2.26695984e-02, 2.48635542e-02, 0.00000000e+00]], shape=(45, 45))}
{'bond-orders': array([[0.00000000e+00, 3.07349134e-01, 1.75513169e-02, ...,
        3.21694578e-05, 1.06233662e-04, 1.41557579e-03],
       [3.07349134e-01, 0.00000000e+00, 1.85654845e-02, ...,
        3.75300554e-05, 5.86432021e-05, 1.04150184e-03],
       [1.75513169e-02, 1.85654845e-02, 0.00000000e+00, ...,
        1.25370149e-04, 2.62636829e-04, 3.22180712e-03],
       ...,
       [3.21694578e-05, 3.75300554e-05, 1.25370149e-04, ...,
        0.00000000e+00, 3.91408841e-03, 2.26695984e-02],
       [1.06233662e-04, 5.86432021e-05, 2.62636829e-04, ...,
        3.91408841e-03, 0.00000000e+00, 2.48635542e-02],
       [1.41557579e-03, 1.04150184e-03, 3.22180712e-03, ...,
        2.26695984e-02, 2.48635542e-02, 0.00000000e+00]], shape=(45, 45)), 'molecular-dipole': array([ 0.34853262,  1.20206234, -0.39667799])}
{'bond-orders': array([[0.00000000e+00, 3.07349134e-01, 1.75513169e-02, ...,
        3.21694578e-05, 1.06233662e-04, 1.41557579e-03],
       [3.07349134e-01, 0.00000000e+00, 1.85654845e-02, ...,
        3.75300554e-05, 5.86432021e-05, 1.04150184e-03],
       [1.75513169e-02, 1.85654845e-02, 0.00000000e+00, ...,
        1.25370149e-04, 2.62636829e-04, 3.22180712e-03],
       ...,
       [3.21694578e-05, 3.75300554e-05, 1.25370149e-04, ...,
        0.00000000e+00, 3.91408841e-03, 2.26695984e-02],
       [1.06233662e-04, 5.86432021e-05, 2.62636829e-04, ...,
        3.91408841e-03, 0.00000000e+00, 2.48635542e-02],
       [1.41557579e-03, 1.04150184e-03, 3.22180712e-03, ...,
        2.26695984e-02, 2.48635542e-02, 0.00000000e+00]], shape=(45, 45)), 'molecular-dipole': array([ 0.34853262,  1.20206234, -0.39667799]), 'molecular-quadrupole': array([ -7.73560507,  96.20563841,   8.63738117,  69.2773433 ,
       153.74524884,  -0.9017761 ])}
------------------------------------------------------------
  cycle        total energy    energy error   density error
------------------------------------------------------------
      1     -163.5610081074  -1.6331089E+02   6.8346173E-03
      2     -163.5414500170   1.9558090E-02   1.7988419E-02
      3     -163.5612151319  -1.9765115E-02   5.7469713E-03
      4     -163.5622110599  -9.9592799E-04   2.7837554E-03
      5     -163.5404504784   2.1760581E-02   8.6151187E-03
      6     -163.5623414826  -2.1891004E-02   2.3195606E-03
      7     -163.5632304568  -8.8897420E-04   1.1099914E-03
      8     -163.5632846524  -5.4195636E-05   4.5952180E-04
      9     -163.5632918244  -7.1719406E-06   2.0654985E-04
     10     -163.5632934797  -1.6553400E-06   9.5464249E-05
     11     -163.5632940931  -6.1335049E-07   3.3315821E-05
     12     -163.5632942374  -1.4430634E-07   1.6378277E-05
------------------------------------------------------------

 total:                                   9.706 sec
3
{'bond-orders': array([[0.00000000e+00, 3.06851084e-01, 1.78976317e-02, ...,
        3.22475661e-05, 7.90742167e-05, 1.45014664e-03],
       [3.06851084e-01, 0.00000000e+00, 1.88421460e-02, ...,
        5.37281989e-05, 4.39226583e-05, 9.48105277e-04],
       [1.78976317e-02, 1.88421460e-02, 0.00000000e+00, ...,
        5.67754309e-05, 2.42544187e-04, 2.97566731e-03],
       ...,
       [3.22475661e-05, 5.37281989e-05, 5.67754309e-05, ...,
        0.00000000e+00, 3.79231224e-03, 2.15794956e-02],
       [7.90742167e-05, 4.39226583e-05, 2.42544187e-04, ...,
        3.79231224e-03, 0.00000000e+00, 2.45292359e-02],
       [1.45014664e-03, 9.48105277e-04, 2.97566731e-03, ...,
        2.15794956e-02, 2.45292359e-02, 0.00000000e+00]], shape=(45, 45))}
{'bond-orders': array([[0.00000000e+00, 3.06851084e-01, 1.78976317e-02, ...,
        3.22475661e-05, 7.90742167e-05, 1.45014664e-03],
       [3.06851084e-01, 0.00000000e+00, 1.88421460e-02, ...,
        5.37281989e-05, 4.39226583e-05, 9.48105277e-04],
       [1.78976317e-02, 1.88421460e-02, 0.00000000e+00, ...,
        5.67754309e-05, 2.42544187e-04, 2.97566731e-03],
       ...,
       [3.22475661e-05, 5.37281989e-05, 5.67754309e-05, ...,
        0.00000000e+00, 3.79231224e-03, 2.15794956e-02],
       [7.90742167e-05, 4.39226583e-05, 2.42544187e-04, ...,
        3.79231224e-03, 0.00000000e+00, 2.45292359e-02],
       [1.45014664e-03, 9.48105277e-04, 2.97566731e-03, ...,
        2.15794956e-02, 2.45292359e-02, 0.00000000e+00]], shape=(45, 45)), 'molecular-dipole': array([ 0.13485417,  0.96729193, -0.2165478 ])}
{'bond-orders': array([[0.00000000e+00, 3.06851084e-01, 1.78976317e-02, ...,
        3.22475661e-05, 7.90742167e-05, 1.45014664e-03],
       [3.06851084e-01, 0.00000000e+00, 1.88421460e-02, ...,
        5.37281989e-05, 4.39226583e-05, 9.48105277e-04],
       [1.78976317e-02, 1.88421460e-02, 0.00000000e+00, ...,
        5.67754309e-05, 2.42544187e-04, 2.97566731e-03],
       ...,
       [3.22475661e-05, 5.37281989e-05, 5.67754309e-05, ...,
        0.00000000e+00, 3.79231224e-03, 2.15794956e-02],
       [7.90742167e-05, 4.39226583e-05, 2.42544187e-04, ...,
        3.79231224e-03, 0.00000000e+00, 2.45292359e-02],
       [1.45014664e-03, 9.48105277e-04, 2.97566731e-03, ...,
        2.15794956e-02, 2.45292359e-02, 0.00000000e+00]], shape=(45, 45)), 'molecular-dipole': array([ 0.13485417,  0.96729193, -0.2165478 ]), 'molecular-quadrupole': array([-16.7565076 ,  75.03266573,  -3.48900543,  44.33019692,
       121.13270084,  20.24551303])}
------------------------------------------------------------
  cycle        total energy    energy error   density error
------------------------------------------------------------
      1     -163.5648002504  -1.6332083E+02   2.3924374E-03
      2     -163.5635910378   1.2092126E-03   3.5159968E-03
      3     -163.5529612323   1.0629805E-02   6.3057094E-03
      4     -163.5622959116  -9.3346792E-03   3.2408864E-03
      5     -163.5646294624  -2.3335508E-03   1.9094536E-03
      6     -163.5648449554  -2.1549295E-04   9.9310106E-04
      7     -163.5648857837  -4.0828300E-05   5.3041825E-04
      8     -163.5649024673  -1.6683666E-05   2.7482400E-04
      9     -163.5649060491  -3.5817745E-06   1.0535453E-04
     10     -163.5649068269  -7.7777651E-07   5.8654867E-05
     11     -163.5649072123  -3.8539127E-07   2.3108099E-05
     12     -163.5649072617  -4.9478217E-08   1.1704427E-05
------------------------------------------------------------

 total:                                   9.775 sec
3
{'bond-orders': array([[0.00000000e+00, 3.06864923e-01, 1.79138374e-02, ...,
        4.00057423e-05, 8.98983035e-05, 1.46889584e-03],
       [3.06864923e-01, 0.00000000e+00, 1.88779565e-02, ...,
        5.93082013e-05, 4.60405605e-05, 9.12024251e-04],
       [1.79138374e-02, 1.88779565e-02, 0.00000000e+00, ...,
        7.15333770e-05, 2.83106502e-04, 3.04974211e-03],
       ...,
       [4.00057423e-05, 5.93082013e-05, 7.15333770e-05, ...,
        0.00000000e+00, 3.72757183e-03, 2.21793471e-02],
       [8.98983035e-05, 4.60405605e-05, 2.83106502e-04, ...,
        3.72757183e-03, 0.00000000e+00, 2.50622711e-02],
       [1.46889584e-03, 9.12024251e-04, 3.04974211e-03, ...,
        2.21793471e-02, 2.50622711e-02, 0.00000000e+00]], shape=(45, 45))}
{'bond-orders': array([[0.00000000e+00, 3.06864923e-01, 1.79138374e-02, ...,
        4.00057423e-05, 8.98983035e-05, 1.46889584e-03],
       [3.06864923e-01, 0.00000000e+00, 1.88779565e-02, ...,
        5.93082013e-05, 4.60405605e-05, 9.12024251e-04],
       [1.79138374e-02, 1.88779565e-02, 0.00000000e+00, ...,
        7.15333770e-05, 2.83106502e-04, 3.04974211e-03],
       ...,
       [4.00057423e-05, 5.93082013e-05, 7.15333770e-05, ...,
        0.00000000e+00, 3.72757183e-03, 2.21793471e-02],
       [8.98983035e-05, 4.60405605e-05, 2.83106502e-04, ...,
        3.72757183e-03, 0.00000000e+00, 2.50622711e-02],
       [1.46889584e-03, 9.12024251e-04, 3.04974211e-03, ...,
        2.21793471e-02, 2.50622711e-02, 0.00000000e+00]], shape=(45, 45)), 'molecular-dipole': array([ 0.18449317,  1.03070758, -0.20494642])}
{'bond-orders': array([[0.00000000e+00, 3.06864923e-01, 1.79138374e-02, ...,
        4.00057423e-05, 8.98983035e-05, 1.46889584e-03],
       [3.06864923e-01, 0.00000000e+00, 1.88779565e-02, ...,
        5.93082013e-05, 4.60405605e-05, 9.12024251e-04],
       [1.79138374e-02, 1.88779565e-02, 0.00000000e+00, ...,
        7.15333770e-05, 2.83106502e-04, 3.04974211e-03],
       ...,
       [4.00057423e-05, 5.93082013e-05, 7.15333770e-05, ...,
        0.00000000e+00, 3.72757183e-03, 2.21793471e-02],
       [8.98983035e-05, 4.60405605e-05, 2.83106502e-04, ...,
        3.72757183e-03, 0.00000000e+00, 2.50622711e-02],
       [1.46889584e-03, 9.12024251e-04, 3.04974211e-03, ...,
        2.21793471e-02, 2.50622711e-02, 0.00000000e+00]], shape=(45, 45)), 'molecular-dipole': array([ 0.18449317,  1.03070758, -0.20494642]), 'molecular-quadrupole': array([-16.15341112,  79.44908207,  -3.62801746,  51.16061878,
       129.47703994,  19.78142858])}
------------------------------------------------------------
  cycle        total energy    energy error   density error
------------------------------------------------------------
      1     -163.5648768287  -1.6331924E+02   2.7283037E-03
      2     -163.5615437521   3.3330766E-03   7.3576787E-03
      3     -163.5648176294  -3.2738773E-03   2.4358574E-03
      4     -163.5642649570   5.5267234E-04   1.9182833E-03
      5     -163.5620317736   2.2331835E-03   3.2362362E-03
      6     -163.5651945411  -3.1627675E-03   7.2357161E-04
      7     -163.5652221366  -2.7595474E-05   4.5555025E-04
      8     -163.5652284992  -6.3626395E-06   2.4324610E-04
      9     -163.5652309676  -2.4684392E-06   1.0116896E-04
     10     -163.5652310350  -6.7373151E-08   5.4430775E-05
     11     -163.5652313787  -3.4367434E-07   2.3845222E-05
     12     -163.5652314847  -1.0603978E-07   9.8201115E-06
------------------------------------------------------------

 total:                                   9.787 sec
3
{'bond-orders': array([[0.00000000e+00, 3.06720217e-01, 1.80562236e-02, ...,
        3.63396510e-05, 7.72575584e-05, 1.48186814e-03],
       [3.06720217e-01, 0.00000000e+00, 1.90119787e-02, ...,
        6.21409718e-05, 3.95562240e-05, 8.85771923e-04],
       [1.80562236e-02, 1.90119787e-02, 0.00000000e+00, ...,
        4.52055464e-05, 2.59911249e-04, 2.96704037e-03],
       ...,
       [3.63396510e-05, 6.21409718e-05, 4.52055464e-05, ...,
        0.00000000e+00, 3.63233577e-03, 2.13419776e-02],
       [7.72575584e-05, 3.95562240e-05, 2.59911249e-04, ...,
        3.63233577e-03, 0.00000000e+00, 2.44215434e-02],
       [1.48186814e-03, 8.85771923e-04, 2.96704037e-03, ...,
        2.13419776e-02, 2.44215434e-02, 0.00000000e+00]], shape=(45, 45))}
{'bond-orders': array([[0.00000000e+00, 3.06720217e-01, 1.80562236e-02, ...,
        3.63396510e-05, 7.72575584e-05, 1.48186814e-03],
       [3.06720217e-01, 0.00000000e+00, 1.90119787e-02, ...,
        6.21409718e-05, 3.95562240e-05, 8.85771923e-04],
       [1.80562236e-02, 1.90119787e-02, 0.00000000e+00, ...,
        4.52055464e-05, 2.59911249e-04, 2.96704037e-03],
       ...,
       [3.63396510e-05, 6.21409718e-05, 4.52055464e-05, ...,
        0.00000000e+00, 3.63233577e-03, 2.13419776e-02],
       [7.72575584e-05, 3.95562240e-05, 2.59911249e-04, ...,
        3.63233577e-03, 0.00000000e+00, 2.44215434e-02],
       [1.48186814e-03, 8.85771923e-04, 2.96704037e-03, ...,
        2.13419776e-02, 2.44215434e-02, 0.00000000e+00]], shape=(45, 45)), 'molecular-dipole': array([ 0.26639276,  1.13429141, -0.13846732])}
{'bond-orders': array([[0.00000000e+00, 3.06720217e-01, 1.80562236e-02, ...,
        3.63396510e-05, 7.72575584e-05, 1.48186814e-03],
       [3.06720217e-01, 0.00000000e+00, 1.90119787e-02, ...,
        6.21409718e-05, 3.95562240e-05, 8.85771923e-04],
       [1.80562236e-02, 1.90119787e-02, 0.00000000e+00, ...,
        4.52055464e-05, 2.59911249e-04, 2.96704037e-03],
       ...,
       [3.63396510e-05, 6.21409718e-05, 4.52055464e-05, ...,
        0.00000000e+00, 3.63233577e-03, 2.13419776e-02],
       [7.72575584e-05, 3.95562240e-05, 2.59911249e-04, ...,
        3.63233577e-03, 0.00000000e+00, 2.44215434e-02],
       [1.48186814e-03, 8.85771923e-04, 2.96704037e-03, ...,
        2.13419776e-02, 2.44215434e-02, 0.00000000e+00]], shape=(45, 45)), 'molecular-dipole': array([ 0.26639276,  1.13429141, -0.13846732]), 'molecular-quadrupole': array([-16.37762874,  87.44493988,  -5.86870073,  63.44899669,
       142.85609607,  22.24632947])}
------------------------------------------------------------
  cycle        total energy    energy error   density error
------------------------------------------------------------
      1     -163.5652593368  -1.6331999E+02   1.1653152E-03
      2     -163.5608258630   4.4334738E-03   4.5475621E-03
      3     -163.5604447467   3.8111631E-04   4.0160679E-03
      4     -163.5649052651  -4.4605184E-03   1.4452231E-03
      5     -163.5653269380  -4.2167297E-04   4.3129141E-04
      6     -163.5653395395  -1.2601458E-05   3.2199394E-04
      7     -163.5653432252  -3.6856538E-06   1.8840194E-04
      8     -163.5653440046  -7.7940126E-07   1.0704127E-04
      9     -163.5653446422  -6.3758952E-07   4.3664126E-05
     10     -163.5653446574  -1.5254301E-08   2.2903392E-05
     11     -163.5653447297  -7.2288003E-08   9.7777727E-06
------------------------------------------------------------

 total:                                   9.585 sec
3
{'bond-orders': array([[0.00000000e+00, 3.06664234e-01, 1.81109754e-02, ...,
        3.53976821e-05, 7.34470197e-05, 1.49112006e-03],
       [3.06664234e-01, 0.00000000e+00, 1.90574595e-02, ...,
        6.32460888e-05, 3.71673433e-05, 8.78989190e-04],
       [1.81109754e-02, 1.90574595e-02, 0.00000000e+00, ...,
        3.80966469e-05, 2.51993487e-04, 2.94976512e-03],
       ...,
       [3.53976821e-05, 6.32460888e-05, 3.80966469e-05, ...,
        0.00000000e+00, 3.63489811e-03, 2.10271229e-02],
       [7.34470197e-05, 3.71673433e-05, 2.51993487e-04, ...,
        3.63489811e-03, 0.00000000e+00, 2.41308399e-02],
       [1.49112006e-03, 8.78989190e-04, 2.94976512e-03, ...,
        2.10271229e-02, 2.41308399e-02, 0.00000000e+00]], shape=(45, 45))}
{'bond-orders': array([[0.00000000e+00, 3.06664234e-01, 1.81109754e-02, ...,
        3.53976821e-05, 7.34470197e-05, 1.49112006e-03],
       [3.06664234e-01, 0.00000000e+00, 1.90574595e-02, ...,
        6.32460888e-05, 3.71673433e-05, 8.78989190e-04],
       [1.81109754e-02, 1.90574595e-02, 0.00000000e+00, ...,
        3.80966469e-05, 2.51993487e-04, 2.94976512e-03],
       ...,
       [3.53976821e-05, 6.32460888e-05, 3.80966469e-05, ...,
        0.00000000e+00, 3.63489811e-03, 2.10271229e-02],
       [7.34470197e-05, 3.71673433e-05, 2.51993487e-04, ...,
        3.63489811e-03, 0.00000000e+00, 2.41308399e-02],
       [1.49112006e-03, 8.78989190e-04, 2.94976512e-03, ...,
        2.10271229e-02, 2.41308399e-02, 0.00000000e+00]], shape=(45, 45)), 'molecular-dipole': array([ 0.30262083,  1.18226104, -0.12052366])}
{'bond-orders': array([[0.00000000e+00, 3.06664234e-01, 1.81109754e-02, ...,
        3.53976821e-05, 7.34470197e-05, 1.49112006e-03],
       [3.06664234e-01, 0.00000000e+00, 1.90574595e-02, ...,
        6.32460888e-05, 3.71673433e-05, 8.78989190e-04],
       [1.81109754e-02, 1.90574595e-02, 0.00000000e+00, ...,
        3.80966469e-05, 2.51993487e-04, 2.94976512e-03],
       ...,
       [3.53976821e-05, 6.32460888e-05, 3.80966469e-05, ...,
        0.00000000e+00, 3.63489811e-03, 2.10271229e-02],
       [7.34470197e-05, 3.71673433e-05, 2.51993487e-04, ...,
        3.63489811e-03, 0.00000000e+00, 2.41308399e-02],
       [1.49112006e-03, 8.78989190e-04, 2.94976512e-03, ...,
        2.10271229e-02, 2.41308399e-02, 0.00000000e+00]], shape=(45, 45)), 'molecular-dipole': array([ 0.30262083,  1.18226104, -0.12052366]), 'molecular-quadrupole': array([-15.99804766,  91.12939119,  -6.41425489,  68.49022958,
       148.92649423,  22.41230255])}
------------------------------------------------------------
  cycle        total energy    energy error   density error
------------------------------------------------------------
      1     -163.5653555284  -1.6332037E+02   1.0530535E-03
      2     -163.5610307309   4.3247974E-03   4.4377549E-03
      3     -163.5613219418  -2.9121091E-04   3.6888581E-03
      4     -163.5651607678  -3.8388259E-03   1.1756117E-03
      5     -163.5654163169  -2.5554910E-04   3.8423070E-04
      6     -163.5654280529  -1.1735979E-05   2.8652714E-04
      7     -163.5654311197  -3.0668612E-06   1.5677026E-04
      8     -163.5654319988  -8.7912613E-07   7.5785566E-05
      9     -163.5654322011  -2.0230294E-07   3.2370078E-05
     10     -163.5654322558  -5.4628970E-08   1.2665215E-05
------------------------------------------------------------

 total:                                   9.240 sec
3
{'bond-orders': array([[0.00000000e+00, 3.06628403e-01, 1.81528757e-02, ...,
        3.50877198e-05, 7.25733090e-05, 1.49183375e-03],
       [3.06628403e-01, 0.00000000e+00, 1.90954039e-02, ...,
        6.51236662e-05, 3.58638591e-05, 8.71338485e-04],
       [1.81528757e-02, 1.90954039e-02, 0.00000000e+00, ...,
        3.47096146e-05, 2.52711588e-04, 2.93682149e-03],
       ...,
       [3.50877198e-05, 6.51236662e-05, 3.47096146e-05, ...,
        0.00000000e+00, 3.72728573e-03, 2.09139589e-02],
       [7.25733090e-05, 3.58638591e-05, 2.52711588e-04, ...,
        3.72728573e-03, 0.00000000e+00, 2.42103977e-02],
       [1.49183375e-03, 8.71338485e-04, 2.93682149e-03, ...,
        2.09139589e-02, 2.42103977e-02, 0.00000000e+00]], shape=(45, 45))}
{'bond-orders': array([[0.00000000e+00, 3.06628403e-01, 1.81528757e-02, ...,
        3.50877198e-05, 7.25733090e-05, 1.49183375e-03],
       [3.06628403e-01, 0.00000000e+00, 1.90954039e-02, ...,
        6.51236662e-05, 3.58638591e-05, 8.71338485e-04],
       [1.81528757e-02, 1.90954039e-02, 0.00000000e+00, ...,
        3.47096146e-05, 2.52711588e-04, 2.93682149e-03],
       ...,
       [3.50877198e-05, 6.51236662e-05, 3.47096146e-05, ...,
        0.00000000e+00, 3.72728573e-03, 2.09139589e-02],
       [7.25733090e-05, 3.58638591e-05, 2.52711588e-04, ...,
        3.72728573e-03, 0.00000000e+00, 2.42103977e-02],
       [1.49183375e-03, 8.71338485e-04, 2.93682149e-03, ...,
        2.09139589e-02, 2.42103977e-02, 0.00000000e+00]], shape=(45, 45)), 'molecular-dipole': array([ 0.3364852 ,  1.22949513, -0.10804365])}
{'bond-orders': array([[0.00000000e+00, 3.06628403e-01, 1.81528757e-02, ...,
        3.50877198e-05, 7.25733090e-05, 1.49183375e-03],
       [3.06628403e-01, 0.00000000e+00, 1.90954039e-02, ...,
        6.51236662e-05, 3.58638591e-05, 8.71338485e-04],
       [1.81528757e-02, 1.90954039e-02, 0.00000000e+00, ...,
        3.47096146e-05, 2.52711588e-04, 2.93682149e-03],
       ...,
       [3.50877198e-05, 6.51236662e-05, 3.47096146e-05, ...,
        0.00000000e+00, 3.72728573e-03, 2.09139589e-02],
       [7.25733090e-05, 3.58638591e-05, 2.52711588e-04, ...,
        3.72728573e-03, 0.00000000e+00, 2.42103977e-02],
       [1.49183375e-03, 8.71338485e-04, 2.93682149e-03, ...,
        2.09139589e-02, 2.42103977e-02, 0.00000000e+00]], shape=(45, 45)), 'molecular-dipole': array([ 0.3364852 ,  1.22949513, -0.10804365]), 'molecular-quadrupole': array([-15.50182764,  94.79104221,  -6.70756256,  72.98516578,
       154.71059749,  22.2093902 ])}
Using Materials Project MACE for MACECalculator with /home/ans819/.cache/mace/20231203mace128L1_epoch199model
Using float32 for MACECalculator, which is faster but less accurate. Recommended for MD. Use float64 for geometry optimization.
Using head Default out of ['Default']
Default dtype float32 does not match model dtype float64, converting models to float32.
CHGNet v0.3.0 initialized with 412,525 parameters
CHGNet will run on cpu
   30  Ag     12    4.39   0.01         0    2    0   0.005   17.160688   10.330618   32.591094
   31  Ag      7    3.92   0.18         0    2    0   0.017   25.886461   13.892900   34.184195
   32  Ag      9    4.27   0.07         0    2    0   0.009   22.396152    9.618162   34.184195
   33  Ag      8    4.14   0.12         0    2    0   0.015   13.670379   13.180444   35.777296
   34  Ag      9    4.27   0.07         0    2    0   0.023   10.180069    8.905705   35.777296
   35  Ag      9    4.27   0.07         0    2    0   0.010   18.905843   12.467987   37.370397
   36  Ag      5    3.15   0.34         0    2    0   0.017   22.396152   16.742726   37.370397
   37  Ag      6    3.59   0.26         0    2    0   0.016   24.141307   11.755531   38.963498
   38  Ag      3    2.00   0.41         2    2    0   0.013   27.631616   16.030269   38.963498
   39  Ag      5    3.15   0.32         0    2    0   0.036   11.925224   11.043075   40.556598
   40  Ag      3    2.00   0.39         2    2    0   0.016   15.415533   15.317813   40.556598
   41  C       4    3.56   0.00         3    0    0   0.065   10.296961    2.400764   42.946496
   42  H       1    1.05   0.03         0    0    0  -0.095    8.280812    1.826171   42.997563
   43  H       1    0.97   0.01         0    0    0  -0.095   11.278184    1.344318   41.441969
   44  H       1    0.97   0.01         0    0    0  -0.095   11.113607    1.871426   44.811002
   45  O       2    1.92   0.00         3    0    0  -0.513   10.562144    4.999556   42.707831

          #atoms :   45
          #bonds :   138
          #angl  :   199
          #tors  :   3
          #nmol  :   1
          #optfrag :   1
