/home/ans819/.conda/envs/autoflow/lib/python3.13/site-packages/e3nn/o3/_wigner.py:10: UserWarning: Environment variable TORCH_FORCE_NO_WEIGHTS_ONLY_LOAD detected, since the`weights_only` argument was not explicitly passed to `torch.load`, forcing weights_only=False.
  _Jd, _W3j_flat, _W3j_indices = torch.load(os.path.join(os.path.dirname(__file__), 'constants.pt'))

          ==================== Thresholds ====================
          CN  :   150.00000
          rep :   500.00000
          disp:  2500.00000
          HB1 :   250.00000
          HB2 :   450.00000

          Pauling EN used:
          Z : 1  EN :  2.20
          Z : 6  EN :  2.55
          Z : 8  EN :  3.44
          Z :47  EN :  1.93
          electric field strengths (au): 0.000

           ------------------------------------------------- 
          |           Force Field Initialization            |
           ------------------------------------------------- 

          distances ...
          ----------------------------------------
          generating topology and atomic info file ...
          pair mat ...
          computing topology distances matrix with Floyd-Warshall algo ...
          making topology EEQ charges ...
          #fragments for EEQ constrain: 1
          ----------------------------------------
          generating topology and atomic info file ...
          pair mat ...
          computing topology distances matrix with Floyd-Warshall algo ...
          making topology EEQ charges ...
          #fragments for EEQ constrain: 1
          rings ...
          # BATM   3068
          # H in HB   0

  atom   neighbors  erfCN metchar sp-hybrid imet pi  qest     coordinates
    1  Ag      2    1.35   0.37         2    2    0   0.004    3.199451    0.356229   25.855180
    2  Ag      5    3.15   0.31         0    2    0   0.018    6.689760    4.630967   25.855180
    3  Ag      9    4.27   0.07         0    2    0   0.009   15.415533    8.193249   27.448281
    4  Ag      7    3.92   0.19         0    2    0   0.013   11.925224    3.918511   27.448281
    5  Ag      7    3.92   0.19         0    2    0   0.018   20.650997    7.480793   29.041381
    6  Ag      6    3.59   0.27         0    2    0   0.019   17.160688    3.206054   29.041381
    7  Ag      9    4.27   0.07         0    2    0   0.008    8.434915    6.768336   30.634482
    8  Ag      6    3.59   0.23         0    2    0   0.019    4.944605    2.493598   30.634482
    9  Ag     12    4.39   0.01         0    2    0   0.006   13.670379    6.055880   32.227583
   10  Ag      7    3.92   0.19         0    2    0   0.018   10.180069    1.781141   32.227583
   11  Ag      9    4.27   0.07         0    2    0   0.024   18.905843    5.343423   33.820684
   12  Ag      6    3.59   0.27         0    2    0   0.032   15.415533    1.068685   33.820684
   13  Ag      8    4.14   0.11         0    2    0   0.019    6.689760    4.630967   35.413785
   14  Ag      3    2.00   0.37         2    2    0   0.014    3.199451    0.356229   35.413785
   15  Ag      8    4.16   0.11         0    2    0   0.028   11.925224    3.918511   37.006886
   16  Ag     10    4.34   0.04         0    2    0   0.022   15.415533    8.193249   37.006886
   17  Ag      6    3.56   0.29         0    2    0   0.112   17.160688    3.206054   38.599987
   18  Ag      6    3.59   0.26         0    2    0   0.031   20.650997    7.480793   38.599987
   19  Ag      3    2.00   0.37         2    2    0   0.013    4.944605    2.493598   40.193088
   20  Ag      5    3.15   0.32         0    2    0   0.024    8.434915    6.768336   40.193088
   21  Ag      6    3.59   0.26         0    2    0   0.014   10.180069    8.905705   25.855180
   22  Ag      5    3.15   0.34         0    2    0   0.015   13.670379   13.180444   25.855180
   23  Ag      4    2.61   0.38         3    2    0   0.017   22.396152   16.742726   27.448281
   24  Ag      8    4.14   0.12         0    2    0   0.012   18.905843   12.467987   27.448281
   25  Ag      3    2.00   0.39         2    2    0   0.011   27.631616   16.030269   29.041381
   26  Ag      7    3.92   0.19         0    2    0   0.015   24.141307   11.755531   29.041381
   27  Ag      6    3.59   0.27         0    2    0   0.014   15.415533   15.317813   30.634482
   28  Ag      9    4.27   0.07         0    2    0   0.008   11.925224   11.043075   30.634482
   29  Ag      9    4.27   0.07         0    2    0   0.010   20.650997   14.605357   32.227583
/home/ans819/.conda/envs/autoflow/lib/python3.13/site-packages/mace/calculators/mace.py:197: UserWarning: Environment variable TORCH_FORCE_NO_WEIGHTS_ONLY_LOAD detected, since the`weights_only` argument was not explicitly passed to `torch.load`, forcing weights_only=False.
  torch.load(f=model_path, map_location=device)
/home/ans819/.conda/envs/autoflow/lib/python3.13/site-packages/chgnet/model/model.py:898: UserWarning: Converting a tensor with requires_grad=True to a scalar may lead to unexpected behavior.
Consider using tensor.detach() first. (Triggered internally at /pytorch/torch/csrc/autograd/generated/python_variable_methods.cpp:836.)
  volumes = torch.tensor(volumes, dtype=TORCH_DTYPE, device=atomic_numbers.device)
cuequivariance or cuequivariance_torch is not available. Cuequivariance acceleration will be disabled.
------------------------------------------------------------
  cycle        total energy    energy error   density error
------------------------------------------------------------
      1     -163.2695390737  -1.6302593E+02   9.9711430E-01
      2     -161.4931447784   1.7763943E+00   6.2148095E-01
      3      466.8290482621   6.2832219E+02   1.9013710E+00
      4     -121.6414937871  -5.8847054E+02   8.5059836E-01
      5     -60.07889996925   6.1562594E+01   6.7642660E-01
      6     -159.1672549636  -9.9088355E+01   2.3864079E-01
      7     -151.3821672009   7.7850878E+00   2.2372461E-01
      8     -161.5913436620  -1.0209176E+01   9.5152715E-02
      9     -163.4193341597  -1.8279905E+00   5.2340046E-02
     10     -163.1100661828   3.0926798E-01   4.9145769E-02
     11     -163.5142656675  -4.0419948E-01   3.6192810E-02
     12     -163.5550925081  -4.0826841E-02   2.8106551E-02
     13     -163.5566659686  -1.5734605E-03   2.3606227E-02
     14     -163.5582591788  -1.5932102E-03   2.1459366E-02
     15     -163.5595411741  -1.2819953E-03   1.9127912E-02
     16     -163.5600671632  -5.2598907E-04   1.7265968E-02
     17     -163.5609312825  -8.6411929E-04   1.4901490E-02
     18     -163.5610063673  -7.5084841E-05   1.4341615E-02
     19     -163.5610869458  -8.0578462E-05   1.3719950E-02
     20     -163.5614548750  -3.6792920E-04   1.1900899E-02
     21     -163.5614992776  -4.4402588E-05   1.0789321E-02
     22     -163.5613883809   1.1089662E-04   9.1558741E-03
     23     -163.5611429039   2.4547699E-04   9.5551740E-03
     24     -163.5626305782  -1.4876743E-03   6.3312205E-03
     25     -163.5631352226  -5.0464440E-04   3.6389575E-03
     26     -163.5631921469  -5.6924291E-05   3.4245853E-03
     27     -163.5632803504  -8.8203437E-05   2.6378158E-03
     28     -163.5633637736  -8.3423247E-05   1.1701574E-03
     29     -163.5633784861  -1.4712439E-05   5.7305740E-04
     30     -163.5633790406  -5.5450496E-07   5.2634386E-04
     31     -163.5633802806  -1.2400554E-06   4.3559254E-04
     32     -163.5633828023  -2.5216436E-06   2.2443064E-04
     33     -163.5633832050  -4.0270496E-07   1.6415315E-04
     34     -163.5633834519  -2.4691028E-07   1.2077371E-04
     35     -163.5633836217  -1.6980783E-07   4.6497766E-05
     36     -163.5633837054  -8.3719698E-08   9.3422311E-06
------------------------------------------------------------

 total:                                  20.737 sec
3
{'bond-orders': array([[0.00000000e+00, 3.06537631e-01, 2.09929581e-02, ...,
        3.53772777e-05, 2.36828492e-05, 1.96876725e-03],
       [3.06537631e-01, 0.00000000e+00, 2.03419991e-02, ...,
        4.48580221e-05, 8.83604410e-05, 1.12395507e-03],
       [2.09929581e-02, 2.03419991e-02, 0.00000000e+00, ...,
        8.73385607e-05, 1.89750607e-04, 2.30278642e-03],
       ...,
       [3.53772777e-05, 4.48580221e-05, 8.73385607e-05, ...,
        0.00000000e+00, 4.76305537e-03, 2.07421434e-02],
       [2.36828492e-05, 8.83604410e-05, 1.89750607e-04, ...,
        4.76305537e-03, 0.00000000e+00, 2.07658651e-02],
       [1.96876725e-03, 1.12395507e-03, 2.30278642e-03, ...,
        2.07421434e-02, 2.07658651e-02, 0.00000000e+00]], shape=(45, 45))}
{'bond-orders': array([[0.00000000e+00, 3.06537631e-01, 2.09929581e-02, ...,
        3.53772777e-05, 2.36828492e-05, 1.96876725e-03],
       [3.06537631e-01, 0.00000000e+00, 2.03419991e-02, ...,
        4.48580221e-05, 8.83604410e-05, 1.12395507e-03],
       [2.09929581e-02, 2.03419991e-02, 0.00000000e+00, ...,
        8.73385607e-05, 1.89750607e-04, 2.30278642e-03],
       ...,
       [3.53772777e-05, 4.48580221e-05, 8.73385607e-05, ...,
        0.00000000e+00, 4.76305537e-03, 2.07421434e-02],
       [2.36828492e-05, 8.83604410e-05, 1.89750607e-04, ...,
        4.76305537e-03, 0.00000000e+00, 2.07658651e-02],
       [1.96876725e-03, 1.12395507e-03, 2.30278642e-03, ...,
        2.07421434e-02, 2.07658651e-02, 0.00000000e+00]], shape=(45, 45)), 'molecular-dipole': array([ 0.32568723,  1.72448205, -0.22475867])}
{'bond-orders': array([[0.00000000e+00, 3.06537631e-01, 2.09929581e-02, ...,
        3.53772777e-05, 2.36828492e-05, 1.96876725e-03],
       [3.06537631e-01, 0.00000000e+00, 2.03419991e-02, ...,
        4.48580221e-05, 8.83604410e-05, 1.12395507e-03],
       [2.09929581e-02, 2.03419991e-02, 0.00000000e+00, ...,
        8.73385607e-05, 1.89750607e-04, 2.30278642e-03],
       ...,
       [3.53772777e-05, 4.48580221e-05, 8.73385607e-05, ...,
        0.00000000e+00, 4.76305537e-03, 2.07421434e-02],
       [2.36828492e-05, 8.83604410e-05, 1.89750607e-04, ...,
        4.76305537e-03, 0.00000000e+00, 2.07658651e-02],
       [1.96876725e-03, 1.12395507e-03, 2.30278642e-03, ...,
        2.07421434e-02, 2.07658651e-02, 0.00000000e+00]], shape=(45, 45)), 'molecular-dipole': array([ 0.32568723,  1.72448205, -0.22475867]), 'molecular-quadrupole': array([-10.18482399, 114.99882533,   2.73476283,  54.65233957,
       203.40716927,   7.45006115])}
------------------------------------------------------------
  cycle        total energy    energy error   density error
------------------------------------------------------------
      1     -163.5640735717  -1.6332043E+02   9.1857398E-04
      2     -163.5632410740   8.3249761E-04   2.0899140E-03
      3     -163.5600997486   3.1413255E-03   3.5650362E-03
      4     -163.5639066781  -3.8069295E-03   1.0614121E-03
      5     -163.5640731506  -1.6647248E-04   5.4753392E-04
      6     -163.5640940228  -2.0872202E-05   2.8187722E-04
      7     -163.5640978204  -3.7975478E-06   1.1272328E-04
      8     -163.5640979432  -1.2287984E-07   8.8295789E-05
      9     -163.5640982341  -2.9082813E-07   4.1750191E-05
     10     -163.5640982847  -5.0681905E-08   2.3270816E-05
     11     -163.5640983692  -8.4496776E-08   1.1795615E-05
------------------------------------------------------------

 total:                                  12.902 sec
3
{'bond-orders': array([[0.00000000e+00, 3.06520760e-01, 2.09834429e-02, ...,
        3.17453040e-05, 2.26453848e-05, 1.94383580e-03],
       [3.06520760e-01, 0.00000000e+00, 2.03591406e-02, ...,
        4.34658456e-05, 7.60063932e-05, 1.08127922e-03],
       [2.09834429e-02, 2.03591406e-02, 0.00000000e+00, ...,
        8.52836004e-05, 1.66844258e-04, 2.25716115e-03],
       ...,
       [3.17453040e-05, 4.34658456e-05, 8.52836004e-05, ...,
        0.00000000e+00, 4.71762185e-03, 2.05978808e-02],
       [2.26453848e-05, 7.60063932e-05, 1.66844258e-04, ...,
        4.71762185e-03, 0.00000000e+00, 2.00593292e-02],
       [1.94383580e-03, 1.08127922e-03, 2.25716115e-03, ...,
        2.05978808e-02, 2.00593292e-02, 0.00000000e+00]], shape=(45, 45))}
{'bond-orders': array([[0.00000000e+00, 3.06520760e-01, 2.09834429e-02, ...,
        3.17453040e-05, 2.26453848e-05, 1.94383580e-03],
       [3.06520760e-01, 0.00000000e+00, 2.03591406e-02, ...,
        4.34658456e-05, 7.60063932e-05, 1.08127922e-03],
       [2.09834429e-02, 2.03591406e-02, 0.00000000e+00, ...,
        8.52836004e-05, 1.66844258e-04, 2.25716115e-03],
       ...,
       [3.17453040e-05, 4.34658456e-05, 8.52836004e-05, ...,
        0.00000000e+00, 4.71762185e-03, 2.05978808e-02],
       [2.26453848e-05, 7.60063932e-05, 1.66844258e-04, ...,
        4.71762185e-03, 0.00000000e+00, 2.00593292e-02],
       [1.94383580e-03, 1.08127922e-03, 2.25716115e-03, ...,
        2.05978808e-02, 2.00593292e-02, 0.00000000e+00]], shape=(45, 45)), 'molecular-dipole': array([ 0.34504191,  1.73710518, -0.18887386])}
{'bond-orders': array([[0.00000000e+00, 3.06520760e-01, 2.09834429e-02, ...,
        3.17453040e-05, 2.26453848e-05, 1.94383580e-03],
       [3.06520760e-01, 0.00000000e+00, 2.03591406e-02, ...,
        4.34658456e-05, 7.60063932e-05, 1.08127922e-03],
       [2.09834429e-02, 2.03591406e-02, 0.00000000e+00, ...,
        8.52836004e-05, 1.66844258e-04, 2.25716115e-03],
       ...,
       [3.17453040e-05, 4.34658456e-05, 8.52836004e-05, ...,
        0.00000000e+00, 4.71762185e-03, 2.05978808e-02],
       [2.26453848e-05, 7.60063932e-05, 1.66844258e-04, ...,
        4.71762185e-03, 0.00000000e+00, 2.00593292e-02],
       [1.94383580e-03, 1.08127922e-03, 2.25716115e-03, ...,
        2.05978808e-02, 2.00593292e-02, 0.00000000e+00]], shape=(45, 45)), 'molecular-dipole': array([ 0.34504191,  1.73710518, -0.18887386]), 'molecular-quadrupole': array([-11.11412485, 116.16429807,   1.21295294,  58.53149579,
       205.61879269,   9.90117191])}
------------------------------------------------------------
  cycle        total energy    energy error   density error
------------------------------------------------------------
      1     -163.5646080469  -1.6332095E+02   1.0742633E-03
      2     -163.5610792742   3.5287726E-03   3.9999815E-03
      3     -163.5585823264   2.4969478E-03   4.3710181E-03
      4     -163.5645744449  -5.9921184E-03   8.5082754E-04
      5     -163.5646570709  -8.2626082E-05   4.4931445E-04
      6     -163.5646656328  -8.5618938E-06   2.6315994E-04
      7     -163.5646698384  -4.2055553E-06   1.2665014E-04
      8     -163.5646708283  -9.8991578E-07   6.2695772E-05
      9     -163.5646712011  -3.7279986E-07   3.1295695E-05
     10     -163.5646712463  -4.5175312E-08   1.1481545E-05
------------------------------------------------------------

 total:                                  12.577 sec
3
{'bond-orders': array([[0.00000000e+00, 3.06480186e-01, 2.09667467e-02, ...,
        2.80602217e-05, 2.27305395e-05, 1.91735747e-03],
       [3.06480186e-01, 0.00000000e+00, 2.03841908e-02, ...,
        4.24081676e-05, 6.65990276e-05, 1.03045799e-03],
       [2.09667467e-02, 2.03841908e-02, 0.00000000e+00, ...,
        8.41366115e-05, 1.52780798e-04, 2.20582146e-03],
       ...,
       [2.80602217e-05, 4.24081676e-05, 8.41366115e-05, ...,
        0.00000000e+00, 4.79079420e-03, 2.05576187e-02],
       [2.27305395e-05, 6.65990276e-05, 1.52780798e-04, ...,
        4.79079420e-03, 0.00000000e+00, 1.99691901e-02],
       [1.91735747e-03, 1.03045799e-03, 2.20582146e-03, ...,
        2.05576187e-02, 1.99691901e-02, 0.00000000e+00]], shape=(45, 45))}
{'bond-orders': array([[0.00000000e+00, 3.06480186e-01, 2.09667467e-02, ...,
        2.80602217e-05, 2.27305395e-05, 1.91735747e-03],
       [3.06480186e-01, 0.00000000e+00, 2.03841908e-02, ...,
        4.24081676e-05, 6.65990276e-05, 1.03045799e-03],
       [2.09667467e-02, 2.03841908e-02, 0.00000000e+00, ...,
        8.41366115e-05, 1.52780798e-04, 2.20582146e-03],
       ...,
       [2.80602217e-05, 4.24081676e-05, 8.41366115e-05, ...,
        0.00000000e+00, 4.79079420e-03, 2.05576187e-02],
       [2.27305395e-05, 6.65990276e-05, 1.52780798e-04, ...,
        4.79079420e-03, 0.00000000e+00, 1.99691901e-02],
       [1.91735747e-03, 1.03045799e-03, 2.20582146e-03, ...,
        2.05576187e-02, 1.99691901e-02, 0.00000000e+00]], shape=(45, 45)), 'molecular-dipole': array([ 0.36843549,  1.75654987, -0.16536446])}
{'bond-orders': array([[0.00000000e+00, 3.06480186e-01, 2.09667467e-02, ...,
        2.80602217e-05, 2.27305395e-05, 1.91735747e-03],
       [3.06480186e-01, 0.00000000e+00, 2.03841908e-02, ...,
        4.24081676e-05, 6.65990276e-05, 1.03045799e-03],
       [2.09667467e-02, 2.03841908e-02, 0.00000000e+00, ...,
        8.41366115e-05, 1.52780798e-04, 2.20582146e-03],
       ...,
       [2.80602217e-05, 4.24081676e-05, 8.41366115e-05, ...,
        0.00000000e+00, 4.79079420e-03, 2.05576187e-02],
       [2.27305395e-05, 6.65990276e-05, 1.52780798e-04, ...,
        4.79079420e-03, 0.00000000e+00, 1.99691901e-02],
       [1.91735747e-03, 1.03045799e-03, 2.20582146e-03, ...,
        2.05576187e-02, 1.99691901e-02, 0.00000000e+00]], shape=(45, 45)), 'molecular-dipole': array([ 0.36843549,  1.75654987, -0.16536446]), 'molecular-quadrupole': array([-1.15224965e+01,  1.17902157e+02,  2.08089355e-01,  6.24642009e+01,
        2.08325818e+02,  1.13144072e+01])}
------------------------------------------------------------
  cycle        total energy    energy error   density error
------------------------------------------------------------
      1     -163.5649588115  -1.6332134E+02   9.9286467E-04
      2     -163.5633753886   1.5834229E-03   2.8326346E-03
      3     -163.5594480376   3.9273510E-03   4.2255648E-03
      4     -163.5649223752  -5.4743376E-03   7.2026440E-04
      5     -163.5649862790  -6.3903784E-05   4.5855309E-04
      6     -163.5649972581  -1.0979130E-05   2.9404550E-04
      7     -163.5650031090  -5.8508673E-06   1.5248035E-04
      8     -163.5650047503  -1.6412893E-06   6.9258331E-05
      9     -163.5650050375  -2.8720012E-07   2.9018077E-05
     10     -163.5650050913  -5.3855672E-08   1.7008994E-05
------------------------------------------------------------

 total:                                  12.601 sec
3
{'bond-orders': array([[0.00000000e+00, 3.06434354e-01, 2.09426951e-02, ...,
        2.55858944e-05, 2.39429853e-05, 1.89883923e-03],
       [3.06434354e-01, 0.00000000e+00, 2.04045416e-02, ...,
        4.20518933e-05, 6.20097874e-05, 9.91342909e-04],
       [2.09426951e-02, 2.04045416e-02, 0.00000000e+00, ...,
        8.46311803e-05, 1.50003969e-04, 2.17031592e-03],
       ...,
       [2.55858944e-05, 4.20518933e-05, 8.46311803e-05, ...,
        0.00000000e+00, 4.96414699e-03, 2.06326585e-02],
       [2.39429853e-05, 6.20097874e-05, 1.50003969e-04, ...,
        4.96414699e-03, 0.00000000e+00, 2.04557086e-02],
       [1.89883923e-03, 9.91342909e-04, 2.17031592e-03, ...,
        2.06326585e-02, 2.04557086e-02, 0.00000000e+00]], shape=(45, 45))}
{'bond-orders': array([[0.00000000e+00, 3.06434354e-01, 2.09426951e-02, ...,
        2.55858944e-05, 2.39429853e-05, 1.89883923e-03],
       [3.06434354e-01, 0.00000000e+00, 2.04045416e-02, ...,
        4.20518933e-05, 6.20097874e-05, 9.91342909e-04],
       [2.09426951e-02, 2.04045416e-02, 0.00000000e+00, ...,
        8.46311803e-05, 1.50003969e-04, 2.17031592e-03],
       ...,
       [2.55858944e-05, 4.20518933e-05, 8.46311803e-05, ...,
        0.00000000e+00, 4.96414699e-03, 2.06326585e-02],
       [2.39429853e-05, 6.20097874e-05, 1.50003969e-04, ...,
        4.96414699e-03, 0.00000000e+00, 2.04557086e-02],
       [1.89883923e-03, 9.91342909e-04, 2.17031592e-03, ...,
        2.06326585e-02, 2.04557086e-02, 0.00000000e+00]], shape=(45, 45)), 'molecular-dipole': array([ 0.38891261,  1.7765564 , -0.14778262])}
{'bond-orders': array([[0.00000000e+00, 3.06434354e-01, 2.09426951e-02, ...,
        2.55858944e-05, 2.39429853e-05, 1.89883923e-03],
       [3.06434354e-01, 0.00000000e+00, 2.04045416e-02, ...,
        4.20518933e-05, 6.20097874e-05, 9.91342909e-04],
       [2.09426951e-02, 2.04045416e-02, 0.00000000e+00, ...,
        8.46311803e-05, 1.50003969e-04, 2.17031592e-03],
       ...,
       [2.55858944e-05, 4.20518933e-05, 8.46311803e-05, ...,
        0.00000000e+00, 4.96414699e-03, 2.06326585e-02],
       [2.39429853e-05, 6.20097874e-05, 1.50003969e-04, ...,
        4.96414699e-03, 0.00000000e+00, 2.04557086e-02],
       [1.89883923e-03, 9.91342909e-04, 2.17031592e-03, ...,
        2.06326585e-02, 2.04557086e-02, 0.00000000e+00]], shape=(45, 45)), 'molecular-dipole': array([ 0.38891261,  1.7765564 , -0.14778262]), 'molecular-quadrupole': array([-11.71716516, 119.62263562,  -0.46548304,  65.7823933 ,
       211.05534624,  12.18264821])}
------------------------------------------------------------
  cycle        total energy    energy error   density error
------------------------------------------------------------
      1     -163.5650888804  -1.6332182E+02   5.5889839E-04
      2     -163.5614763426   3.6125378E-03   3.4410641E-03
      3     -163.5647038916  -3.2275490E-03   1.2833201E-03
      4     -163.5651125808  -4.0868921E-04   2.9804788E-04
      5     -163.5651175526  -4.9718302E-06   1.6747196E-04
      6     -163.5651180921  -5.3946385E-07   1.2178426E-04
      7     -163.5651182243  -1.3217402E-07   1.1976976E-04
      8     -163.5651190026  -7.7830728E-07   6.2806260E-05
      9     -163.5651191741  -1.7149148E-07   2.3065675E-05
     10     -163.5651192388  -6.4690084E-08   1.4090454E-05
------------------------------------------------------------

 total:                                  12.460 sec
3
{'bond-orders': array([[0.00000000e+00, 3.06405586e-01, 2.09250903e-02, ...,
        2.48002236e-05, 2.52505628e-05, 1.89400502e-03],
       [3.06405586e-01, 0.00000000e+00, 2.04110099e-02, ...,
        4.22584477e-05, 6.14012465e-05, 9.77299632e-04],
       [2.09250903e-02, 2.04110099e-02, 0.00000000e+00, ...,
        8.57871280e-05, 1.53212043e-04, 2.16223368e-03],
       ...,
       [2.48002236e-05, 4.22584477e-05, 8.57871280e-05, ...,
        0.00000000e+00, 5.08430358e-03, 2.06816358e-02],
       [2.52505628e-05, 6.14012465e-05, 1.53212043e-04, ...,
        5.08430358e-03, 0.00000000e+00, 2.09097359e-02],
       [1.89400502e-03, 9.77299632e-04, 2.16223368e-03, ...,
        2.06816358e-02, 2.09097359e-02, 0.00000000e+00]], shape=(45, 45))}
{'bond-orders': array([[0.00000000e+00, 3.06405586e-01, 2.09250903e-02, ...,
        2.48002236e-05, 2.52505628e-05, 1.89400502e-03],
       [3.06405586e-01, 0.00000000e+00, 2.04110099e-02, ...,
        4.22584477e-05, 6.14012465e-05, 9.77299632e-04],
       [2.09250903e-02, 2.04110099e-02, 0.00000000e+00, ...,
        8.57871280e-05, 1.53212043e-04, 2.16223368e-03],
       ...,
       [2.48002236e-05, 4.22584477e-05, 8.57871280e-05, ...,
        0.00000000e+00, 5.08430358e-03, 2.06816358e-02],
       [2.52505628e-05, 6.14012465e-05, 1.53212043e-04, ...,
        5.08430358e-03, 0.00000000e+00, 2.09097359e-02],
       [1.89400502e-03, 9.77299632e-04, 2.16223368e-03, ...,
        2.06816358e-02, 2.09097359e-02, 0.00000000e+00]], shape=(45, 45)), 'molecular-dipole': array([ 0.39786974,  1.78797317, -0.14317939])}
{'bond-orders': array([[0.00000000e+00, 3.06405586e-01, 2.09250903e-02, ...,
        2.48002236e-05, 2.52505628e-05, 1.89400502e-03],
       [3.06405586e-01, 0.00000000e+00, 2.04110099e-02, ...,
        4.22584477e-05, 6.14012465e-05, 9.77299632e-04],
       [2.09250903e-02, 2.04110099e-02, 0.00000000e+00, ...,
        8.57871280e-05, 1.53212043e-04, 2.16223368e-03],
       ...,
       [2.48002236e-05, 4.22584477e-05, 8.57871280e-05, ...,
        0.00000000e+00, 5.08430358e-03, 2.06816358e-02],
       [2.52505628e-05, 6.14012465e-05, 1.53212043e-04, ...,
        5.08430358e-03, 0.00000000e+00, 2.09097359e-02],
       [1.89400502e-03, 9.77299632e-04, 2.16223368e-03, ...,
        2.06816358e-02, 2.09097359e-02, 0.00000000e+00]], shape=(45, 45)), 'molecular-dipole': array([ 0.39786974,  1.78797317, -0.14317939]), 'molecular-quadrupole': array([-11.65450639, 120.52393721,  -0.58815366,  67.10799711,
       212.53825839,  12.24266005])}
Using Materials Project MACE for MACECalculator with /home/ans819/.cache/mace/20231203mace128L1_epoch199model
Using float32 for MACECalculator, which is faster but less accurate. Recommended for MD. Use float64 for geometry optimization.
Using head Default out of ['Default']
Default dtype float32 does not match model dtype float64, converting models to float32.
CHGNet v0.3.0 initialized with 412,525 parameters
CHGNet will run on cpu
   30  Ag     12    4.39   0.01         0    2    0   0.009   17.160688   10.330618   32.227583
   31  Ag      7    3.92   0.18         0    2    0   0.016   25.886461   13.892900   33.820684
   32  Ag      9    4.27   0.07         0    2    0   0.014   22.396152    9.618162   33.820684
   33  Ag      8    4.14   0.12         0    2    0   0.016   13.670379   13.180444   35.413785
   34  Ag      9    4.27   0.07         0    2    0   0.012   10.180069    8.905705   35.413785
   35  Ag      9    4.27   0.07         0    2    0   0.014   18.905843   12.467987   37.006886
   36  Ag      5    3.15   0.34         0    2    0   0.018   22.396152   16.742726   37.006886
   37  Ag      6    3.59   0.26         0    2    0   0.023   24.141307   11.755531   38.599987
   38  Ag      3    2.00   0.41         2    2    0   0.013   27.631616   16.030269   38.599987
   39  Ag      5    3.15   0.32         0    2    0   0.023   11.925224   11.043075   40.193088
   40  Ag      3    2.00   0.39         2    2    0   0.008   15.415533   15.317813   40.193088
   41  C       4    3.48   0.00         3    0    0   0.064   14.390324    3.691432   44.109610
   42  H       1    0.97   0.01         0    0    0  -0.095   12.613811    4.019466   45.174512
   43  H       1    0.97   0.01         0    0    0  -0.095   15.164922    1.824620   44.617042
   44  H       1    0.97   0.01         0    0    0  -0.095   15.734829    5.189125   44.720114
   45  O       2    1.68   0.00         3    0    0  -0.514   14.044062    3.984424   41.525957

          #atoms :   45
          #bonds :   138
          #angl  :   199
          #tors  :   3
          #nmol  :   1
          #optfrag :   1
