/home/ans819/.conda/envs/autoflow/lib/python3.13/site-packages/e3nn/o3/_wigner.py:10: UserWarning: Environment variable TORCH_FORCE_NO_WEIGHTS_ONLY_LOAD detected, since the`weights_only` argument was not explicitly passed to `torch.load`, forcing weights_only=False.
  _Jd, _W3j_flat, _W3j_indices = torch.load(os.path.join(os.path.dirname(__file__), 'constants.pt'))

          ==================== Thresholds ====================
          CN  :   150.00000
          rep :   500.00000
          disp:  2500.00000
          HB1 :   250.00000
          HB2 :   450.00000

          Pauling EN used:
          Z : 1  EN :  2.20
          Z : 6  EN :  2.55
          Z : 8  EN :  3.44
          Z :47  EN :  1.93
          electric field strengths (au): 0.000

           ------------------------------------------------- 
          |           Force Field Initialization            |
           ------------------------------------------------- 

          distances ...
          ----------------------------------------
          generating topology and atomic info file ...
          pair mat ...
          computing topology distances matrix with Floyd-Warshall algo ...
          making topology EEQ charges ...
          #fragments for EEQ constrain: 1
          ----------------------------------------
          generating topology and atomic info file ...
          pair mat ...
          computing topology distances matrix with Floyd-Warshall algo ...
          making topology EEQ charges ...
          #fragments for EEQ constrain: 1
          rings ...
          # BATM   3588
          # H in HB   0

  atom   neighbors  erfCN metchar sp-hybrid imet pi  qest     coordinates
    1  Ag      2    1.35   0.37         2    2    0  -0.000    3.199451    0.356229   27.196103
    2  Ag      5    3.15   0.31         0    2    0   0.014    6.689760    4.630967   27.196103
    3  Ag      9    4.27   0.07         0    2    0   0.010   15.415533    8.193249   28.789204
    4  Ag      7    3.92   0.19         0    2    0   0.013   11.925224    3.918511   28.789204
    5  Ag      7    3.92   0.19         0    2    0   0.014   20.650997    7.480793   30.382305
    6  Ag      6    3.59   0.27         0    2    0   0.011   17.160688    3.206054   30.382305
    7  Ag      9    4.27   0.07         0    2    0   0.007    8.434915    6.768336   31.975406
    8  Ag      6    3.59   0.23         0    2    0   0.019    4.944605    2.493598   31.975406
    9  Ag     12    4.39   0.01         0    2    0   0.012   13.670379    6.055880   33.568507
   10  Ag      7    3.92   0.19         0    2    0   0.027   10.180069    1.781141   33.568507
   11  Ag      9    4.27   0.07         0    2    0   0.021   18.905843    5.343423   35.161608
   12  Ag      6    3.59   0.27         0    2    0   0.023   15.415533    1.068685   35.161608
   13  Ag      8    4.14   0.11         0    2    0   0.026    6.689760    4.630967   36.754709
   14  Ag      3    2.00   0.37         2    2    0   0.013    3.199451    0.356229   36.754709
   15  Ag     11    4.37   0.03         0    2    0   0.114   11.925224    3.918511   38.347810
   16  Ag     11    4.36   0.03         0    2    0   0.076   15.415533    8.193249   38.347810
   17  Ag      7    4.13   0.11         0    2    0   0.073   17.160688    3.206054   39.940910
   18  Ag      6    3.59   0.26         0    2    0   0.026   20.650997    7.480793   39.940910
   19  Ag      3    2.00   0.37         2    2    0   0.012    4.944605    2.493598   41.534011
   20  Ag      5    3.17   0.32         0    2    0   0.031    8.434915    6.768336   41.534011
   21  Ag      6    3.59   0.26         0    2    0   0.010   10.180069    8.905705   27.196103
   22  Ag      5    3.15   0.34         0    2    0   0.012   13.670379   13.180444   27.196103
   23  Ag      4    2.61   0.38         3    2    0   0.013   22.396152   16.742726   28.789204
   24  Ag      8    4.14   0.12         0    2    0   0.013   18.905843   12.467987   28.789204
   25  Ag      3    2.00   0.39         2    2    0   0.005   27.631616   16.030269   30.382305
   26  Ag      7    3.92   0.19         0    2    0   0.012   24.141307   11.755531   30.382305
   27  Ag      6    3.59   0.27         0    2    0   0.013   15.415533   15.317813   31.975406
   28  Ag      9    4.27   0.07         0    2    0   0.007   11.925224   11.043075   31.975406
   29  Ag      9    4.27   0.07         0    2    0   0.010   20.650997   14.605357   33.568507
/home/ans819/.conda/envs/autoflow/lib/python3.13/site-packages/mace/calculators/mace.py:197: UserWarning: Environment variable TORCH_FORCE_NO_WEIGHTS_ONLY_LOAD detected, since the`weights_only` argument was not explicitly passed to `torch.load`, forcing weights_only=False.
  torch.load(f=model_path, map_location=device)
/home/ans819/.conda/envs/autoflow/lib/python3.13/site-packages/chgnet/model/model.py:898: UserWarning: Converting a tensor with requires_grad=True to a scalar may lead to unexpected behavior.
Consider using tensor.detach() first. (Triggered internally at /pytorch/torch/csrc/autograd/generated/python_variable_methods.cpp:836.)
  volumes = torch.tensor(volumes, dtype=TORCH_DTYPE, device=atomic_numbers.device)
cuequivariance or cuequivariance_torch is not available. Cuequivariance acceleration will be disabled.
------------------------------------------------------------
  cycle        total energy    energy error   density error
------------------------------------------------------------
      1     -163.1032120298  -1.6287563E+02   1.0016653E+00
      2     -162.3507700710   7.5244196E-01   6.1971349E-01
      3     -12.35349003486   1.4999728E+02   1.4715296E+00
      4     -138.2674975036  -1.2591401E+02   4.8511366E-01
      5      28.56632648710   1.6683382E+02   1.0827359E+00
      6     -98.68361884908  -1.2724995E+02   4.9861654E-01
      7     -161.5184744597  -6.2834856E+01   1.1875524E-01
      8     -163.1243017249  -1.6058273E+00   7.5957223E-02
      9     -163.3144423142  -1.9014059E-01   4.7503259E-02
     10     -163.2528190836   6.1623231E-02   4.4935490E-02
     11     -163.3273692395  -7.4550156E-02   4.0536698E-02
     12     -163.3905522431  -6.3183004E-02   2.9781338E-02
     13     -163.4232233102  -3.2671067E-02   2.5280136E-02
     14     -163.4194380466   3.7852636E-03   2.3767873E-02
     15     -163.4250826076  -5.6445611E-03   2.1872325E-02
     16     -163.4279476320  -2.8650244E-03   1.9594336E-02
     17     -163.4308227064  -2.8750744E-03   1.8340911E-02
     18     -163.4349307875  -4.1080811E-03   1.6013160E-02
     19     -163.4378687943  -2.9380068E-03   1.2764272E-02
     20     -163.4390424401  -1.1736458E-03   1.0035512E-02
     21     -163.4404208254  -1.3783853E-03   6.9360004E-03
     22     -163.4414633550  -1.0425296E-03   6.4741938E-03
     23     -163.4415708378  -1.0748276E-04   6.5831090E-03
     24     -163.4418544305  -2.8359277E-04   6.5381887E-03
     25     -163.4421003025  -2.4587199E-04   6.1976202E-03
     26     -163.4422049826  -1.0468004E-04   5.8022014E-03
     27     -163.4423495086  -1.4452606E-04   5.3249441E-03
     28     -163.4424189805  -6.9471881E-05   4.9652082E-03
     29     -163.4424683495  -4.9368955E-05   4.6658333E-03
     30     -163.4425221743  -5.3824798E-05   4.2452948E-03
     31     -163.4426752226  -1.5304835E-04   2.8784702E-03
     32     -163.4427873312  -1.1210859E-04   1.0978621E-03
     33     -163.4428014938  -1.4162610E-05   5.2634409E-04
     34     -163.4428049663  -3.4724442E-06   5.8935026E-05
     35     -163.4428050306  -6.4364514E-08   1.7145136E-05
------------------------------------------------------------

 total:                                  20.459 sec
3
{'bond-orders': array([[0.00000000e+00, 3.07583403e-01, 2.34541029e-02, ...,
        6.15983495e-05, 3.79852285e-05, 1.32712391e-03],
       [3.07583403e-01, 0.00000000e+00, 2.19285275e-02, ...,
        4.69105533e-05, 2.24634070e-04, 1.36843417e-03],
       [2.34541029e-02, 2.19285275e-02, 0.00000000e+00, ...,
        2.64673514e-04, 5.21411627e-04, 3.21182044e-03],
       ...,
       [6.15983495e-05, 4.69105533e-05, 2.64673514e-04, ...,
        0.00000000e+00, 2.83935481e-03, 1.62441971e-02],
       [3.79852285e-05, 2.24634070e-04, 5.21411627e-04, ...,
        2.83935481e-03, 0.00000000e+00, 2.97933476e-02],
       [1.32712391e-03, 1.36843417e-03, 3.21182044e-03, ...,
        1.62441971e-02, 2.97933476e-02, 0.00000000e+00]], shape=(45, 45))}
{'bond-orders': array([[0.00000000e+00, 3.07583403e-01, 2.34541029e-02, ...,
        6.15983495e-05, 3.79852285e-05, 1.32712391e-03],
       [3.07583403e-01, 0.00000000e+00, 2.19285275e-02, ...,
        4.69105533e-05, 2.24634070e-04, 1.36843417e-03],
       [2.34541029e-02, 2.19285275e-02, 0.00000000e+00, ...,
        2.64673514e-04, 5.21411627e-04, 3.21182044e-03],
       ...,
       [6.15983495e-05, 4.69105533e-05, 2.64673514e-04, ...,
        0.00000000e+00, 2.83935481e-03, 1.62441971e-02],
       [3.79852285e-05, 2.24634070e-04, 5.21411627e-04, ...,
        2.83935481e-03, 0.00000000e+00, 2.97933476e-02],
       [1.32712391e-03, 1.36843417e-03, 3.21182044e-03, ...,
        1.62441971e-02, 2.97933476e-02, 0.00000000e+00]], shape=(45, 45)), 'molecular-dipole': array([-0.70759169, -0.17128032,  1.20915765])}
{'bond-orders': array([[0.00000000e+00, 3.07583403e-01, 2.34541029e-02, ...,
        6.15983495e-05, 3.79852285e-05, 1.32712391e-03],
       [3.07583403e-01, 0.00000000e+00, 2.19285275e-02, ...,
        4.69105533e-05, 2.24634070e-04, 1.36843417e-03],
       [2.34541029e-02, 2.19285275e-02, 0.00000000e+00, ...,
        2.64673514e-04, 5.21411627e-04, 3.21182044e-03],
       ...,
       [6.15983495e-05, 4.69105533e-05, 2.64673514e-04, ...,
        0.00000000e+00, 2.83935481e-03, 1.62441971e-02],
       [3.79852285e-05, 2.24634070e-04, 5.21411627e-04, ...,
        2.83935481e-03, 0.00000000e+00, 2.97933476e-02],
       [1.32712391e-03, 1.36843417e-03, 3.21182044e-03, ...,
        1.62441971e-02, 2.97933476e-02, 0.00000000e+00]], shape=(45, 45)), 'molecular-dipole': array([-0.70759169, -0.17128032,  1.20915765]), 'molecular-quadrupole': array([-1.02289890e+02,  2.58248957e+01, -4.12120579e+01,  9.04932659e-01,
       -1.00568479e-01,  1.43501948e+02])}
------------------------------------------------------------
  cycle        total energy    energy error   density error
------------------------------------------------------------
      1     -163.4578700225  -1.6322493E+02   3.0176677E-03
      2     -163.4531715401   4.6984824E-03   5.1666225E-03
      3     -163.4186588489   3.4512691E-02   1.1216086E-02
      4     -163.4568905659  -3.8231717E-02   2.5250142E-03
      5     -163.4579042696  -1.0137037E-03   1.8856434E-03
      6     -163.4578991551   5.1144813E-06   1.7344973E-03
      7     -163.4580698097  -1.7065456E-04   7.1975693E-04
      8     -163.4580989858  -2.9176157E-05   2.7589724E-04
      9     -163.4581000501  -1.0643296E-06   1.4197623E-04
     10     -163.4581017248  -1.6746507E-06   8.4433637E-05
     11     -163.4581028603  -1.1354511E-06   3.5679928E-05
     12     -163.4581031535  -2.9320123E-07   1.3476722E-05
------------------------------------------------------------

 total:                                  13.355 sec
3
{'bond-orders': array([[0.00000000e+00, 3.07677167e-01, 2.34099123e-02, ...,
        6.20984847e-05, 2.84032455e-05, 1.23112067e-03],
       [3.07677167e-01, 0.00000000e+00, 2.19397224e-02, ...,
        5.39017454e-05, 2.03857451e-04, 1.33865334e-03],
       [2.34099123e-02, 2.19397224e-02, 0.00000000e+00, ...,
        2.94944811e-04, 4.95506988e-04, 3.17727227e-03],
       ...,
       [6.20984847e-05, 5.39017454e-05, 2.94944811e-04, ...,
        0.00000000e+00, 2.89559994e-03, 1.74648017e-02],
       [2.84032455e-05, 2.03857451e-04, 4.95506988e-04, ...,
        2.89559994e-03, 0.00000000e+00, 2.97791738e-02],
       [1.23112067e-03, 1.33865334e-03, 3.17727227e-03, ...,
        1.74648017e-02, 2.97791738e-02, 0.00000000e+00]], shape=(45, 45))}
{'bond-orders': array([[0.00000000e+00, 3.07677167e-01, 2.34099123e-02, ...,
        6.20984847e-05, 2.84032455e-05, 1.23112067e-03],
       [3.07677167e-01, 0.00000000e+00, 2.19397224e-02, ...,
        5.39017454e-05, 2.03857451e-04, 1.33865334e-03],
       [2.34099123e-02, 2.19397224e-02, 0.00000000e+00, ...,
        2.94944811e-04, 4.95506988e-04, 3.17727227e-03],
       ...,
       [6.20984847e-05, 5.39017454e-05, 2.94944811e-04, ...,
        0.00000000e+00, 2.89559994e-03, 1.74648017e-02],
       [2.84032455e-05, 2.03857451e-04, 4.95506988e-04, ...,
        2.89559994e-03, 0.00000000e+00, 2.97791738e-02],
       [1.23112067e-03, 1.33865334e-03, 3.17727227e-03, ...,
        1.74648017e-02, 2.97791738e-02, 0.00000000e+00]], shape=(45, 45)), 'molecular-dipole': array([-0.68765288, -0.14842705,  1.2114435 ])}
{'bond-orders': array([[0.00000000e+00, 3.07677167e-01, 2.34099123e-02, ...,
        6.20984847e-05, 2.84032455e-05, 1.23112067e-03],
       [3.07677167e-01, 0.00000000e+00, 2.19397224e-02, ...,
        5.39017454e-05, 2.03857451e-04, 1.33865334e-03],
       [2.34099123e-02, 2.19397224e-02, 0.00000000e+00, ...,
        2.94944811e-04, 4.95506988e-04, 3.17727227e-03],
       ...,
       [6.20984847e-05, 5.39017454e-05, 2.94944811e-04, ...,
        0.00000000e+00, 2.89559994e-03, 1.74648017e-02],
       [2.84032455e-05, 2.03857451e-04, 4.95506988e-04, ...,
        2.89559994e-03, 0.00000000e+00, 2.97791738e-02],
       [1.23112067e-03, 1.33865334e-03, 3.17727227e-03, ...,
        1.74648017e-02, 2.97791738e-02, 0.00000000e+00]], shape=(45, 45)), 'molecular-dipole': array([-0.68765288, -0.14842705,  1.2114435 ]), 'molecular-quadrupole': array([-101.89943587,   26.85630861,  -41.84540327,    3.63086723,
          2.83424562,  143.74483914])}
------------------------------------------------------------
  cycle        total energy    energy error   density error
------------------------------------------------------------
      1     -163.4728400057  -1.6323352E+02   4.7281627E-03
      2     -163.4722106956   6.2931012E-04   5.8785247E-03
      3     -163.4715083450   7.0235056E-04   3.4954491E-03
      4     -163.4308841343   4.0624211E-02   1.1742135E-02
      5     -163.4722310421  -4.1346908E-02   3.2040949E-03
      6     -163.4732650219  -1.0339798E-03   1.6704048E-03
      7     -163.4733957385  -1.3071668E-04   7.0768975E-04
      8     -163.4734127393  -1.7000765E-05   3.8533401E-04
      9     -163.4734212971  -8.5577569E-06   2.0091764E-04
     10     -163.4734223773  -1.0802536E-06   1.0821370E-04
     11     -163.4734245584  -2.1810813E-06   4.1044612E-05
     12     -163.4734248828  -3.2440855E-07   1.7686918E-05
------------------------------------------------------------

 total:                                  13.330 sec
3
{'bond-orders': array([[0.00000000e+00, 3.07848323e-01, 2.33584597e-02, ...,
        7.07140147e-05, 1.72692924e-05, 1.08839726e-03],
       [3.07848323e-01, 0.00000000e+00, 2.20142668e-02, ...,
        6.89523867e-05, 1.77568933e-04, 1.28902945e-03],
       [2.33584597e-02, 2.20142668e-02, 0.00000000e+00, ...,
        3.58715805e-04, 4.57754193e-04, 3.11116683e-03],
       ...,
       [7.07140147e-05, 6.89523867e-05, 3.58715805e-04, ...,
        0.00000000e+00, 3.17888146e-03, 1.94797694e-02],
       [1.72692924e-05, 1.77568933e-04, 4.57754193e-04, ...,
        3.17888146e-03, 0.00000000e+00, 3.05971626e-02],
       [1.08839726e-03, 1.28902945e-03, 3.11116683e-03, ...,
        1.94797694e-02, 3.05971626e-02, 0.00000000e+00]], shape=(45, 45))}
{'bond-orders': array([[0.00000000e+00, 3.07848323e-01, 2.33584597e-02, ...,
        7.07140147e-05, 1.72692924e-05, 1.08839726e-03],
       [3.07848323e-01, 0.00000000e+00, 2.20142668e-02, ...,
        6.89523867e-05, 1.77568933e-04, 1.28902945e-03],
       [2.33584597e-02, 2.20142668e-02, 0.00000000e+00, ...,
        3.58715805e-04, 4.57754193e-04, 3.11116683e-03],
       ...,
       [7.07140147e-05, 6.89523867e-05, 3.58715805e-04, ...,
        0.00000000e+00, 3.17888146e-03, 1.94797694e-02],
       [1.72692924e-05, 1.77568933e-04, 4.57754193e-04, ...,
        3.17888146e-03, 0.00000000e+00, 3.05971626e-02],
       [1.08839726e-03, 1.28902945e-03, 3.11116683e-03, ...,
        1.94797694e-02, 3.05971626e-02, 0.00000000e+00]], shape=(45, 45)), 'molecular-dipole': array([-0.66694576, -0.12997647,  1.20153   ])}
{'bond-orders': array([[0.00000000e+00, 3.07848323e-01, 2.33584597e-02, ...,
        7.07140147e-05, 1.72692924e-05, 1.08839726e-03],
       [3.07848323e-01, 0.00000000e+00, 2.20142668e-02, ...,
        6.89523867e-05, 1.77568933e-04, 1.28902945e-03],
       [2.33584597e-02, 2.20142668e-02, 0.00000000e+00, ...,
        3.58715805e-04, 4.57754193e-04, 3.11116683e-03],
       ...,
       [7.07140147e-05, 6.89523867e-05, 3.58715805e-04, ...,
        0.00000000e+00, 3.17888146e-03, 1.94797694e-02],
       [1.72692924e-05, 1.77568933e-04, 4.57754193e-04, ...,
        3.17888146e-03, 0.00000000e+00, 3.05971626e-02],
       [1.08839726e-03, 1.28902945e-03, 3.11116683e-03, ...,
        1.94797694e-02, 3.05971626e-02, 0.00000000e+00]], shape=(45, 45)), 'molecular-dipole': array([-0.66694576, -0.12997647,  1.20153   ]), 'molecular-quadrupole': array([-100.92158758,   26.65582898,  -42.55826508,    5.91350443,
          5.29081108,  143.47985266])}
------------------------------------------------------------
  cycle        total energy    energy error   density error
------------------------------------------------------------
      1     -163.4806937942  -1.6323696E+02   3.6166919E-03
      2     -163.4790248350   1.6689592E-03   5.7223847E-03
      3     -163.4713382474   7.6865876E-03   5.8707487E-03
      4     -163.4697867433   1.5515041E-03   6.2285962E-03
      5     -163.4807147532  -1.0928010E-02   2.5132372E-03
      6     -163.4806821835   3.2569726E-05   2.2985456E-03
      7     -163.4810250211  -3.4283756E-04   7.9237777E-04
      8     -163.4810686777  -4.3656635E-05   2.9425324E-04
      9     -163.4810791075  -1.0429772E-05   1.4907377E-04
     10     -163.4810833770  -4.2694997E-06   5.3588014E-05
     11     -163.4810835083  -1.3129747E-07   2.2338019E-05
     12     -163.4810835258  -1.7566265E-08   1.1956415E-05
------------------------------------------------------------

 total:                                  13.394 sec
3
{'bond-orders': array([[0.00000000e+00, 3.08038124e-01, 2.32837424e-02, ...,
        7.62714895e-05, 8.97996664e-06, 1.04616727e-03],
       [3.08038124e-01, 0.00000000e+00, 2.20496660e-02, ...,
        7.03915030e-05, 1.54318486e-04, 1.26681235e-03],
       [2.32837424e-02, 2.20496660e-02, 0.00000000e+00, ...,
        4.00664484e-04, 4.05928011e-04, 3.08292724e-03],
       ...,
       [7.62714895e-05, 7.03915030e-05, 4.00664484e-04, ...,
        0.00000000e+00, 3.50613643e-03, 2.04937331e-02],
       [8.97996664e-06, 1.54318486e-04, 4.05928011e-04, ...,
        3.50613643e-03, 0.00000000e+00, 3.03375042e-02],
       [1.04616727e-03, 1.26681235e-03, 3.08292724e-03, ...,
        2.04937331e-02, 3.03375042e-02, 0.00000000e+00]], shape=(45, 45))}
{'bond-orders': array([[0.00000000e+00, 3.08038124e-01, 2.32837424e-02, ...,
        7.62714895e-05, 8.97996664e-06, 1.04616727e-03],
       [3.08038124e-01, 0.00000000e+00, 2.20496660e-02, ...,
        7.03915030e-05, 1.54318486e-04, 1.26681235e-03],
       [2.32837424e-02, 2.20496660e-02, 0.00000000e+00, ...,
        4.00664484e-04, 4.05928011e-04, 3.08292724e-03],
       ...,
       [7.62714895e-05, 7.03915030e-05, 4.00664484e-04, ...,
        0.00000000e+00, 3.50613643e-03, 2.04937331e-02],
       [8.97996664e-06, 1.54318486e-04, 4.05928011e-04, ...,
        3.50613643e-03, 0.00000000e+00, 3.03375042e-02],
       [1.04616727e-03, 1.26681235e-03, 3.08292724e-03, ...,
        2.04937331e-02, 3.03375042e-02, 0.00000000e+00]], shape=(45, 45)), 'molecular-dipole': array([-0.65690827, -0.13787245,  1.15763782])}
{'bond-orders': array([[0.00000000e+00, 3.08038124e-01, 2.32837424e-02, ...,
        7.62714895e-05, 8.97996664e-06, 1.04616727e-03],
       [3.08038124e-01, 0.00000000e+00, 2.20496660e-02, ...,
        7.03915030e-05, 1.54318486e-04, 1.26681235e-03],
       [2.32837424e-02, 2.20496660e-02, 0.00000000e+00, ...,
        4.00664484e-04, 4.05928011e-04, 3.08292724e-03],
       ...,
       [7.62714895e-05, 7.03915030e-05, 4.00664484e-04, ...,
        0.00000000e+00, 3.50613643e-03, 2.04937331e-02],
       [8.97996664e-06, 1.54318486e-04, 4.05928011e-04, ...,
        3.50613643e-03, 0.00000000e+00, 3.03375042e-02],
       [1.04616727e-03, 1.26681235e-03, 3.08292724e-03, ...,
        2.04937331e-02, 3.03375042e-02, 0.00000000e+00]], shape=(45, 45)), 'molecular-dipole': array([-0.65690827, -0.13787245,  1.15763782]), 'molecular-quadrupole': array([-98.73640818,  24.65446544, -42.08953223,   5.45244964,
         4.04743441, 140.8259404 ])}
------------------------------------------------------------
  cycle        total energy    energy error   density error
------------------------------------------------------------
      1     -163.4877170314  -1.6324025E+02   4.6104072E-03
      2     -163.4741340208   1.3583011E-02   9.4533515E-03
      3     -163.4151042923   5.9029729E-02   1.5436823E-02
      4     -163.4852144353  -7.0110143E-02   4.1011097E-03
      5     -163.4878615488  -2.6471135E-03   3.0515282E-03
      6     -163.4880292215  -1.6767271E-04   2.6004503E-03
      7     -163.4883968077  -3.6758624E-04   8.4986648E-04
      8     -163.4884247570  -2.7949299E-05   4.1883469E-04
      9     -163.4884464065  -2.1649427E-05   2.7217281E-04
     10     -163.4884595453  -1.3138794E-05   7.9010921E-05
     11     -163.4884602140  -6.6870365E-07   2.4915577E-05
     12     -163.4884602474  -3.3403268E-08   1.5764556E-05
------------------------------------------------------------

 total:                                  13.344 sec
3
{'bond-orders': array([[0.00000000e+00, 3.08286391e-01, 2.31216488e-02, ...,
        7.72413626e-05, 1.47890452e-06, 1.04885810e-03],
       [3.08286391e-01, 0.00000000e+00, 2.20445264e-02, ...,
        6.62047750e-05, 1.30343088e-04, 1.24951091e-03],
       [2.31216488e-02, 2.20445264e-02, 0.00000000e+00, ...,
        4.46628140e-04, 3.52680576e-04, 3.07585140e-03],
       ...,
       [7.72413626e-05, 6.62047750e-05, 4.46628140e-04, ...,
        0.00000000e+00, 4.05644551e-03, 2.14968404e-02],
       [1.47890452e-06, 1.30343088e-04, 3.52680576e-04, ...,
        4.05644551e-03, 0.00000000e+00, 3.00357391e-02],
       [1.04885810e-03, 1.24951091e-03, 3.07585140e-03, ...,
        2.14968404e-02, 3.00357391e-02, 0.00000000e+00]], shape=(45, 45))}
{'bond-orders': array([[0.00000000e+00, 3.08286391e-01, 2.31216488e-02, ...,
        7.72413626e-05, 1.47890452e-06, 1.04885810e-03],
       [3.08286391e-01, 0.00000000e+00, 2.20445264e-02, ...,
        6.62047750e-05, 1.30343088e-04, 1.24951091e-03],
       [2.31216488e-02, 2.20445264e-02, 0.00000000e+00, ...,
        4.46628140e-04, 3.52680576e-04, 3.07585140e-03],
       ...,
       [7.72413626e-05, 6.62047750e-05, 4.46628140e-04, ...,
        0.00000000e+00, 4.05644551e-03, 2.14968404e-02],
       [1.47890452e-06, 1.30343088e-04, 3.52680576e-04, ...,
        4.05644551e-03, 0.00000000e+00, 3.00357391e-02],
       [1.04885810e-03, 1.24951091e-03, 3.07585140e-03, ...,
        2.14968404e-02, 3.00357391e-02, 0.00000000e+00]], shape=(45, 45)), 'molecular-dipole': array([-0.64841804, -0.15133005,  1.06000292])}
{'bond-orders': array([[0.00000000e+00, 3.08286391e-01, 2.31216488e-02, ...,
        7.72413626e-05, 1.47890452e-06, 1.04885810e-03],
       [3.08286391e-01, 0.00000000e+00, 2.20445264e-02, ...,
        6.62047750e-05, 1.30343088e-04, 1.24951091e-03],
       [2.31216488e-02, 2.20445264e-02, 0.00000000e+00, ...,
        4.46628140e-04, 3.52680576e-04, 3.07585140e-03],
       ...,
       [7.72413626e-05, 6.62047750e-05, 4.46628140e-04, ...,
        0.00000000e+00, 4.05644551e-03, 2.14968404e-02],
       [1.47890452e-06, 1.30343088e-04, 3.52680576e-04, ...,
        4.05644551e-03, 0.00000000e+00, 3.00357391e-02],
       [1.04885810e-03, 1.24951091e-03, 3.07585140e-03, ...,
        2.14968404e-02, 3.00357391e-02, 0.00000000e+00]], shape=(45, 45)), 'molecular-dipole': array([-0.64841804, -0.15133005,  1.06000292]), 'molecular-quadrupole': array([-94.26632184,  21.47983246, -39.99198743,   2.49637178,
         1.37430874, 134.25830927])}
------------------------------------------------------------
  cycle        total energy    energy error   density error
------------------------------------------------------------
      1     -163.4965772357  -1.6324672E+02   6.4100166E-03
      2     -163.4476173225   4.8959913E-02   1.5640465E-02
      3     -163.3179513373   1.2966599E-01   2.4219940E-02
      4     -163.4941519410  -1.7620060E-01   5.1066251E-03
      5     -163.4970927249  -2.9407839E-03   3.8555188E-03
      6     -163.4977191534  -6.2642850E-04   3.0065988E-03
      7     -163.4981627052  -4.4355187E-04   1.0655126E-03
      8     -163.4981718797  -9.1744845E-06   5.7703764E-04
      9     -163.4981948604  -2.2980687E-05   4.2066956E-04
     10     -163.4982234251  -2.8564683E-05   1.6535243E-04
     11     -163.4982292036  -5.7785616E-06   5.5406963E-05
     12     -163.4982297041  -5.0044531E-07   2.2611545E-05
     13     -163.4982297355  -3.1458768E-08   9.2819265E-06
------------------------------------------------------------

 total:                                  13.768 sec
3
{'bond-orders': array([[ 0.00000000e+00,  3.08569672e-01,  2.27744055e-02, ...,
         6.72176122e-05, -5.92315146e-06,  1.12651214e-03],
       [ 3.08569672e-01,  0.00000000e+00,  2.19519502e-02, ...,
         5.40567928e-05,  1.03466009e-04,  1.23959716e-03],
       [ 2.27744055e-02,  2.19519502e-02,  0.00000000e+00, ...,
         4.92843675e-04,  2.91442993e-04,  3.06537451e-03],
       ...,
       [ 6.72176122e-05,  5.40567928e-05,  4.92843675e-04, ...,
         0.00000000e+00,  4.91283131e-03,  2.25889445e-02],
       [-5.92315146e-06,  1.03466009e-04,  2.91442993e-04, ...,
         4.91283131e-03,  0.00000000e+00,  2.95054831e-02],
       [ 1.12651214e-03,  1.23959716e-03,  3.06537451e-03, ...,
         2.25889445e-02,  2.95054831e-02,  0.00000000e+00]],
      shape=(45, 45))}
{'bond-orders': array([[ 0.00000000e+00,  3.08569672e-01,  2.27744055e-02, ...,
         6.72176122e-05, -5.92315146e-06,  1.12651214e-03],
       [ 3.08569672e-01,  0.00000000e+00,  2.19519502e-02, ...,
         5.40567928e-05,  1.03466009e-04,  1.23959716e-03],
       [ 2.27744055e-02,  2.19519502e-02,  0.00000000e+00, ...,
         4.92843675e-04,  2.91442993e-04,  3.06537451e-03],
       ...,
       [ 6.72176122e-05,  5.40567928e-05,  4.92843675e-04, ...,
         0.00000000e+00,  4.91283131e-03,  2.25889445e-02],
       [-5.92315146e-06,  1.03466009e-04,  2.91442993e-04, ...,
         4.91283131e-03,  0.00000000e+00,  2.95054831e-02],
       [ 1.12651214e-03,  1.23959716e-03,  3.06537451e-03, ...,
         2.25889445e-02,  2.95054831e-02,  0.00000000e+00]],
      shape=(45, 45)), 'molecular-dipole': array([-0.63770644, -0.17206939,  0.86778228])}
{'bond-orders': array([[ 0.00000000e+00,  3.08569672e-01,  2.27744055e-02, ...,
         6.72176122e-05, -5.92315146e-06,  1.12651214e-03],
       [ 3.08569672e-01,  0.00000000e+00,  2.19519502e-02, ...,
         5.40567928e-05,  1.03466009e-04,  1.23959716e-03],
       [ 2.27744055e-02,  2.19519502e-02,  0.00000000e+00, ...,
         4.92843675e-04,  2.91442993e-04,  3.06537451e-03],
       ...,
       [ 6.72176122e-05,  5.40567928e-05,  4.92843675e-04, ...,
         0.00000000e+00,  4.91283131e-03,  2.25889445e-02],
       [-5.92315146e-06,  1.03466009e-04,  2.91442993e-04, ...,
         4.91283131e-03,  0.00000000e+00,  2.95054831e-02],
       [ 1.12651214e-03,  1.23959716e-03,  3.06537451e-03, ...,
         2.25889445e-02,  2.95054831e-02,  0.00000000e+00]],
      shape=(45, 45)), 'molecular-dipole': array([-0.63770644, -0.17206939,  0.86778228]), 'molecular-quadrupole': array([-85.60873048,  16.42147354, -35.19507944,  -4.19345793,
        -3.49272362, 120.80380992])}
------------------------------------------------------------
  cycle        total energy    energy error   density error
------------------------------------------------------------
      1     -163.5073978100  -1.6325685E+02   5.9505353E-03
      2     -163.4737832393   3.3614571E-02   1.3959222E-02
      3     -163.3554948117   1.1828843E-01   2.2259653E-02
      4     -163.5034927906  -1.4799798E-01   5.3199730E-03
      5     -163.5081874745  -4.6946839E-03   3.0359282E-03
      6     -163.5085198764  -3.3240193E-04   2.5050902E-03
      7     -163.5088275771  -3.0770065E-04   9.3809734E-04
      8     -163.5088528816  -2.5304500E-05   3.8783529E-04
      9     -163.5088521786   7.0298350E-07   3.0885648E-04
     10     -163.5088644164  -1.2237808E-05   1.4253713E-04
     11     -163.5088686074  -4.1910165E-06   5.1402975E-05
     12     -163.5088690293  -4.2188816E-07   2.1240396E-05
     13     -163.5088690600  -3.0692860E-08   9.2255409E-06
------------------------------------------------------------

 total:                                  13.673 sec
3
{'bond-orders': array([[ 0.00000000e+00,  3.08736442e-01,  2.23021474e-02, ...,
         4.82445319e-05, -1.06473432e-05,  1.25716194e-03],
       [ 3.08736442e-01,  0.00000000e+00,  2.17914739e-02, ...,
         3.88098279e-05,  8.29634789e-05,  1.24724667e-03],
       [ 2.23021474e-02,  2.17914739e-02,  0.00000000e+00, ...,
         5.11823666e-04,  2.42294370e-04,  3.01813330e-03],
       ...,
       [ 4.82445319e-05,  3.88098279e-05,  5.11823666e-04, ...,
         0.00000000e+00,  5.63468260e-03,  2.35090653e-02],
       [-1.06473432e-05,  8.29634789e-05,  2.42294370e-04, ...,
         5.63468260e-03,  0.00000000e+00,  2.89887616e-02],
       [ 1.25716194e-03,  1.24724667e-03,  3.01813330e-03, ...,
         2.35090653e-02,  2.89887616e-02,  0.00000000e+00]],
      shape=(45, 45))}
{'bond-orders': array([[ 0.00000000e+00,  3.08736442e-01,  2.23021474e-02, ...,
         4.82445319e-05, -1.06473432e-05,  1.25716194e-03],
       [ 3.08736442e-01,  0.00000000e+00,  2.17914739e-02, ...,
         3.88098279e-05,  8.29634789e-05,  1.24724667e-03],
       [ 2.23021474e-02,  2.17914739e-02,  0.00000000e+00, ...,
         5.11823666e-04,  2.42294370e-04,  3.01813330e-03],
       ...,
       [ 4.82445319e-05,  3.88098279e-05,  5.11823666e-04, ...,
         0.00000000e+00,  5.63468260e-03,  2.35090653e-02],
       [-1.06473432e-05,  8.29634789e-05,  2.42294370e-04, ...,
         5.63468260e-03,  0.00000000e+00,  2.89887616e-02],
       [ 1.25716194e-03,  1.24724667e-03,  3.01813330e-03, ...,
         2.35090653e-02,  2.89887616e-02,  0.00000000e+00]],
      shape=(45, 45)), 'molecular-dipole': array([-0.60645937, -0.16834883,  0.64668282])}
{'bond-orders': array([[ 0.00000000e+00,  3.08736442e-01,  2.23021474e-02, ...,
         4.82445319e-05, -1.06473432e-05,  1.25716194e-03],
       [ 3.08736442e-01,  0.00000000e+00,  2.17914739e-02, ...,
         3.88098279e-05,  8.29634789e-05,  1.24724667e-03],
       [ 2.23021474e-02,  2.17914739e-02,  0.00000000e+00, ...,
         5.11823666e-04,  2.42294370e-04,  3.01813330e-03],
       ...,
       [ 4.82445319e-05,  3.88098279e-05,  5.11823666e-04, ...,
         0.00000000e+00,  5.63468260e-03,  2.35090653e-02],
       [-1.06473432e-05,  8.29634789e-05,  2.42294370e-04, ...,
         5.63468260e-03,  0.00000000e+00,  2.89887616e-02],
       [ 1.25716194e-03,  1.24724667e-03,  3.01813330e-03, ...,
         2.35090653e-02,  2.89887616e-02,  0.00000000e+00]],
      shape=(45, 45)), 'molecular-dipole': array([-0.60645937, -0.16834883,  0.64668282]), 'molecular-quadrupole': array([-75.00684215,  13.02460256, -29.43491552, -10.0022606 ,
        -6.07543092, 104.44175767])}
------------------------------------------------------------
  cycle        total energy    energy error   density error
------------------------------------------------------------
      1     -163.5179972056  -1.6326714E+02   4.9249446E-03
      2     -163.4959086077   2.2088598E-02   1.1608910E-02
      3     -163.4100333251   8.5875283E-02   1.8733114E-02
      4     -163.5152126612  -1.0517934E-01   4.4315436E-03
      5     -163.5187464043  -3.5337431E-03   2.1140158E-03
      6     -163.5188389493  -9.2545025E-05   1.8801158E-03
      7     -163.5190016378  -1.6268853E-04   7.7458426E-04
      8     -163.5190301449  -2.8507059E-05   2.5796458E-04
      9     -163.5190310235  -8.7866687E-07   1.6957552E-04
     10     -163.5190331859  -2.1623757E-06   6.6342678E-05
     11     -163.5190337789  -5.9293106E-07   2.6728891E-05
     12     -163.5190338600  -8.1116070E-08   1.4191797E-05
------------------------------------------------------------

 total:                                  12.239 sec
3
{'bond-orders': array([[ 0.00000000e+00,  3.08789873e-01,  2.17906750e-02, ...,
         2.96452196e-05, -1.25608811e-05,  1.39701154e-03],
       [ 3.08789873e-01,  0.00000000e+00,  2.16166016e-02, ...,
         2.36760691e-05,  6.89401137e-05,  1.27567114e-03],
       [ 2.17906750e-02,  2.16166016e-02,  0.00000000e+00, ...,
         5.02714350e-04,  2.04795505e-04,  2.93847239e-03],
       ...,
       [ 2.96452196e-05,  2.36760691e-05,  5.02714350e-04, ...,
         0.00000000e+00,  6.00302804e-03,  2.42524326e-02],
       [-1.25608811e-05,  6.89401137e-05,  2.04795505e-04, ...,
         6.00302804e-03,  0.00000000e+00,  2.86229783e-02],
       [ 1.39701154e-03,  1.27567114e-03,  2.93847239e-03, ...,
         2.42524326e-02,  2.86229783e-02,  0.00000000e+00]],
      shape=(45, 45))}
{'bond-orders': array([[ 0.00000000e+00,  3.08789873e-01,  2.17906750e-02, ...,
         2.96452196e-05, -1.25608811e-05,  1.39701154e-03],
       [ 3.08789873e-01,  0.00000000e+00,  2.16166016e-02, ...,
         2.36760691e-05,  6.89401137e-05,  1.27567114e-03],
       [ 2.17906750e-02,  2.16166016e-02,  0.00000000e+00, ...,
         5.02714350e-04,  2.04795505e-04,  2.93847239e-03],
       ...,
       [ 2.96452196e-05,  2.36760691e-05,  5.02714350e-04, ...,
         0.00000000e+00,  6.00302804e-03,  2.42524326e-02],
       [-1.25608811e-05,  6.89401137e-05,  2.04795505e-04, ...,
         6.00302804e-03,  0.00000000e+00,  2.86229783e-02],
       [ 1.39701154e-03,  1.27567114e-03,  2.93847239e-03, ...,
         2.42524326e-02,  2.86229783e-02,  0.00000000e+00]],
      shape=(45, 45)), 'molecular-dipole': array([-0.55913346, -0.13912574,  0.44123168])}
{'bond-orders': array([[ 0.00000000e+00,  3.08789873e-01,  2.17906750e-02, ...,
         2.96452196e-05, -1.25608811e-05,  1.39701154e-03],
       [ 3.08789873e-01,  0.00000000e+00,  2.16166016e-02, ...,
         2.36760691e-05,  6.89401137e-05,  1.27567114e-03],
       [ 2.17906750e-02,  2.16166016e-02,  0.00000000e+00, ...,
         5.02714350e-04,  2.04795505e-04,  2.93847239e-03],
       ...,
       [ 2.96452196e-05,  2.36760691e-05,  5.02714350e-04, ...,
         0.00000000e+00,  6.00302804e-03,  2.42524326e-02],
       [-1.25608811e-05,  6.89401137e-05,  2.04795505e-04, ...,
         6.00302804e-03,  0.00000000e+00,  2.86229783e-02],
       [ 1.39701154e-03,  1.27567114e-03,  2.93847239e-03, ...,
         2.42524326e-02,  2.86229783e-02,  0.00000000e+00]],
      shape=(45, 45)), 'molecular-dipole': array([-0.55913346, -0.13912574,  0.44123168]), 'molecular-quadrupole': array([-64.54958737,  11.82265528, -23.99985118, -13.51179354,
        -5.50893158,  88.54943855])}
------------------------------------------------------------
  cycle        total energy    energy error   density error
------------------------------------------------------------
      1     -163.5274698039  -1.6327614E+02   4.2161254E-03
      2     -163.4914412413   3.6028563E-02   1.2474246E-02
      3     -163.4302241691   6.1217072E-02   1.7853515E-02
      4     -163.5270342994  -9.6810130E-02   3.0787029E-03
      5     -163.5281469290  -1.1126296E-03   1.6803591E-03
      6     -163.5281879155  -4.0986510E-05   1.5132092E-03
      7     -163.5282967225  -1.0880703E-04   6.3929078E-04
      8     -163.5283142908  -1.7568291E-05   2.4266588E-04
      9     -163.5283169857  -2.6948292E-06   1.4701749E-04
     10     -163.5283181136  -1.1279105E-06   4.6049287E-05
     11     -163.5283181900  -7.6406792E-08   1.8171981E-05
------------------------------------------------------------

 total:                                   9.752 sec
3
{'bond-orders': array([[ 0.00000000e+00,  3.08759187e-01,  2.12814626e-02, ...,
         1.50252991e-05, -1.21494503e-05,  1.53085648e-03],
       [ 3.08759187e-01,  0.00000000e+00,  2.14481490e-02, ...,
         8.81263066e-06,  5.97629854e-05,  1.32386287e-03],
       [ 2.12814626e-02,  2.14481490e-02,  0.00000000e+00, ...,
         4.72249775e-04,  1.75256694e-04,  2.84118410e-03],
       ...,
       [ 1.50252991e-05,  8.81263066e-06,  4.72249775e-04, ...,
         0.00000000e+00,  6.05722374e-03,  2.48207261e-02],
       [-1.21494503e-05,  5.97629854e-05,  1.75256694e-04, ...,
         6.05722374e-03,  0.00000000e+00,  2.84040294e-02],
       [ 1.53085648e-03,  1.32386287e-03,  2.84118410e-03, ...,
         2.48207261e-02,  2.84040294e-02,  0.00000000e+00]],
      shape=(45, 45))}
{'bond-orders': array([[ 0.00000000e+00,  3.08759187e-01,  2.12814626e-02, ...,
         1.50252991e-05, -1.21494503e-05,  1.53085648e-03],
       [ 3.08759187e-01,  0.00000000e+00,  2.14481490e-02, ...,
         8.81263066e-06,  5.97629854e-05,  1.32386287e-03],
       [ 2.12814626e-02,  2.14481490e-02,  0.00000000e+00, ...,
         4.72249775e-04,  1.75256694e-04,  2.84118410e-03],
       ...,
       [ 1.50252991e-05,  8.81263066e-06,  4.72249775e-04, ...,
         0.00000000e+00,  6.05722374e-03,  2.48207261e-02],
       [-1.21494503e-05,  5.97629854e-05,  1.75256694e-04, ...,
         6.05722374e-03,  0.00000000e+00,  2.84040294e-02],
       [ 1.53085648e-03,  1.32386287e-03,  2.84118410e-03, ...,
         2.48207261e-02,  2.84040294e-02,  0.00000000e+00]],
      shape=(45, 45)), 'molecular-dipole': array([-0.51965382, -0.10470035,  0.24424438])}
{'bond-orders': array([[ 0.00000000e+00,  3.08759187e-01,  2.12814626e-02, ...,
         1.50252991e-05, -1.21494503e-05,  1.53085648e-03],
       [ 3.08759187e-01,  0.00000000e+00,  2.14481490e-02, ...,
         8.81263066e-06,  5.97629854e-05,  1.32386287e-03],
       [ 2.12814626e-02,  2.14481490e-02,  0.00000000e+00, ...,
         4.72249775e-04,  1.75256694e-04,  2.84118410e-03],
       ...,
       [ 1.50252991e-05,  8.81263066e-06,  4.72249775e-04, ...,
         0.00000000e+00,  6.05722374e-03,  2.48207261e-02],
       [-1.21494503e-05,  5.97629854e-05,  1.75256694e-04, ...,
         6.05722374e-03,  0.00000000e+00,  2.84040294e-02],
       [ 1.53085648e-03,  1.32386287e-03,  2.84118410e-03, ...,
         2.48207261e-02,  2.84040294e-02,  0.00000000e+00]],
      shape=(45, 45)), 'molecular-dipole': array([-0.51965382, -0.10470035,  0.24424438]), 'molecular-quadrupole': array([-54.7801398 ,  11.12668653, -18.53310356, -17.51223294,
        -4.18838732,  73.31324336])}
------------------------------------------------------------
  cycle        total energy    energy error   density error
------------------------------------------------------------
      1     -163.5361575059  -1.6328422E+02   3.7898992E-03
      2     -163.5286677639   7.4897420E-03   7.8072099E-03
      3     -163.4862872632   4.2380501E-02   1.2727807E-02
      4     -163.5334688666  -4.7181603E-02   3.7937787E-03
      5     -163.5365418783  -3.0730118E-03   1.5202564E-03
      6     -163.5365582052  -1.6326858E-05   1.4370987E-03
      7     -163.5366701127  -1.1190755E-04   5.4063125E-04
      8     -163.5366809012  -1.0788421E-05   2.3008828E-04
      9     -163.5366847416  -3.8404613E-06   1.4626235E-04
     10     -163.5366859892  -1.2475456E-06   5.6116344E-05
     11     -163.5366861583  -1.6917198E-07   2.7958537E-05
     12     -163.5366862723  -1.1399763E-07   1.2830617E-05
------------------------------------------------------------

 total:                                   9.999 sec
3
{'bond-orders': array([[ 0.00000000e+00,  3.08722720e-01,  2.07690403e-02, ...,
         6.03115770e-06, -9.93791766e-06,  1.66416939e-03],
       [ 3.08722720e-01,  0.00000000e+00,  2.12867931e-02, ...,
        -5.28923948e-06,  5.42064631e-05,  1.39315877e-03],
       [ 2.07690403e-02,  2.12867931e-02,  0.00000000e+00, ...,
         4.25969265e-04,  1.50197778e-04,  2.73276126e-03],
       ...,
       [ 6.03115770e-06, -5.28923948e-06,  4.25969265e-04, ...,
         0.00000000e+00,  5.92508811e-03,  2.52152236e-02],
       [-9.93791766e-06,  5.42064631e-05,  1.50197778e-04, ...,
         5.92508811e-03,  0.00000000e+00,  2.82550470e-02],
       [ 1.66416939e-03,  1.39315877e-03,  2.73276126e-03, ...,
         2.52152236e-02,  2.82550470e-02,  0.00000000e+00]],
      shape=(45, 45))}
{'bond-orders': array([[ 0.00000000e+00,  3.08722720e-01,  2.07690403e-02, ...,
         6.03115770e-06, -9.93791766e-06,  1.66416939e-03],
       [ 3.08722720e-01,  0.00000000e+00,  2.12867931e-02, ...,
        -5.28923948e-06,  5.42064631e-05,  1.39315877e-03],
       [ 2.07690403e-02,  2.12867931e-02,  0.00000000e+00, ...,
         4.25969265e-04,  1.50197778e-04,  2.73276126e-03],
       ...,
       [ 6.03115770e-06, -5.28923948e-06,  4.25969265e-04, ...,
         0.00000000e+00,  5.92508811e-03,  2.52152236e-02],
       [-9.93791766e-06,  5.42064631e-05,  1.50197778e-04, ...,
         5.92508811e-03,  0.00000000e+00,  2.82550470e-02],
       [ 1.66416939e-03,  1.39315877e-03,  2.73276126e-03, ...,
         2.52152236e-02,  2.82550470e-02,  0.00000000e+00]],
      shape=(45, 45)), 'molecular-dipole': array([-0.47101955, -0.04421167,  0.07108831])}
{'bond-orders': array([[ 0.00000000e+00,  3.08722720e-01,  2.07690403e-02, ...,
         6.03115770e-06, -9.93791766e-06,  1.66416939e-03],
       [ 3.08722720e-01,  0.00000000e+00,  2.12867931e-02, ...,
        -5.28923948e-06,  5.42064631e-05,  1.39315877e-03],
       [ 2.07690403e-02,  2.12867931e-02,  0.00000000e+00, ...,
         4.25969265e-04,  1.50197778e-04,  2.73276126e-03],
       ...,
       [ 6.03115770e-06, -5.28923948e-06,  4.25969265e-04, ...,
         0.00000000e+00,  5.92508811e-03,  2.52152236e-02],
       [-9.93791766e-06,  5.42064631e-05,  1.50197778e-04, ...,
         5.92508811e-03,  0.00000000e+00,  2.82550470e-02],
       [ 1.66416939e-03,  1.39315877e-03,  2.73276126e-03, ...,
         2.52152236e-02,  2.82550470e-02,  0.00000000e+00]],
      shape=(45, 45)), 'molecular-dipole': array([-0.47101955, -0.04421167,  0.07108831]), 'molecular-quadrupole': array([-45.79211188,  12.52418561, -13.48191578, -19.77606096,
         0.42038211,  59.27402766])}
------------------------------------------------------------
  cycle        total energy    energy error   density error
------------------------------------------------------------
      1     -163.5435191243  -1.6329103E+02   3.5574910E-03
      2     -163.5373395221   6.1796022E-03   7.1189644E-03
      3     -163.4995076269   3.7831895E-02   1.1930920E-02
      4     -163.5411524810  -4.1644854E-02   3.5336177E-03
      5     -163.5438077619  -2.6552809E-03   1.5087786E-03
      6     -163.5438121413  -4.3793801E-06   1.4362613E-03
      7     -163.5439327059  -1.2056456E-04   5.2374073E-04
      8     -163.5439415294  -8.8235383E-06   2.3570649E-04
      9     -163.5439460836  -4.5542220E-06   1.5006759E-04
     10     -163.5439475403  -1.4566942E-06   6.4339633E-05
     11     -163.5439478677  -3.2742048E-07   3.2463500E-05
     12     -163.5439480457  -1.7799215E-07   1.3389558E-05
------------------------------------------------------------

 total:                                  10.008 sec
3
{'bond-orders': array([[ 0.00000000e+00,  3.08654953e-01,  2.02427653e-02, ...,
         3.71563997e-06, -6.41571072e-06,  1.80367147e-03],
       [ 3.08654953e-01,  0.00000000e+00,  2.11194737e-02, ...,
        -1.67893117e-05,  5.19473969e-05,  1.48721743e-03],
       [ 2.02427653e-02,  2.11194737e-02,  0.00000000e+00, ...,
         3.67368029e-04,  1.26751622e-04,  2.61088750e-03],
       ...,
       [ 3.71563997e-06, -1.67893117e-05,  3.67368029e-04, ...,
         0.00000000e+00,  5.71167641e-03,  2.54148888e-02],
       [-6.41571072e-06,  5.19473969e-05,  1.26751622e-04, ...,
         5.71167641e-03,  0.00000000e+00,  2.80748070e-02],
       [ 1.80367147e-03,  1.48721743e-03,  2.61088750e-03, ...,
         2.54148888e-02,  2.80748070e-02,  0.00000000e+00]],
      shape=(45, 45))}
{'bond-orders': array([[ 0.00000000e+00,  3.08654953e-01,  2.02427653e-02, ...,
         3.71563997e-06, -6.41571072e-06,  1.80367147e-03],
       [ 3.08654953e-01,  0.00000000e+00,  2.11194737e-02, ...,
        -1.67893117e-05,  5.19473969e-05,  1.48721743e-03],
       [ 2.02427653e-02,  2.11194737e-02,  0.00000000e+00, ...,
         3.67368029e-04,  1.26751622e-04,  2.61088750e-03],
       ...,
       [ 3.71563997e-06, -1.67893117e-05,  3.67368029e-04, ...,
         0.00000000e+00,  5.71167641e-03,  2.54148888e-02],
       [-6.41571072e-06,  5.19473969e-05,  1.26751622e-04, ...,
         5.71167641e-03,  0.00000000e+00,  2.80748070e-02],
       [ 1.80367147e-03,  1.48721743e-03,  2.61088750e-03, ...,
         2.54148888e-02,  2.80748070e-02,  0.00000000e+00]],
      shape=(45, 45)), 'molecular-dipole': array([-0.43138725,  0.02745596, -0.08804421])}
{'bond-orders': array([[ 0.00000000e+00,  3.08654953e-01,  2.02427653e-02, ...,
         3.71563997e-06, -6.41571072e-06,  1.80367147e-03],
       [ 3.08654953e-01,  0.00000000e+00,  2.11194737e-02, ...,
        -1.67893117e-05,  5.19473969e-05,  1.48721743e-03],
       [ 2.02427653e-02,  2.11194737e-02,  0.00000000e+00, ...,
         3.67368029e-04,  1.26751622e-04,  2.61088750e-03],
       ...,
       [ 3.71563997e-06, -1.67893117e-05,  3.67368029e-04, ...,
         0.00000000e+00,  5.71167641e-03,  2.54148888e-02],
       [-6.41571072e-06,  5.19473969e-05,  1.26751622e-04, ...,
         5.71167641e-03,  0.00000000e+00,  2.80748070e-02],
       [ 1.80367147e-03,  1.48721743e-03,  2.61088750e-03, ...,
         2.54148888e-02,  2.80748070e-02,  0.00000000e+00]],
      shape=(45, 45)), 'molecular-dipole': array([-0.43138725,  0.02745596, -0.08804421]), 'molecular-quadrupole': array([-37.71812649,  14.68462769,  -8.49295943, -22.21306068,
         6.77652198,  46.21108592])}
------------------------------------------------------------
  cycle        total energy    energy error   density error
------------------------------------------------------------
      1     -163.5496101855  -1.6329690E+02   3.3943912E-03
      2     -163.5460439579   3.5662276E-03   6.2769862E-03
      3     -163.5233386378   2.2705320E-02   9.2957857E-03
      4     -163.5464868169  -2.3148179E-02   3.7458793E-03
      5     -163.5498329600  -3.3461431E-03   1.4912357E-03
      6     -163.5498256281   7.3318970E-06   1.4606743E-03
      7     -163.5499546973  -1.2906925E-04   5.3729226E-04
      8     -163.5499648071  -1.0109832E-05   2.3423548E-04
      9     -163.5499700872  -5.2800644E-06   1.4719536E-04
     10     -163.5499717306  -1.6434317E-06   6.3738629E-05
     11     -163.5499720566  -3.2595710E-07   3.0979594E-05
     12     -163.5499722097  -1.5313105E-07   1.2795359E-05
------------------------------------------------------------

 total:                                   9.968 sec
3
{'bond-orders': array([[ 0.00000000e+00,  3.08571179e-01,  1.96803139e-02, ...,
         7.67510457e-06, -1.96792089e-06,  1.95075755e-03],
       [ 3.08571179e-01,  0.00000000e+00,  2.09284729e-02, ...,
        -2.39937318e-05,  5.35150123e-05,  1.60961837e-03],
       [ 1.96803139e-02,  2.09284729e-02,  0.00000000e+00, ...,
         2.98881887e-04,  1.03664223e-04,  2.47742187e-03],
       ...,
       [ 7.67510457e-06, -2.39937318e-05,  2.98881887e-04, ...,
         0.00000000e+00,  5.45553764e-03,  2.53528035e-02],
       [-1.96792089e-06,  5.35150123e-05,  1.03664223e-04, ...,
         5.45553764e-03,  0.00000000e+00,  2.78111499e-02],
       [ 1.95075755e-03,  1.60961837e-03,  2.47742187e-03, ...,
         2.53528035e-02,  2.78111499e-02,  0.00000000e+00]],
      shape=(45, 45))}
{'bond-orders': array([[ 0.00000000e+00,  3.08571179e-01,  1.96803139e-02, ...,
         7.67510457e-06, -1.96792089e-06,  1.95075755e-03],
       [ 3.08571179e-01,  0.00000000e+00,  2.09284729e-02, ...,
        -2.39937318e-05,  5.35150123e-05,  1.60961837e-03],
       [ 1.96803139e-02,  2.09284729e-02,  0.00000000e+00, ...,
         2.98881887e-04,  1.03664223e-04,  2.47742187e-03],
       ...,
       [ 7.67510457e-06, -2.39937318e-05,  2.98881887e-04, ...,
         0.00000000e+00,  5.45553764e-03,  2.53528035e-02],
       [-1.96792089e-06,  5.35150123e-05,  1.03664223e-04, ...,
         5.45553764e-03,  0.00000000e+00,  2.78111499e-02],
       [ 1.95075755e-03,  1.60961837e-03,  2.47742187e-03, ...,
         2.53528035e-02,  2.78111499e-02,  0.00000000e+00]],
      shape=(45, 45)), 'molecular-dipole': array([-0.3959331 ,  0.10916412, -0.22949947])}
{'bond-orders': array([[ 0.00000000e+00,  3.08571179e-01,  1.96803139e-02, ...,
         7.67510457e-06, -1.96792089e-06,  1.95075755e-03],
       [ 3.08571179e-01,  0.00000000e+00,  2.09284729e-02, ...,
        -2.39937318e-05,  5.35150123e-05,  1.60961837e-03],
       [ 1.96803139e-02,  2.09284729e-02,  0.00000000e+00, ...,
         2.98881887e-04,  1.03664223e-04,  2.47742187e-03],
       ...,
       [ 7.67510457e-06, -2.39937318e-05,  2.98881887e-04, ...,
         0.00000000e+00,  5.45553764e-03,  2.53528035e-02],
       [-1.96792089e-06,  5.35150123e-05,  1.03664223e-04, ...,
         5.45553764e-03,  0.00000000e+00,  2.78111499e-02],
       [ 1.95075755e-03,  1.60961837e-03,  2.47742187e-03, ...,
         2.53528035e-02,  2.78111499e-02,  0.00000000e+00]],
      shape=(45, 45)), 'molecular-dipole': array([-0.3959331 ,  0.10916412, -0.22949947]), 'molecular-quadrupole': array([-30.56387971,  17.6182098 ,  -3.77599983, -24.15161611,
        14.7722345 ,  34.33987954])}
------------------------------------------------------------
  cycle        total energy    energy error   density error
------------------------------------------------------------
      1     -163.5544013546  -1.6330224E+02   3.2503072E-03
      2     -163.5520408350   2.3605196E-03   5.7828173E-03
      3     -163.5386720626   1.3368772E-02   7.2741928E-03
      4     -163.5514644313  -1.2792369E-02   3.5489243E-03
      5     -163.5546043933  -3.1399620E-03   1.3883441E-03
      6     -163.5545650785   3.9314789E-05   1.5198215E-03
      7     -163.5547077938  -1.4271527E-04   5.7857369E-04
      8     -163.5547239924  -1.6198572E-05   2.0370804E-04
      9     -163.5547284748  -4.4824504E-06   1.1487476E-04
     10     -163.5547299751  -1.5002640E-06   5.2151768E-05
     11     -163.5547302239  -2.4881342E-07   2.1766061E-05
     12     -163.5547302683  -4.4370580E-08   9.1983952E-06
------------------------------------------------------------

 total:                                  10.009 sec
3
{'bond-orders': array([[ 0.00000000e+00,  3.08457473e-01,  1.90369196e-02, ...,
         1.72656860e-05,  2.99225794e-06,  2.09995292e-03],
       [ 3.08457473e-01,  0.00000000e+00,  2.06690248e-02, ...,
        -2.53712396e-05,  6.02085674e-05,  1.76341562e-03],
       [ 1.90369196e-02,  2.06690248e-02,  0.00000000e+00, ...,
         2.23384621e-04,  8.07485283e-05,  2.34040993e-03],
       ...,
       [ 1.72656860e-05, -2.53712396e-05,  2.23384621e-04, ...,
         0.00000000e+00,  5.16390432e-03,  2.49019764e-02],
       [ 2.99225794e-06,  6.02085674e-05,  8.07485283e-05, ...,
         5.16390432e-03,  0.00000000e+00,  2.74557315e-02],
       [ 2.09995292e-03,  1.76341562e-03,  2.34040993e-03, ...,
         2.49019764e-02,  2.74557315e-02,  0.00000000e+00]],
      shape=(45, 45))}
{'bond-orders': array([[ 0.00000000e+00,  3.08457473e-01,  1.90369196e-02, ...,
         1.72656860e-05,  2.99225794e-06,  2.09995292e-03],
       [ 3.08457473e-01,  0.00000000e+00,  2.06690248e-02, ...,
        -2.53712396e-05,  6.02085674e-05,  1.76341562e-03],
       [ 1.90369196e-02,  2.06690248e-02,  0.00000000e+00, ...,
         2.23384621e-04,  8.07485283e-05,  2.34040993e-03],
       ...,
       [ 1.72656860e-05, -2.53712396e-05,  2.23384621e-04, ...,
         0.00000000e+00,  5.16390432e-03,  2.49019764e-02],
       [ 2.99225794e-06,  6.02085674e-05,  8.07485283e-05, ...,
         5.16390432e-03,  0.00000000e+00,  2.74557315e-02],
       [ 2.09995292e-03,  1.76341562e-03,  2.34040993e-03, ...,
         2.49019764e-02,  2.74557315e-02,  0.00000000e+00]],
      shape=(45, 45)), 'molecular-dipole': array([-0.36507905,  0.1912936 , -0.34407401])}
{'bond-orders': array([[ 0.00000000e+00,  3.08457473e-01,  1.90369196e-02, ...,
         1.72656860e-05,  2.99225794e-06,  2.09995292e-03],
       [ 3.08457473e-01,  0.00000000e+00,  2.06690248e-02, ...,
        -2.53712396e-05,  6.02085674e-05,  1.76341562e-03],
       [ 1.90369196e-02,  2.06690248e-02,  0.00000000e+00, ...,
         2.23384621e-04,  8.07485283e-05,  2.34040993e-03],
       ...,
       [ 1.72656860e-05, -2.53712396e-05,  2.23384621e-04, ...,
         0.00000000e+00,  5.16390432e-03,  2.49019764e-02],
       [ 2.99225794e-06,  6.02085674e-05,  8.07485283e-05, ...,
         5.16390432e-03,  0.00000000e+00,  2.74557315e-02],
       [ 2.09995292e-03,  1.76341562e-03,  2.34040993e-03, ...,
         2.49019764e-02,  2.74557315e-02,  0.00000000e+00]],
      shape=(45, 45)), 'molecular-dipole': array([-0.36507905,  0.1912936 , -0.34407401]), 'molecular-quadrupole': array([-24.71205535,  20.77568586,   0.1871999 , -25.19528533,
        23.49351899,  24.52485545])}
------------------------------------------------------------
  cycle        total energy    energy error   density error
------------------------------------------------------------
      1     -163.5578225148  -1.6330784E+02   3.2305546E-03
      2     -163.5552766652   2.5458496E-03   5.6819216E-03
      3     -163.5386932972   1.6583368E-02   7.9312795E-03
      4     -163.5563759517  -1.7682654E-02   2.7550551E-03
      5     -163.5580477608  -1.6718091E-03   1.2293301E-03
      6     -163.5580714087  -2.3647893E-05   1.0768612E-03
      7     -163.5581269654  -5.5556772E-05   4.7015762E-04
      8     -163.5581389764  -1.2011005E-05   2.3924086E-04
      9     -163.5581421668  -3.1903759E-06   1.1441457E-04
     10     -163.5581428763  -7.0951526E-07   3.9076896E-05
     11     -163.5581429503  -7.3997143E-08   1.4106858E-05
------------------------------------------------------------

 total:                                   9.767 sec
3
{'bond-orders': array([[ 0.00000000e+00,  3.08183480e-01,  1.82046755e-02, ...,
         3.09693911e-05,  7.05241130e-06,  2.21148724e-03],
       [ 3.08183480e-01,  0.00000000e+00,  2.01696236e-02, ...,
        -2.11525190e-05,  7.16984059e-05,  1.91441219e-03],
       [ 1.82046755e-02,  2.01696236e-02,  0.00000000e+00, ...,
         1.49818574e-04,  5.96112364e-05,  2.22222410e-03],
       ...,
       [ 3.09693911e-05, -2.11525190e-05,  1.49818574e-04, ...,
         0.00000000e+00,  4.83901171e-03,  2.38414912e-02],
       [ 7.05241130e-06,  7.16984059e-05,  5.96112364e-05, ...,
         4.83901171e-03,  0.00000000e+00,  2.70272664e-02],
       [ 2.21148724e-03,  1.91441219e-03,  2.22222410e-03, ...,
         2.38414912e-02,  2.70272664e-02,  0.00000000e+00]],
      shape=(45, 45))}
{'bond-orders': array([[ 0.00000000e+00,  3.08183480e-01,  1.82046755e-02, ...,
         3.09693911e-05,  7.05241130e-06,  2.21148724e-03],
       [ 3.08183480e-01,  0.00000000e+00,  2.01696236e-02, ...,
        -2.11525190e-05,  7.16984059e-05,  1.91441219e-03],
       [ 1.82046755e-02,  2.01696236e-02,  0.00000000e+00, ...,
         1.49818574e-04,  5.96112364e-05,  2.22222410e-03],
       ...,
       [ 3.09693911e-05, -2.11525190e-05,  1.49818574e-04, ...,
         0.00000000e+00,  4.83901171e-03,  2.38414912e-02],
       [ 7.05241130e-06,  7.16984059e-05,  5.96112364e-05, ...,
         4.83901171e-03,  0.00000000e+00,  2.70272664e-02],
       [ 2.21148724e-03,  1.91441219e-03,  2.22222410e-03, ...,
         2.38414912e-02,  2.70272664e-02,  0.00000000e+00]],
      shape=(45, 45)), 'molecular-dipole': array([-0.34031371,  0.2582554 , -0.40976548])}
{'bond-orders': array([[ 0.00000000e+00,  3.08183480e-01,  1.82046755e-02, ...,
         3.09693911e-05,  7.05241130e-06,  2.21148724e-03],
       [ 3.08183480e-01,  0.00000000e+00,  2.01696236e-02, ...,
        -2.11525190e-05,  7.16984059e-05,  1.91441219e-03],
       [ 1.82046755e-02,  2.01696236e-02,  0.00000000e+00, ...,
         1.49818574e-04,  5.96112364e-05,  2.22222410e-03],
       ...,
       [ 3.09693911e-05, -2.11525190e-05,  1.49818574e-04, ...,
         0.00000000e+00,  4.83901171e-03,  2.38414912e-02],
       [ 7.05241130e-06,  7.16984059e-05,  5.96112364e-05, ...,
         4.83901171e-03,  0.00000000e+00,  2.70272664e-02],
       [ 2.21148724e-03,  1.91441219e-03,  2.22222410e-03, ...,
         2.38414912e-02,  2.70272664e-02,  0.00000000e+00]],
      shape=(45, 45)), 'molecular-dipole': array([-0.34031371,  0.2582554 , -0.40976548]), 'molecular-quadrupole': array([-21.18967791,  23.33689694,   2.34623702, -24.54873367,
        31.5148297 ,  18.84344089])}
------------------------------------------------------------
  cycle        total energy    energy error   density error
------------------------------------------------------------
      1     -163.5596478028  -1.6331236E+02   1.8630658E-03
      2     -163.5591872096   4.6059324E-04   2.8359791E-03
      3     -163.5566427233   2.5444863E-03   3.2593388E-03
      4     -163.5578640132  -1.2212899E-03   2.5582935E-03
      5     -163.5596289177  -1.7649045E-03   1.0747042E-03
      6     -163.5596719695  -4.3051748E-05   1.0094537E-03
      7     -163.5597380447  -6.6075198E-05   2.6881721E-04
      8     -163.5597406358  -2.5911563E-06   1.4801590E-04
      9     -163.5597412497  -6.1383477E-07   1.0018996E-04
     10     -163.5597417556  -5.0595548E-07   3.3904781E-05
     11     -163.5597418237  -6.8047996E-08   1.7781379E-05
------------------------------------------------------------

 total:                                   9.738 sec
3
{'bond-orders': array([[ 0.00000000e+00,  3.07609021e-01,  1.76671036e-02, ...,
         3.64404494e-05,  6.38932668e-06,  2.17498556e-03],
       [ 3.07609021e-01,  0.00000000e+00,  1.95529174e-02, ...,
        -2.08806517e-05,  7.31497016e-05,  1.88470131e-03],
       [ 1.76671036e-02,  1.95529174e-02,  0.00000000e+00, ...,
         1.24470737e-04,  5.09059251e-05,  2.19087574e-03],
       ...,
       [ 3.64404494e-05, -2.08806517e-05,  1.24470737e-04, ...,
         0.00000000e+00,  4.66105222e-03,  2.28861891e-02],
       [ 6.38932668e-06,  7.31497016e-05,  5.09059251e-05, ...,
         4.66105222e-03,  0.00000000e+00,  2.67384663e-02],
       [ 2.17498556e-03,  1.88470131e-03,  2.19087574e-03, ...,
         2.28861891e-02,  2.67384663e-02,  0.00000000e+00]],
      shape=(45, 45))}
{'bond-orders': array([[ 0.00000000e+00,  3.07609021e-01,  1.76671036e-02, ...,
         3.64404494e-05,  6.38932668e-06,  2.17498556e-03],
       [ 3.07609021e-01,  0.00000000e+00,  1.95529174e-02, ...,
        -2.08806517e-05,  7.31497016e-05,  1.88470131e-03],
       [ 1.76671036e-02,  1.95529174e-02,  0.00000000e+00, ...,
         1.24470737e-04,  5.09059251e-05,  2.19087574e-03],
       ...,
       [ 3.64404494e-05, -2.08806517e-05,  1.24470737e-04, ...,
         0.00000000e+00,  4.66105222e-03,  2.28861891e-02],
       [ 6.38932668e-06,  7.31497016e-05,  5.09059251e-05, ...,
         4.66105222e-03,  0.00000000e+00,  2.67384663e-02],
       [ 2.17498556e-03,  1.88470131e-03,  2.19087574e-03, ...,
         2.28861891e-02,  2.67384663e-02,  0.00000000e+00]],
      shape=(45, 45)), 'molecular-dipole': array([-0.33021692,  0.27599706, -0.39050736])}
{'bond-orders': array([[ 0.00000000e+00,  3.07609021e-01,  1.76671036e-02, ...,
         3.64404494e-05,  6.38932668e-06,  2.17498556e-03],
       [ 3.07609021e-01,  0.00000000e+00,  1.95529174e-02, ...,
        -2.08806517e-05,  7.31497016e-05,  1.88470131e-03],
       [ 1.76671036e-02,  1.95529174e-02,  0.00000000e+00, ...,
         1.24470737e-04,  5.09059251e-05,  2.19087574e-03],
       ...,
       [ 3.64404494e-05, -2.08806517e-05,  1.24470737e-04, ...,
         0.00000000e+00,  4.66105222e-03,  2.28861891e-02],
       [ 6.38932668e-06,  7.31497016e-05,  5.09059251e-05, ...,
         4.66105222e-03,  0.00000000e+00,  2.67384663e-02],
       [ 2.17498556e-03,  1.88470131e-03,  2.19087574e-03, ...,
         2.28861891e-02,  2.67384663e-02,  0.00000000e+00]],
      shape=(45, 45)), 'molecular-dipole': array([-0.33021692,  0.27599706, -0.39050736]), 'molecular-quadrupole': array([-21.7872932 ,  24.00181091,   1.33637816, -22.31273707,
        34.46209294,  20.45091504])}
------------------------------------------------------------
  cycle        total energy    energy error   density error
------------------------------------------------------------
      1     -163.5610936038  -1.6331614E+02   2.7104845E-03
      2     -163.5586292833   2.4643204E-03   4.6433571E-03
      3     -163.5380626161   2.0566667E-02   8.6068139E-03
      4     -163.5604538360  -2.2391220E-02   2.1347830E-03
      5     -163.5611152984  -6.6146237E-04   1.6327403E-03
      6     -163.5612138506  -9.8552259E-05   1.2436595E-03
      7     -163.5613085053  -9.4654670E-05   3.7118936E-04
      8     -163.5613124239  -3.9186131E-06   2.1995081E-04
      9     -163.5613138898  -1.4658672E-06   1.4323046E-04
     10     -163.5613149326  -1.0428098E-06   4.6567919E-05
     11     -163.5613149916  -5.9065343E-08   2.5642861E-05
     12     -163.5613150284  -3.6723293E-08   1.6680274E-05
------------------------------------------------------------

 total:                                   9.962 sec
3
{'bond-orders': array([[0.00000000e+00, 3.05380534e-01, 1.88028141e-02, ...,
        5.77509186e-08, 1.23144912e-05, 1.96188276e-03],
       [3.05380534e-01, 0.00000000e+00, 1.92073013e-02, ...,
        1.03859243e-05, 8.77720843e-05, 1.42934596e-03],
       [1.88028141e-02, 1.92073013e-02, 0.00000000e+00, ...,
        1.17626140e-04, 4.01311141e-05, 1.96253000e-03],
       ...,
       [5.77509186e-08, 1.03859243e-05, 1.17626140e-04, ...,
        0.00000000e+00, 4.39784702e-03, 2.16165379e-02],
       [1.23144912e-05, 8.77720843e-05, 4.01311141e-05, ...,
        4.39784702e-03, 0.00000000e+00, 2.57432872e-02],
       [1.96188276e-03, 1.42934596e-03, 1.96253000e-03, ...,
        2.16165379e-02, 2.57432872e-02, 0.00000000e+00]], shape=(45, 45))}
{'bond-orders': array([[0.00000000e+00, 3.05380534e-01, 1.88028141e-02, ...,
        5.77509186e-08, 1.23144912e-05, 1.96188276e-03],
       [3.05380534e-01, 0.00000000e+00, 1.92073013e-02, ...,
        1.03859243e-05, 8.77720843e-05, 1.42934596e-03],
       [1.88028141e-02, 1.92073013e-02, 0.00000000e+00, ...,
        1.17626140e-04, 4.01311141e-05, 1.96253000e-03],
       ...,
       [5.77509186e-08, 1.03859243e-05, 1.17626140e-04, ...,
        0.00000000e+00, 4.39784702e-03, 2.16165379e-02],
       [1.23144912e-05, 8.77720843e-05, 4.01311141e-05, ...,
        4.39784702e-03, 0.00000000e+00, 2.57432872e-02],
       [1.96188276e-03, 1.42934596e-03, 1.96253000e-03, ...,
        2.16165379e-02, 2.57432872e-02, 0.00000000e+00]], shape=(45, 45)), 'molecular-dipole': array([-0.30840926,  0.29397277, -0.34810305])}
{'bond-orders': array([[0.00000000e+00, 3.05380534e-01, 1.88028141e-02, ...,
        5.77509186e-08, 1.23144912e-05, 1.96188276e-03],
       [3.05380534e-01, 0.00000000e+00, 1.92073013e-02, ...,
        1.03859243e-05, 8.77720843e-05, 1.42934596e-03],
       [1.88028141e-02, 1.92073013e-02, 0.00000000e+00, ...,
        1.17626140e-04, 4.01311141e-05, 1.96253000e-03],
       ...,
       [5.77509186e-08, 1.03859243e-05, 1.17626140e-04, ...,
        0.00000000e+00, 4.39784702e-03, 2.16165379e-02],
       [1.23144912e-05, 8.77720843e-05, 4.01311141e-05, ...,
        4.39784702e-03, 0.00000000e+00, 2.57432872e-02],
       [1.96188276e-03, 1.42934596e-03, 1.96253000e-03, ...,
        2.16165379e-02, 2.57432872e-02, 0.00000000e+00]], shape=(45, 45)), 'molecular-dipole': array([-0.30840926,  0.29397277, -0.34810305]), 'molecular-quadrupole': array([-23.23043213,  25.07086686,  -0.63542642, -17.72268685,
        37.57531987,  23.86585855])}
------------------------------------------------------------
  cycle        total energy    energy error   density error
------------------------------------------------------------
      1     -163.5622393320  -1.6331799E+02   2.5349539E-03
      2     -163.5613613589   8.7797311E-04   3.9769133E-03
      3     -163.5568244677   4.5368912E-03   4.4062374E-03
      4     -163.5590717608  -2.2472931E-03   3.4349812E-03
      5     -163.5622730766  -3.2013158E-03   1.4005173E-03
      6     -163.5623819303  -1.0885369E-04   1.0494009E-03
      7     -163.5624552055  -7.3275202E-05   3.6999103E-04
      8     -163.5624586098  -3.4043702E-06   2.1478699E-04
      9     -163.5624606204  -2.0106015E-06   1.1511672E-04
     10     -163.5624614135  -7.9302217E-07   3.3960448E-05
     11     -163.5624614386  -2.5168873E-08   1.9563211E-05
------------------------------------------------------------

 total:                                   9.741 sec
3
{'bond-orders': array([[0.00000000e+00, 3.05498308e-01, 1.91464212e-02, ...,
        4.26631768e-06, 8.30772642e-06, 2.02692135e-03],
       [3.05498308e-01, 0.00000000e+00, 1.92596968e-02, ...,
        2.04167117e-05, 9.15529239e-05, 1.47972308e-03],
       [1.91464212e-02, 1.92596968e-02, 0.00000000e+00, ...,
        1.01322106e-04, 3.87891514e-05, 1.91853586e-03],
       ...,
       [4.26631768e-06, 2.04167117e-05, 1.01322106e-04, ...,
        0.00000000e+00, 4.19211451e-03, 2.05165996e-02],
       [8.30772642e-06, 9.15529239e-05, 3.87891514e-05, ...,
        4.19211451e-03, 0.00000000e+00, 2.52915398e-02],
       [2.02692135e-03, 1.47972308e-03, 1.91853586e-03, ...,
        2.05165996e-02, 2.52915398e-02, 0.00000000e+00]], shape=(45, 45))}
{'bond-orders': array([[0.00000000e+00, 3.05498308e-01, 1.91464212e-02, ...,
        4.26631768e-06, 8.30772642e-06, 2.02692135e-03],
       [3.05498308e-01, 0.00000000e+00, 1.92596968e-02, ...,
        2.04167117e-05, 9.15529239e-05, 1.47972308e-03],
       [1.91464212e-02, 1.92596968e-02, 0.00000000e+00, ...,
        1.01322106e-04, 3.87891514e-05, 1.91853586e-03],
       ...,
       [4.26631768e-06, 2.04167117e-05, 1.01322106e-04, ...,
        0.00000000e+00, 4.19211451e-03, 2.05165996e-02],
       [8.30772642e-06, 9.15529239e-05, 3.87891514e-05, ...,
        4.19211451e-03, 0.00000000e+00, 2.52915398e-02],
       [2.02692135e-03, 1.47972308e-03, 1.91853586e-03, ...,
        2.05165996e-02, 2.52915398e-02, 0.00000000e+00]], shape=(45, 45)), 'molecular-dipole': array([-0.29213322,  0.29088534, -0.29967538])}
{'bond-orders': array([[0.00000000e+00, 3.05498308e-01, 1.91464212e-02, ...,
        4.26631768e-06, 8.30772642e-06, 2.02692135e-03],
       [3.05498308e-01, 0.00000000e+00, 1.92596968e-02, ...,
        2.04167117e-05, 9.15529239e-05, 1.47972308e-03],
       [1.91464212e-02, 1.92596968e-02, 0.00000000e+00, ...,
        1.01322106e-04, 3.87891514e-05, 1.91853586e-03],
       ...,
       [4.26631768e-06, 2.04167117e-05, 1.01322106e-04, ...,
        0.00000000e+00, 4.19211451e-03, 2.05165996e-02],
       [8.30772642e-06, 9.15529239e-05, 3.87891514e-05, ...,
        4.19211451e-03, 0.00000000e+00, 2.52915398e-02],
       [2.02692135e-03, 1.47972308e-03, 1.91853586e-03, ...,
        2.05165996e-02, 2.52915398e-02, 0.00000000e+00]], shape=(45, 45)), 'molecular-dipole': array([-0.29213322,  0.29088534, -0.29967538]), 'molecular-quadrupole': array([-25.03008689,  25.09710473,  -2.91988636, -13.3053948 ,
        38.44327359,  27.94997326])}
------------------------------------------------------------
  cycle        total energy    energy error   density error
------------------------------------------------------------
      1     -163.5631275809  -1.6331896E+02   1.6428617E-03
      2     -163.5628987488   2.2883202E-04   2.4897358E-03
      3     -163.5630845232  -1.8577436E-04   1.3068310E-03
      4     -163.5626335887   4.5093448E-04   1.5194048E-03
      5     -163.5620660972   5.6749153E-04   1.9637686E-03
      6     -163.5632149430  -1.1488458E-03   5.1368317E-04
      7     -163.5632330757  -1.8132755E-05   2.2911055E-04
      8     -163.5632342221  -1.1463763E-06   1.3956900E-04
      9     -163.5632351356  -9.1351839E-07   6.4286102E-05
     10     -163.5632353470  -2.1140730E-07   1.5992689E-05
------------------------------------------------------------

 total:                                   9.503 sec
3
{'bond-orders': array([[0.00000000e+00, 3.05532448e-01, 1.93402599e-02, ...,
        7.74675013e-06, 5.33189842e-06, 2.04333283e-03],
       [3.05532448e-01, 0.00000000e+00, 1.93317919e-02, ...,
        2.61157778e-05, 9.24713495e-05, 1.47234508e-03],
       [1.93402599e-02, 1.93317919e-02, 0.00000000e+00, ...,
        9.66723242e-05, 4.05700417e-05, 1.90876775e-03],
       ...,
       [7.74675013e-06, 2.61157778e-05, 9.66723242e-05, ...,
        0.00000000e+00, 4.16607412e-03, 2.02660237e-02],
       [5.33189842e-06, 9.24713495e-05, 4.05700417e-05, ...,
        4.16607412e-03, 0.00000000e+00, 2.51416127e-02],
       [2.04333283e-03, 1.47234508e-03, 1.90876775e-03, ...,
        2.02660237e-02, 2.51416127e-02, 0.00000000e+00]], shape=(45, 45))}
{'bond-orders': array([[0.00000000e+00, 3.05532448e-01, 1.93402599e-02, ...,
        7.74675013e-06, 5.33189842e-06, 2.04333283e-03],
       [3.05532448e-01, 0.00000000e+00, 1.93317919e-02, ...,
        2.61157778e-05, 9.24713495e-05, 1.47234508e-03],
       [1.93402599e-02, 1.93317919e-02, 0.00000000e+00, ...,
        9.66723242e-05, 4.05700417e-05, 1.90876775e-03],
       ...,
       [7.74675013e-06, 2.61157778e-05, 9.66723242e-05, ...,
        0.00000000e+00, 4.16607412e-03, 2.02660237e-02],
       [5.33189842e-06, 9.24713495e-05, 4.05700417e-05, ...,
        4.16607412e-03, 0.00000000e+00, 2.51416127e-02],
       [2.04333283e-03, 1.47234508e-03, 1.90876775e-03, ...,
        2.02660237e-02, 2.51416127e-02, 0.00000000e+00]], shape=(45, 45)), 'molecular-dipole': array([-0.27577165,  0.29241122, -0.25898234])}
{'bond-orders': array([[0.00000000e+00, 3.05532448e-01, 1.93402599e-02, ...,
        7.74675013e-06, 5.33189842e-06, 2.04333283e-03],
       [3.05532448e-01, 0.00000000e+00, 1.93317919e-02, ...,
        2.61157778e-05, 9.24713495e-05, 1.47234508e-03],
       [1.93402599e-02, 1.93317919e-02, 0.00000000e+00, ...,
        9.66723242e-05, 4.05700417e-05, 1.90876775e-03],
       ...,
       [7.74675013e-06, 2.61157778e-05, 9.66723242e-05, ...,
        0.00000000e+00, 4.16607412e-03, 2.02660237e-02],
       [5.33189842e-06, 9.24713495e-05, 4.05700417e-05, ...,
        4.16607412e-03, 0.00000000e+00, 2.51416127e-02],
       [2.04333283e-03, 1.47234508e-03, 1.90876775e-03, ...,
        2.02660237e-02, 2.51416127e-02, 0.00000000e+00]], shape=(45, 45)), 'molecular-dipole': array([-0.27577165,  0.29241122, -0.25898234]), 'molecular-quadrupole': array([-26.49851665,  25.61093616,  -4.67929848,  -9.59463739,
        39.237656  ,  31.17781513])}
------------------------------------------------------------
  cycle        total energy    energy error   density error
------------------------------------------------------------
      1     -163.5637553017  -1.6331866E+02   1.0327024E-03
      2     -163.5622461817   1.5091200E-03   2.5530862E-03
      3     -163.5571758955   5.0702862E-03   4.6400072E-03
      4     -163.5636939006  -6.5180051E-03   7.7962065E-04
      5     -163.5637826804  -8.8779784E-05   5.1873756E-04
      6     -163.5637997452  -1.7064797E-05   2.9114858E-04
      7     -163.5638044891  -4.7439147E-06   1.6218211E-04
      8     -163.5638052491  -7.6001203E-07   9.8976431E-05
      9     -163.5638056768  -4.2775483E-07   4.2179477E-05
     10     -163.5638057670  -9.0158295E-08   1.3283373E-05
------------------------------------------------------------

 total:                                   9.549 sec
3
{'bond-orders': array([[0.00000000e+00, 3.05563915e-01, 1.94611106e-02, ...,
        1.17150608e-05, 2.70820104e-06, 2.06377202e-03],
       [3.05563915e-01, 0.00000000e+00, 1.94011687e-02, ...,
        3.05343792e-05, 9.17684648e-05, 1.46587978e-03],
       [1.94611106e-02, 1.94011687e-02, 0.00000000e+00, ...,
        9.44664345e-05, 4.17530303e-05, 1.89805343e-03],
       ...,
       [1.17150608e-05, 3.05343792e-05, 9.44664345e-05, ...,
        0.00000000e+00, 4.17452822e-03, 2.02603896e-02],
       [2.70820104e-06, 9.17684648e-05, 4.17530303e-05, ...,
        4.17452822e-03, 0.00000000e+00, 2.49295009e-02],
       [2.06377202e-03, 1.46587978e-03, 1.89805343e-03, ...,
        2.02603896e-02, 2.49295009e-02, 0.00000000e+00]], shape=(45, 45))}
{'bond-orders': array([[0.00000000e+00, 3.05563915e-01, 1.94611106e-02, ...,
        1.17150608e-05, 2.70820104e-06, 2.06377202e-03],
       [3.05563915e-01, 0.00000000e+00, 1.94011687e-02, ...,
        3.05343792e-05, 9.17684648e-05, 1.46587978e-03],
       [1.94611106e-02, 1.94011687e-02, 0.00000000e+00, ...,
        9.44664345e-05, 4.17530303e-05, 1.89805343e-03],
       ...,
       [1.17150608e-05, 3.05343792e-05, 9.44664345e-05, ...,
        0.00000000e+00, 4.17452822e-03, 2.02603896e-02],
       [2.70820104e-06, 9.17684648e-05, 4.17530303e-05, ...,
        4.17452822e-03, 0.00000000e+00, 2.49295009e-02],
       [2.06377202e-03, 1.46587978e-03, 1.89805343e-03, ...,
        2.02603896e-02, 2.49295009e-02, 0.00000000e+00]], shape=(45, 45)), 'molecular-dipole': array([-0.26742464,  0.29114799, -0.23489716])}
{'bond-orders': array([[0.00000000e+00, 3.05563915e-01, 1.94611106e-02, ...,
        1.17150608e-05, 2.70820104e-06, 2.06377202e-03],
       [3.05563915e-01, 0.00000000e+00, 1.94011687e-02, ...,
        3.05343792e-05, 9.17684648e-05, 1.46587978e-03],
       [1.94611106e-02, 1.94011687e-02, 0.00000000e+00, ...,
        9.44664345e-05, 4.17530303e-05, 1.89805343e-03],
       ...,
       [1.17150608e-05, 3.05343792e-05, 9.44664345e-05, ...,
        0.00000000e+00, 4.17452822e-03, 2.02603896e-02],
       [2.70820104e-06, 9.17684648e-05, 4.17530303e-05, ...,
        4.17452822e-03, 0.00000000e+00, 2.49295009e-02],
       [2.06377202e-03, 1.46587978e-03, 1.89805343e-03, ...,
        2.02603896e-02, 2.49295009e-02, 0.00000000e+00]], shape=(45, 45)), 'molecular-dipole': array([-0.26742464,  0.29114799, -0.23489716]), 'molecular-quadrupole': array([-27.3363557 ,  25.76976328,  -5.74016063,  -7.50610594,
        39.51968056,  33.07651634])}
------------------------------------------------------------
  cycle        total energy    energy error   density error
------------------------------------------------------------
      1     -163.5644109850  -1.6331906E+02   9.8830180E-04
      2     -163.5613695990   3.0413860E-03   3.4306094E-03
      3     -163.5599444654   1.4251336E-03   3.8775522E-03
      4     -163.5643220733  -4.3776079E-03   9.4436935E-04
      5     -163.5644586128  -1.3653946E-04   3.9013159E-04
      6     -163.5644662438  -7.6310631E-06   2.2575199E-04
      7     -163.5644673743  -1.1304068E-06   1.3016126E-04
      8     -163.5644679767  -6.0247746E-07   1.0254043E-04
      9     -163.5644685131  -5.3636094E-07   3.5434923E-05
     10     -163.5644685642  -5.1126989E-08   1.3317508E-05
------------------------------------------------------------

 total:                                   9.562 sec
3
{'bond-orders': array([[0.00000000e+00, 3.05626442e-01, 1.96208161e-02, ...,
        1.88916673e-05, 1.42046582e-07, 2.10611342e-03],
       [3.05626442e-01, 0.00000000e+00, 1.94945329e-02, ...,
        3.66126883e-05, 9.23412612e-05, 1.47141238e-03],
       [1.96208161e-02, 1.94945329e-02, 0.00000000e+00, ...,
        9.35447614e-05, 4.36189603e-05, 1.88456455e-03],
       ...,
       [1.88916673e-05, 3.66126883e-05, 9.35447614e-05, ...,
        0.00000000e+00, 4.23033363e-03, 2.03904061e-02],
       [1.42046582e-07, 9.23412612e-05, 4.36189603e-05, ...,
        4.23033363e-03, 0.00000000e+00, 2.47810827e-02],
       [2.10611342e-03, 1.47141238e-03, 1.88456455e-03, ...,
        2.03904061e-02, 2.47810827e-02, 0.00000000e+00]], shape=(45, 45))}
{'bond-orders': array([[0.00000000e+00, 3.05626442e-01, 1.96208161e-02, ...,
        1.88916673e-05, 1.42046582e-07, 2.10611342e-03],
       [3.05626442e-01, 0.00000000e+00, 1.94945329e-02, ...,
        3.66126883e-05, 9.23412612e-05, 1.47141238e-03],
       [1.96208161e-02, 1.94945329e-02, 0.00000000e+00, ...,
        9.35447614e-05, 4.36189603e-05, 1.88456455e-03],
       ...,
       [1.88916673e-05, 3.66126883e-05, 9.35447614e-05, ...,
        0.00000000e+00, 4.23033363e-03, 2.03904061e-02],
       [1.42046582e-07, 9.23412612e-05, 4.36189603e-05, ...,
        4.23033363e-03, 0.00000000e+00, 2.47810827e-02],
       [2.10611342e-03, 1.47141238e-03, 1.88456455e-03, ...,
        2.03904061e-02, 2.47810827e-02, 0.00000000e+00]], shape=(45, 45)), 'molecular-dipole': array([-0.25829899,  0.29521459, -0.20186651])}
{'bond-orders': array([[0.00000000e+00, 3.05626442e-01, 1.96208161e-02, ...,
        1.88916673e-05, 1.42046582e-07, 2.10611342e-03],
       [3.05626442e-01, 0.00000000e+00, 1.94945329e-02, ...,
        3.66126883e-05, 9.23412612e-05, 1.47141238e-03],
       [1.96208161e-02, 1.94945329e-02, 0.00000000e+00, ...,
        9.35447614e-05, 4.36189603e-05, 1.88456455e-03],
       ...,
       [1.88916673e-05, 3.66126883e-05, 9.35447614e-05, ...,
        0.00000000e+00, 4.23033363e-03, 2.03904061e-02],
       [1.42046582e-07, 9.23412612e-05, 4.36189603e-05, ...,
        4.23033363e-03, 0.00000000e+00, 2.47810827e-02],
       [2.10611342e-03, 1.47141238e-03, 1.88456455e-03, ...,
        2.03904061e-02, 2.47810827e-02, 0.00000000e+00]], shape=(45, 45)), 'molecular-dipole': array([-0.25829899,  0.29521459, -0.20186651]), 'molecular-quadrupole': array([-28.45548477,  26.32272873,  -7.04836323,  -5.10977094,
        40.60941647,  35.503848  ])}
------------------------------------------------------------
  cycle        total energy    energy error   density error
------------------------------------------------------------
      1     -163.5652889412  -1.6331873E+02   2.0025234E-03
      2     -163.5643149590   9.7398215E-04   3.9682865E-03
      3     -163.5631453468   1.1696122E-03   3.2598012E-03
      4     -163.5612201649   1.9251820E-03   3.7059560E-03
      5     -163.5652940699  -4.0739051E-03   9.6109317E-04
      6     -163.5654270591  -1.3298917E-04   6.1193247E-04
      7     -163.5654378618  -1.0802701E-05   3.4506111E-04
      8     -163.5654442130  -6.3512236E-06   1.9040506E-04
      9     -163.5654465505  -2.3374123E-06   7.5377359E-05
     10     -163.5654469342  -3.8376126E-07   3.0025220E-05
     11     -163.5654469895  -5.5278775E-08   1.7845230E-05
------------------------------------------------------------

 total:                                   9.749 sec
3
{'bond-orders': array([[ 0.00000000e+00,  3.05672791e-01,  1.98046549e-02, ...,
         3.04168386e-05, -2.36771398e-06,  2.17557913e-03],
       [ 3.05672791e-01,  0.00000000e+00,  1.96840111e-02, ...,
         4.61447237e-05,  9.26186395e-05,  1.47612187e-03],
       [ 1.98046549e-02,  1.96840111e-02,  0.00000000e+00, ...,
         8.61837344e-05,  4.82552142e-05,  1.87227217e-03],
       ...,
       [ 3.04168386e-05,  4.61447237e-05,  8.61837344e-05, ...,
         0.00000000e+00,  4.16754149e-03,  2.01529009e-02],
       [-2.36771398e-06,  9.26186395e-05,  4.82552142e-05, ...,
         4.16754149e-03,  0.00000000e+00,  2.42324013e-02],
       [ 2.17557913e-03,  1.47612187e-03,  1.87227217e-03, ...,
         2.01529009e-02,  2.42324013e-02,  0.00000000e+00]],
      shape=(45, 45))}
{'bond-orders': array([[ 0.00000000e+00,  3.05672791e-01,  1.98046549e-02, ...,
         3.04168386e-05, -2.36771398e-06,  2.17557913e-03],
       [ 3.05672791e-01,  0.00000000e+00,  1.96840111e-02, ...,
         4.61447237e-05,  9.26186395e-05,  1.47612187e-03],
       [ 1.98046549e-02,  1.96840111e-02,  0.00000000e+00, ...,
         8.61837344e-05,  4.82552142e-05,  1.87227217e-03],
       ...,
       [ 3.04168386e-05,  4.61447237e-05,  8.61837344e-05, ...,
         0.00000000e+00,  4.16754149e-03,  2.01529009e-02],
       [-2.36771398e-06,  9.26186395e-05,  4.82552142e-05, ...,
         4.16754149e-03,  0.00000000e+00,  2.42324013e-02],
       [ 2.17557913e-03,  1.47612187e-03,  1.87227217e-03, ...,
         2.01529009e-02,  2.42324013e-02,  0.00000000e+00]],
      shape=(45, 45)), 'molecular-dipole': array([-0.24162237,  0.31415521, -0.15148071])}
{'bond-orders': array([[ 0.00000000e+00,  3.05672791e-01,  1.98046549e-02, ...,
         3.04168386e-05, -2.36771398e-06,  2.17557913e-03],
       [ 3.05672791e-01,  0.00000000e+00,  1.96840111e-02, ...,
         4.61447237e-05,  9.26186395e-05,  1.47612187e-03],
       [ 1.98046549e-02,  1.96840111e-02,  0.00000000e+00, ...,
         8.61837344e-05,  4.82552142e-05,  1.87227217e-03],
       ...,
       [ 3.04168386e-05,  4.61447237e-05,  8.61837344e-05, ...,
         0.00000000e+00,  4.16754149e-03,  2.01529009e-02],
       [-2.36771398e-06,  9.26186395e-05,  4.82552142e-05, ...,
         4.16754149e-03,  0.00000000e+00,  2.42324013e-02],
       [ 2.17557913e-03,  1.47612187e-03,  1.87227217e-03, ...,
         2.01529009e-02,  2.42324013e-02,  0.00000000e+00]],
      shape=(45, 45)), 'molecular-dipole': array([-0.24162237,  0.31415521, -0.15148071]), 'molecular-quadrupole': array([-30.09746369,  27.87875561,  -8.91859666,  -1.23232577,
        43.81930951,  39.01606035])}
------------------------------------------------------------
  cycle        total energy    energy error   density error
------------------------------------------------------------
      1     -163.5661786204  -1.6332111E+02   2.6268924E-03
      2     -163.5611883406   4.9902798E-03   6.7084217E-03
      3     -163.5475836584   1.3604682E-02   7.9144042E-03
      4     -163.5648798759  -1.7296217E-02   2.8944612E-03
      5     -163.5663927984  -1.5129225E-03   9.1572403E-04
      6     -163.5664837966  -9.0998243E-05   6.9975726E-04
      7     -163.5664795304   4.2662210E-06   5.0063414E-04
      8     -163.5664959666  -1.6436259E-05   2.9330647E-04
      9     -163.5665056875  -9.7208306E-06   1.0602604E-04
     10     -163.5665067313  -1.0438290E-06   4.4977133E-05
     11     -163.5665069693  -2.3804634E-07   2.4871820E-05
     12     -163.5665070857  -1.1640242E-07   1.1354827E-05
------------------------------------------------------------

 total:                                  10.002 sec
3
{'bond-orders': array([[ 0.00000000e+00,  3.05727032e-01,  2.00748190e-02, ...,
         4.69824387e-05, -3.44065837e-06,  2.26521109e-03],
       [ 3.05727032e-01,  0.00000000e+00,  1.99280794e-02, ...,
         5.80874106e-05,  9.81380169e-05,  1.49078502e-03],
       [ 2.00748190e-02,  1.99280794e-02,  0.00000000e+00, ...,
         8.28817457e-05,  5.58005682e-05,  1.86955334e-03],
       ...,
       [ 4.69824387e-05,  5.80874106e-05,  8.28817457e-05, ...,
         0.00000000e+00,  4.21939218e-03,  2.02432320e-02],
       [-3.44065837e-06,  9.81380169e-05,  5.58005682e-05, ...,
         4.21939218e-03,  0.00000000e+00,  2.41180794e-02],
       [ 2.26521109e-03,  1.49078502e-03,  1.86955334e-03, ...,
         2.02432320e-02,  2.41180794e-02,  0.00000000e+00]],
      shape=(45, 45))}
{'bond-orders': array([[ 0.00000000e+00,  3.05727032e-01,  2.00748190e-02, ...,
         4.69824387e-05, -3.44065837e-06,  2.26521109e-03],
       [ 3.05727032e-01,  0.00000000e+00,  1.99280794e-02, ...,
         5.80874106e-05,  9.81380169e-05,  1.49078502e-03],
       [ 2.00748190e-02,  1.99280794e-02,  0.00000000e+00, ...,
         8.28817457e-05,  5.58005682e-05,  1.86955334e-03],
       ...,
       [ 4.69824387e-05,  5.80874106e-05,  8.28817457e-05, ...,
         0.00000000e+00,  4.21939218e-03,  2.02432320e-02],
       [-3.44065837e-06,  9.81380169e-05,  5.58005682e-05, ...,
         4.21939218e-03,  0.00000000e+00,  2.41180794e-02],
       [ 2.26521109e-03,  1.49078502e-03,  1.86955334e-03, ...,
         2.02432320e-02,  2.41180794e-02,  0.00000000e+00]],
      shape=(45, 45)), 'molecular-dipole': array([-0.21819794,  0.35285692, -0.08623085])}
{'bond-orders': array([[ 0.00000000e+00,  3.05727032e-01,  2.00748190e-02, ...,
         4.69824387e-05, -3.44065837e-06,  2.26521109e-03],
       [ 3.05727032e-01,  0.00000000e+00,  1.99280794e-02, ...,
         5.80874106e-05,  9.81380169e-05,  1.49078502e-03],
       [ 2.00748190e-02,  1.99280794e-02,  0.00000000e+00, ...,
         8.28817457e-05,  5.58005682e-05,  1.86955334e-03],
       ...,
       [ 4.69824387e-05,  5.80874106e-05,  8.28817457e-05, ...,
         0.00000000e+00,  4.21939218e-03,  2.02432320e-02],
       [-3.44065837e-06,  9.81380169e-05,  5.58005682e-05, ...,
         4.21939218e-03,  0.00000000e+00,  2.41180794e-02],
       [ 2.26521109e-03,  1.49078502e-03,  1.86955334e-03, ...,
         2.02432320e-02,  2.41180794e-02,  0.00000000e+00]],
      shape=(45, 45)), 'molecular-dipole': array([-0.21819794,  0.35285692, -0.08623085]), 'molecular-quadrupole': array([-32.2791582 ,  30.87205963, -11.10596132,   3.84288425,
        49.50887534,  43.38511952])}
------------------------------------------------------------
  cycle        total energy    energy error   density error
------------------------------------------------------------
      1     -163.5667236728  -1.6332035E+02   3.0385201E-03
      2     -163.5643233558   2.4003170E-03   6.5451316E-03
      3     -163.5653889975  -1.0656417E-03   3.5536377E-03
      4     -163.5616086438   3.7803537E-03   4.2374495E-03
      5     -163.5659321900  -4.3235462E-03   2.1110796E-03
      6     -163.5670575808  -1.1253908E-03   8.7334027E-04
      7     -163.5670941643  -3.6583522E-05   3.9550608E-04
      8     -163.5671037409  -9.5765796E-06   2.0289228E-04
      9     -163.5671074026  -3.6616852E-06   1.1381074E-04
     10     -163.5671079342  -5.3158251E-07   6.1504836E-05
     11     -163.5671081471  -2.1289455E-07   2.7204395E-05
     12     -163.5671082223  -7.5176018E-08   1.4133841E-05
------------------------------------------------------------

 total:                                   9.995 sec
3
{'bond-orders': array([[ 0.00000000e+00,  3.05673920e-01,  2.02020631e-02, ...,
         5.07338846e-05, -2.69446444e-06,  2.28020339e-03],
       [ 3.05673920e-01,  0.00000000e+00,  2.01554903e-02, ...,
         6.23219849e-05,  9.63468882e-05,  1.45748172e-03],
       [ 2.02020631e-02,  2.01554903e-02,  0.00000000e+00, ...,
         7.55175898e-05,  6.13288729e-05,  1.89477307e-03],
       ...,
       [ 5.07338846e-05,  6.23219849e-05,  7.55175898e-05, ...,
         0.00000000e+00,  3.96141305e-03,  1.95113236e-02],
       [-2.69446444e-06,  9.63468882e-05,  6.13288729e-05, ...,
         3.96141305e-03,  0.00000000e+00,  2.33951670e-02],
       [ 2.28020339e-03,  1.45748172e-03,  1.89477307e-03, ...,
         1.95113236e-02,  2.33951670e-02,  0.00000000e+00]],
      shape=(45, 45))}
{'bond-orders': array([[ 0.00000000e+00,  3.05673920e-01,  2.02020631e-02, ...,
         5.07338846e-05, -2.69446444e-06,  2.28020339e-03],
       [ 3.05673920e-01,  0.00000000e+00,  2.01554903e-02, ...,
         6.23219849e-05,  9.63468882e-05,  1.45748172e-03],
       [ 2.02020631e-02,  2.01554903e-02,  0.00000000e+00, ...,
         7.55175898e-05,  6.13288729e-05,  1.89477307e-03],
       ...,
       [ 5.07338846e-05,  6.23219849e-05,  7.55175898e-05, ...,
         0.00000000e+00,  3.96141305e-03,  1.95113236e-02],
       [-2.69446444e-06,  9.63468882e-05,  6.13288729e-05, ...,
         3.96141305e-03,  0.00000000e+00,  2.33951670e-02],
       [ 2.28020339e-03,  1.45748172e-03,  1.89477307e-03, ...,
         1.95113236e-02,  2.33951670e-02,  0.00000000e+00]],
      shape=(45, 45)), 'molecular-dipole': array([-0.18750551,  0.4000922 , -0.02160359])}
{'bond-orders': array([[ 0.00000000e+00,  3.05673920e-01,  2.02020631e-02, ...,
         5.07338846e-05, -2.69446444e-06,  2.28020339e-03],
       [ 3.05673920e-01,  0.00000000e+00,  2.01554903e-02, ...,
         6.23219849e-05,  9.63468882e-05,  1.45748172e-03],
       [ 2.02020631e-02,  2.01554903e-02,  0.00000000e+00, ...,
         7.55175898e-05,  6.13288729e-05,  1.89477307e-03],
       ...,
       [ 5.07338846e-05,  6.23219849e-05,  7.55175898e-05, ...,
         0.00000000e+00,  3.96141305e-03,  1.95113236e-02],
       [-2.69446444e-06,  9.63468882e-05,  6.13288729e-05, ...,
         3.96141305e-03,  0.00000000e+00,  2.33951670e-02],
       [ 2.28020339e-03,  1.45748172e-03,  1.89477307e-03, ...,
         1.95113236e-02,  2.33951670e-02,  0.00000000e+00]],
      shape=(45, 45)), 'molecular-dipole': array([-0.18750551,  0.4000922 , -0.02160359]), 'molecular-quadrupole': array([-34.30277808,  34.34259326, -13.23171806,   9.96252179,
        56.31872321,  47.53449614])}
------------------------------------------------------------
  cycle        total energy    energy error   density error
------------------------------------------------------------
      1     -163.5673146708  -1.6332525E+02   1.4407757E-03
      2     -163.5633651872   3.9494836E-03   4.3399563E-03
      3     -163.5584653042   4.8998830E-03   5.4033594E-03
      4     -163.5672363045  -8.7710003E-03   1.2490424E-03
      5     -163.5673468173  -1.1051282E-04   8.1070158E-04
      6     -163.5673714680  -2.4650667E-05   6.8222846E-04
      7     -163.5673959730  -2.4505066E-05   3.2021439E-04
      8     -163.5673999428  -3.9698009E-06   1.3478687E-04
      9     -163.5674023255  -2.3826386E-06   5.1402696E-05
     10     -163.5674025749  -2.4938234E-07   2.1530610E-05
     11     -163.5674026358  -6.0934724E-08   9.9145359E-06
------------------------------------------------------------

 total:                                   9.748 sec
3
{'bond-orders': array([[ 0.00000000e+00,  3.05658471e-01,  2.02918913e-02, ...,
         5.65132075e-05, -1.60416605e-06,  2.32078168e-03],
       [ 3.05658471e-01,  0.00000000e+00,  2.02058265e-02, ...,
         6.71004525e-05,  1.01841512e-04,  1.48029924e-03],
       [ 2.02918913e-02,  2.02058265e-02,  0.00000000e+00, ...,
         7.89061572e-05,  6.48887534e-05,  1.89804778e-03],
       ...,
       [ 5.65132075e-05,  6.71004525e-05,  7.89061572e-05, ...,
         0.00000000e+00,  4.09705138e-03,  1.94983019e-02],
       [-1.60416605e-06,  1.01841512e-04,  6.48887534e-05, ...,
         4.09705138e-03,  0.00000000e+00,  2.36585260e-02],
       [ 2.32078168e-03,  1.48029924e-03,  1.89804778e-03, ...,
         1.94983019e-02,  2.36585260e-02,  0.00000000e+00]],
      shape=(45, 45))}
{'bond-orders': array([[ 0.00000000e+00,  3.05658471e-01,  2.02918913e-02, ...,
         5.65132075e-05, -1.60416605e-06,  2.32078168e-03],
       [ 3.05658471e-01,  0.00000000e+00,  2.02058265e-02, ...,
         6.71004525e-05,  1.01841512e-04,  1.48029924e-03],
       [ 2.02918913e-02,  2.02058265e-02,  0.00000000e+00, ...,
         7.89061572e-05,  6.48887534e-05,  1.89804778e-03],
       ...,
       [ 5.65132075e-05,  6.71004525e-05,  7.89061572e-05, ...,
         0.00000000e+00,  4.09705138e-03,  1.94983019e-02],
       [-1.60416605e-06,  1.01841512e-04,  6.48887534e-05, ...,
         4.09705138e-03,  0.00000000e+00,  2.36585260e-02],
       [ 2.32078168e-03,  1.48029924e-03,  1.89804778e-03, ...,
         1.94983019e-02,  2.36585260e-02,  0.00000000e+00]],
      shape=(45, 45)), 'molecular-dipole': array([-0.18114146,  0.411652  ,  0.00370202])}
{'bond-orders': array([[ 0.00000000e+00,  3.05658471e-01,  2.02918913e-02, ...,
         5.65132075e-05, -1.60416605e-06,  2.32078168e-03],
       [ 3.05658471e-01,  0.00000000e+00,  2.02058265e-02, ...,
         6.71004525e-05,  1.01841512e-04,  1.48029924e-03],
       [ 2.02918913e-02,  2.02058265e-02,  0.00000000e+00, ...,
         7.89061572e-05,  6.48887534e-05,  1.89804778e-03],
       ...,
       [ 5.65132075e-05,  6.71004525e-05,  7.89061572e-05, ...,
         0.00000000e+00,  4.09705138e-03,  1.94983019e-02],
       [-1.60416605e-06,  1.01841512e-04,  6.48887534e-05, ...,
         4.09705138e-03,  0.00000000e+00,  2.36585260e-02],
       [ 2.32078168e-03,  1.48029924e-03,  1.89804778e-03, ...,
         1.94983019e-02,  2.36585260e-02,  0.00000000e+00]],
      shape=(45, 45)), 'molecular-dipole': array([-0.18114146,  0.411652  ,  0.00370202]), 'molecular-quadrupole': array([-35.18975017,  35.22859085, -14.11752972,  11.70658131,
        58.30657625,  49.30727988])}
------------------------------------------------------------
  cycle        total energy    energy error   density error
------------------------------------------------------------
      1     -163.5674633080  -1.6332442E+02   5.0961369E-04
      2     -163.5650795244   2.3837836E-03   2.8792930E-03
      3     -163.5668437431  -1.7642187E-03   1.4784828E-03
      4     -163.5674760181  -6.3227505E-04   3.6311660E-04
      5     -163.5674814218  -5.4036412E-06   2.2436282E-04
      6     -163.5674825700  -1.1482385E-06   1.7459133E-04
      7     -163.5674845228  -1.9527964E-06   7.7954228E-05
      8     -163.5674847476  -2.2481299E-07   4.0553956E-05
      9     -163.5674848132  -6.5590456E-08   2.3262734E-05
     10     -163.5674848410  -2.7831902E-08   6.4556451E-06
------------------------------------------------------------

 total:                                   8.916 sec
3
{'bond-orders': array([[ 0.00000000e+00,  3.05640422e-01,  2.02835952e-02, ...,
         5.45011138e-05, -1.43384542e-06,  2.30592048e-03],
       [ 3.05640422e-01,  0.00000000e+00,  2.02255392e-02, ...,
         6.60574415e-05,  9.95473494e-05,  1.46020386e-03],
       [ 2.02835952e-02,  2.02255392e-02,  0.00000000e+00, ...,
         7.75152674e-05,  6.43761417e-05,  1.89906568e-03],
       ...,
       [ 5.45011138e-05,  6.60574415e-05,  7.75152674e-05, ...,
         0.00000000e+00,  4.04326861e-03,  1.94026328e-02],
       [-1.43384542e-06,  9.95473494e-05,  6.43761417e-05, ...,
         4.04326861e-03,  0.00000000e+00,  2.35635504e-02],
       [ 2.30592048e-03,  1.46020386e-03,  1.89906568e-03, ...,
         1.94026328e-02,  2.35635504e-02,  0.00000000e+00]],
      shape=(45, 45))}
{'bond-orders': array([[ 0.00000000e+00,  3.05640422e-01,  2.02835952e-02, ...,
         5.45011138e-05, -1.43384542e-06,  2.30592048e-03],
       [ 3.05640422e-01,  0.00000000e+00,  2.02255392e-02, ...,
         6.60574415e-05,  9.95473494e-05,  1.46020386e-03],
       [ 2.02835952e-02,  2.02255392e-02,  0.00000000e+00, ...,
         7.75152674e-05,  6.43761417e-05,  1.89906568e-03],
       ...,
       [ 5.45011138e-05,  6.60574415e-05,  7.75152674e-05, ...,
         0.00000000e+00,  4.04326861e-03,  1.94026328e-02],
       [-1.43384542e-06,  9.95473494e-05,  6.43761417e-05, ...,
         4.04326861e-03,  0.00000000e+00,  2.35635504e-02],
       [ 2.30592048e-03,  1.46020386e-03,  1.89906568e-03, ...,
         1.94026328e-02,  2.35635504e-02,  0.00000000e+00]],
      shape=(45, 45)), 'molecular-dipole': array([-0.17558043,  0.41809467,  0.00555148])}
{'bond-orders': array([[ 0.00000000e+00,  3.05640422e-01,  2.02835952e-02, ...,
         5.45011138e-05, -1.43384542e-06,  2.30592048e-03],
       [ 3.05640422e-01,  0.00000000e+00,  2.02255392e-02, ...,
         6.60574415e-05,  9.95473494e-05,  1.46020386e-03],
       [ 2.02835952e-02,  2.02255392e-02,  0.00000000e+00, ...,
         7.75152674e-05,  6.43761417e-05,  1.89906568e-03],
       ...,
       [ 5.45011138e-05,  6.60574415e-05,  7.75152674e-05, ...,
         0.00000000e+00,  4.04326861e-03,  1.94026328e-02],
       [-1.43384542e-06,  9.95473494e-05,  6.43761417e-05, ...,
         4.04326861e-03,  0.00000000e+00,  2.35635504e-02],
       [ 2.30592048e-03,  1.46020386e-03,  1.89906568e-03, ...,
         1.94026328e-02,  2.35635504e-02,  0.00000000e+00]],
      shape=(45, 45)), 'molecular-dipole': array([-0.17558043,  0.41809467,  0.00555148]), 'molecular-quadrupole': array([-35.19334192,  35.67824826, -14.18836048,  12.42115294,
        59.01775672,  49.3817024 ])}
Using Materials Project MACE for MACECalculator with /home/ans819/.cache/mace/20231203mace128L1_epoch199model
Using float32 for MACECalculator, which is faster but less accurate. Recommended for MD. Use float64 for geometry optimization.
Using head Default out of ['Default']
Default dtype float32 does not match model dtype float64, converting models to float32.
CHGNet v0.3.0 initialized with 412,525 parameters
CHGNet will run on cpu
   30  Ag     12    4.39   0.01         0    2    0   0.014   17.160688   10.330618   33.568507
   31  Ag      7    3.92   0.18         0    2    0   0.013   25.886461   13.892900   35.161608
   32  Ag      9    4.27   0.07         0    2    0   0.009   22.396152    9.618162   35.161608
   33  Ag      8    4.14   0.12         0    2    0   0.019   13.670379   13.180444   36.754709
   34  Ag      9    4.27   0.07         0    2    0   0.014   10.180069    8.905705   36.754709
   35  Ag      9    4.27   0.07         0    2    0   0.019   18.905843   12.467987   38.347810
   36  Ag      5    3.15   0.34         0    2    0   0.018   22.396152   16.742726   38.347810
   37  Ag      6    3.59   0.26         0    2    0   0.018   24.141307   11.755531   39.940910
   38  Ag      3    2.00   0.41         2    2    0   0.008   27.631616   16.030269   39.940910
   39  Ag      5    3.17   0.32         0    2    0   0.025   11.925224   11.043075   41.534011
   40  Ag      3    2.00   0.39         2    2    0   0.005   15.415533   15.317813   41.534011
   41  C       6    4.19   0.00         3    0    0   0.031   13.670379    3.432713   42.127262
   42  H       1    1.05   0.03         0    0    0  -0.115   11.733319    2.654995   42.328699
   43  H       3    2.46   0.04         3    0    0  -0.149   14.566848    2.622165   40.429666
   44  H       1    0.97   0.01         0    0    0  -0.115   14.737152    2.821212   43.833589
   45  O       3    1.74   0.00         3    0    0  -0.450   13.670379    6.055880   42.127262

          #atoms :   45
          #bonds :   143
          #angl  :   198
          #tors  :   17
          #nmol  :   1
          #optfrag :   1
