/home/ans819/.conda/envs/autoflow/lib/python3.13/site-packages/e3nn/o3/_wigner.py:10: UserWarning: Environment variable TORCH_FORCE_NO_WEIGHTS_ONLY_LOAD detected, since the`weights_only` argument was not explicitly passed to `torch.load`, forcing weights_only=False.
  _Jd, _W3j_flat, _W3j_indices = torch.load(os.path.join(os.path.dirname(__file__), 'constants.pt'))

          ==================== Thresholds ====================
          CN  :   150.00000
          rep :   500.00000
          disp:  2500.00000
          HB1 :   250.00000
          HB2 :   450.00000

          Pauling EN used:
          Z : 1  EN :  2.20
          Z : 6  EN :  2.55
          Z : 8  EN :  3.44
          Z :47  EN :  1.93
          electric field strengths (au): 0.000

           ------------------------------------------------- 
          |           Force Field Initialization            |
           ------------------------------------------------- 

          distances ...
          ----------------------------------------
          generating topology and atomic info file ...
          pair mat ...
          computing topology distances matrix with Floyd-Warshall algo ...
          making topology EEQ charges ...
          #fragments for EEQ constrain: 2
          ----------------------------------------
          generating topology and atomic info file ...
          pair mat ...
          computing topology distances matrix with Floyd-Warshall algo ...
          making topology EEQ charges ...
          rings ...
          # BATM   5064
          # H in HB   3
          doing iterative Hueckel for 1 subsystem(s) ...

  atom   neighbors  erfCN metchar sp-hybrid imet pi  qest     coordinates
    1  Ag      3    2.00   0.39         2    2    0  -0.010   -0.000000    1.951142   24.739309
    2  Ag     11    4.37   0.02         0    2    0   0.000    8.277995    5.853427   27.498640
    3  Ag     10    4.34   0.04         0    2    0   0.002    2.759332    5.853427   27.498640
    4  Ag      5    3.15   0.32         0    2    0   0.002    5.518664    1.951142   24.739309
    5  Ag      8    4.14   0.12         0    2    0   0.001    5.518664    1.951142   30.257972
    6  Ag      9    4.27   0.07         0    2    0   0.001    2.759332    5.853427   33.017304
    7  Ag     12    4.39   0.01         0    2    0   0.000    8.277995    5.853427   33.017304
    8  Ag      4    2.61   0.38         3    2    0  -0.001   -0.000000    1.951142   30.257972
    9  Ag      7    3.92   0.19         0    2    0   0.001   11.037327    1.951142   35.776636
   10  Ag      7    3.92   0.19         0    2    0   0.001    8.277995    5.853427   38.535968
   11  Ag      4    2.61   0.39         3    2    0  -0.002    2.759332    5.853427   38.535968
   12  Ag      6    3.59   0.27         0    2    0   0.001    5.518664    1.951142   35.776636
   13  Ag      4    2.61   0.39         3    2    0  -0.002   -0.000000    9.755711   24.739309
   14  Ag      7    3.92   0.19         0    2    0   0.001    8.277995   13.657996   27.498640
   15  Ag      6    3.59   0.27         0    2    0   0.001    2.759332   13.657996   27.498640
   16  Ag      7    3.92   0.19         0    2    0   0.001    5.518664    9.755711   24.739309
   17  Ag     12    4.39   0.01         0    2    0   0.000    5.518664    9.755711   30.257972
   18  Ag      6    3.59   0.26         0    2    0   0.002    2.759332   13.657996   33.017304
   19  Ag      8    4.14   0.12         0    2    0   0.001    8.277995   13.657996   33.017304
   20  Ag      6    3.59   0.27         0    2    0   0.001   -0.000000    9.755711   30.257972
   21  Ag     11    4.37   0.02         0    2    0   0.000   11.037327    9.755711   35.776636
   22  Ag      5    3.15   0.32         0    2    0   0.002    8.277995   13.657996   38.535968
   23  Ag      3    2.00   0.39         2    2    0  -0.010    2.759332   13.657996   38.535968
   24  Ag     10    4.34   0.04         0    2    0   0.002    5.518664    9.755711   35.776636
   25  Ag      5    3.15   0.32         0    2    0   0.001   11.037327    1.951142   24.739309
   26  Ag      6    3.59   0.27         0    2    0   0.001   19.315323    5.853427   27.498640
   27  Ag     11    4.37   0.02         0    2    0   0.001   13.796659    5.853427   27.498640
   28  Ag      4    2.61   0.38         3    2    0  -0.002   16.555991    1.951142   24.739309
   29  Ag      7    3.92   0.19         0    2    0   0.001   16.555991    1.951142   30.257972
/home/ans819/.conda/envs/autoflow/lib/python3.13/site-packages/mace/calculators/mace.py:197: UserWarning: Environment variable TORCH_FORCE_NO_WEIGHTS_ONLY_LOAD detected, since the`weights_only` argument was not explicitly passed to `torch.load`, forcing weights_only=False.
  torch.load(f=model_path, map_location=device)
/home/ans819/.conda/envs/autoflow/lib/python3.13/site-packages/chgnet/model/model.py:898: UserWarning: Converting a tensor with requires_grad=True to a scalar may lead to unexpected behavior.
Consider using tensor.detach() first. (Triggered internally at /pytorch/torch/csrc/autograd/generated/python_variable_methods.cpp:836.)
  volumes = torch.tensor(volumes, dtype=TORCH_DTYPE, device=atomic_numbers.device)
cuequivariance or cuequivariance_torch is not available. Cuequivariance acceleration will be disabled.
Using Materials Project MACE for MACECalculator with /home/ans819/.cache/mace/20231203mace128L1_epoch199model
Using float32 for MACECalculator, which is faster but less accurate. Recommended for MD. Use float64 for geometry optimization.
Using head Default out of ['Default']
Default dtype float32 does not match model dtype float64, converting models to float32.
CHGNet v0.3.0 initialized with 412,525 parameters
CHGNet will run on cpu
   30  Ag     12    4.39   0.01         0    2    0   0.000   13.796659    5.853427   33.017304
   31  Ag      9    4.27   0.07         0    2    0   0.001   19.315323    5.853427   33.017304
   32  Ag      8    4.14   0.12         0    2    0   0.001   11.037327    1.951142   30.257972
   33  Ag      3    2.00   0.41         2    2    0  -0.010   22.074654    1.951142   35.776636
   34  Ag      6    3.59   0.27         0    2    0   0.002   19.315323    5.853427   38.535968
   35  Ag      7    3.92   0.19         0    2    0   0.001   13.796659    5.853427   38.535968
   36  Ag      7    3.92   0.19         0    2    0   0.002   16.555991    1.951142   35.776636
   37  Ag      7    3.92   0.19         0    2    0   0.001   11.037327    9.755711   24.739309
   38  Ag      4    2.61   0.38         3    2    0  -0.002   19.315323   13.657996   27.498640
   39  Ag      7    3.92   0.19         0    2    0   0.001   13.796659   13.657996   27.498640
   40  Ag      6    3.59   0.27         0    2    0   0.001   16.555991    9.755711   24.739309
   41  Ag     11    4.37   0.02         0    2    0   0.001   16.555991    9.755711   30.257972
   42  Ag      8    4.14   0.12         0    2    0   0.001   13.796659   13.657996   33.017304
   43  Ag      6    3.59   0.26         0    2    0   0.001   19.315323   13.657996   33.017304
   44  Ag     12    4.39   0.01         0    2    0   0.000   11.037327    9.755711   30.257972
   45  Ag      5    3.15   0.34         0    2    0   0.001   22.074654    9.755711   35.776636
   46  Ag      4    2.61   0.38         3    2    0  -0.002   19.315323   13.657996   38.535968
   47  Ag      5    3.15   0.32         0    2    0   0.001   13.796659   13.657996   38.535968
   48  Ag     11    4.37   0.02         0    2    0   0.001   16.555991    9.755711   35.776636
   49  C       4    3.48   0.00         3    0    0   0.061   11.037327    9.755711   44.938587
   50  H       1    0.97   0.01         0    0    0   0.096   12.974387    9.554274   45.716305
   51  H       1    0.97   0.01         0    0    0   0.096   10.140858   11.453307   45.749135
   52  H       1    0.97   0.01         0    0    0   0.096    9.970554    8.049384   45.550088
   53  O       1    0.98   0.00         2    0    0  -0.351   11.037327    9.755711   42.315420

          #atoms :   53
          #bonds :   175
          #angl  :   221
          #tors  :   0
          #nmol  :   2
          #optfrag :   2
